14:25:15 07/17/2009	good	Group0.6	memory	17% used, 4098MB free, 60.31 pages/sec	2:1361	17	4098	60.31068
14:25:36 07/17/2009	good	Group0.6	disk_c	40% full, 12289MB free, 20473MB total	3:1354	40	12289
14:25:37 07/17/2009	good	Group0.6	SNMP: 127.0.0.1 system.sysUpTime	MMM = 1996.43 K	24:316	ok	1996.43
14:25:43 07/17/2009	good	Group0.6	cpu	3% avg, cpu1 3%, cpu2 3%	1:1345	3	3	3
14:25:45 07/17/2009	error	Group0.6	aaa	% Total Processor Time n/a, File Read Bytes/sec: = 1328.51/sec, File Write Bytes/sec: = 3203.21/sec	25:211	n/a	64.383	0	0	1328.51	4.434	10	14205775336	3203.21	0.001	10	527409599	1	nonfailure
14:27:55 07/17/2009	good	Group0.5	network	410 bytes in/sec., 386 bytes out/sec., 0.00 packet errors/sec., 27 current connections.	2:1340	410.87057	386.91846	0.0	27
14:28:40 07/17/2009	good	Group0.7	aaaa	4% avg, cpu1 4%, cpu2 4%	1:361	4	4	4
14:31:26 07/17/2009	error	Group0.6	aaa	% Total Processor Time n/a, File Read Bytes/sec: = 1522.31/sec, File Write Bytes/sec: = 876.16/sec	25:212	n/a	64.383	0	0	1522.31	4.434	10	14578989188	876.16	0.001	10	574644398	1	nonfailure
14:34:07 07/17/2009	error	Group0.6	aaa	% Total Processor Time n/a, File Read Bytes/sec: = 502908.80/sec, File Write Bytes/sec: = 92.77/sec	25:213	n/a	64.383	0	0	502908.80	4.434	10	14715606742	92.77	0.001	10	575582966	1	nonfailure
14:35:15 07/17/2009	good	Group0.6	memory	17% used, 4083MB free, 8.43 pages/sec	2:1362	17	4083	8.433528
14:35:36 07/17/2009	good	Group0.6	disk_c	40% full, 12288MB free, 20473MB total	3:1355	40	12288
14:35:38 07/17/2009	good	Group0.6	SNMP: 127.0.0.1 system.sysUpTime	MMM = 2056.53 K	24:317	ok	2056.53
14:35:43 07/17/2009	good	Group0.6	cpu	7% avg, cpu1 6%, cpu2 7%	1:1346	7	6	7
14:37:55 07/17/2009	good	Group0.5	network	338 bytes in/sec., 298 bytes out/sec., 0.00 packet errors/sec., 27 current connections.	2:1341	338.85822	298.34256	0.0	27
14:38:33 07/17/2009	good	Group0.7	aaaa	6% avg, cpu1 6%, cpu2 7%	1:362	6	6	7
14:44:07 07/17/2009	error	Group0.6	aaa	% Total Processor Time n/a, File Read Bytes/sec: = 736043.06/sec, File Write Bytes/sec: = 1582.65/sec	25:214	n/a	64.383	0	0	736043.06	4.434	10	15309101718	1582.65	0.001	10	578826852	1	nonfailure
14:45:15 07/17/2009	good	Group0.6	memory	17% used, 4057MB free, 0.78 pages/sec	2:1363	17	4057	0.7849813
14:45:36 07/17/2009	good	Group0.6	disk_c	40% full, 12288MB free, 20473MB total	3:1356	40	12288
14:45:38 07/17/2009	good	Group0.6	SNMP: 127.0.0.1 system.sysUpTime	MMM = 2116.53 K	24:318	ok	2116.53
14:45:43 07/17/2009	good	Group0.6	cpu	10% avg, cpu1 9%, cpu2 10%	1:1347	10	9	10
14:47:55 07/17/2009	good	Group0.5	network	281 bytes in/sec., 292 bytes out/sec., 0.00 packet errors/sec., 31 current connections.	2:1342	281.89774	292.95255	0.0	31
14:48:33 07/17/2009	good	Group0.7	aaaa	11% avg, cpu1 11%, cpu2 11%	1:363	11	11	11
14:50:27 07/17/2009	error	Group0.6	aaa	% Total Processor Time n/a, File Read Bytes/sec: = 3325524.00/sec, File Write Bytes/sec: = 9132.86/sec	25:215	n/a	64.383	0	0	3325524.00	4.434	10	15910027120	9132.86	0.001	10	582426160	1	nonfailure
14:54:38 07/17/2009	error	Group0.6	aaa	% Total Processor Time n/a, File Read Bytes/sec: = 1470346.00/sec, File Write Bytes/sec: = 5464.05/sec	25:216	n/a	64.383	0	0	1470346.00	4.434	10	16165065926	5464.05	0.001	10	583468373	1	nonfailure
14:55:15 07/17/2009	good	Group0.6	memory	18% used, 4020MB free, 8.33 pages/sec	2:1364	18	4020	8.332753
14:55:36 07/17/2009	good	Group0.6	disk_c	40% full, 12288MB free, 20473MB total	3:1357	40	12288
14:55:39 07/17/2009	good	Group0.6	SNMP: 127.0.0.1 system.sysUpTime	MMM = 2176.63 K	24:319	ok	2176.63
14:55:43 07/17/2009	good	Group0.6	cpu	10% avg, cpu1 10%, cpu2 11%	1:1348	10	10	11
14:57:57 07/17/2009	good	Group0.5	network	281 bytes in/sec., 262 bytes out/sec., 0.00 packet errors/sec., 27 current connections.	2:1343	281.76797	262.43094	0.0	27
14:58:33 07/17/2009	good	Group0.7	aaaa	8% avg, cpu1 8%, cpu2 9%	1:364	8	8	9
15:04:38 07/17/2009	error	Group0.6	aaa	% Total Processor Time n/a, File Read Bytes/sec: = 111.30/sec, File Write Bytes/sec: = 5440.64/sec	25:217	n/a	64.383	0	0	111.30	4.434	10	16637663161	5440.64	0.001	10	632767440	1	nonfailure
15:05:15 07/17/2009	good	Group0.6	memory	18% used, 4018MB free, 5.74 pages/sec	2:1365	18	4018	5.7485156
15:05:36 07/17/2009	good	Group0.6	disk_c	40% full, 12288MB free, 20473MB total	3:1358	40	12288
15:05:39 07/17/2009	good	Group0.6	SNMP: 127.0.0.1 system.sysUpTime	MMM = 2236.63 K	24:320	ok	2236.63
15:05:43 07/17/2009	good	Group0.6	cpu	5% avg, cpu1 4%, cpu2 6%	1:1349	5	4	6
15:07:57 07/17/2009	good	Group0.5	network	686 bytes in/sec., 615 bytes out/sec., 0.00 packet errors/sec., 29 current connections.	2:1344	686.9245	615.1013	0.0	29
15:08:33 07/17/2009	good	Group0.7	aaaa	5% avg, cpu1 4%, cpu2 5%	1:365	5	4	5
15:14:43 07/17/2009	error	Group0.6	aaa	% Total Processor Time n/a, File Read Bytes/sec: = 3179.87/sec, File Write Bytes/sec: = 6478.45/sec	25:218	n/a	64.383	0	0	3179.87	4.434	10	17000917671	6478.45	0.001	10	635085666	1	nonfailure
15:15:15 07/17/2009	good	Group0.6	memory	18% used, 4036MB free, 0.10 pages/sec	2:1366	18	4036	0.10999849
15:15:36 07/17/2009	good	Group0.6	disk_c	40% full, 12288MB free, 20473MB total	3:1359	40	12288
15:15:43 07/17/2009	good	Group0.6	cpu	5% avg, cpu1 4%, cpu2 6%	1:1350	5	4	6
15:17:57 07/17/2009	good	Group0.5	network	563 bytes in/sec., 285 bytes out/sec., 0.00 packet errors/sec., 23 current connections.	2:1345	563.7459	285.58182	0.0	23
15:18:33 07/17/2009	good	Group0.7	aaaa	5% avg, cpu1 4%, cpu2 6%	1:366	5	4	6
15:23:36 07/17/2009	good	Group0.6	aaa	% Free Space:_Total = 44.25%, % Disk Read Time:_Total = 1.678E-6%, % Disk Write Time:_Total = 0.04%...	25:219	44.25	64.383	10	50660	1.678E-6	4.434	0	2163419465	0.04	0.001	0	756547515	0.04	100.000	0	2919966980	0
15:25:15 07/17/2009	good	Group0.6	memory	19% used, 4001MB free, 0.64 pages/sec	2:1367	19	4001	0.64998287
15:25:36 07/17/2009	good	Group0.6	disk_c	40% full, 12288MB free, 20473MB total	3:1360	40	12288
15:25:43 07/17/2009	good	Group0.6	cpu	7% avg, cpu1 7%, cpu2 8%	1:1351	7	7	8
15:25:53 07/17/2009	good	Group0.6	aaa	Pages/sec: = 0.99/sec, Page Faults/sec: = 1011.80/sec, Page Reads/sec: = 0.24/sec...	25:220	0.99	64.383	1	433289	1011.80	4.434	10	13740036	0.24	0.001	0	66405	0.00	100.000	0	5260	0
15:27:57 07/17/2009	good	Group0.5	network	15K in/sec., 15K out/sec., 0.00 packet errors/sec., 31 current connections.	2:1346	16265.194	16244.937	0.0	31
15:28:33 07/17/2009	good	Group0.7	aaaa	7% avg, cpu1 7%, cpu2 7%	1:367	7	7	7
15:35:15 07/17/2009	good	Group0.6	memory	19% used, 4005MB free, 0.40 pages/sec	2:1368	19	4005	0.40165448
15:35:36 07/17/2009	good	Group0.6	disk_c	40% full, 12288MB free, 20473MB total	3:1361	40	12288
15:35:43 07/17/2009	good	Group0.6	cpu	9% avg, cpu1 9%, cpu2 9%	1:1352	9	9	9
15:35:44 07/17/2009	good	Group0.6	aaa	Pages/sec: = 0.36/sec, Page Faults/sec: = 727.09/sec, Page Reads/sec: = 0.07/sec...	25:221	0.36	64.383	0	433503	727.09	4.434	10	14169666	0.07	0.001	0	66450	0.01	100.000	0	5266	0
15:37:57 07/17/2009	good	Group0.5	network	250 bytes in/sec., 233 bytes out/sec., 0.00 packet errors/sec., 23 current connections.	2:1347	250.57578	233.07231	0.0	23
15:38:33 07/17/2009	good	Group0.7	aaaa	10% avg, cpu1 10%, cpu2 11%	1:368	10	10	11
15:45:15 07/17/2009	good	Group0.6	memory	18% used, 4016MB free, 21.62 pages/sec	2:1369	18	4016	21.628113
15:45:36 07/17/2009	good	Group0.6	disk_c	40% full, 12287MB free, 20473MB total	3:1362	40	12287
15:45:43 07/17/2009	good	Group0.6	cpu	10% avg, cpu1 11%, cpu2 10%	1:1353	10	11	10
15:45:44 07/17/2009	good	Group0.6	aaa	Pages/sec: = 21.62/sec, Page Faults/sec: = 2617.24/sec, Page Reads/sec: = 1.59/sec...	25:222	21.62	64.383	10	446480	2617.24	4.434	10	15740031	1.59	0.001	2	67410	0.84	100.000	1	5775	0
15:47:57 07/17/2009	good	Group0.5	network	283 bytes in/sec., 265 bytes out/sec., 0.00 packet errors/sec., 27 current connections.	2:1348	283.7274	265.1831	0.0	27
15:48:33 07/17/2009	good	Group0.7	aaaa	10% avg, cpu1 10%, cpu2 10%	1:369	10	10	10
15:55:15 07/17/2009	good	Group0.6	memory	20% used, 3941MB free, 2.18 pages/sec	2:1370	20	3941	2.1832402
15:55:36 07/17/2009	good	Group0.6	disk_c	40% full, 12287MB free, 20473MB total	3:1363	40	12287
15:55:43 07/17/2009	good	Group0.6	cpu	7% avg, cpu1 7%, cpu2 8%	1:1354	7	7	8
15:55:44 07/17/2009	good	Group0.6	aaa	Pages/sec: = 2.18/sec, Page Faults/sec: = 594.05/sec, Page Reads/sec: = 1.15/sec...	25:223	2.18	64.383	2	447790	594.05	4.434	10	16096461	1.15	0.001	1	68101	0.01	100.000	0	5781	0
15:57:57 07/17/2009	good	Group0.5	network	429 bytes in/sec., 287 bytes out/sec., 0.00 packet errors/sec., 93 current connections.	2:1349	429.09763	287.29282	0.0	93
15:58:33 07/17/2009	good	Group0.7	aaaa	8% avg, cpu1 7%, cpu2 8%	1:370	8	7	8
16:05:15 07/17/2009	good	Group0.6	memory	20% used, 3938MB free, 0.79 pages/sec	2:1371	20	3938	0.796687
16:05:36 07/17/2009	good	Group0.6	disk_c	40% full, 12287MB free, 20473MB total	3:1364	40	12287
16:05:43 07/17/2009	good	Group0.6	cpu	11% avg, cpu1 11%, cpu2 11%	1:1355	11	11	11
16:05:44 07/17/2009	good	Group0.6	aaa	Pages/sec: = 5.53/sec, Page Faults/sec: = 1033.16/sec, Page Reads/sec: = 0.76/sec...	25:224	5.53	64.383	6	451108	1033.16	4.434	10	16716355	0.76	0.001	1	68558	0.11	100.000	0	5847	0
16:07:57 07/17/2009	good	Group0.5	network	305 bytes in/sec., 263 bytes out/sec., 0.00 packet errors/sec., 27 current connections.	2:1350	305.70905	263.35175	0.0	27
16:08:33 07/17/2009	good	Group0.7	aaaa	16% avg, cpu1 18%, cpu2 13%	1:371	16	18	13
16:15:15 07/17/2009	good	Group0.6	memory	21% used, 3867MB free, 253.05 pages/sec	2:1372	21	3867	253.05855
16:15:36 07/17/2009	good	Group0.6	disk_c	40% full, 12287MB free, 20473MB total	3:1365	40	12287
16:15:43 07/17/2009	good	Group0.6	cpu	36% avg, cpu1 51%, cpu2 21%	1:1356	36	51	21
16:15:44 07/17/2009	good	Group0.6	aaa	Pages/sec: = 253.12/sec, Page Faults/sec: = 899.97/sec, Page Reads/sec: = 52.03/sec...	25:225	253.12	64.383	10	602986	899.97	4.434	10	17256345	52.03	0.001	10	99779	0.19	100.000	0	5967	0
16:17:57 07/17/2009	good	Group0.5	network	263 bytes in/sec., 263 bytes out/sec., 0.00 packet errors/sec., 26 current connections.	2:1351	263.45084	263.45084	0.0	26
16:18:33 07/17/2009	good	Group0.7	aaaa	34% avg, cpu1 48%, cpu2 21%	1:372	34	48	21
16:25:15 07/17/2009	good	Group0.6	memory	22% used, 3846MB free, 15.74 pages/sec	2:1373	22	3846	15.74674
16:25:36 07/17/2009	good	Group0.6	disk_c	40% full, 12287MB free, 20473MB total	3:1366	40	12287
16:25:43 07/17/2009	good	Group0.6	cpu	17% avg, cpu1 22%, cpu2 12%	1:1357	17	22	12
16:25:44 07/17/2009	good	Group0.6	aaa	Pages/sec: = 10.93/sec, Page Faults/sec: = 628.20/sec, Page Reads/sec: = 10.88/sec...	25:226	10.93	64.383	10	609549	628.20	4.434	10	17633292	10.88	0.001	10	106308	0.00	100.000	0	5967	0
16:27:57 07/17/2009	good	Group0.5	network	259 bytes in/sec., 259 bytes out/sec., 0.00 packet errors/sec., 36 current connections.	2:1352	259.5978	259.5978	0.0	36
16:28:33 07/17/2009	good	Group0.7	aaaa	15% avg, cpu1 19%, cpu2 10%	1:373	15	19	10
16:35:15 07/17/2009	good	Group0.6	memory	22% used, 3816MB free, 1.65 pages/sec	2:1374	22	3816	1.6565578
16:35:36 07/17/2009	good	Group0.6	disk_c	40% full, 12285MB free, 20473MB total	3:1367	40	12285
16:35:43 07/17/2009	good	Group0.6	cpu	10% avg, cpu1 12%, cpu2 8%	1:1358	10	12	8
16:35:44 07/17/2009	good	Group0.6	aaa	Pages/sec: = 2.23/sec, Page Faults/sec: = 463.39/sec, Page Reads/sec: = 1.32/sec...	25:227	2.23	64.383	2	610887	463.39	4.434	10	17911319	1.32	0.001	1	107101	0.01	100.000	0	5973	0
16:37:57 07/17/2009	good	Group0.5	network	300 bytes in/sec., 298 bytes out/sec., 0.00 packet errors/sec., 64 current connections.	2:1353	300.18417	298.34256	0.0	64
16:38:33 07/17/2009	good	Group0.7	aaaa	8% avg, cpu1 10%, cpu2 7%	1:374	8	10	7
16:45:15 07/17/2009	good	Group0.6	memory	22% used, 3815MB free, 1.89 pages/sec	2:1375	22	3815	1.895099
16:45:36 07/17/2009	good	Group0.6	disk_c	40% full, 12285MB free, 20473MB total	3:1368	40	12285
16:45:43 07/17/2009	good	Group0.6	cpu	9% avg, cpu1 9%, cpu2 9%	1:1359	9	9	9
16:45:44 07/17/2009	good	Group0.6	aaa	Pages/sec: = 1.32/sec, Page Faults/sec: = 675.47/sec, Page Reads/sec: = 0.24/sec...	25:228	1.32	64.383	1	611680	675.47	4.434	10	18316604	0.24	0.001	0	107245	0.01	100.000	0	5979	0
16:47:57 07/17/2009	good	Group0.5	network	263 bytes in/sec., 261 bytes out/sec., 0.00 packet errors/sec., 65 current connections.	2:1354	263.47305	261.63058	0.0	65
16:48:33 07/17/2009	good	Group0.7	aaaa	11% avg, cpu1 12%, cpu2 9%	1:375	11	12	9
16:55:15 07/17/2009	good	Group0.6	memory	23% used, 3800MB free, 0.21 pages/sec	2:1376	23	3800	0.21333207
16:55:36 07/17/2009	good	Group0.6	disk_c	40% full, 12285MB free, 20473MB total	3:1369	40	12285
16:55:43 07/17/2009	good	Group0.6	cpu	8% avg, cpu1 10%, cpu2 6%	1:1360	8	10	6
16:55:44 07/17/2009	good	Group0.6	aaa	Pages/sec: = 0.21/sec, Page Faults/sec: = 488.70/sec, Page Reads/sec: = 0.13/sec...	25:229	0.21	64.383	0	611809	488.70	4.434	10	18609833	0.13	0.001	0	107324	0.00	100.000	0	5979	0
16:57:57 07/17/2009	good	Group0.5	network	263 bytes in/sec., 262 bytes out/sec., 0.00 packet errors/sec., 23 current connections.	2:1355	263.35175	262.43094	0.0	23
16:58:33 07/17/2009	good	Group0.7	aaaa	7% avg, cpu1 7%, cpu2 6%	1:376	7	7	6
17:05:15 07/17/2009	good	Group0.6	memory	22% used, 3820MB free, 0.67 pages/sec	2:1377	22	3820	0.6733315
17:05:36 07/17/2009	good	Group0.6	disk_c	40% full, 12284MB free, 20473MB total	3:1370	40	12284
17:05:43 07/17/2009	good	Group0.6	cpu	9% avg, cpu1 10%, cpu2 7%	1:1361	9	10	7
17:05:44 07/17/2009	good	Group0.6	aaa	Pages/sec: = 1.22/sec, Page Faults/sec: = 575.57/sec, Page Reads/sec: = 0.24/sec...	25:230	1.22	64.383	1	612542	575.57	4.434	10	18955181	0.24	0.001	0	107474	0.01	100.000	0	5991	0
17:07:57 07/17/2009	good	Group0.5	network	501 bytes in/sec., 502 bytes out/sec., 0.00 packet errors/sec., 19 current connections.	2:1356	501.15155	502.99402	0.0	19
17:08:33 07/17/2009	good	Group0.7	aaaa	8% avg, cpu1 9%, cpu2 6%	1:377	8	9	6
17:15:15 07/17/2009	good	Group0.6	memory	22% used, 3812MB free, 0.58 pages/sec	2:1378	22	3812	0.5850055
17:15:36 07/17/2009	good	Group0.6	disk_c	40% full, 12284MB free, 20473MB total	3:1371	40	12284
17:15:43 07/17/2009	good	Group0.6	cpu	5% avg, cpu1 6%, cpu2 5%	1:1362	5	6	5
17:15:44 07/17/2009	good	Group0.6	aaa	Pages/sec: = 0.03/sec, Page Faults/sec: = 320.13/sec, Page Reads/sec: = 0.01/sec...	25:231	0.03	64.383	0	612563	320.13	4.434	10	19147256	0.01	0.001	0	107480	0.00	100.000	0	5991	0
17:17:57 07/17/2009	good	Group0.5	network	268 bytes in/sec., 283 bytes out/sec., 0.00 packet errors/sec., 20 current connections.	2:1357	268.87662	283.6096	0.0	20
17:18:33 07/17/2009	good	Group0.7	aaaa	5% avg, cpu1 6%, cpu2 5%	1:378	5	6	5
17:25:15 07/17/2009	good	Group0.6	memory	22% used, 3813MB free, 0.04 pages/sec	2:1379	22	3813	0.046666097
17:25:36 07/17/2009	good	Group0.6	disk_c	40% full, 12284MB free, 20473MB total	3:1372	40	12284
17:25:43 07/17/2009	good	Group0.6	cpu	8% avg, cpu1 8%, cpu2 7%	1:1363	8	8	7
17:25:44 07/17/2009	good	Group0.6	aaa	Pages/sec: = 1.31/sec, Page Faults/sec: = 482.40/sec, Page Reads/sec: = 1.28/sec...	25:232	1.31	64.383	1	613353	482.40	4.434	10	19436702	1.28	0.001	1	108253	0.00	100.000	0	5991	0
17:27:57 07/17/2009	good	Group0.5	network	319 bytes in/sec., 320 bytes out/sec., 0.00 packet errors/sec., 23 current connections.	2:1358	319.10947	320.0371	0.0	23
17:28:33 07/17/2009	good	Group0.7	aaaa	8% avg, cpu1 9%, cpu2 8%	1:379	8	9	8
17:35:15 07/17/2009	good	Group0.6	memory	22% used, 3812MB free, 1.35 pages/sec	2:1380	22	3812	1.3516706
17:35:36 07/17/2009	good	Group0.6	disk_c	40% full, 12284MB free, 20473MB total	3:1373	40	12284
17:35:43 07/17/2009	good	Group0.6	cpu	7% avg, cpu1 8%, cpu2 6%	1:1364	7	8	6
17:35:44 07/17/2009	good	Group0.6	aaa	Pages/sec: = 0.08/sec, Page Faults/sec: = 504.04/sec, Page Reads/sec: = 0.03/sec...	25:233	0.08	64.383	0	613403	504.04	4.434	10	19739132	0.03	0.001	0	108277	0.00	100.000	0	5991	0
17:37:57 07/17/2009	good	Group0.5	network	303 bytes in/sec., 303 bytes out/sec., 0.00 packet errors/sec., 27 current connections.	2:1359	303.8674	303.8674	0.0	27
17:38:33 07/17/2009	good	Group0.7	aaaa	7% avg, cpu1 8%, cpu2 6%	1:380	7	8	6
17:45:15 07/17/2009	good	Group0.6	memory	23% used, 3807MB free, 6.97 pages/sec	2:1381	23	3807	6.973469
17:45:36 07/17/2009	good	Group0.6	disk_c	40% full, 12285MB free, 20473MB total	3:1374	40	12285
17:45:43 07/17/2009	good	Group0.6	cpu	8% avg, cpu1 8%, cpu2 8%	1:1365	8	8	8
17:45:44 07/17/2009	good	Group0.6	aaa	Pages/sec: = 6.97/sec, Page Faults/sec: = 425.25/sec, Page Reads/sec: = 1.01/sec...	25:234	6.97	64.383	7	617586	425.25	4.434	10	19994277	1.01	0.001	1	108883	0.03	100.000	0	6009	0
17:55:15 07/17/2009	good	Group0.6	memory	21% used, 3896MB free, 0.85 pages/sec	2:1382	21	3896	0.8582472
17:55:36 07/17/2009	good	Group0.6	disk_c	40% full, 12285MB free, 20473MB total	3:1375	40	12285
17:55:43 07/17/2009	good	Group0.6	cpu	9% avg, cpu1 11%, cpu2 8%	1:1366	9	11	8
17:55:44 07/17/2009	good	Group0.6	aaa	Pages/sec: = 0.86/sec, Page Faults/sec: = 447.10/sec, Page Reads/sec: = 0.31/sec...	25:235	0.86	64.383	1	618106	447.10	4.434	10	20262574	0.31	0.001	0	109075	0.00	100.000	0	6015	0
17:57:19 07/17/2009	good	Group0.5	network	636 bytes in/sec., 400 bytes out/sec., 0.00 packet errors/sec., 23 current connections.	2:1360	636.36365	400.74213	0.0	23
17:57:25 07/17/2009	good	Group0.7	aaaa	8% avg, cpu1 9%, cpu2 8%	1:381	8	9	8
18:00:33 07/17/2009	good	Group0.5	network	394 bytes in/sec., 281 bytes out/sec., 0.00 packet errors/sec., 23 current connections.	2:1360	394.99304	281.87296	0.0	23
18:01:49 07/17/2009	good	Group0.7	aaaa	9% avg, cpu1 9%, cpu2 9%	1:381	9	9	9
18:06:40 07/17/2009	disabled	Group0.6	cpu	disabled by schedule	1:1366	9	11	8
18:06:59 07/17/2009	good	Group0.6	disk_c	40% full, 12284MB free, 20473MB total	3:1376	40	12284
18:09:17 07/17/2009	good	Group0.6	memory	21% used, 3886MB free, 6.69 pages/sec	2:1383	21	3886	6.692999
