10:04:33 08/06/2009	good	Group0.6	memory	13% used, 4260MB free, 3.47 pages/sec	2:1629	13	4260	3.4761827
10:04:33 08/06/2009	good	Group0.6	disk_c	41% full, 12277MB free, 20473MB total	3:1623	41	12277
10:04:36 08/06/2009	good	Group0.7	aaaa	2% avg, cpu1 0%, cpu2 3%	1:627	2	0	3
10:04:40 08/06/2009	good	Group0.6	cpu	11% avg, cpu1 14%, cpu2 8%	1:1606	11	14	8
10:04:49 08/06/2009	good	Group0.5	network	25K in/sec., 24K out/sec., 0.00 packet errors/sec., 32 current connections.	2:1608	25622.896	25437.85	0.0	32
10:05:03 08/06/2009	good	Group0.6	SNMP: 192.168.2.229 system.sysDescr	 = Hardware: x86 Family 6 Model 15 Stepping 13 AT/AT COMPATIBLE - Software: Windows 2000 Version 5.1 (Build 2600 Multiprocessor Free)	39:1	ok	Hardware: x86 Family 6 Model 15 Stepping 13 AT/AT COMPATIBLE - Software: Windows 2000 Version 5.1 (Build 2600 Multiprocessor Free)
10:14:29 08/06/2009	good	Group0.7	aaaa	5% avg, cpu1 5%, cpu2 5%	1:628	5	5	5
10:14:33 08/06/2009	good	Group0.6	memory	14% used, 4244MB free, 2.18 pages/sec	2:1630	14	4244	2.1826293
10:14:33 08/06/2009	good	Group0.6	disk_c	41% full, 12277MB free, 20473MB total	3:1624	41	12277
10:14:40 08/06/2009	good	Group0.6	cpu	5% avg, cpu1 5%, cpu2 5%	1:1607	5	5	5
10:14:49 08/06/2009	good	Group0.5	network	428 bytes in/sec., 343 bytes out/sec., 0.00 packet errors/sec., 31 current connections.	2:1609	428.03735	343.92523	0.0	31
10:15:04 08/06/2009	good	Group0.6	SNMP: 192.168.2.229 system.sysDescr	 = Hardware: x86 Family 6 Model 15 Stepping 13 AT/AT COMPATIBLE - Software: Windows 2000 Version 5.1 (Build 2600 Multiprocessor Free)	39:2	ok	Hardware: x86 Family 6 Model 15 Stepping 13 AT/AT COMPATIBLE - Software: Windows 2000 Version 5.1 (Build 2600 Multiprocessor Free)
10:15:39 08/06/2009	error	Group0.6	SNMP: 192.168.2.229 cisco.cpu.avgBusy5	error - noSuchName	39:3	error - noSuchName	n/a	failure
10:24:29 08/06/2009	good	Group0.7	aaaa	6% avg, cpu1 5%, cpu2 7%	1:629	6	5	7
10:24:33 08/06/2009	good	Group0.6	memory	14% used, 4230MB free, 0.60 pages/sec	2:1631	14	4230	0.6054116
10:24:33 08/06/2009	good	Group0.6	disk_c	41% full, 12277MB free, 20473MB total	3:1625	41	12277
10:24:40 08/06/2009	good	Group0.6	cpu	6% avg, cpu1 5%, cpu2 7%	1:1608	6	5	7
10:24:49 08/06/2009	good	Group0.5	network	825 bytes in/sec., 362 bytes out/sec., 0.00 packet errors/sec., 30 current connections.	2:1610	825.78235	362.44745	0.0	30
10:25:39 08/06/2009	error	Group0.6	SNMP: 192.168.2.229 cisco.cpu.avgBusy5	error - noSuchName	39:4	error - noSuchName	n/a	failure
10:34:29 08/06/2009	good	Group0.7	aaaa	10% avg, cpu1 9%, cpu2 11%	1:630	10	9	11
10:34:33 08/06/2009	good	Group0.6	memory	14% used, 4207MB free, 9.13 pages/sec	2:1632	14	4207	9.13024
10:34:33 08/06/2009	good	Group0.6	disk_c	41% full, 12276MB free, 20473MB total	3:1626	41	12276
10:34:40 08/06/2009	good	Group0.6	cpu	10% avg, cpu1 9%, cpu2 11%	1:1609	10	9	11
10:34:49 08/06/2009	good	Group0.5	network	465 bytes in/sec., 325 bytes out/sec., 0.00 packet errors/sec., 32 current connections.	2:1611	465.20316	325.08173	0.0	32
10:44:29 08/06/2009	good	Group0.7	aaaa	8% avg, cpu1 8%, cpu2 8%	1:631	8	8	8
10:44:33 08/06/2009	good	Group0.6	memory	14% used, 4225MB free, 0.55 pages/sec	2:1633	14	4225	0.550331
10:44:33 08/06/2009	good	Group0.6	disk_c	41% full, 12276MB free, 20473MB total	3:1627	41	12276
10:44:40 08/06/2009	good	Group0.6	cpu	8% avg, cpu1 8%, cpu2 8%	1:1610	8	8	8
10:44:49 08/06/2009	good	Group0.5	network	437 bytes in/sec., 350 bytes out/sec., 0.00 packet errors/sec., 33 current connections.	2:1612	437.38315	350.4673	0.0	33
10:54:29 08/06/2009	good	Group0.7	aaaa	6% avg, cpu1 6%, cpu2 7%	1:632	6	6	7
10:54:33 08/06/2009	good	Group0.6	memory	17% used, 4093MB free, 29.24 pages/sec	2:1634	17	4093	29.243141
10:54:33 08/06/2009	good	Group0.6	disk_c	41% full, 12276MB free, 20473MB total	3:1628	41	12276
10:54:40 08/06/2009	good	Group0.6	cpu	6% avg, cpu1 6%, cpu2 7%	1:1611	6	6	7
10:54:49 08/06/2009	good	Group0.5	network	450 bytes in/sec., 447 bytes out/sec., 0.00 packet errors/sec., 31 current connections.	2:1613	450.46725	447.66354	0.0	31
11:04:29 08/06/2009	good	Group0.7	aaaa	5% avg, cpu1 4%, cpu2 6%	1:633	5	4	6
11:04:33 08/06/2009	good	Group0.6	memory	17% used, 4090MB free, 0.82 pages/sec	2:1635	17	4090	0.8254152
11:04:33 08/06/2009	good	Group0.6	disk_c	41% full, 12276MB free, 20473MB total	3:1629	41	12276
11:04:40 08/06/2009	good	Group0.6	cpu	5% avg, cpu1 4%, cpu2 6%	1:1612	5	4	6
11:04:49 08/06/2009	good	Group0.5	network	657 bytes in/sec., 428 bytes out/sec., 0.00 packet errors/sec., 31 current connections.	2:1614	657.9439	428.97195	0.0	31
11:14:29 08/06/2009	good	Group0.7	aaaa	8% avg, cpu1 7%, cpu2 8%	1:634	8	7	8
11:14:33 08/06/2009	good	Group0.6	memory	17% used, 4087MB free, 0.11 pages/sec	2:1636	17	4087	0.1184161
11:14:33 08/06/2009	good	Group0.6	disk_c	41% full, 12276MB free, 20473MB total	3:1630	41	12276
11:14:40 08/06/2009	good	Group0.6	cpu	8% avg, cpu1 7%, cpu2 8%	1:1613	8	7	8
11:14:49 08/06/2009	good	Group0.5	network	450 bytes in/sec., 422 bytes out/sec., 0.00 packet errors/sec., 34 current connections.	2:1615	450.2569	422.2326	0.0	34
11:24:29 08/06/2009	good	Group0.7	aaaa	6% avg, cpu1 5%, cpu2 7%	1:635	6	5	7
11:24:33 08/06/2009	good	Group0.6	memory	17% used, 4083MB free, 0.49 pages/sec	2:1637	17	4083	0.4905632
11:24:33 08/06/2009	good	Group0.6	disk_c	41% full, 12276MB free, 20473MB total	3:1631	41	12276
11:24:40 08/06/2009	good	Group0.6	cpu	6% avg, cpu1 5%, cpu2 7%	1:1614	6	5	7
11:24:49 08/06/2009	good	Group0.5	network	1020 bytes in/sec., 847 bytes out/sec., 0.00 packet errors/sec., 30 current connections.	2:1616	1020.08405	847.26764	0.0	30
11:34:29 08/06/2009	good	Group0.7	aaaa	5% avg, cpu1 5%, cpu2 5%	1:636	5	5	5
11:34:33 08/06/2009	good	Group0.6	memory	17% used, 4077MB free, 0.06 pages/sec	2:1638	17	4077	0.06170571
11:34:33 08/06/2009	good	Group0.6	disk_c	41% full, 12276MB free, 20473MB total	3:1632	41	12276
11:34:40 08/06/2009	good	Group0.6	cpu	5% avg, cpu1 5%, cpu2 5%	1:1615	5	5	5
11:34:49 08/06/2009	good	Group0.5	network	466 bytes in/sec., 325 bytes out/sec., 0.00 packet errors/sec., 38 current connections.	2:1617	466.1373	325.08173	0.0	38
11:38:31 08/06/2009	error	Group0.6	SNMP: 192.168.2.229 system.sysDescr	content match error, Hardware: x86 Family 6 Model 15 Stepping 13 AT/AT COMPATIBLE - Software: Windows 2000 Version 5.1 (Build 2600 Multiprocessor Free)	40:1	content match error, Hardware: x86 Family 6 Model 15 Stepping 13 AT/AT COMPATIBLE - Software: Windows 2000 Version 5.1 (Build 2600 Multiprocessor Free)	n/a	failure
11:39:24 08/06/2009	error	Group0.6	SNMP: 192.168.2.229 system.sysDescr	content match error, Hardware: x86 Family 6 Model 15 Stepping 13 AT/AT COMPATIBLE - Software: Windows 2000 Version 5.1 (Build 2600 Multiprocessor Free)	40:2	content match error, Hardware: x86 Family 6 Model 15 Stepping 13 AT/AT COMPATIBLE - Software: Windows 2000 Version 5.1 (Build 2600 Multiprocessor Free)	n/a	failure
11:39:48 08/06/2009	error	Group0.6	SNMP: 192.168.0.251 system.sysDescr	content match error, Cisco Internetwork Operating System Software   IOS (tm) C2950 Software (C2950-I6Q4L2-M), Version 12.1(22)EA6, RELEASE SOFTWARE (fc1)  Copyright (c) 1986-2005 by cisco Systems, Inc.  Compiled Fri 21-Oct-05 01:59 by yenanh	40:3	content match error, Cisco Internetwork Operating System Software   IOS (tm) C2950 Software (C2950-I6Q4L2-M), Version 12.1(22)EA6, RELEASE SOFTWARE (fc1)  Copyright (c) 1986-2005 by cisco Systems, Inc.  Compiled Fri 21-Oct-05 01:59 by yenanh	n/a	failure
11:40:09 08/06/2009	good	Group0.6	SNMP: 192.168.0.251 system.sysDescr	 = Cisco Internetwork Operating System Software   IOS (tm) C2950 Software (C2950-I6Q4L2-M), Version 12.1(22)EA6, RELEASE SOFTWARE (fc1)  Copyright (c) 1986-2005 by cisco Systems, Inc.  Compiled Fri 21-Oct-05 01:59 by yenanh	40:4	ok	Cisco Internetwork Operating System Software   IOS (tm) C2950 Software (C2950-I6Q4L2-M), Version 12.1(22)EA6, RELEASE SOFTWARE (fc1)  Copyright (c) 1986-2005 by cisco Systems, Inc.  Compiled Fri 21-Oct-05 01:59 by yenanh
11:44:29 08/06/2009	good	Group0.7	aaaa	5% avg, cpu1 5%, cpu2 5%	1:637	5	5	5
11:44:33 08/06/2009	good	Group0.6	memory	17% used, 4104MB free, 0.04 pages/sec	2:1639	17	4104	0.046688385
11:44:33 08/06/2009	good	Group0.6	disk_c	41% full, 12276MB free, 20473MB total	3:1633	41	12276
11:44:40 08/06/2009	good	Group0.6	cpu	5% avg, cpu1 5%, cpu2 5%	1:1616	5	5	5
11:44:49 08/06/2009	good	Group0.5	network	651 bytes in/sec., 325 bytes out/sec., 0.00 packet errors/sec., 46 current connections.	2:1618	651.0976	325.08173	0.0	46
11:50:03 08/06/2009	good	Group0.6	SNMP: 192.168.0.251 system.sysDescr	 = Cisco Internetwork Operating System Software   IOS (tm) C2950 Software (C2950-I6Q4L2-M), Version 12.1(22)EA6, RELEASE SOFTWARE (fc1)  Copyright (c) 1986-2005 by cisco Systems, Inc.  Compiled Fri 21-Oct-05 01:59 by yenanh	40:5	ok	Cisco Internetwork Operating System Software   IOS (tm) C2950 Software (C2950-I6Q4L2-M), Version 12.1(22)EA6, RELEASE SOFTWARE (fc1)  Copyright (c) 1986-2005 by cisco Systems, Inc.  Compiled Fri 21-Oct-05 01:59 by yenanh
11:54:29 08/06/2009	good	Group0.7	aaaa	6% avg, cpu1 6%, cpu2 7%	1:638	6	6	7
11:54:33 08/06/2009	good	Group0.6	memory	17% used, 4081MB free, 0.45 pages/sec	2:1640	17	4081	0.45397276
11:54:33 08/06/2009	good	Group0.6	disk_c	41% full, 12276MB free, 20473MB total	3:1634	41	12276
11:54:40 08/06/2009	good	Group0.6	cpu	6% avg, cpu1 6%, cpu2 7%	1:1617	6	6	7
11:54:49 08/06/2009	good	Group0.5	network	395 bytes in/sec., 325 bytes out/sec., 0.00 packet errors/sec., 34 current connections.	2:1619	395.14246	325.08173	0.0	34
12:00:02 08/06/2009	good	Group0.6	SNMP: 192.168.0.251 system.sysDescr	 = Cisco Internetwork Operating System Software   IOS (tm) C2950 Software (C2950-I6Q4L2-M), Version 12.1(22)EA6, RELEASE SOFTWARE (fc1)  Copyright (c) 1986-2005 by cisco Systems, Inc.  Compiled Fri 21-Oct-05 01:59 by yenanh	40:6	ok	Cisco Internetwork Operating System Software   IOS (tm) C2950 Software (C2950-I6Q4L2-M), Version 12.1(22)EA6, RELEASE SOFTWARE (fc1)  Copyright (c) 1986-2005 by cisco Systems, Inc.  Compiled Fri 21-Oct-05 01:59 by yenanh
