09:52:57 07/14/2009	good	Group0.5	network	692 bytes in/sec., 461 bytes out/sec., 0.00 packet errors/sec., 36 current connections.	2:1203	692.0223	461.03897	0.0	36
09:52:58 07/14/2009	good	Group0.6	aaa	% Free Space:_Total = 46.75%, % Disk Read Time:_Total = 1.85%, % Disk Write Time:_Total = 0.10%...	25:70	46.75	0	10	53518	1.85	0	2	1951896314	0.10	0	0	172907642	1.96	0	2	2124803956	0
09:53:32 07/14/2009	good	Group0.6	disk_c	35% full, 13348MB free, 20473MB total	3:1217	35	13348
09:54:00 07/14/2009	good	Group0.6	SNMP: 127.0.0.1 system.sysUpTime	MMM = 328.64 K	24:179	ok	328.64
09:54:26 07/14/2009	good	Group0.7	aaaa	31% avg, cpu1 15%, cpu2 48%	1:224	31	15	48
09:55:28 07/14/2009	good	Group0.6	memory	13% used, 4262MB free, 5.74 pages/sec	2:1224	13	4262	5.7472935
09:56:15 07/14/2009	good	Group0.6	cpu	6% avg, cpu1 4%, cpu2 8%	1:1209	6	4	8
10:02:53 07/14/2009	good	Group0.6	aaa	% Free Space:_Total = 46.75%, % Disk Read Time:_Total = 6.26%, % Disk Write Time:_Total = 0.45%...	25:71	46.75	0	10	53518	6.26	0	6	2325165392	0.45	0	0	200270884	6.72	0	7	2525436276	0
10:02:57 07/14/2009	good	Group0.5	network	637 bytes in/sec., 581 bytes out/sec., 0.00 packet errors/sec., 27 current connections.	2:1204	637.20074	581.95215	0.0	27
10:03:32 07/14/2009	good	Group0.6	disk_c	35% full, 13348MB free, 20473MB total	3:1218	35	13348
10:04:00 07/14/2009	good	Group0.6	SNMP: 127.0.0.1 system.sysUpTime	MMM = 388.63 K	24:180	ok	388.63
10:04:19 07/14/2009	good	Group0.7	aaaa	11% avg, cpu1 9%, cpu2 12%	1:225	11	9	12
10:05:28 07/14/2009	good	Group0.6	memory	14% used, 4206MB free, 89.15 pages/sec	2:1225	14	4206	89.15451
10:06:08 07/14/2009	good	Group0.6	cpu	8% avg, cpu1 7%, cpu2 8%	1:1210	8	7	8
10:12:53 07/14/2009	good	Group0.6	aaa	% Free Space:_Total = 46.75%, % Disk Read Time:_Total = 0.53%, % Disk Write Time:_Total = 0.15%...	25:72	46.75	0	10	53518	0.53	0	1	2357467202	0.15	0	0	209739386	0.69	0	1	2567206588	0
10:12:57 07/14/2009	good	Group0.5	network	461 bytes in/sec., 292 bytes out/sec., 0.00 packet errors/sec., 26 current connections.	2:1205	461.28882	292.99954	0.0	26
10:13:32 07/14/2009	good	Group0.6	disk_c	35% full, 13348MB free, 20473MB total	3:1219	35	13348
10:14:00 07/14/2009	good	Group0.6	SNMP: 127.0.0.1 system.sysUpTime	MMM = 448.63 K	24:181	ok	448.63
10:14:19 07/14/2009	good	Group0.7	aaaa	6% avg, cpu1 5%, cpu2 6%	1:226	6	5	6
10:15:28 07/14/2009	good	Group0.6	memory	15% used, 4194MB free, 9.32 pages/sec	2:1226	15	4194	9.328807
10:15:39 07/14/2009	good	Group0.6	aaa	Pages/sec: = 1.24/sec, Page Faults/sec: = 958.26/sec, Page Reads/sec: = 0.49/sec...	25:73	1.24	0	1	282317	958.26	0	10	3363967	0.49	0	0	60310	0.00	0	0	3762	0
10:16:08 07/14/2009	good	Group0.6	cpu	5% avg, cpu1 4%, cpu2 6%	1:1211	5	4	6
10:22:57 07/14/2009	good	Group0.5	network	376 bytes in/sec., 292 bytes out/sec., 0.00 packet errors/sec., 27 current connections.	2:1206	376.44876	292.99954	0.0	27
10:23:32 07/14/2009	good	Group0.6	disk_c	35% full, 13348MB free, 20473MB total	3:1220	35	13348
10:24:01 07/14/2009	good	Group0.6	SNMP: 127.0.0.1 system.sysUpTime	MMM = 508.73 K	24:182	ok	508.73
10:24:19 07/14/2009	good	Group0.7	aaaa	7% avg, cpu1 5%, cpu2 9%	1:227	7	5	9
10:25:28 07/14/2009	good	Group0.6	memory	15% used, 4186MB free, 0.13 pages/sec	2:1227	15	4186	0.13000736
10:25:29 07/14/2009	good	Group0.6	aaa	Pages/sec: = 0.10/sec, Page Faults/sec: = 434.97/sec, Page Reads/sec: = 0.06/sec...	25:74	0.10	0	0	282380	434.97	0	10	3620975	0.06	0	0	60349	0.00	0	0	3762	0
10:26:08 07/14/2009	good	Group0.6	cpu	7% avg, cpu1 5%, cpu2 8%	1:1212	7	5	8
10:32:57 07/14/2009	good	Group0.5	network	677 bytes in/sec., 396 bytes out/sec., 0.00 packet errors/sec., 26 current connections.	2:1207	677.6438	396.1039	0.0	26
10:33:32 07/14/2009	good	Group0.6	disk_c	35% full, 13348MB free, 20473MB total	3:1221	35	13348
10:34:01 07/14/2009	good	Group0.6	SNMP: 127.0.0.1 system.sysUpTime	MMM = 568.73 K	24:183	ok	568.73
10:34:19 07/14/2009	good	Group0.7	aaaa	6% avg, cpu1 4%, cpu2 7%	1:228	6	4	7
10:35:28 07/14/2009	good	Group0.6	memory	15% used, 4183MB free, 1.17 pages/sec	2:1228	15	4183	1.1718445
10:35:29 07/14/2009	good	Group0.6	aaa	Pages/sec: = 1.17/sec, Page Faults/sec: = 432.25/sec, Page Reads/sec: = 0.07/sec...	25:75	1.17	99.760	1	283083	432.25	0	10	3880293	0.07	0	0	60394	0.05	0	0	3792	0
10:36:08 07/14/2009	good	Group0.6	cpu	5% avg, cpu1 4%, cpu2 6%	1:1213	5	4	6
10:42:57 07/14/2009	good	Group0.5	network	352 bytes in/sec., 352 bytes out/sec., 0.00 packet errors/sec., 26 current connections.	2:1208	352.50467	352.50467	0.0	26
10:43:32 07/14/2009	good	Group0.6	disk_c	35% full, 13348MB free, 20473MB total	3:1222	35	13348
10:44:01 07/14/2009	good	Group0.6	SNMP: 127.0.0.1 system.sysUpTime	MMM = 628.73 K	24:184	ok	628.73
10:44:19 07/14/2009	good	Group0.7	aaaa	5% avg, cpu1 4%, cpu2 5%	1:229	5	4	5
10:45:28 07/14/2009	good	Group0.6	memory	15% used, 4179MB free, 0.05 pages/sec	2:1229	15	4179	0.058334887
10:45:29 07/14/2009	good	Group0.6	aaa	Pages/sec: = 0.05/sec, Page Faults/sec: = 407.26/sec, Page Reads/sec: = 0.03/sec...	25:76	0.05	99.984	0	283118	407.26	33.070	10	4124643	0.03	83.870	0	60414	0.00	100.000	0	3792	0
10:46:08 07/14/2009	good	Group0.6	cpu	5% avg, cpu1 4%, cpu2 6%	1:1214	5	4	6
10:52:57 07/14/2009	good	Group0.5	network	371 bytes in/sec., 371 bytes out/sec., 0.00 packet errors/sec., 27 current connections.	2:1209	371.05753	371.05753	0.0	27
10:53:32 07/14/2009	good	Group0.6	disk_c	35% full, 13348MB free, 20473MB total	3:1223	35	13348
10:54:01 07/14/2009	good	Group0.6	SNMP: 127.0.0.1 system.sysUpTime	MMM = 688.73 K	24:185	ok	688.73
10:54:19 07/14/2009	good	Group0.7	aaaa	5% avg, cpu1 4%, cpu2 5%	1:230	5	4	5
10:55:28 07/14/2009	good	Group0.6	memory	15% used, 4176MB free, 0.21 pages/sec	2:1230	15	4176	0.21001063
10:55:29 07/14/2009	good	Group0.6	aaa	Pages/sec: = 0.21/sec, Page Faults/sec: = 422.23/sec, Page Reads/sec: = 0.05/sec...	25:77	0.21	99.928	0	283244	422.23	24.355	10	4377970	0.05	66.151	0	60447	0.00	100.000	0	3792	0
10:56:08 07/14/2009	good	Group0.6	cpu	4% avg, cpu1 3%, cpu2 5%	1:1215	4	3	5
11:02:57 07/14/2009	good	Group0.5	network	446 bytes in/sec., 352 bytes out/sec., 0.00 packet errors/sec., 25 current connections.	2:1210	446.917	352.34122	0.0	25
11:03:32 07/14/2009	good	Group0.6	disk_c	35% full, 13348MB free, 20473MB total	3:1224	35	13348
11:04:01 07/14/2009	good	Group0.6	SNMP: 127.0.0.1 system.sysUpTime	MMM = 748.73 K	24:186	ok	748.73
11:04:19 07/14/2009	good	Group0.7	aaaa	4% avg, cpu1 3%, cpu2 4%	1:231	4	3	4
11:05:28 07/14/2009	good	Group0.6	memory	15% used, 4171MB free, 2.38 pages/sec	2:1231	15	4171	2.3868828
11:05:29 07/14/2009	good	Group0.6	aaa	Pages/sec: = 2.38/sec, Page Faults/sec: = 428.58/sec, Page Reads/sec: = 0.23/sec...	25:78	2.38	330.844	2	284676	428.58	19.286	10	4635097	0.23	64.300	0	60585	0.05	0.008	0	3822	0
11:06:08 07/14/2009	good	Group0.6	cpu	4% avg, cpu1 4%, cpu2 4%	1:1216	4	4	4
11:12:57 07/14/2009	good	Group0.5	network	359 bytes in/sec., 292 bytes out/sec., 0.00 packet errors/sec., 25 current connections.	2:1211	359.7589	292.99954	0.0	25
11:13:32 07/14/2009	good	Group0.6	disk_c	35% full, 13348MB free, 20473MB total	3:1225	35	13348
11:14:01 07/14/2009	good	Group0.6	SNMP: 127.0.0.1 system.sysUpTime	MMM = 808.73 K	24:187	ok	808.73
11:14:19 07/14/2009	good	Group0.7	aaaa	5% avg, cpu1 4%, cpu2 5%	1:232	5	4	5
11:15:28 07/14/2009	good	Group0.6	memory	15% used, 4158MB free, 5.38 pages/sec	2:1232	15	4158	5.3899503
11:15:29 07/14/2009	good	Group0.6	aaa	Pages/sec: = 5.38/sec, Page Faults/sec: = 399.39/sec, Page Reads/sec: = 0.10/sec...	25:79	5.38	589.258	5	287910	399.39	6.036	10	4874737	0.10	19.318	0	60648	0.30	519.999	0	4008	0
11:16:08 07/14/2009	good	Group0.6	cpu	4% avg, cpu1 4%, cpu2 4%	1:1217	4	4	4
11:22:57 07/14/2009	good	Group0.5	network	583 bytes in/sec., 292 bytes out/sec., 0.00 packet errors/sec., 29 current connections.	2:1212	583.2174	292.99954	0.0	29
11:23:32 07/14/2009	good	Group0.6	disk_c	35% full, 13348MB free, 20473MB total	3:1226	35	13348
11:24:01 07/14/2009	good	Group0.6	SNMP: 127.0.0.1 system.sysUpTime	MMM = 868.73 K	24:188	ok	868.73
11:24:19 07/14/2009	good	Group0.7	aaaa	5% avg, cpu1 4%, cpu2 5%	1:233	5	4	5
11:25:28 07/14/2009	good	Group0.6	memory	15% used, 4165MB free, 0.07 pages/sec	2:1233	15	4165	0.07666771
11:25:29 07/14/2009	good	Group0.6	aaa	Pages/sec: = 0.07/sec, Page Faults/sec: = 422.85/sec, Page Reads/sec: = 0.04/sec...	25:80	0.07	95.828	0	287956	422.85	1.175	10	5128448	0.04	51.388	0	60676	0.00	100.000	0	4008	0
11:26:08 07/14/2009	good	Group0.6	cpu	5% avg, cpu1 5%, cpu2 6%	1:1218	5	5	6
11:32:57 07/14/2009	good	Group0.5	network	448 bytes in/sec., 290 bytes out/sec., 0.00 packet errors/sec., 29 current connections.	2:1213	448.43463	290.97607	0.0	29
11:33:32 07/14/2009	good	Group0.6	disk_c	35% full, 13348MB free, 20473MB total	3:1227	35	13348
11:34:01 07/14/2009	good	Group0.6	SNMP: 127.0.0.1 system.sysUpTime	MMM = 928.73 K	24:189	ok	928.73
11:34:19 07/14/2009	good	Group0.7	aaaa	7% avg, cpu1 7%, cpu2 7%	1:234	7	7	7
11:35:28 07/14/2009	good	Group0.6	memory	16% used, 4111MB free, 9.46 pages/sec	2:1234	16	4111	9.468268
11:35:29 07/14/2009	good	Group0.6	aaa	Pages/sec: = 9.46/sec, Page Faults/sec: = 763.29/sec, Page Reads/sec: = 2.18/sec...	25:81	9.46	485.184	9	293637	763.29	83.458	10	5586430	2.18	2325.914	2	61986	0.02	82.857	0	4026	0
11:36:08 07/14/2009	good	Group0.6	cpu	10% avg, cpu1 10%, cpu2 10%	1:1219	10	10	10
11:42:57 07/14/2009	good	Group0.5	network	1K in/sec., 526 bytes out/sec., 0.00 packet errors/sec., 33 current connections.	2:1214	1329.3136	526.9017	0.0	33
11:43:32 07/14/2009	good	Group0.6	disk_c	35% full, 13348MB free, 20473MB total	3:1228	35	13348
11:44:01 07/14/2009	good	Group0.6	SNMP: 127.0.0.1 system.sysUpTime	MMM = 988.73 K	24:190	ok	988.73
11:44:19 07/14/2009	good	Group0.7	aaaa	13% avg, cpu1 12%, cpu2 14%	1:235	13	12	14
11:45:28 07/14/2009	good	Group0.6	memory	16% used, 4122MB free, 0.69 pages/sec	2:1235	16	4122	0.69330144
11:45:29 07/14/2009	good	Group0.6	aaa	Pages/sec: = 0.69/sec, Page Faults/sec: = 907.65/sec, Page Reads/sec: = 0.34/sec...	25:82	0.69	80.192	1	294053	907.65	86.273	10	6131070	0.34	33.339	0	62194	0.00	100.000	0	4026	0
11:46:08 07/14/2009	good	Group0.6	cpu	11% avg, cpu1 10%, cpu2 12%	1:1220	11	10	12
11:52:57 07/14/2009	good	Group0.5	network	574 bytes in/sec., 334 bytes out/sec., 0.00 packet errors/sec., 31 current connections.	2:1215	574.12524	334.25415	0.0	31
11:53:32 07/14/2009	good	Group0.6	disk_c	35% full, 13347MB free, 20473MB total	3:1229	35	13347
11:54:01 07/14/2009	good	Group0.6	SNMP: 127.0.0.1 system.sysUpTime	MMM = 1048.73 K	24:191	ok	1048.73
11:54:19 07/14/2009	good	Group0.7	aaaa	15% avg, cpu1 14%, cpu2 16%	1:236	15	14	16
11:55:28 07/14/2009	good	Group0.6	memory	17% used, 4102MB free, 0.40 pages/sec	2:1236	17	4102	0.40335187
11:55:29 07/14/2009	good	Group0.6	aaa	Pages/sec: = 0.40/sec, Page Faults/sec: = 1044.85/sec, Page Reads/sec: = 0.13/sec...	25:83	0.40	88.737	0	294296	1044.85	78.805	10	6757966	0.13	76.066	0	62277	0.00	100.000	0	4026	0
11:56:08 07/14/2009	good	Group0.6	cpu	15% avg, cpu1 14%, cpu2 16%	1:1221	15	14	16
12:02:57 07/14/2009	good	Group0.5	network	349 bytes in/sec., 299 bytes out/sec., 0.00 packet errors/sec., 25 current connections.	2:1216	349.7217	299.62897	0.0	25
12:03:32 07/14/2009	good	Group0.6	disk_c	35% full, 13347MB free, 20473MB total	3:1230	35	13347
12:04:01 07/14/2009	good	Group0.6	SNMP: 127.0.0.1 system.sysUpTime	MMM = 1108.73 K	24:192	ok	1108.73
12:04:19 07/14/2009	good	Group0.7	aaaa	7% avg, cpu1 7%, cpu2 8%	1:237	7	7	8
12:05:28 07/14/2009	good	Group0.6	memory	17% used, 4102MB free, 7.42 pages/sec	2:1237	17	4102	7.4283447
12:05:29 07/14/2009	good	Group0.6	aaa	Pages/sec: = 7.42/sec, Page Faults/sec: = 615.33/sec, Page Reads/sec: = 1.72/sec...	25:84	7.42	132.095	7	298752	615.33	13.039	10	7127150	1.72	209.454	2	63313	0.03	81.249	0	4044	0
12:06:08 07/14/2009	good	Group0.6	cpu	5% avg, cpu1 5%, cpu2 5%	1:1222	5	5	5
12:12:57 07/14/2009	good	Group0.5	network	648 bytes in/sec., 274 bytes out/sec., 0.00 packet errors/sec., 25 current connections.	2:1217	648.1224	274.45526	0.0	25
12:13:32 07/14/2009	good	Group0.6	disk_c	35% full, 13347MB free, 20473MB total	3:1231	35	13347
12:14:01 07/14/2009	good	Group0.6	SNMP: 127.0.0.1 system.sysUpTime	MMM = 1168.74 K	24:193	ok	1168.74
12:14:19 07/14/2009	good	Group0.7	aaaa	13% avg, cpu1 5%, cpu2 22%	1:238	13	5	22
12:15:28 07/14/2009	good	Group0.6	memory	17% used, 4078MB free, 1.22 pages/sec	2:1238	17	4078	1.2233217
12:15:29 07/14/2009	good	Group0.6	aaa	Pages/sec: = 1.22/sec, Page Faults/sec: = 225.61/sec, Page Reads/sec: = 0.22/sec...	25:85	1.22	66.094	1	299486	225.61	69.949	10	7262520	0.22	74.300	0	63449	0.00	100.000	0	4044	0
12:16:08 07/14/2009	good	Group0.6	cpu	16% avg, cpu1 5%, cpu2 27%	1:1223	16	5	27
12:22:57 07/14/2009	good	Group0.5	network	424 bytes in/sec., 330 bytes out/sec., 0.00 packet errors/sec., 25 current connections.	2:1218	424.86087	330.2412	0.0	25
12:23:32 07/14/2009	good	Group0.6	disk_c	35% full, 13346MB free, 20473MB total	3:1232	35	13346
12:24:01 07/14/2009	good	Group0.6	SNMP: 127.0.0.1 system.sysUpTime	MMM = 1228.73 K	24:194	ok	1228.73
12:24:19 07/14/2009	good	Group0.7	aaaa	20% avg, cpu1 6%, cpu2 35%	1:239	20	6	35
12:25:28 07/14/2009	good	Group0.6	memory	17% used, 4078MB free, 0.05 pages/sec	2:1239	17	4078	0.05666739
12:25:29 07/14/2009	good	Group0.6	aaa	Pages/sec: = 0.05/sec, Page Faults/sec: = 123.93/sec, Page Reads/sec: = 0.02/sec...	25:86	0.05	98.523	0	299520	123.93	82.577	10	7336879	0.02	96.913	0	63466	0.00	100.000	0	4044	0
12:26:08 07/14/2009	good	Group0.6	cpu	20% avg, cpu1 6%, cpu2 35%	1:1224	20	6	35
12:32:57 07/14/2009	good	Group0.5	network	331 bytes in/sec., 292 bytes out/sec., 0.00 packet errors/sec., 25 current connections.	2:1219	331.0153	292.99954	0.0	25
12:33:32 07/14/2009	good	Group0.6	disk_c	35% full, 13346MB free, 20473MB total	3:1233	35	13346
12:34:01 07/14/2009	good	Group0.6	SNMP: 127.0.0.1 system.sysUpTime	MMM = 1288.73 K	24:195	ok	1288.73
12:34:19 07/14/2009	good	Group0.7	aaaa	10% avg, cpu1 4%, cpu2 17%	1:240	10	4	17
12:35:28 07/14/2009	good	Group0.6	memory	17% used, 4105MB free, 0.38 pages/sec	2:1240	17	4105	0.38499525
12:35:29 07/14/2009	good	Group0.6	aaa	Pages/sec: = 0.38/sec, Page Faults/sec: = 246.56/sec, Page Reads/sec: = 0.02/sec...	25:87	0.38	80.317	0	299751	246.56	57.742	10	7484818	0.02	94.170	0	63483	0.01	33.333	0	4056	0
12:36:08 07/14/2009	good	Group0.6	cpu	7% avg, cpu1 3%, cpu2 11%	1:1225	7	3	11
12:42:57 07/14/2009	good	Group0.5	network	274 bytes in/sec., 274 bytes out/sec., 0.00 packet errors/sec., 25 current connections.	2:1220	274.45526	274.45526	0.0	25
12:43:32 07/14/2009	good	Group0.6	disk_c	35% full, 13346MB free, 20473MB total	3:1234	35	13346
12:44:01 07/14/2009	good	Group0.6	SNMP: 127.0.0.1 system.sysUpTime	MMM = 1348.73 K	24:196	ok	1348.73
12:44:19 07/14/2009	good	Group0.7	aaaa	3% avg, cpu1 3%, cpu2 3%	1:241	3	3	3
12:45:28 07/14/2009	good	Group0.6	memory	17% used, 4096MB free, 0.62 pages/sec	2:1241	17	4096	0.6266669
12:45:29 07/14/2009	good	Group0.6	aaa	Pages/sec: = 0.62/sec, Page Faults/sec: = 298.31/sec, Page Reads/sec: = 0.10/sec...	25:88	0.62	66.913	1	300127	298.31	33.892	10	7663808	0.10	74.723	0	63547	0.00	100.000	0	4056	0
12:46:08 07/14/2009	good	Group0.6	cpu	3% avg, cpu1 3%, cpu2 3%	1:1226	3	3	3
12:52:57 07/14/2009	good	Group0.5	network	419 bytes in/sec., 337 bytes out/sec., 0.00 packet errors/sec., 34 current connections.	2:1221	419.88953	337.01657	0.0	34
12:53:32 07/14/2009	good	Group0.6	disk_c	35% full, 13342MB free, 20473MB total	3:1235	35	13342
12:54:01 07/14/2009	good	Group0.6	SNMP: 127.0.0.1 system.sysUpTime	MMM = 1408.74 K	24:197	ok	1408.74
12:54:19 07/14/2009	good	Group0.7	aaaa	12% avg, cpu1 10%, cpu2 14%	1:242	12	10	14
12:55:28 07/14/2009	good	Group0.6	memory	19% used, 3997MB free, 15.52 pages/sec	2:1242	19	3997	15.521248
12:55:29 07/14/2009	good	Group0.6	aaa	Pages/sec: = 15.52/sec, Page Faults/sec: = 919.25/sec, Page Reads/sec: = 2.45/sec...	25:89	15.52	700.989	10	309441	919.25	204.442	10	8215368	2.45	489.737	2	65019	0.05	191.663	0	4091	0
12:56:08 07/14/2009	good	Group0.6	cpu	14% avg, cpu1 11%, cpu2 17%	1:1227	14	11	17
13:02:57 07/14/2009	good	Group0.5	network	1005 bytes in/sec., 363 bytes out/sec., 0.00 packet errors/sec., 99 current connections.	2:1222	1005.9442	363.0544	0.0	99
13:03:32 07/14/2009	good	Group0.6	disk_c	35% full, 13341MB free, 20473MB total	3:1236	35	13341
13:04:01 07/14/2009	good	Group0.6	SNMP: 127.0.0.1 system.sysUpTime	MMM = 1468.74 K	24:198	ok	1468.74
13:04:19 07/14/2009	good	Group0.7	aaaa	12% avg, cpu1 9%, cpu2 16%	1:243	12	9	16
13:05:28 07/14/2009	good	Group0.6	memory	19% used, 3983MB free, 4.80 pages/sec	2:1243	19	3983	4.803417
13:05:29 07/14/2009	good	Group0.6	aaa	Pages/sec: = 4.80/sec, Page Faults/sec: = 705.30/sec, Page Reads/sec: = 0.32/sec...	25:90	4.80	35.000	5	312323	705.30	94.441	10	8638550	0.32	42.764	0	65212	0.22	666.663	0	4229	0
13:06:08 07/14/2009	good	Group0.6	cpu	13% avg, cpu1 9%, cpu2 17%	1:1228	13	9	17
13:12:57 07/14/2009	good	Group0.5	network	397 bytes in/sec., 347 bytes out/sec., 0.00 packet errors/sec., 28 current connections.	2:1223	397.03156	347.86642	0.0	28
13:13:32 07/14/2009	good	Group0.6	disk_c	35% full, 13341MB free, 20473MB total	3:1237	35	13341
13:14:01 07/14/2009	good	Group0.6	SNMP: 127.0.0.1 system.sysUpTime	MMM = 1528.73 K	24:199	ok	1528.73
13:14:19 07/14/2009	good	Group0.7	aaaa	8% avg, cpu1 7%, cpu2 9%	1:244	8	7	9
13:15:28 07/14/2009	good	Group0.6	memory	17% used, 4099MB free, 0.90 pages/sec	2:1244	17	4099	0.9050114
13:15:29 07/14/2009	good	Group0.6	aaa	Pages/sec: = 0.90/sec, Page Faults/sec: = 502.86/sec, Page Reads/sec: = 0.17/sec...	25:91	0.90	78.864	1	312865	502.86	9.635	10	8940265	0.17	69.358	0	65319	0.00	94.642	0	4232	0
13:16:08 07/14/2009	good	Group0.6	cpu	6% avg, cpu1 5%, cpu2 6%	1:1229	6	5	6
13:22:57 07/14/2009	good	Group0.5	network	329 bytes in/sec., 290 bytes out/sec., 0.00 packet errors/sec., 25 current connections.	2:1224	329.65012	290.97607	0.0	25
13:23:32 07/14/2009	good	Group0.6	disk_c	35% full, 13341MB free, 20473MB total	3:1238	35	13341
13:24:01 07/14/2009	good	Group0.6	SNMP: 127.0.0.1 system.sysUpTime	MMM = 1588.74 K	24:200	ok	1588.74
13:24:19 07/14/2009	good	Group0.7	aaaa	6% avg, cpu1 6%, cpu2 7%	1:245	6	6	7
13:25:28 07/14/2009	good	Group0.6	memory	17% used, 4096MB free, 3.22 pages/sec	2:1245	17	4096	3.2298887
13:25:29 07/14/2009	good	Group0.6	aaa	Pages/sec: = 3.38/sec, Page Faults/sec: = 1047.92/sec, Page Reads/sec: = 0.18/sec...	25:92	3.38	23.720	3	314899	1047.92	96.072	10	9569042	0.18	69.500	0	65431	0.18	103.563	0	4346	0
13:26:08 07/14/2009	good	Group0.6	cpu	8% avg, cpu1 8%, cpu2 9%	1:1230	8	8	9
13:32:57 07/14/2009	good	Group0.5	network	369 bytes in/sec., 348 bytes out/sec., 0.00 packet errors/sec., 28 current connections.	2:1225	369.20224	348.33026	0.0	28
13:33:32 07/14/2009	good	Group0.6	disk_c	35% full, 13340MB free, 20473MB total	3:1239	35	13340
13:34:01 07/14/2009	good	Group0.6	SNMP: 127.0.0.1 system.sysUpTime	MMM = 1648.73 K	24:201	ok	1648.73
13:34:19 07/14/2009	good	Group0.7	aaaa	7% avg, cpu1 6%, cpu2 8%	1:246	7	6	8
13:35:28 07/14/2009	good	Group0.6	memory	17% used, 4090MB free, 10.28 pages/sec	2:1246	17	4090	10.282046
13:35:29 07/14/2009	good	Group0.6	aaa	Pages/sec: = 10.12/sec, Page Faults/sec: = 620.57/sec, Page Reads/sec: = 0.15/sec...	25:93	10.12	100.676	10	320972	620.57	10.673	10	9941371	0.15	76.707	0	65521	0.59	297.794	1	4704	0
13:36:08 07/14/2009	good	Group0.6	cpu	6% avg, cpu1 5%, cpu2 7%	1:1231	6	5	7
13:42:57 07/14/2009	good	Group0.5	network	448 bytes in/sec., 456 bytes out/sec., 0.00 packet errors/sec., 29 current connections.	2:1226	448.43463	456.26154	0.0	29
13:43:32 07/14/2009	good	Group0.6	disk_c	35% full, 13340MB free, 20473MB total	3:1240	35	13340
13:44:01 07/14/2009	good	Group0.6	SNMP: 127.0.0.1 system.sysUpTime	MMM = 1708.73 K	24:202	ok	1708.73
13:44:19 07/14/2009	good	Group0.7	aaaa	7% avg, cpu1 6%, cpu2 8%	1:247	7	6	8
13:45:28 07/14/2009	good	Group0.6	memory	17% used, 4087MB free, 14.08 pages/sec	2:1247	17	4087	14.08592
13:45:29 07/14/2009	good	Group0.6	aaa	Pages/sec: = 14.08/sec, Page Faults/sec: = 763.29/sec, Page Reads/sec: = 0.40/sec...	25:94	14.08	102.860	10	329424	763.29	0.542	10	10399351	0.40	38.328	0	65763	0.76	194.871	1	5164	0
13:46:08 07/14/2009	good	Group0.6	cpu	7% avg, cpu1 6%, cpu2 8%	1:1232	7	6	8
13:52:57 07/14/2009	good	Group0.5	network	407 bytes in/sec., 366 bytes out/sec., 0.00 packet errors/sec., 28 current connections.	2:1227	407.23563	366.88315	0.0	28
13:53:32 07/14/2009	good	Group0.6	disk_c	35% full, 13340MB free, 20473MB total	3:1241	35	13340
13:54:01 07/14/2009	good	Group0.6	SNMP: 127.0.0.1 system.sysUpTime	MMM = 1768.73 K	24:203	ok	1768.73
13:54:19 07/14/2009	good	Group0.7	aaaa	4% avg, cpu1 4%, cpu2 5%	1:248	4	4	5
13:55:28 07/14/2009	good	Group0.6	memory	17% used, 4089MB free, 0.41 pages/sec	2:1248	17	4089	0.41502315
13:55:29 07/14/2009	good	Group0.6	aaa	Pages/sec: = 0.41/sec, Page Faults/sec: = 343.68/sec, Page Reads/sec: = 0.04/sec...	25:95	0.41	93.764	0	329673	343.68	52.789	10	10605559	0.04	83.606	0	65787	0.02	95.428	0	5176	0
13:56:08 07/14/2009	good	Group0.6	cpu	4% avg, cpu1 4%, cpu2 4%	1:1233	4	4	4
14:02:57 07/14/2009	good	Group0.5	network	409 bytes in/sec., 345 bytes out/sec., 0.00 packet errors/sec., 28 current connections.	2:1228	409.7606	345.76428	0.0	28
14:03:32 07/14/2009	good	Group0.6	disk_c	35% full, 13340MB free, 20473MB total	3:1242	35	13340
14:04:01 07/14/2009	good	Group0.6	SNMP: 127.0.0.1 system.sysUpTime	MMM = 1828.73 K	24:204	ok	1828.73
14:04:19 07/14/2009	good	Group0.7	aaaa	9% avg, cpu1 12%, cpu2 7%	1:249	9	12	7
14:05:28 07/14/2009	good	Group0.6	memory	18% used, 4020MB free, 62.77 pages/sec	2:1249	18	4020	62.7751
14:05:29 07/14/2009	good	Group0.6	aaa	Pages/sec: = 62.77/sec, Page Faults/sec: = 657.35/sec, Page Reads/sec: = 6.43/sec...	25:96	62.77	986.436	10	367338	657.35	0.257	10	10999975	6.43	3325.494	6	69651	1.01	162.362	1	5786	0
14:06:08 07/14/2009	good	Group0.6	cpu	10% avg, cpu1 12%, cpu2 7%	1:1234	10	12	7
14:12:57 07/14/2009	good	Group0.5	network	428 bytes in/sec., 373 bytes out/sec., 0.00 packet errors/sec., 28 current connections.	2:1229	428.37274	373.6671	0.0	28
14:13:32 07/14/2009	good	Group0.6	disk_c	35% full, 13340MB free, 20473MB total	3:1243	35	13340
14:14:01 07/14/2009	good	Group0.6	SNMP: 127.0.0.1 system.sysUpTime	MMM = 1888.73 K	24:205	ok	1888.73
14:14:19 07/14/2009	good	Group0.7	aaaa	10% avg, cpu1 13%, cpu2 7%	1:250	10	13	7
14:15:28 07/14/2009	good	Group0.6	memory	18% used, 4024MB free, 2.68 pages/sec	2:1250	18	4024	2.6849697
14:15:29 07/14/2009	good	Group0.6	aaa	Pages/sec: = 2.68/sec, Page Faults/sec: = 503.31/sec, Page Reads/sec: = 0.43/sec...	25:97	2.68	85.208	3	368949	503.31	26.691	10	11301962	0.43	69.907	0	69911	0.00	100.000	0	5786	0
14:16:08 07/14/2009	good	Group0.6	cpu	13% avg, cpu1 18%, cpu2 8%	1:1235	13	18	8
14:22:57 07/14/2009	good	Group0.5	network	523 bytes in/sec., 426 bytes out/sec., 0.00 packet errors/sec., 29 current connections.	2:1230	523.9411	426.33517	0.0	29
14:23:32 07/14/2009	good	Group0.6	disk_c	35% full, 13340MB free, 20473MB total	3:1244	35	13340
14:24:01 07/14/2009	good	Group0.6	SNMP: 127.0.0.1 system.sysUpTime	MMM = 1948.73 K	24:206	ok	1948.73
14:24:19 07/14/2009	good	Group0.7	aaaa	12% avg, cpu1 15%, cpu2 10%	1:251	12	15	10
14:25:28 07/14/2009	good	Group0.6	memory	18% used, 4020MB free, 4.96 pages/sec	2:1251	18	4020	4.966676
14:25:29 07/14/2009	good	Group0.6	aaa	Pages/sec: = 4.96/sec, Page Faults/sec: = 719.19/sec, Page Reads/sec: = 0.70/sec...	25:98	4.96	72.425	5	371929	719.19	24.505	10	11733481	0.70	52.460	1	70336	0.01	96.638	0	5798	0
14:26:08 07/14/2009	good	Group0.6	cpu	10% avg, cpu1 10%, cpu2 11%	1:1236	10	10	11
14:32:57 07/14/2009	good	Group0.5	network	663 bytes in/sec., 488 bytes out/sec., 0.00 packet errors/sec., 35 current connections.	2:1231	663.90424	488.02948	0.0	35
14:33:32 07/14/2009	good	Group0.6	disk_c	35% full, 13340MB free, 20473MB total	3:1245	35	13340
14:34:01 07/14/2009	good	Group0.6	SNMP: 127.0.0.1 system.sysUpTime	MMM = 2008.73 K	24:207	ok	2008.73
14:34:19 07/14/2009	good	Group0.7	aaaa	10% avg, cpu1 9%, cpu2 10%	1:252	10	9	10
14:35:28 07/14/2009	good	Group0.6	memory	18% used, 4030MB free, 1.80 pages/sec	2:1252	18	4030	1.8033496
14:35:29 07/14/2009	good	Group0.6	aaa	Pages/sec: = 1.80/sec, Page Faults/sec: = 706.29/sec, Page Reads/sec: = 0.29/sec...	25:99	1.80	89.379	2	373011	706.29	18.235	10	12157259	0.29	81.458	0	70514	0.00	100.000	0	5798	0
14:36:08 07/14/2009	good	Group0.6	cpu	8% avg, cpu1 8%, cpu2 9%	1:1237	8	8	9
14:42:57 07/14/2009	good	Group0.5	network	643 bytes in/sec., 502 bytes out/sec., 0.00 packet errors/sec., 31 current connections.	2:1232	643.6464	502.76245	0.0	31
14:43:32 07/14/2009	good	Group0.6	disk_c	35% full, 13340MB free, 20473MB total	3:1246	35	13340
14:44:01 07/14/2009	good	Group0.6	SNMP: 127.0.0.1 system.sysUpTime	MMM = 2068.74 K	24:208	ok	2068.74
14:44:19 07/14/2009	good	Group0.7	aaaa	6% avg, cpu1 6%, cpu2 6%	1:253	6	6	6
14:45:28 07/14/2009	good	Group0.6	memory	18% used, 4018MB free, 6.01 pages/sec	2:1253	18	4018	6.013175
14:45:29 07/14/2009	good	Group0.6	aaa	Pages/sec: = 6.01/sec, Page Faults/sec: = 615.97/sec, Page Reads/sec: = 0.21/sec...	25:100	6.01	58.597	6	376619	615.97	5.121	10	12526848	0.21	86.586	0	70641	0.31	8.173	0	5989	0
14:46:08 07/14/2009	good	Group0.6	cpu	7% avg, cpu1 7%, cpu2 6%	1:1238	7	7	6
14:52:57 07/14/2009	good	Group0.5	network	595 bytes in/sec., 368 bytes out/sec., 0.00 packet errors/sec., 26 current connections.	2:1233	595.7643	368.32413	0.0	26
14:53:32 07/14/2009	good	Group0.6	disk_c	35% full, 13339MB free, 20473MB total	3:1247	35	13339
14:54:01 07/14/2009	good	Group0.6	SNMP: 127.0.0.1 system.sysUpTime	MMM = 2128.73 K	24:209	ok	2128.73
14:54:19 07/14/2009	good	Group0.7	aaaa	11% avg, cpu1 11%, cpu2 10%	1:254	11	11	10
14:55:28 07/14/2009	good	Group0.6	memory	18% used, 4024MB free, 5.45 pages/sec	2:1254	18	4024	5.455065
14:55:29 07/14/2009	good	Group0.6	aaa	Pages/sec: = 5.45/sec, Page Faults/sec: = 811.48/sec, Page Reads/sec: = 0.10/sec...	25:101	5.45	65.130	5	379892	811.48	26.710	10	13013744	0.10	93.176	0	70707	0.31	27.820	0	6181	0
14:56:08 07/14/2009	good	Group0.6	cpu	10% avg, cpu1 10%, cpu2 10%	1:1239	10	10	10
15:02:57 07/14/2009	good	Group0.5	network	768 bytes in/sec., 524 bytes out/sec., 0.00 packet errors/sec., 31 current connections.	2:1234	768.7386	524.68005	0.0	31
15:03:32 07/14/2009	good	Group0.6	disk_c	35% full, 13339MB free, 20473MB total	3:1248	35	13339
15:04:01 07/14/2009	good	Group0.6	SNMP: 127.0.0.1 system.sysUpTime	MMM = 2188.73 K	24:210	ok	2188.73
15:04:19 07/14/2009	good	Group0.7	aaaa	5% avg, cpu1 4%, cpu2 5%	1:255	5	4	5
15:05:28 07/14/2009	good	Group0.6	memory	18% used, 4017MB free, 0.98 pages/sec	2:1255	18	4017	0.98166555
15:05:29 07/14/2009	good	Group0.6	aaa	Pages/sec: = 0.98/sec, Page Faults/sec: = 396.77/sec, Page Reads/sec: = 0.07/sec...	25:102	0.98	76.514	1	380481	396.77	40.890	10	13251804	0.07	79.768	0	70749	0.04	77.777	0	6209	0
15:06:08 07/14/2009	good	Group0.6	cpu	5% avg, cpu1 5%, cpu2 5%	1:1240	5	5	5
15:12:57 07/14/2009	good	Group0.5	network	520 bytes in/sec., 296 bytes out/sec., 0.00 packet errors/sec., 26 current connections.	2:1235	520.2579	296.50092	0.0	26
15:13:32 07/14/2009	good	Group0.6	disk_c	35% full, 13339MB free, 20473MB total	3:1249	35	13339
15:14:01 07/14/2009	good	Group0.6	SNMP: 127.0.0.1 system.sysUpTime	MMM = 2248.73 K	24:211	ok	2248.73
15:14:19 07/14/2009	good	Group0.7	aaaa	8% avg, cpu1 9%, cpu2 8%	1:256	8	9	8
15:15:28 07/14/2009	good	Group0.6	memory	18% used, 4007MB free, 3.23 pages/sec	2:1256	18	4007	3.2300322
15:15:29 07/14/2009	good	Group0.6	aaa	Pages/sec: = 3.23/sec, Page Faults/sec: = 654.99/sec, Page Reads/sec: = 1.76/sec...	25:103	3.23	15.885	3	382419	654.99	0.778	10	13644801	1.76	544.163	2	71808	0.00	100.000	0	6209	0
15:16:08 07/14/2009	good	Group0.6	cpu	10% avg, cpu1 10%, cpu2 9%	1:1241	10	10	9
15:22:57 07/14/2009	good	Group0.5	network	624 bytes in/sec., 290 bytes out/sec., 0.00 packet errors/sec., 26 current connections.	2:1236	624.3094	290.97607	0.0	26
15:23:32 07/14/2009	good	Group0.6	disk_c	35% full, 13339MB free, 20473MB total	3:1250	35	13339
15:24:01 07/14/2009	good	Group0.6	SNMP: 127.0.0.1 system.sysUpTime	MMM = 2308.73 K	24:212	ok	2308.73
15:24:19 07/14/2009	good	Group0.7	aaaa	14% avg, cpu1 14%, cpu2 14%	1:257	14	14	14
15:25:28 07/14/2009	good	Group0.6	memory	19% used, 3986MB free, 1.43 pages/sec	2:1257	19	3986	1.439983
15:25:29 07/14/2009	good	Group0.6	aaa	Pages/sec: = 1.43/sec, Page Faults/sec: = 1036.36/sec, Page Reads/sec: = 0.41/sec...	25:104	1.43	58.786	1	383283	1036.36	62.669	10	14266624	0.41	13.923	0	72059	0.02	86.363	0	6227	0
15:26:08 07/14/2009	good	Group0.6	cpu	14% avg, cpu1 14%, cpu2 14%	1:1242	14	14	14
15:32:57 07/14/2009	good	Group0.5	network	412 bytes in/sec., 290 bytes out/sec., 0.00 packet errors/sec., 26 current connections.	2:1237	412.52304	290.97607	0.0	26
15:33:32 07/14/2009	good	Group0.6	disk_c	35% full, 13338MB free, 20473MB total	3:1251	35	13338
15:34:01 07/14/2009	good	Group0.6	SNMP: 127.0.0.1 system.sysUpTime	MMM = 2368.73 K	24:213	ok	2368.73
15:34:19 07/14/2009	good	Group0.7	aaaa	7% avg, cpu1 7%, cpu2 7%	1:258	7	7	7
15:35:28 07/14/2009	good	Group0.6	memory	18% used, 4024MB free, 0.25 pages/sec	2:1258	18	4024	0.2516685
15:35:29 07/14/2009	good	Group0.6	aaa	Pages/sec: = 0.25/sec, Page Faults/sec: = 467.79/sec, Page Reads/sec: = 0.17/sec...	25:105	0.25	92.641	0	383434	467.79	33.467	10	14547304	0.17	64.706	0	72167	0.00	100.000	0	6227	0
15:36:08 07/14/2009	good	Group0.6	cpu	5% avg, cpu1 5%, cpu2 5%	1:1243	5	5	5
15:42:57 07/14/2009	good	Group0.5	network	425 bytes in/sec., 288 bytes out/sec., 0.00 packet errors/sec., 34 current connections.	2:1238	425.95978	288.84827	0.0	34
15:43:32 07/14/2009	good	Group0.6	disk_c	35% full, 13337MB free, 20473MB total	3:1252	35	13337
15:44:01 07/14/2009	good	Group0.6	SNMP: 127.0.0.1 system.sysUpTime	MMM = 2428.73 K	24:214	ok	2428.73
15:44:19 07/14/2009	good	Group0.7	aaaa	6% avg, cpu1 6%, cpu2 6%	1:259	6	6	6
15:45:28 07/14/2009	good	Group0.6	memory	18% used, 4025MB free, 0.26 pages/sec	2:1259	18	4025	0.2683308
15:45:29 07/14/2009	good	Group0.6	aaa	Pages/sec: = 0.26/sec, Page Faults/sec: = 504.98/sec, Page Reads/sec: = 0.08/sec...	25:106	0.26	88.168	0	383595	504.98	25.018	10	14850294	0.08	83.399	0	72217	0.00	100.000	0	6227	0
15:46:08 07/14/2009	good	Group0.6	cpu	6% avg, cpu1 6%, cpu2 6%	1:1244	6	6	6
15:52:57 07/14/2009	good	Group0.5	network	445 bytes in/sec., 392 bytes out/sec., 0.00 packet errors/sec., 31 current connections.	2:1239	445.26904	392.39334	0.0	31
15:53:32 07/14/2009	good	Group0.6	disk_c	35% full, 13337MB free, 20473MB total	3:1253	35	13337
15:54:01 07/14/2009	good	Group0.6	SNMP: 127.0.0.1 system.sysUpTime	MMM = 2488.73 K	24:215	ok	2488.73
15:54:19 07/14/2009	good	Group0.7	aaaa	8% avg, cpu1 8%, cpu2 8%	1:260	8	8	8
15:55:28 07/14/2009	good	Group0.6	memory	19% used, 3998MB free, 0.23 pages/sec	2:1260	19	3998	0.23000023
15:55:29 07/14/2009	good	Group0.6	aaa	Pages/sec: = 0.22/sec, Page Faults/sec: = 619.98/sec, Page Reads/sec: = 0.11/sec...	25:107	0.22	81.300	0	383733	619.98	1.276	10	15222289	0.11	76.907	0	72286	0.00	100.000	0	6227	0
15:56:08 07/14/2009	good	Group0.6	cpu	9% avg, cpu1 8%, cpu2 9%	1:1245	9	8	9
16:02:57 07/14/2009	good	Group0.5	network	432 bytes in/sec., 338 bytes out/sec., 0.00 packet errors/sec., 38 current connections.	2:1240	432.78085	338.85822	0.0	38
16:03:32 07/14/2009	good	Group0.6	disk_c	35% full, 13337MB free, 20473MB total	3:1254	35	13337
16:04:01 07/14/2009	good	Group0.6	SNMP: 127.0.0.1 system.sysUpTime	MMM = 2548.73 K	24:216	ok	2548.73
16:04:19 07/14/2009	good	Group0.7	aaaa	9% avg, cpu1 9%, cpu2 9%	1:261	9	9	9
16:05:28 07/14/2009	good	Group0.6	memory	18% used, 4014MB free, 0.86 pages/sec	2:1261	18	4014	0.86665165
16:05:29 07/14/2009	good	Group0.6	aaa	Pages/sec: = 0.86/sec, Page Faults/sec: = 599.95/sec, Page Reads/sec: = 0.73/sec...	25:108	0.86	19.449	1	384254	599.95	8.657	10	15582263	0.73	44.269	1	72724	0.00	100.000	0	6227	0
16:06:08 07/14/2009	good	Group0.6	cpu	9% avg, cpu1 9%, cpu2 9%	1:1246	9	9	9
16:12:57 07/14/2009	good	Group0.5	network	561 bytes in/sec., 426 bytes out/sec., 0.00 packet errors/sec., 34 current connections.	2:1241	561.69434	426.33517	0.0	34
16:13:32 07/14/2009	good	Group0.6	disk_c	35% full, 13337MB free, 20473MB total	3:1255	35	13337
16:14:01 07/14/2009	good	Group0.6	SNMP: 127.0.0.1 system.sysUpTime	MMM = 2608.73 K	24:217	ok	2608.73
16:14:19 07/14/2009	good	Group0.7	aaaa	8% avg, cpu1 8%, cpu2 8%	1:262	8	8	8
16:15:28 07/14/2009	good	Group0.6	memory	19% used, 3999MB free, 3.21 pages/sec	2:1262	19	3999	3.2167203
16:15:29 07/14/2009	good	Group0.6	aaa	Pages/sec: = 3.21/sec, Page Faults/sec: = 797.99/sec, Page Reads/sec: = 0.54/sec...	25:109	3.21	432.284	3	386183	797.99	23.564	10	16061061	0.54	82.777	1	73053	0.01	1.024E-4	0	6239	0
16:16:08 07/14/2009	good	Group0.6	cpu	9% avg, cpu1 9%, cpu2 9%	1:1247	9	9	9
16:22:57 07/14/2009	good	Group0.5	network	458 bytes in/sec., 425 bytes out/sec., 0.00 packet errors/sec., 31 current connections.	2:1242	458.56354	425.41437	0.0	31
16:23:32 07/14/2009	good	Group0.6	disk_c	35% full, 13337MB free, 20473MB total	3:1256	35	13337
16:24:01 07/14/2009	good	Group0.6	SNMP: 127.0.0.1 system.sysUpTime	MMM = 2668.74 K	24:218	ok	2668.74
16:24:19 07/14/2009	good	Group0.7	aaaa	12% avg, cpu1 13%, cpu2 11%	1:263	12	13	11
16:25:28 07/14/2009	good	Group0.6	memory	19% used, 3963MB free, 0.53 pages/sec	2:1263	19	3963	0.53666687
16:25:29 07/14/2009	good	Group0.6	aaa	Pages/sec: = 0.53/sec, Page Faults/sec: = 694.75/sec, Page Reads/sec: = 0.26/sec...	25:110	0.53	43.924	1	386506	694.75	16.152	10	16477917	0.26	17.178	0	73215	0.00	0.001	0	6245	0
16:26:08 07/14/2009	good	Group0.6	cpu	11% avg, cpu1 12%, cpu2 10%	1:1248	11	12	10
16:32:57 07/14/2009	good	Group0.5	network	1012 bytes in/sec., 447 bytes out/sec., 0.00 packet errors/sec., 30 current connections.	2:1243	1012.98706	447.12433	0.0	30
16:33:32 07/14/2009	good	Group0.6	disk_c	35% full, 13337MB free, 20473MB total	3:1257	35	13337
16:34:01 07/14/2009	good	Group0.6	SNMP: 127.0.0.1 system.sysUpTime	MMM = 2728.73 K	24:219	ok	2728.73
16:34:19 07/14/2009	good	Group0.7	aaaa	9% avg, cpu1 8%, cpu2 9%	1:264	9	8	9
16:35:28 07/14/2009	good	Group0.6	memory	19% used, 3966MB free, 1.86 pages/sec	2:1264	19	3966	1.8666706
16:35:29 07/14/2009	good	Group0.6	aaa	Pages/sec: = 1.86/sec, Page Faults/sec: = 720.11/sec, Page Reads/sec: = 0.26/sec...	25:111	1.86	83.563	2	387625	720.11	11.900	10	16909984	0.26	22.964	0	73374	0.01	4.936E-4	0	6251	0
16:36:08 07/14/2009	good	Group0.6	cpu	9% avg, cpu1 9%, cpu2 9%	1:1249	9	9	9
16:42:57 07/14/2009	good	Group0.5	network	497 bytes in/sec., 410 bytes out/sec., 0.00 packet errors/sec., 44 current connections.	2:1244	497.23758	410.68143	0.0	44
16:43:32 07/14/2009	good	Group0.6	disk_c	35% full, 13337MB free, 20473MB total	3:1258	35	13337
16:44:01 07/14/2009	good	Group0.6	SNMP: 127.0.0.1 system.sysUpTime	MMM = 2788.74 K	24:220	ok	2788.74
16:44:19 07/14/2009	good	Group0.7	aaaa	10% avg, cpu1 10%, cpu2 9%	1:265	10	10	9
16:45:28 07/14/2009	good	Group0.6	memory	18% used, 4039MB free, 1.33 pages/sec	2:1265	18	4039	1.3383243
16:45:29 07/14/2009	good	Group0.6	aaa	Pages/sec: = 1.33/sec, Page Faults/sec: = 656.26/sec, Page Reads/sec: = 0.23/sec...	25:112	1.33	0.174	1	388428	656.26	4.412	10	17303744	0.23	38.158	0	73515	0.04	399.998	0	6281	0
16:46:08 07/14/2009	good	Group0.6	cpu	10% avg, cpu1 9%, cpu2 10%	1:1250	10	9	10
16:52:57 07/14/2009	good	Group0.5	network	538 bytes in/sec., 274 bytes out/sec., 0.00 packet errors/sec., 25 current connections.	2:1245	538.03345	274.58258	0.0	25
16:53:32 07/14/2009	good	Group0.6	disk_c	35% full, 13337MB free, 20473MB total	3:1259	35	13337
16:54:01 07/14/2009	good	Group0.6	SNMP: 127.0.0.1 system.sysUpTime	MMM = 2848.73 K	24:221	ok	2848.73
16:54:19 07/14/2009	good	Group0.7	aaaa	6% avg, cpu1 5%, cpu2 7%	1:266	6	5	7
16:55:28 07/14/2009	good	Group0.6	memory	18% used, 4033MB free, 0.42 pages/sec	2:1266	18	4033	0.42167163
16:55:29 07/14/2009	good	Group0.6	aaa	Pages/sec: = 0.57/sec, Page Faults/sec: = 340.69/sec, Page Reads/sec: = 0.38/sec...	25:113	0.57	63.203	1	388772	340.69	50.895	10	17508176	0.38	4.710	0	73746	0.00	100.000	0	6281	0
16:56:08 07/14/2009	good	Group0.6	cpu	8% avg, cpu1 6%, cpu2 10%	1:1251	8	6	10
17:02:57 07/14/2009	good	Group0.5	network	385 bytes in/sec., 274 bytes out/sec., 0.00 packet errors/sec., 25 current connections.	2:1246	385.89984	274.58258	0.0	25
17:03:32 07/14/2009	good	Group0.6	disk_c	35% full, 13336MB free, 20473MB total	3:1260	35	13336
17:04:01 07/14/2009	good	Group0.6	SNMP: 127.0.0.1 system.sysUpTime	MMM = 2908.74 K	24:222	ok	2908.74
17:04:19 07/14/2009	good	Group0.7	aaaa	13% avg, cpu1 9%, cpu2 16%	1:267	13	9	16
17:05:28 07/14/2009	good	Group0.6	memory	18% used, 4025MB free, 0.52 pages/sec	2:1267	18	4025	0.5299924
17:05:30 07/14/2009	good	Group0.6	aaa	Pages/sec: = 0.37/sec, Page Faults/sec: = 393.76/sec, Page Reads/sec: = 0.16/sec...	25:114	0.37	74.780	0	388999	393.76	38.662	10	17744457	0.16	51.102	0	73844	0.00	100.000	0	6281	0
17:06:08 07/14/2009	good	Group0.6	cpu	11% avg, cpu1 8%, cpu2 14%	1:1252	11	8	14
17:12:57 07/14/2009	good	Group0.5	network	467 bytes in/sec., 343 bytes out/sec., 0.00 packet errors/sec., 25 current connections.	2:1247	467.5325	343.2282	0.0	25
17:13:32 07/14/2009	good	Group0.6	disk_c	35% full, 13337MB free, 20473MB total	3:1261	35	13337
17:14:01 07/14/2009	good	Group0.6	SNMP: 127.0.0.1 system.sysUpTime	MMM = 2968.73 K	24:223	ok	2968.73
17:14:19 07/14/2009	good	Group0.7	aaaa	7% avg, cpu1 5%, cpu2 8%	1:268	7	5	8
17:15:28 07/14/2009	good	Group0.6	memory	18% used, 4026MB free, 0.24 pages/sec	2:1268	18	4026	0.24332799
17:15:29 07/14/2009	good	Group0.6	aaa	Pages/sec: = 0.24/sec, Page Faults/sec: = 446.53/sec, Page Reads/sec: = 0.04/sec...	25:115	0.24	73.708	0	389146	446.53	20.419	10	18012342	0.04	82.555	0	73871	0.01	59.994	0	6287	0
17:16:08 07/14/2009	good	Group0.6	cpu	5% avg, cpu1 4%, cpu2 6%	1:1253	5	4	6
17:22:57 07/14/2009	good	Group0.5	network	560 bytes in/sec., 292 bytes out/sec., 0.00 packet errors/sec., 25 current connections.	2:1248	560.03705	292.99954	0.0	25
17:23:32 07/14/2009	good	Group0.6	disk_c	35% full, 13336MB free, 20473MB total	3:1262	35	13336
17:24:01 07/14/2009	good	Group0.6	SNMP: 127.0.0.1 system.sysUpTime	MMM = 3028.74 K	24:224	ok	3028.74
17:24:19 07/14/2009	good	Group0.7	aaaa	7% avg, cpu1 5%, cpu2 9%	1:269	7	5	9
17:25:28 07/14/2009	good	Group0.6	memory	18% used, 4026MB free, 1.37 pages/sec	2:1269	18	4026	1.3733749
17:25:29 07/14/2009	good	Group0.6	aaa	Pages/sec: = 1.37/sec, Page Faults/sec: = 394.08/sec, Page Reads/sec: = 0.05/sec...	25:116	1.37	56.942	1	389969	394.08	22.949	10	18248793	0.05	75.856	0	73902	0.08	300.003	0	6335	0
17:26:08 07/14/2009	good	Group0.6	cpu	7% avg, cpu1 6%, cpu2 9%	1:1254	7	6	9
17:32:57 07/14/2009	good	Group0.5	network	367 bytes in/sec., 293 bytes out/sec., 0.00 packet errors/sec., 25 current connections.	2:1249	367.34695	293.13544	0.0	25
17:33:32 07/14/2009	good	Group0.6	disk_c	35% full, 13336MB free, 20473MB total	3:1263	35	13336
17:34:01 07/14/2009	good	Group0.6	SNMP: 127.0.0.1 system.sysUpTime	MMM = 3088.73 K	24:225	ok	3088.73
17:34:19 07/14/2009	good	Group0.7	aaaa	11% avg, cpu1 8%, cpu2 13%	1:270	11	8	13
17:35:28 07/14/2009	good	Group0.6	memory	18% used, 4024MB free, 0.09 pages/sec	2:1270	18	4024	0.096666664
17:35:29 07/14/2009	good	Group0.6	aaa	Pages/sec: = 0.09/sec, Page Faults/sec: = 404.62/sec, Page Reads/sec: = 0.06/sec...	25:117	0.09	87.543	0	390027	404.62	9.330	10	18491571	0.06	59.302	0	73944	0.00	100.000	0	6335	0
17:36:08 07/14/2009	good	Group0.6	cpu	11% avg, cpu1 8%, cpu2 14%	1:1255	11	8	14
17:42:57 07/14/2009	good	Group0.5	network	1K in/sec., 590 bytes out/sec., 0.00 packet errors/sec., 24 current connections.	2:1250	1064.947	590.5113	0.0	24
17:43:32 07/14/2009	good	Group0.6	disk_c	35% full, 13336MB free, 20473MB total	3:1264	35	13336
17:44:01 07/14/2009	good	Group0.6	SNMP: 127.0.0.1 system.sysUpTime	MMM = 3148.73 K	24:226	ok	3148.73
17:44:19 07/14/2009	good	Group0.7	aaaa	12% avg, cpu1 9%, cpu2 15%	1:271	12	9	15
17:45:28 07/14/2009	good	Group0.6	memory	19% used, 4004MB free, 0.16 pages/sec	2:1271	19	4004	0.16333155
17:45:29 07/14/2009	good	Group0.6	aaa	Pages/sec: = 0.16/sec, Page Faults/sec: = 459.49/sec, Page Reads/sec: = 0.11/sec...	25:118	0.16	69.065	0	390125	459.49	16.051	10	18767268	0.11	16.667	0	74013	0.00	100.000	0	6335	0
17:46:08 07/14/2009	good	Group0.6	cpu	14% avg, cpu1 10%, cpu2 17%	1:1256	14	10	17
17:52:57 07/14/2009	good	Group0.5	network	521 bytes in/sec., 296 bytes out/sec., 0.00 packet errors/sec., 25 current connections.	2:1251	521.0238	296.1609	0.0	25
17:53:32 07/14/2009	good	Group0.6	disk_c	35% full, 13336MB free, 20473MB total	3:1265	35	13336
17:54:01 07/14/2009	good	Group0.6	SNMP: 127.0.0.1 system.sysUpTime	MMM = 3208.73 K	24:227	ok	3208.73
17:54:19 07/14/2009	good	Group0.7	aaaa	10% avg, cpu1 8%, cpu2 12%	1:272	10	8	12
17:55:28 07/14/2009	good	Group0.6	memory	19% used, 3995MB free, 0.55 pages/sec	2:1272	19	3995	0.55832905
17:55:29 07/14/2009	good	Group0.6	aaa	Pages/sec: = 0.55/sec, Page Faults/sec: = 337.10/sec, Page Reads/sec: = 0.04/sec...	25:119	0.55	25.186	1	390460	337.10	19.678	10	18969532	0.04	44.444	0	74041	0.02	33.333	0	6353	0
17:56:08 07/14/2009	good	Group0.6	cpu	7% avg, cpu1 6%, cpu2 9%	1:1257	7	6	9
18:02:57 07/14/2009	good	Group0.5	network	453 bytes in/sec., 247 bytes out/sec., 0.00 packet errors/sec., 21 current connections.	2:1252	453.92645	247.84384	0.0	21
18:03:32 07/14/2009	good	Group0.6	disk_c	35% full, 13336MB free, 20473MB total	3:1266	35	13336
18:04:01 07/14/2009	good	Group0.6	SNMP: 127.0.0.1 system.sysUpTime	MMM = 3268.73 K	24:228	ok	3268.73
18:04:19 07/14/2009	good	Group0.7	aaaa	9% avg, cpu1 7%, cpu2 10%	1:273	9	7	10
18:05:28 07/14/2009	good	Group0.6	memory	19% used, 3997MB free, 0.17 pages/sec	2:1273	19	3997	0.1716696
18:05:29 07/14/2009	good	Group0.6	aaa	Pages/sec: = 0.17/sec, Page Faults/sec: = 390.25/sec, Page Reads/sec: = 0.06/sec...	25:120	0.17	64.383	0	390563	390.25	4.434	10	19203682	0.06	0.001	0	74077	0.00	100.000	0	6353	0
18:06:08 07/14/2009	disabled	Group0.6	cpu	disabled by schedule	1:1257	7	6	9
