22:49:48 05/26/2009	alert
 alert-type: Email alert sent
 alert-message: jiantang.chen@dragonflow.com
 alert-monitor: ping reach 2
 alert-group: 192.168.6.39
 alert-id: SiteView/Group0.4/7/83964208:Mailto
 alert-monitor-id: SiteView/Group0.4/7:2029
 alert-to: jiantang.chen@dragonflow.com
 alert-subject: SiteView Alert, warning, ping reach 2, 0.13 sec
 alert-body: This alert is from SiteView at http://192.168.6.75:6666/SiteView

Monitor:  Group0.4:ping reach 2
Group:    192.168.6.39
Status:   0.13 sec
Sample #: 2029

Time:     10:49 PM 5/26/09

----------------------   Detail   ----------------------


Host Name: 192.168.6.39
Update every: 20
Title: ping reach 2
Timeout: 5.000 sec
Size: 32 bytes
Depends Condition: good


groupID: Group0.4
round trip time: 0.134 sec





22:49:53 05/26/2009	alert
 alert-type: Sound alert played
 alert-message: Default
 alert-monitor: ping reach 2
 alert-group: 192.168.6.39
 alert-id: SiteView/Group0.4/7/83964209:Sound
 alert-monitor-id: SiteView/Group0.4/7:2029
 alert-sound: Default


01:14:08 05/27/2009	alert
 alert-type: Email alert sent
 alert-message: jiantang.chen@dragonflow.com
 alert-monitor: ping reach 2
 alert-group: 192.168.6.39
 alert-id: SiteView/Group0.4/7/83964208:Mailto
 alert-monitor-id: SiteView/Group0.4/7:2462
 alert-to: jiantang.chen@dragonflow.com
 alert-subject: SiteView Alert, warning, ping reach 2, 0.24 sec
 alert-body: This alert is from SiteView at http://192.168.6.75:6666/SiteView

Monitor:  Group0.4:ping reach 2
Group:    192.168.6.39
Status:   0.24 sec
Sample #: 2462

Time:     1:14 AM 5/27/09

----------------------   Detail   ----------------------


Host Name: 192.168.6.39
Update every: 20
Title: ping reach 2
Timeout: 5.000 sec
Size: 32 bytes
Depends Condition: good


groupID: Group0.4
round trip time: 0.249 sec





01:14:12 05/27/2009	alert
 alert-type: Sound alert played
 alert-message: Default
 alert-monitor: ping reach 2
 alert-group: 192.168.6.39
 alert-id: SiteView/Group0.4/7/83964209:Sound
 alert-monitor-id: SiteView/Group0.4/7:2462
 alert-sound: Default


01:34:48 05/27/2009	alert
 alert-type: Email alert sent
 alert-message: jiantang.chen@dragonflow.com
 alert-monitor: ping reach 2
 alert-group: 192.168.6.39
 alert-id: SiteView/Group0.4/7/83964208:Mailto
 alert-monitor-id: SiteView/Group0.4/7:2524
 alert-to: jiantang.chen@dragonflow.com
 alert-subject: SiteView Alert, warning, ping reach 2, 0.20 sec
 alert-body: This alert is from SiteView at http://192.168.6.75:6666/SiteView

Monitor:  Group0.4:ping reach 2
Group:    192.168.6.39
Status:   0.20 sec
Sample #: 2524

Time:     1:34 AM 5/27/09

----------------------   Detail   ----------------------


Host Name: 192.168.6.39
Update every: 20
Title: ping reach 2
Timeout: 5.000 sec
Size: 32 bytes
Depends Condition: good


groupID: Group0.4
round trip time: 0.204 sec





01:34:52 05/27/2009	alert
 alert-type: Sound alert played
 alert-message: Default
 alert-monitor: ping reach 2
 alert-group: 192.168.6.39
 alert-id: SiteView/Group0.4/7/83964209:Sound
 alert-monitor-id: SiteView/Group0.4/7:2524
 alert-sound: Default


01:41:08 05/27/2009	alert
 alert-type: Email alert sent
 alert-message: jiantang.chen@dragonflow.com
 alert-monitor: ping reach 2
 alert-group: 192.168.6.39
 alert-id: SiteView/Group0.4/7/83964208:Mailto
 alert-monitor-id: SiteView/Group0.4/7:2543
 alert-to: jiantang.chen@dragonflow.com
 alert-subject: SiteView Alert, warning, ping reach 2, 0.14 sec
 alert-body: This alert is from SiteView at http://192.168.6.75:6666/SiteView

Monitor:  Group0.4:ping reach 2
Group:    192.168.6.39
Status:   0.14 sec
Sample #: 2543

Time:     1:41 AM 5/27/09

----------------------   Detail   ----------------------


Host Name: 192.168.6.39
Update every: 20
Title: ping reach 2
Timeout: 5.000 sec
Size: 32 bytes
Depends Condition: good


groupID: Group0.4
round trip time: 0.141 sec





01:41:11 05/27/2009	alert
 alert-type: Sound alert played
 alert-message: Default
 alert-monitor: ping reach 2
 alert-group: 192.168.6.39
 alert-id: SiteView/Group0.4/7/83964209:Sound
 alert-monitor-id: SiteView/Group0.4/7:2543
 alert-sound: Default


07:16:28 05/27/2009	alert
 alert-type: Email alert sent
 alert-message: jiantang.chen@dragonflow.com
 alert-monitor: ping reach 2
 alert-group: 192.168.6.39
 alert-id: SiteView/Group0.4/7/83964208:Mailto
 alert-monitor-id: SiteView/Group0.4/7:3548
 alert-to: jiantang.chen@dragonflow.com
 alert-subject: SiteView Alert, warning, ping reach 2, 0.10 sec
 alert-body: This alert is from SiteView at http://192.168.6.75:6666/SiteView

Monitor:  Group0.4:ping reach 2
Group:    192.168.6.39
Status:   0.10 sec
Sample #: 3548

Time:     7:16 AM 5/27/09

----------------------   Detail   ----------------------


Host Name: 192.168.6.39
Update every: 20
Title: ping reach 2
Timeout: 5.000 sec
Size: 32 bytes
Depends Condition: good


groupID: Group0.4
round trip time: 0.108 sec





07:16:32 05/27/2009	alert
 alert-type: Sound alert played
 alert-message: Default
 alert-monitor: ping reach 2
 alert-group: 192.168.6.39
 alert-id: SiteView/Group0.4/7/83964209:Sound
 alert-monitor-id: SiteView/Group0.4/7:3548
 alert-sound: Default


07:17:09 05/27/2009	alert
 alert-type: Email alert sent
 alert-message: jiantang.chen@dragonflow.com
 alert-monitor: ping reach 2
 alert-group: 192.168.6.39
 alert-id: SiteView/Group0.4/7/83964208:Mailto
 alert-monitor-id: SiteView/Group0.4/7:3550
 alert-to: jiantang.chen@dragonflow.com
 alert-subject: SiteView Alert, warning, ping reach 2, 0.21 sec
 alert-body: This alert is from SiteView at http://192.168.6.75:6666/SiteView

Monitor:  Group0.4:ping reach 2
Group:    192.168.6.39
Status:   0.21 sec
Sample #: 3550

Time:     7:17 AM 5/27/09

----------------------   Detail   ----------------------


Host Name: 192.168.6.39
Update every: 20
Title: ping reach 2
Timeout: 5.000 sec
Size: 32 bytes
Depends Condition: good


groupID: Group0.4
round trip time: 0.215 sec





07:17:12 05/27/2009	alert
 alert-type: Sound alert played
 alert-message: Default
 alert-monitor: ping reach 2
 alert-group: 192.168.6.39
 alert-id: SiteView/Group0.4/7/83964209:Sound
 alert-monitor-id: SiteView/Group0.4/7:3550
 alert-sound: Default


17:55:56 06/24/2009	alert
 alert-type: EMAIL ALERT NOT SENT
 alert-failed: true
 alert-test: true
 alert-message: Other,jkld;jf,@sina.com, unable to connect to server
 alert-monitor: cpu
 alert-group: 192.168.6.156
 alert-id: SiteView/83963326:Mailto
 alert-monitor-id: SiteView/Group0.6/1:840
 alert-to: Other,jkld;jf,@sina.com
 alert-subject: SiteView Alert, good, cpu, 5% avg, cpu1 4%, cpu2 5%
 alert-body: This alert is from SiteView at http://192.168.176.1:6666/SiteView

Monitor:  Group0.6:cpu
Group:    192.168.6.156
Status:   5% avg, cpu1 4%, cpu2 5%
Sample #: 840

Time:     5:51 PM 6/24/09

----------------------   Detail   ----------------------


Update every: 600
Title: cpu
Schedule: _id=4
Depends Condition: good


groupID: Group0.6
utilization: 5.00%
utilization cpu # 1: 4.00%
utilization cpu # 2: 5.00%
utilization cpu # 3: 0.00%
utilization cpu # 4: 0.00%
utilization cpu # 5: 0.00%
utilization cpu # 6: 0.00%
utilization cpu # 7: 0.00%
utilization cpu # 8: 0.00%
utilization cpu # 9: 0.00%
utilization cpu # 10: 0.00%
utilization cpu # 11: 0.00%
utilization cpu # 12: 0.00%
utilization cpu # 13: 0.00%
utilization cpu # 14: 0.00%
utilization cpu # 15: 0.00%
utilization cpu # 16: 0.00%





12:28:06 04/08/2012	alert
 alert-type: EMAIL ALERT NOT SENT
 alert-failed: true
 alert-message: support@siteview.com, java.net.ProtocolException: 554 5.5.1 Error: no valid recipients
 alert-monitor: CPU Utilization on \\NOTE-NONE
 alert-group: test
 alert-id: SiteView/Group0/18/83964282:Mailto
 alert-monitor-id: SiteView/Group0/18:10
 alert-to: support@siteview.com
 alert-subject: SiteView Alert, error, CPU Utilization on \\NOTE-NONE, no data
 alert-body: This alert is from SiteView at http://32.1.0.0:8888/SiteView

Monitor:  Group0:CPU Utilization on \\NOTE-NONE
Group:    test
Status:   no data
Sample #: 10

Time:     12:28 pm 04/08/12

----------------------   Detail   ----------------------


Server: \\NOTE-NONE
Update every: 600
Title: CPU Utilization on \\NOTE-NONE
Depends Condition: good


groupID: Group0
utilization cpu # 1: 4.00%
utilization cpu # 2: 3.00%
utilization cpu # 3: 0.00%
utilization cpu # 4: 0.00%
utilization cpu # 5: 0.00%
utilization cpu # 6: 0.00%
utilization cpu # 7: 0.00%
utilization cpu # 8: 0.00%
utilization cpu # 9: 0.00%
utilization cpu # 10: 0.00%
utilization cpu # 11: 0.00%
utilization cpu # 12: 0.00%
utilization cpu # 13: 0.00%
utilization cpu # 14: 0.00%
utilization cpu # 15: 0.00%
utilization cpu # 16: 0.00%





12:46:18 04/08/2012	alert
 alert-type: EMAIL ALERT NOT SENT
 alert-failed: true
 alert-message: support@siteview.com, java.net.ProtocolException: 554 5.5.1 Error: no valid recipients
 alert-monitor: CPU Utilization on \\NOTE-NONE
 alert-group: test
 alert-id: SiteView/Group0/18/83964282:Mailto
 alert-monitor-id: SiteView/Group0/18:10
 alert-to: support@siteview.com
 alert-subject: SiteView Alert, error, CPU Utilization on \\NOTE-NONE, no data
 alert-body: This alert is from SiteView at http://32.1.0.0:9999/SiteView

Monitor:  Group0:CPU Utilization on \\NOTE-NONE
Group:    test
Status:   no data
Sample #: 10

Time:     12:46 pm 04/08/12

----------------------   Detail   ----------------------


Server: \\NOTE-NONE
Update every: 600
Title: CPU Utilization on \\NOTE-NONE
Depends Condition: good


groupID: Group0
utilization cpu # 1: 4.00%
utilization cpu # 2: 3.00%
utilization cpu # 3: 0.00%
utilization cpu # 4: 0.00%
utilization cpu # 5: 0.00%
utilization cpu # 6: 0.00%
utilization cpu # 7: 0.00%
utilization cpu # 8: 0.00%
utilization cpu # 9: 0.00%
utilization cpu # 10: 0.00%
utilization cpu # 11: 0.00%
utilization cpu # 12: 0.00%
utilization cpu # 13: 0.00%
utilization cpu # 14: 0.00%
utilization cpu # 15: 0.00%
utilization cpu # 16: 0.00%





