15:26:34 07/03/2009	good	Group0.6	cpu	5% avg, cpu1 4%, cpu2 7%	1:937	5	4	7
15:26:45 07/03/2009	good	Group0.6	disk_c	34% full, 13617MB free, 20473MB total	3:943	34	13617
15:27:36 07/03/2009	disabled	Group0.6	Disk Space: /dev/sda1 on adsfsdf	disabled until 4:27 PM 7/3/09	21:15	38	4564
15:27:36 07/03/2009	disabled	Group0.6	cpu	disabled until 4:27 PM 7/3/09	1:937	5	4	7
15:27:36 07/03/2009	disabled	Group0.6	disk_c	disabled until 4:27 PM 7/3/09	3:943	34	13617
15:27:36 07/03/2009	disabled	Group0.6	memory	disabled until 4:27 PM 7/3/09	2:951	17	4091	1.3883139
15:27:36 07/03/2009	disabled	Group0.6	disk_d	disabled until 4:27 PM 7/3/09	4:950	35	26735
15:28:47 07/03/2009	good	Group0.6	cpu	7% avg, cpu1 7%, cpu2 8%	1:938	7	7	8
15:28:47 07/03/2009	good	Group0.6	disk_c	34% full, 13617MB free, 20473MB total	3:944	34	13617
15:28:47 07/03/2009	good	Group0.6	memory	19% used, 4001MB free, 10.97 pages/sec	2:952	19	4001	10.970351
15:28:47 07/03/2009	good	Group0.6	disk_d	37% full, 26160MB free, 41001MB total	4:951	37	26160
15:28:52 07/03/2009	good	Group0.6	Disk Space: /dev/sda1 on adsfsdf	39% full, 4471MB free, 7666MB total	21:16	39	4471
15:28:56 07/03/2009	disabled	Group0.6	Disk Space: /dev/sda1 on adsfsdf	disabled manually	21:16	39	4471
15:28:56 07/03/2009	disabled	Group0.6	cpu	disabled manually	1:938	7	7	8
15:28:56 07/03/2009	disabled	Group0.6	disk_c	disabled manually	3:944	34	13617
15:28:56 07/03/2009	disabled	Group0.6	memory	disabled manually	2:952	19	4001	10.970351
15:28:56 07/03/2009	disabled	Group0.6	disk_d	disabled manually	4:951	37	26160
15:29:18 07/03/2009	good	Group0.6	disk_c	34% full, 13617MB free, 20473MB total	3:945	34	13617
15:29:18 07/03/2009	good	Group0.6	disk_d	37% full, 26160MB free, 41001MB total	4:952	37	26160
15:29:19 07/03/2009	good	Group0.6	memory	19% used, 4000MB free, 0.66 pages/sec	2:953	19	4000	0.6693463
15:29:19 07/03/2009	good	Group0.6	cpu	12% avg, cpu1 11%, cpu2 12%	1:939	12	11	12
15:29:20 07/03/2009	good	Group0.6	Disk Space: /dev/sda1 on adsfsdf	39% full, 4471MB free, 7666MB total	21:17	39	4471
15:30:25 07/03/2009	good	Group0.5	network	412 bytes in/sec., 375 bytes out/sec., 0.00 packet errors/sec., 31 current connections.	2:938	412.52304	375.6906	0.0	31
15:39:18 07/03/2009	good	Group0.6	disk_d	37% full, 26159MB free, 41001MB total	4:953	37	26159
15:39:18 07/03/2009	good	Group0.6	memory	19% used, 3994MB free, 21.33 pages/sec	2:954	19	3994	21.33308
15:39:18 07/03/2009	good	Group0.6	cpu	8% avg, cpu1 7%, cpu2 9%	1:940	8	7	9
15:39:18 07/03/2009	good	Group0.6	disk_c	34% full, 13617MB free, 20473MB total	3:946	34	13617
15:39:20 07/03/2009	good	Group0.6	Disk Space: /dev/sda1 on adsfsdf	39% full, 4471MB free, 7666MB total	21:18	39	4471
15:40:25 07/03/2009	good	Group0.5	network	4K in/sec., 4K out/sec., 0.00 packet errors/sec., 25 current connections.	2:939	4324.1255	4169.429	0.0	25
15:49:19 07/03/2009	good	Group0.6	memory	20% used, 3954MB free, 0.19 pages/sec	2:955	20	3954	0.19332309
15:49:19 07/03/2009	good	Group0.6	cpu	10% avg, cpu1 9%, cpu2 10%	1:941	10	9	10
15:49:19 07/03/2009	good	Group0.6	disk_d	37% full, 26158MB free, 41001MB total	4:954	37	26158
15:49:19 07/03/2009	good	Group0.6	disk_c	34% full, 13617MB free, 20473MB total	3:947	34	13617
15:49:20 07/03/2009	good	Group0.6	Disk Space: /dev/sda1 on adsfsdf	39% full, 4471MB free, 7666MB total	21:19	39	4471
15:50:25 07/03/2009	good	Group0.5	network	331 bytes in/sec., 287 bytes out/sec., 0.00 packet errors/sec., 26 current connections.	2:940	331.49173	287.29282	0.0	26
15:52:56 07/03/2009	disabled	Group0.6	Disk Space: /dev/sda1 on adsfsdf	disabled until 4:29 PM 7/3/09	21:19	39	4471
15:52:56 07/03/2009	disabled	Group0.6	cpu	disabled until 4:29 PM 7/3/09	1:941	10	9	10
15:52:56 07/03/2009	disabled	Group0.6	disk_c	disabled until 4:29 PM 7/3/09	3:947	34	13617
15:52:56 07/03/2009	disabled	Group0.6	memory	disabled until 4:29 PM 7/3/09	2:955	20	3954	0.19332309
15:52:56 07/03/2009	disabled	Group0.6	disk_d	disabled until 4:29 PM 7/3/09	4:954	37	26158
16:07:31 07/03/2009	disabled	Group0.6	memory	disabled until 4:29 pm 07/03/09	2:955	20	3954	0.19332309
16:07:31 07/03/2009	disabled	Group0.6	cpu	disabled until 4:29 pm 07/03/09	1:941	10	9	10
16:07:31 07/03/2009	disabled	Group0.6	disk_d	disabled until 4:29 pm 07/03/09	4:954	37	26158
16:07:31 07/03/2009	disabled	Group0.6	disk_c	disabled until 4:29 pm 07/03/09	3:947	34	13617
16:07:31 07/03/2009	disabled	Group0.6	Disk Space: /dev/sda1 on adsfsdf	disabled until 4:29 pm 07/03/09	21:19	39	4471
16:11:38 07/03/2009	good	Group0.5	network	375 bytes in/sec., 338 bytes out/sec., 0.00 packet errors/sec., 27 current connections.	2:941	375.6906	338.85822	0.0	27
16:17:31 07/03/2009	disabled	Group0.6	disk_d	disabled until 4:29 pm 07/03/09	4:954	37	26158
16:17:31 07/03/2009	disabled	Group0.6	cpu	disabled until 4:29 pm 07/03/09	1:941	10	9	10
16:17:31 07/03/2009	disabled	Group0.6	memory	disabled until 4:29 pm 07/03/09	2:955	20	3954	0.19332309
16:17:31 07/03/2009	disabled	Group0.6	disk_c	disabled until 4:29 pm 07/03/09	3:947	34	13617
16:17:31 07/03/2009	disabled	Group0.6	Disk Space: /dev/sda1 on adsfsdf	disabled until 4:29 pm 07/03/09	21:19	39	4471
16:19:24 07/03/2009	good	Group0.6	cpu	8% avg, cpu1 8%, cpu2 9%	1:942	8	8	9
16:19:24 07/03/2009	good	Group0.6	disk_d	37% full, 26155MB free, 41001MB total	4:955	37	26155
16:19:24 07/03/2009	good	Group0.6	disk_c	34% full, 13616MB free, 20473MB total	3:948	34	13616
16:19:24 07/03/2009	good	Group0.6	memory	20% used, 3929MB free, 4.67 pages/sec	2:956	20	3929	4.670161
16:19:26 07/03/2009	good	Group0.6	Disk Space: /dev/sda1 on adsfsdf	39% full, 4471MB free, 7666MB total	21:20	39	4471
16:21:38 07/03/2009	good	Group0.5	network	4K in/sec., 4K out/sec., 0.00 packet errors/sec., 30 current connections.	2:942	4294.6597	4235.7275	0.0	30
16:29:24 07/03/2009	good	Group0.6	cpu	7% avg, cpu1 7%, cpu2 7%	1:943	7	7	7
16:29:24 07/03/2009	good	Group0.6	disk_c	34% full, 13616MB free, 20473MB total	3:949	34	13616
16:29:24 07/03/2009	good	Group0.6	disk_d	37% full, 26155MB free, 41001MB total	4:956	37	26155
16:29:24 07/03/2009	good	Group0.6	memory	20% used, 3952MB free, 2.04 pages/sec	2:957	20	3952	2.0488906
16:29:26 07/03/2009	good	Group0.6	Disk Space: /dev/sda1 on adsfsdf	39% full, 4471MB free, 7666MB total	21:21	39	4471
16:31:38 07/03/2009	good	Group0.5	network	311 bytes in/sec., 289 bytes out/sec., 0.00 packet errors/sec., 27 current connections.	2:943	311.68832	289.42487	0.0	27
16:39:24 07/03/2009	good	Group0.6	disk_d	37% full, 26155MB free, 41001MB total	4:957	37	26155
16:39:24 07/03/2009	good	Group0.6	disk_c	34% full, 13615MB free, 20473MB total	3:950	34	13615
16:39:24 07/03/2009	good	Group0.6	memory	20% used, 3948MB free, 0.09 pages/sec	2:958	20	3948	0.09000114
16:39:24 07/03/2009	good	Group0.6	cpu	8% avg, cpu1 7%, cpu2 9%	1:944	8	7	9
16:39:26 07/03/2009	good	Group0.6	Disk Space: /dev/sda1 on adsfsdf	39% full, 4471MB free, 7666MB total	21:22	39	4471
16:41:38 07/03/2009	good	Group0.5	network	621 bytes in/sec., 577 bytes out/sec., 0.00 packet errors/sec., 26 current connections.	2:944	621.8564	577.9607	0.0	26
16:49:24 07/03/2009	good	Group0.6	disk_c	34% full, 13615MB free, 20473MB total	3:951	34	13615
16:49:24 07/03/2009	good	Group0.6	cpu	8% avg, cpu1 7%, cpu2 8%	1:945	8	7	8
16:49:24 07/03/2009	good	Group0.6	memory	19% used, 3962MB free, 1.91 pages/sec	2:959	19	3962	1.9133012
16:49:24 07/03/2009	good	Group0.6	disk_d	37% full, 26155MB free, 41001MB total	4:958	37	26155
16:49:26 07/03/2009	good	Group0.6	Disk Space: /dev/sda1 on adsfsdf	39% full, 4471MB free, 7666MB total	21:23	39	4471
16:51:38 07/03/2009	good	Group0.5	network	4K in/sec., 4K out/sec., 0.00 packet errors/sec., 25 current connections.	2:945	4287.293	4169.429	0.0	25
16:59:24 07/03/2009	good	Group0.6	memory	20% used, 3941MB free, 4.14 pages/sec	2:960	20	3941	4.1401796
16:59:24 07/03/2009	good	Group0.6	disk_d	37% full, 26155MB free, 41001MB total	4:959	37	26155
16:59:24 07/03/2009	good	Group0.6	disk_c	34% full, 13609MB free, 20473MB total	3:952	34	13609
16:59:24 07/03/2009	good	Group0.6	cpu	8% avg, cpu1 8%, cpu2 9%	1:946	8	8	9
16:59:26 07/03/2009	good	Group0.6	Disk Space: /dev/sda1 on adsfsdf	39% full, 4471MB free, 7666MB total	21:24	39	4471
17:01:38 07/03/2009	good	Group0.5	network	363 bytes in/sec., 326 bytes out/sec., 0.00 packet errors/sec., 33 current connections.	2:946	363.63638	326.53064	0.0	33
17:09:24 07/03/2009	good	Group0.6	memory	19% used, 3967MB free, 0.32 pages/sec	2:961	19	3967	0.32011533
17:09:24 07/03/2009	good	Group0.6	disk_c	34% full, 13614MB free, 20473MB total	3:953	34	13614
17:09:24 07/03/2009	good	Group0.6	cpu	10% avg, cpu1 9%, cpu2 12%	1:947	10	9	12
17:09:24 07/03/2009	good	Group0.6	disk_d	37% full, 26155MB free, 41001MB total	4:960	37	26155
17:11:13 07/03/2009	error	Group0.6	Disk Space: /dev/sda1 on adsfsdf	no data	21:25	n/a	n/a	failure
17:11:38 07/03/2009	good	Group0.5	network	4K in/sec., 4K out/sec., 0.00 packet errors/sec., 33 current connections.	2:947	4400.742	4274.5825	0.0	33
17:19:24 07/03/2009	good	Group0.6	cpu	7% avg, cpu1 5%, cpu2 8%	1:948	7	5	8
17:19:24 07/03/2009	good	Group0.6	memory	19% used, 3978MB free, 0.21 pages/sec	2:962	19	3978	0.2117065
17:19:24 07/03/2009	good	Group0.6	disk_c	34% full, 13614MB free, 20473MB total	3:954	34	13614
17:19:24 07/03/2009	good	Group0.6	disk_d	37% full, 26155MB free, 41001MB total	4:961	37	26155
17:20:54 07/03/2009	error	Group0.6	Disk Space: /dev/sda1 on adsfsdf	no data	21:26	n/a	n/a	failure
17:21:38 07/03/2009	good	Group0.5	network	430 bytes in/sec., 348 bytes out/sec., 0.00 packet errors/sec., 30 current connections.	2:948	430.22714	348.63235	0.0	30
17:29:24 07/03/2009	good	Group0.6	memory	19% used, 3973MB free, 0.29 pages/sec	2:963	19	3973	0.29510397
17:29:24 07/03/2009	good	Group0.6	cpu	8% avg, cpu1 6%, cpu2 10%	1:949	8	6	10
17:29:24 07/03/2009	good	Group0.6	disk_c	34% full, 13614MB free, 20473MB total	3:955	34	13614
17:29:24 07/03/2009	good	Group0.6	disk_d	37% full, 26155MB free, 41001MB total	4:962	37	26155
17:30:53 07/03/2009	error	Group0.6	Disk Space: /dev/sda1 on adsfsdf	no data	21:27	n/a	n/a	failure
17:31:38 07/03/2009	good	Group0.5	network	467 bytes in/sec., 378 bytes out/sec., 0.00 packet errors/sec., 29 current connections.	2:949	467.5325	378.47867	0.0	29
17:39:24 07/03/2009	good	Group0.6	memory	20% used, 3918MB free, 35.37 pages/sec	2:964	20	3918	35.370186
17:39:24 07/03/2009	good	Group0.6	cpu	6% avg, cpu1 5%, cpu2 7%	1:950	6	5	7
17:39:24 07/03/2009	good	Group0.6	disk_c	34% full, 13611MB free, 20473MB total	3:956	34	13611
17:39:24 07/03/2009	good	Group0.6	disk_d	37% full, 26155MB free, 41001MB total	4:963	37	26155
17:40:53 07/03/2009	error	Group0.6	Disk Space: /dev/sda1 on adsfsdf	no data	21:28	n/a	n/a	failure
17:41:38 07/03/2009	good	Group0.5	network	4K in/sec., 4K out/sec., 0.00 packet errors/sec., 30 current connections.	2:950	4779.221	4556.5864	0.0	30
17:49:24 07/03/2009	good	Group0.6	cpu	11% avg, cpu1 11%, cpu2 11%	1:951	11	11	11
17:49:24 07/03/2009	good	Group0.6	memory	19% used, 3965MB free, 47.34 pages/sec	2:965	19	3965	47.344074
17:49:24 07/03/2009	good	Group0.6	disk_d	37% full, 26155MB free, 41001MB total	4:964	37	26155
17:49:24 07/03/2009	good	Group0.6	disk_c	34% full, 13687MB free, 20473MB total	3:957	34	13687
17:50:53 07/03/2009	error	Group0.6	Disk Space: /dev/sda1 on adsfsdf	no data	21:29	n/a	n/a	failure
17:51:38 07/03/2009	good	Group0.5	network	418 bytes in/sec., 373 bytes out/sec., 0.00 packet errors/sec., 28 current connections.	2:951	418.69156	373.83176	0.0	28
17:59:24 07/03/2009	good	Group0.6	memory	19% used, 3970MB free, 0.59 pages/sec	2:966	19	3970	0.5950733
17:59:24 07/03/2009	good	Group0.6	cpu	4% avg, cpu1 3%, cpu2 5%	1:952	4	3	5
17:59:24 07/03/2009	good	Group0.6	disk_c	34% full, 13687MB free, 20473MB total	3:958	34	13687
17:59:24 07/03/2009	good	Group0.6	disk_d	37% full, 26155MB free, 41001MB total	4:965	37	26155
18:00:53 07/03/2009	error	Group0.6	Disk Space: /dev/sda1 on adsfsdf	no data	21:30	n/a	n/a	failure
18:01:38 07/03/2009	good	Group0.5	network	403 bytes in/sec., 351 bytes out/sec., 0.00 packet errors/sec., 29 current connections.	2:952	403.7383	351.40186	0.0	29
