14:47:33 08/07/2009	good	Group0.6	disk_c	41% full, 12250MB free, 20473MB total	3:1635	41	12250
14:47:33 08/07/2009	warning	Group0.6	cpu	94% avg, cpu1 94%, cpu2 94%	1:1618	94	94	94
14:47:33 08/07/2009	good	Group0.6	memory	16% used, 4151MB free, 100.35 pages/sec	2:1641	16	4151	100.355125
14:50:02 08/07/2009	warning	Group0.7	aaaa	94% avg, cpu1 93%, cpu2 94%	1:639	94	93	94
14:50:13 08/07/2009	good	Group0.5	network	633 bytes in/sec., 412 bytes out/sec., 0.00 packet errors/sec., 33 current connections.	2:1620	633.5175	412.52304	0.0	33
14:57:33 08/07/2009	good	Group0.6	disk_c	41% full, 12250MB free, 20473MB total	3:1636	41	12250
14:57:33 08/07/2009	good	Group0.6	memory	16% used, 4147MB free, 0.77 pages/sec	2:1642	16	4147	0.7737924
14:57:33 08/07/2009	good	Group0.6	cpu	5% avg, cpu1 4%, cpu2 6%	1:1619	5	4	6
15:00:02 08/07/2009	good	Group0.7	aaaa	5% avg, cpu1 4%, cpu2 6%	1:640	5	4	6
15:00:13 08/07/2009	good	Group0.5	network	593 bytes in/sec., 371 bytes out/sec., 0.00 packet errors/sec., 28 current connections.	2:1621	593.6921	371.05753	0.0	28
15:05:30 08/07/2009	error	Group0.6	NT Performance Counter: System.pmc	unable to connect to server, % Total Processor Time n/aFile Read Bytes/sec n/aFile Write Bytes/sec n/a	41:2	n/a	0	0	0	n/a	0	0	0	n/a	0	0	0	3	failure
15:07:33 08/07/2009	good	Group0.6	disk_c	41% full, 12250MB free, 20473MB total	3:1637	41	12250
15:07:33 08/07/2009	good	Group0.6	memory	16% used, 4148MB free, 1.51 pages/sec	2:1643	16	4148	1.515255
15:07:33 08/07/2009	good	Group0.6	cpu	3% avg, cpu1 3%, cpu2 4%	1:1620	3	3	4
15:10:02 08/07/2009	good	Group0.7	aaaa	3% avg, cpu1 2%, cpu2 3%	1:641	3	2	3
15:10:13 08/07/2009	good	Group0.5	network	474 bytes in/sec., 371 bytes out/sec., 0.00 packet errors/sec., 29 current connections.	2:1622	474.95364	371.05753	0.0	29
15:17:33 08/07/2009	good	Group0.6	disk_c	41% full, 12250MB free, 20473MB total	3:1638	41	12250
15:17:33 08/07/2009	good	Group0.6	memory	16% used, 4138MB free, 4.44 pages/sec	2:1644	16	4138	4.4448543
15:17:33 08/07/2009	good	Group0.6	cpu	6% avg, cpu1 4%, cpu2 7%	1:1621	6	4	7
15:20:02 08/07/2009	good	Group0.7	aaaa	6% avg, cpu1 4%, cpu2 8%	1:642	6	4	8
15:20:13 08/07/2009	good	Group0.5	network	504 bytes in/sec., 430 bytes out/sec., 0.00 packet errors/sec., 32 current connections.	2:1623	504.63824	430.42673	0.0	32
15:27:33 08/07/2009	good	Group0.6	disk_c	41% full, 12250MB free, 20473MB total	3:1639	41	12250
15:27:33 08/07/2009	good	Group0.6	cpu	3% avg, cpu1 3%, cpu2 4%	1:1622	3	3	4
15:27:33 08/07/2009	good	Group0.6	memory	16% used, 4126MB free, 1.37 pages/sec	2:1645	16	4126	1.3786948
15:30:02 08/07/2009	good	Group0.7	aaaa	5% avg, cpu1 4%, cpu2 5%	1:643	5	4	5
15:30:13 08/07/2009	good	Group0.5	network	515 bytes in/sec., 353 bytes out/sec., 0.00 packet errors/sec., 32 current connections.	2:1624	515.6538	353.5912	0.0	32
15:37:33 08/07/2009	good	Group0.6	disk_c	41% full, 12250MB free, 20473MB total	3:1640	41	12250
15:37:33 08/07/2009	good	Group0.6	memory	16% used, 4154MB free, 8.79 pages/sec	2:1646	16	4154	8.795785
15:37:33 08/07/2009	good	Group0.6	cpu	7% avg, cpu1 7%, cpu2 6%	1:1623	7	7	6
15:40:02 08/07/2009	good	Group0.7	aaaa	7% avg, cpu1 8%, cpu2 6%	1:644	7	8	6
15:40:13 08/07/2009	good	Group0.5	network	16K in/sec., 16K out/sec., 0.00 packet errors/sec., 33 current connections.	2:1625	16545.121	16530.387	0.0	33
15:47:33 08/07/2009	good	Group0.6	disk_c	41% full, 12250MB free, 20473MB total	3:1641	41	12250
15:47:33 08/07/2009	good	Group0.6	memory	16% used, 4153MB free, 0.65 pages/sec	2:1647	16	4153	0.6507086
15:47:33 08/07/2009	good	Group0.6	cpu	11% avg, cpu1 13%, cpu2 9%	1:1624	11	13	9
15:50:02 08/07/2009	good	Group0.7	aaaa	10% avg, cpu1 11%, cpu2 8%	1:645	10	11	8
15:50:13 08/07/2009	good	Group0.5	network	756 bytes in/sec., 653 bytes out/sec., 0.00 packet errors/sec., 32 current connections.	2:1626	756.95734	653.0613	0.0	32
15:57:33 08/07/2009	good	Group0.6	disk_c	41% full, 12250MB free, 20473MB total	3:1642	41	12250
15:57:33 08/07/2009	good	Group0.6	memory	16% used, 4151MB free, 0.19 pages/sec	2:1648	16	4151	0.19341908
15:57:33 08/07/2009	good	Group0.6	cpu	7% avg, cpu1 8%, cpu2 7%	1:1625	7	8	7
16:00:02 08/07/2009	good	Group0.7	aaaa	7% avg, cpu1 8%, cpu2 6%	1:646	7	8	6
16:00:13 08/07/2009	good	Group0.5	network	486 bytes in/sec., 368 bytes out/sec., 0.00 packet errors/sec., 34 current connections.	2:1627	486.18787	368.32413	0.0	34
16:07:33 08/07/2009	good	Group0.6	disk_c	41% full, 12250MB free, 20473MB total	3:1643	41	12250
16:07:33 08/07/2009	good	Group0.6	cpu	5% avg, cpu1 5%, cpu2 5%	1:1626	5	5	5
16:07:33 08/07/2009	good	Group0.6	memory	15% used, 4172MB free, 0.71 pages/sec	2:1649	15	4172	0.71013445
16:10:02 08/07/2009	good	Group0.7	aaaa	5% avg, cpu1 4%, cpu2 5%	1:647	5	4	5
16:10:13 08/07/2009	good	Group0.5	network	427 bytes in/sec., 294 bytes out/sec., 0.00 packet errors/sec., 33 current connections.	2:1628	427.256	294.6593	0.0	33
16:17:33 08/07/2009	good	Group0.6	disk_c	41% full, 12250MB free, 20473MB total	3:1644	41	12250
16:17:33 08/07/2009	good	Group0.6	memory	15% used, 4162MB free, 0.30 pages/sec	2:1650	15	4162	0.3034851
16:17:33 08/07/2009	good	Group0.6	cpu	4% avg, cpu1 4%, cpu2 4%	1:1627	4	4	4
16:20:02 08/07/2009	good	Group0.7	aaaa	5% avg, cpu1 5%, cpu2 5%	1:648	5	5	5
16:20:13 08/07/2009	good	Group0.5	network	648 bytes in/sec., 309 bytes out/sec., 0.00 packet errors/sec., 32 current connections.	2:1629	648.2505	309.39227	0.0	32
16:27:33 08/07/2009	good	Group0.6	disk_c	41% full, 12250MB free, 20473MB total	3:1645	41	12250
16:27:33 08/07/2009	good	Group0.6	memory	15% used, 4157MB free, 0.04 pages/sec	2:1651	15	4157	0.041670293
16:27:33 08/07/2009	good	Group0.6	cpu	4% avg, cpu1 3%, cpu2 5%	1:1628	4	3	5
16:30:02 08/07/2009	good	Group0.7	aaaa	5% avg, cpu1 5%, cpu2 6%	1:649	5	5	6
16:30:13 08/07/2009	good	Group0.5	network	638 bytes in/sec., 341 bytes out/sec., 0.00 packet errors/sec., 30 current connections.	2:1630	638.21893	341.37292	0.0	30
