09:07:59 07/10/2009	good	Group0.5	network	349 bytes in/sec., 330 bytes out/sec., 0.00 packet errors/sec., 26 current connections.	2:1100	349.7217	330.2412	0.0	26
09:08:49 07/10/2009	good	Group0.7	aaaa	1% avg, cpu1 0%, cpu2 1%	1:122	1	0	1
09:09:24 07/10/2009	good	Group0.6	memory	13% used, 4301MB free, 7.65 pages/sec	2:1121	13	4301	7.6576204
09:09:42 07/10/2009	good	Group0.6	disk_c	35% full, 13343MB free, 20473MB total	3:1113	35	13343
09:10:17 07/10/2009	good	Group0.6	cpu	7% avg, cpu1 6%, cpu2 9%	1:1107	7	6	9
09:11:32 07/10/2009	good	Group0.6	SNMP: 127.0.0.1 system.sysUpTime	MMM = 204.53 K	24:75	ok	204.53
09:17:59 07/10/2009	good	Group0.5	network	652 bytes in/sec., 521 bytes out/sec., 0.00 packet errors/sec., 25 current connections.	2:1101	652.1336	521.3358	0.0	25
09:18:42 07/10/2009	good	Group0.7	aaaa	6% avg, cpu1 5%, cpu2 7%	1:123	6	5	7
09:19:24 07/10/2009	good	Group0.6	memory	14% used, 4238MB free, 10.20 pages/sec	2:1122	14	4238	10.206481
09:19:42 07/10/2009	good	Group0.6	disk_c	35% full, 13343MB free, 20473MB total	3:1114	35	13343
09:20:10 07/10/2009	good	Group0.6	cpu	6% avg, cpu1 5%, cpu2 8%	1:1108	6	5	8
09:21:32 07/10/2009	good	Group0.6	SNMP: 127.0.0.1 system.sysUpTime	MMM = 264.53 K	24:76	ok	264.53
09:27:59 07/10/2009	good	Group0.5	network	312 bytes in/sec., 293 bytes out/sec., 0.00 packet errors/sec., 25 current connections.	2:1102	312.61597	293.13544	0.0	25
09:28:42 07/10/2009	good	Group0.7	aaaa	4% avg, cpu1 4%, cpu2 5%	1:124	4	4	5
09:29:24 07/10/2009	good	Group0.6	memory	14% used, 4237MB free, 10.38 pages/sec	2:1123	14	4237	10.383089
09:29:42 07/10/2009	good	Group0.6	disk_c	35% full, 13342MB free, 20473MB total	3:1115	35	13342
09:30:10 07/10/2009	good	Group0.6	cpu	4% avg, cpu1 4%, cpu2 5%	1:1109	4	4	5
09:31:32 07/10/2009	good	Group0.6	SNMP: 127.0.0.1 system.sysUpTime	MMM = 324.53 K	24:77	ok	324.53
09:37:59 07/10/2009	good	Group0.5	network	371 bytes in/sec., 293 bytes out/sec., 0.00 packet errors/sec., 24 current connections.	2:1103	371.05753	293.13544	0.0	24
09:38:42 07/10/2009	good	Group0.7	aaaa	4% avg, cpu1 3%, cpu2 5%	1:125	4	3	5
09:39:24 07/10/2009	good	Group0.6	memory	14% used, 4228MB free, 13.56 pages/sec	2:1124	14	4228	13.565719
09:39:42 07/10/2009	good	Group0.6	disk_c	35% full, 13342MB free, 20473MB total	3:1116	35	13342
09:40:10 07/10/2009	good	Group0.6	cpu	4% avg, cpu1 4%, cpu2 5%	1:1110	4	4	5
09:41:32 07/10/2009	good	Group0.6	SNMP: 127.0.0.1 system.sysUpTime	MMM = 384.53 K	24:78	ok	384.53
09:47:59 07/10/2009	good	Group0.5	network	312 bytes in/sec., 293 bytes out/sec., 0.00 packet errors/sec., 25 current connections.	2:1104	312.61597	293.13544	0.0	25
09:48:42 07/10/2009	good	Group0.7	aaaa	5% avg, cpu1 4%, cpu2 6%	1:126	5	4	6
09:49:24 07/10/2009	good	Group0.6	memory	14% used, 4217MB free, 8.12 pages/sec	2:1125	14	4217	8.126709
09:49:42 07/10/2009	good	Group0.6	disk_c	35% full, 13342MB free, 20473MB total	3:1117	35	13342
09:50:10 07/10/2009	good	Group0.6	cpu	5% avg, cpu1 4%, cpu2 6%	1:1111	5	4	6
09:51:32 07/10/2009	good	Group0.6	SNMP: 127.0.0.1 system.sysUpTime	MMM = 444.53 K	24:79	ok	444.53
09:57:59 07/10/2009	good	Group0.5	network	530 bytes in/sec., 361 bytes out/sec., 0.00 packet errors/sec., 24 current connections.	2:1105	530.14844	361.7811	0.0	24
09:58:42 07/10/2009	good	Group0.7	aaaa	4% avg, cpu1 4%, cpu2 5%	1:127	4	4	5
09:59:24 07/10/2009	good	Group0.6	memory	14% used, 4213MB free, 6.31 pages/sec	2:1126	14	4213	6.3194923
09:59:42 07/10/2009	good	Group0.6	disk_c	35% full, 13342MB free, 20473MB total	3:1118	35	13342
10:00:10 07/10/2009	good	Group0.6	cpu	4% avg, cpu1 4%, cpu2 5%	1:1112	4	4	5
10:01:32 07/10/2009	good	Group0.6	SNMP: 127.0.0.1 system.sysUpTime	MMM = 504.53 K	24:80	ok	504.53
10:07:59 07/10/2009	good	Group0.5	network	5K in/sec., 2K out/sec., 0.00 packet errors/sec., 25 current connections.	2:1106	5645.9487	2552.026	0.0	25
10:08:42 07/10/2009	good	Group0.7	aaaa	4% avg, cpu1 3%, cpu2 5%	1:128	4	3	5
10:09:24 07/10/2009	good	Group0.6	memory	15% used, 4201MB free, 2.96 pages/sec	2:1127	15	4201	2.9619224
10:09:42 07/10/2009	good	Group0.6	disk_c	35% full, 13342MB free, 20473MB total	3:1119	35	13342
10:10:10 07/10/2009	good	Group0.6	cpu	4% avg, cpu1 3%, cpu2 5%	1:1113	4	3	5
10:11:32 07/10/2009	good	Group0.6	SNMP: 127.0.0.1 system.sysUpTime	MMM = 564.53 K	24:81	ok	564.53
10:17:59 07/10/2009	good	Group0.5	network	529 bytes in/sec., 336 bytes out/sec., 0.00 packet errors/sec., 26 current connections.	2:1107	529.90265	336.57858	0.0	26
10:18:42 07/10/2009	good	Group0.7	aaaa	5% avg, cpu1 4%, cpu2 6%	1:129	5	4	6
10:19:24 07/10/2009	good	Group0.6	memory	15% used, 4200MB free, 5.40 pages/sec	2:1128	15	4200	5.4041533
10:19:42 07/10/2009	good	Group0.6	disk_c	35% full, 13342MB free, 20473MB total	3:1120	35	13342
10:20:10 07/10/2009	good	Group0.6	cpu	5% avg, cpu1 4%, cpu2 6%	1:1114	5	4	6
10:21:32 07/10/2009	good	Group0.6	SNMP: 127.0.0.1 system.sysUpTime	MMM = 624.54 K	24:82	ok	624.54
10:27:59 07/10/2009	good	Group0.5	network	312 bytes in/sec., 293 bytes out/sec., 0.00 packet errors/sec., 25 current connections.	2:1108	312.61597	293.13544	0.0	25
10:28:42 07/10/2009	good	Group0.7	aaaa	5% avg, cpu1 4%, cpu2 6%	1:130	5	4	6
10:29:24 07/10/2009	good	Group0.6	memory	15% used, 4197MB free, 14.09 pages/sec	2:1129	15	4197	14.095178
10:29:42 07/10/2009	good	Group0.6	disk_c	35% full, 13342MB free, 20473MB total	3:1121	35	13342
10:30:10 07/10/2009	good	Group0.6	cpu	5% avg, cpu1 4%, cpu2 5%	1:1115	5	4	5
10:31:32 07/10/2009	good	Group0.6	SNMP: 127.0.0.1 system.sysUpTime	MMM = 684.54 K	24:83	ok	684.54
10:37:59 07/10/2009	warning	Group0.5	network	176K in/sec., 117K out/sec., 0.00 packet errors/sec., 252 current connections.	2:1109	181050.86	120006.58	0.0	252
10:38:42 07/10/2009	good	Group0.7	aaaa	5% avg, cpu1 5%, cpu2 6%	1:131	5	5	6
10:39:24 07/10/2009	good	Group0.6	memory	16% used, 4126MB free, 5.23 pages/sec	2:1130	16	4126	5.2340665
10:39:42 07/10/2009	good	Group0.6	disk_c	35% full, 13340MB free, 20473MB total	3:1122	35	13340
10:40:10 07/10/2009	good	Group0.6	cpu	7% avg, cpu1 7%, cpu2 8%	1:1116	7	7	8
10:41:32 07/10/2009	good	Group0.6	SNMP: 127.0.0.1 system.sysUpTime	MMM = 744.54 K	24:84	ok	744.54
10:47:59 07/10/2009	good	Group0.5	network	619 bytes in/sec., 600 bytes out/sec., 0.00 packet errors/sec., 26 current connections.	2:1110	619.7054	600.36835	0.0	26
10:48:42 07/10/2009	good	Group0.7	aaaa	6% avg, cpu1 6%, cpu2 6%	1:132	6	6	6
10:49:24 07/10/2009	good	Group0.6	memory	15% used, 4188MB free, 7.46 pages/sec	2:1131	15	4188	7.468161
10:49:42 07/10/2009	good	Group0.6	disk_c	35% full, 13339MB free, 20473MB total	3:1123	35	13339
10:50:10 07/10/2009	good	Group0.6	cpu	4% avg, cpu1 4%, cpu2 5%	1:1117	4	4	5
10:51:32 07/10/2009	good	Group0.6	SNMP: 127.0.0.1 system.sysUpTime	MMM = 804.54 K	24:85	ok	804.54
10:57:59 07/10/2009	good	Group0.5	network	371 bytes in/sec., 293 bytes out/sec., 0.00 packet errors/sec., 24 current connections.	2:1111	371.05753	293.13544	0.0	24
10:58:42 07/10/2009	good	Group0.7	aaaa	3% avg, cpu1 2%, cpu2 3%	1:133	3	2	3
10:59:24 07/10/2009	good	Group0.6	memory	15% used, 4188MB free, 3.48 pages/sec	2:1132	15	4188	3.480366
10:59:42 07/10/2009	good	Group0.6	disk_c	35% full, 13339MB free, 20473MB total	3:1124	35	13339
11:00:10 07/10/2009	good	Group0.6	cpu	3% avg, cpu1 3%, cpu2 4%	1:1118	3	3	4
11:01:32 07/10/2009	good	Group0.6	SNMP: 127.0.0.1 system.sysUpTime	MMM = 864.54 K	24:86	ok	864.54
11:07:59 07/10/2009	good	Group0.5	network	443 bytes in/sec., 326 bytes out/sec., 0.00 packet errors/sec., 25 current connections.	2:1112	443.7179	326.01587	0.0	25
11:08:42 07/10/2009	good	Group0.7	aaaa	4% avg, cpu1 4%, cpu2 5%	1:134	4	4	5
11:09:24 07/10/2009	good	Group0.6	memory	16% used, 4129MB free, 20.52 pages/sec	2:1133	16	4129	20.522566
11:09:42 07/10/2009	good	Group0.6	disk_c	35% full, 13339MB free, 20473MB total	3:1125	35	13339
11:10:10 07/10/2009	good	Group0.6	cpu	4% avg, cpu1 4%, cpu2 5%	1:1119	4	4	5
11:11:32 07/10/2009	good	Group0.6	SNMP: 127.0.0.1 system.sysUpTime	MMM = 924.54 K	24:87	ok	924.54
11:17:59 07/10/2009	good	Group0.5	network	333 bytes in/sec., 274 bytes out/sec., 0.00 packet errors/sec., 24 current connections.	2:1113	333.02414	274.58258	0.0	24
11:18:42 07/10/2009	good	Group0.7	aaaa	4% avg, cpu1 3%, cpu2 5%	1:135	4	3	5
11:19:24 07/10/2009	good	Group0.6	memory	16% used, 4134MB free, 2.12 pages/sec	2:1134	16	4134	2.1218603
11:19:42 07/10/2009	good	Group0.6	disk_c	35% full, 13339MB free, 20473MB total	3:1126	35	13339
11:20:10 07/10/2009	good	Group0.6	cpu	3% avg, cpu1 3%, cpu2 4%	1:1120	3	3	4
11:21:32 07/10/2009	good	Group0.6	SNMP: 127.0.0.1 system.sysUpTime	MMM = 984.54 K	24:88	ok	984.54
11:27:59 07/10/2009	good	Group0.5	network	294 bytes in/sec., 319 bytes out/sec., 0.00 packet errors/sec., 24 current connections.	2:1114	294.06308	319.10947	0.0	24
11:28:42 07/10/2009	good	Group0.7	aaaa	3% avg, cpu1 3%, cpu2 4%	1:136	3	3	4
11:29:24 07/10/2009	good	Group0.6	memory	16% used, 4133MB free, 4.74 pages/sec	2:1135	16	4133	4.7439213
11:29:42 07/10/2009	good	Group0.6	disk_c	35% full, 13339MB free, 20473MB total	3:1127	35	13339
11:30:10 07/10/2009	good	Group0.6	cpu	3% avg, cpu1 3%, cpu2 4%	1:1121	3	3	4
11:31:32 07/10/2009	good	Group0.6	SNMP: 127.0.0.1 system.sysUpTime	MMM = 1044.54 K	24:89	ok	1044.54
11:37:59 07/10/2009	good	Group0.5	network	603 bytes in/sec., 525 bytes out/sec., 0.00 packet errors/sec., 24 current connections.	2:1115	603.7383	525.23364	0.0	24
11:38:42 07/10/2009	good	Group0.7	aaaa	3% avg, cpu1 3%, cpu2 4%	1:137	3	3	4
11:39:24 07/10/2009	good	Group0.6	memory	16% used, 4132MB free, 3.65 pages/sec	2:1136	16	4132	3.656959
11:39:42 07/10/2009	good	Group0.6	disk_c	35% full, 13339MB free, 20473MB total	3:1128	35	13339
11:40:10 07/10/2009	good	Group0.6	cpu	3% avg, cpu1 3%, cpu2 4%	1:1122	3	3	4
11:41:32 07/10/2009	good	Group0.6	SNMP: 127.0.0.1 system.sysUpTime	MMM = 1104.54 K	24:90	ok	1104.54
11:47:59 07/10/2009	good	Group0.5	network	477 bytes in/sec., 343 bytes out/sec., 0.00 packet errors/sec., 24 current connections.	2:1116	477.05145	343.06906	0.0	24
11:48:42 07/10/2009	good	Group0.7	aaaa	3% avg, cpu1 3%, cpu2 4%	1:138	3	3	4
11:49:24 07/10/2009	good	Group0.6	memory	16% used, 4133MB free, 8.41 pages/sec	2:1137	16	4133	8.414235
11:49:42 07/10/2009	good	Group0.6	disk_c	35% full, 13338MB free, 20473MB total	3:1129	35	13338
11:50:10 07/10/2009	good	Group0.6	cpu	4% avg, cpu1 3%, cpu2 4%	1:1123	4	3	4
11:51:32 07/10/2009	good	Group0.6	SNMP: 127.0.0.1 system.sysUpTime	MMM = 1164.54 K	24:91	ok	1164.54
11:57:59 07/10/2009	good	Group0.5	network	371 bytes in/sec., 293 bytes out/sec., 0.00 packet errors/sec., 26 current connections.	2:1117	371.05753	293.13544	0.0	26
11:58:42 07/10/2009	good	Group0.7	aaaa	4% avg, cpu1 4%, cpu2 4%	1:139	4	4	4
11:59:24 07/10/2009	good	Group0.6	memory	16% used, 4133MB free, 6.48 pages/sec	2:1138	16	4133	6.4803243
11:59:42 07/10/2009	good	Group0.6	disk_c	35% full, 13338MB free, 20473MB total	3:1130	35	13338
12:00:10 07/10/2009	good	Group0.6	cpu	4% avg, cpu1 3%, cpu2 4%	1:1124	4	3	4
12:01:32 07/10/2009	good	Group0.6	SNMP: 127.0.0.1 system.sysUpTime	MMM = 1224.55 K	24:92	ok	1224.55
12:07:59 07/10/2009	good	Group0.5	network	453 bytes in/sec., 318 bytes out/sec., 0.00 packet errors/sec., 24 current connections.	2:1118	453.15402	318.18182	0.0	24
12:08:42 07/10/2009	good	Group0.7	aaaa	2% avg, cpu1 2%, cpu2 2%	1:140	2	2	2
12:09:24 07/10/2009	good	Group0.6	memory	16% used, 4126MB free, 0.58 pages/sec	2:1139	16	4126	0.585046
12:09:42 07/10/2009	good	Group0.6	disk_c	35% full, 13338MB free, 20473MB total	3:1131	35	13338
12:10:10 07/10/2009	good	Group0.6	cpu	3% avg, cpu1 2%, cpu2 5%	1:1125	3	2	5
12:11:32 07/10/2009	good	Group0.6	SNMP: 127.0.0.1 system.sysUpTime	MMM = 1284.55 K	24:93	ok	1284.55
12:17:59 07/10/2009	good	Group0.5	network	645 bytes in/sec., 612 bytes out/sec., 0.00 packet errors/sec., 25 current connections.	2:1119	645.6401	612.24493	0.0	25
12:18:42 07/10/2009	good	Group0.7	aaaa	20% avg, cpu1 4%, cpu2 36%	1:141	20	4	36
12:19:24 07/10/2009	good	Group0.6	memory	16% used, 4114MB free, 453.35 pages/sec	2:1140	16	4114	453.35202
12:19:42 07/10/2009	good	Group0.6	disk_c	35% full, 13333MB free, 20473MB total	3:1132	35	13333
12:20:10 07/10/2009	good	Group0.6	cpu	22% avg, cpu1 4%, cpu2 40%	1:1126	22	4	40
12:21:32 07/10/2009	good	Group0.6	SNMP: 127.0.0.1 system.sysUpTime	MMM = 1344.55 K	24:94	ok	1344.55
12:27:59 07/10/2009	good	Group0.5	network	512 bytes in/sec., 377 bytes out/sec., 0.00 packet errors/sec., 24 current connections.	2:1120	512.5232	377.55103	0.0	24
12:28:42 07/10/2009	good	Group0.7	aaaa	25% avg, cpu1 4%, cpu2 45%	1:142	25	4	45
12:29:24 07/10/2009	good	Group0.6	memory	17% used, 4094MB free, 349.34 pages/sec	2:1141	17	4094	349.34085
12:29:42 07/10/2009	good	Group0.6	disk_c	35% full, 13329MB free, 20473MB total	3:1133	35	13329
12:30:10 07/10/2009	good	Group0.6	cpu	24% avg, cpu1 4%, cpu2 43%	1:1127	24	4	43
12:31:32 07/10/2009	good	Group0.6	SNMP: 127.0.0.1 system.sysUpTime	MMM = 1404.55 K	24:95	ok	1404.55
12:37:59 07/10/2009	good	Group0.5	network	462 bytes in/sec., 354 bytes out/sec., 0.00 packet errors/sec., 24 current connections.	2:1121	462.40073	354.9743	0.0	24
12:38:42 07/10/2009	good	Group0.7	aaaa	5% avg, cpu1 2%, cpu2 7%	1:143	5	2	7
12:39:24 07/10/2009	good	Group0.6	memory	17% used, 4104MB free, 3.30 pages/sec	2:1142	17	4104	3.305219
12:39:42 07/10/2009	good	Group0.6	disk_c	35% full, 13330MB free, 20473MB total	3:1134	35	13330
12:40:10 07/10/2009	good	Group0.6	cpu	2% avg, cpu1 2%, cpu2 3%	1:1128	2	2	3
12:41:32 07/10/2009	good	Group0.6	SNMP: 127.0.0.1 system.sysUpTime	MMM = 1464.55 K	24:96	ok	1464.55
12:47:59 07/10/2009	good	Group0.5	network	875 bytes in/sec., 742 bytes out/sec., 0.00 packet errors/sec., 85 current connections.	2:1122	875.68555	742.23035	0.0	85
12:48:42 07/10/2009	good	Group0.7	aaaa	7% avg, cpu1 6%, cpu2 8%	1:144	7	6	8
12:49:24 07/10/2009	good	Group0.6	memory	19% used, 4002MB free, 38.47 pages/sec	2:1143	19	4002	38.478443
12:49:42 07/10/2009	good	Group0.6	disk_c	35% full, 13330MB free, 20473MB total	3:1135	35	13330
12:50:10 07/10/2009	good	Group0.6	cpu	12% avg, cpu1 10%, cpu2 14%	1:1129	12	10	14
12:51:32 07/10/2009	good	Group0.6	SNMP: 127.0.0.1 system.sysUpTime	MMM = 1524.55 K	24:97	ok	1524.55
12:57:59 07/10/2009	good	Group0.5	network	3K in/sec., 2K out/sec., 0.00 packet errors/sec., 26 current connections.	2:1123	3555.2488	2318.6003	0.0	26
12:58:42 07/10/2009	good	Group0.7	aaaa	15% avg, cpu1 12%, cpu2 17%	1:145	15	12	17
12:59:24 07/10/2009	good	Group0.6	memory	18% used, 4018MB free, 5.52 pages/sec	2:1144	18	4018	5.524949
12:59:42 07/10/2009	good	Group0.6	disk_c	35% full, 13326MB free, 20473MB total	3:1136	35	13326
13:00:10 07/10/2009	good	Group0.6	cpu	10% avg, cpu1 9%, cpu2 12%	1:1130	10	9	12
13:01:32 07/10/2009	good	Group0.6	SNMP: 127.0.0.1 system.sysUpTime	MMM = 1584.55 K	24:98	ok	1584.55
13:07:59 07/10/2009	good	Group0.5	network	473 bytes in/sec., 402 bytes out/sec., 0.00 packet errors/sec., 59 current connections.	2:1124	473.8992	402.17883	0.0	59
13:08:43 07/10/2009	good	Group0.7	aaaa	21% avg, cpu1 16%, cpu2 26%	1:146	21	16	26
13:09:24 07/10/2009	good	Group0.6	memory	18% used, 4048MB free, 41.38 pages/sec	2:1145	18	4048	41.381474
13:09:42 07/10/2009	good	Group0.6	disk_c	36% full, 13299MB free, 20473MB total	3:1137	36	13299
13:10:10 07/10/2009	good	Group0.6	cpu	26% avg, cpu1 20%, cpu2 31%	1:1131	26	20	31
13:11:32 07/10/2009	good	Group0.6	SNMP: 127.0.0.1 system.sysUpTime	MMM = 1644.55 K	24:99	ok	1644.55
13:17:59 07/10/2009	good	Group0.5	network	492 bytes in/sec., 299 bytes out/sec., 0.00 packet errors/sec., 24 current connections.	2:1125	492.35046	299.49002	0.0	24
13:18:42 07/10/2009	good	Group0.7	aaaa	16% avg, cpu1 12%, cpu2 19%	1:147	16	12	19
13:19:24 07/10/2009	good	Group0.6	memory	17% used, 4068MB free, 31.77 pages/sec	2:1146	17	4068	31.775011
13:19:42 07/10/2009	good	Group0.6	disk_c	36% full, 13299MB free, 20473MB total	3:1138	36	13299
13:20:10 07/10/2009	good	Group0.6	cpu	11% avg, cpu1 8%, cpu2 14%	1:1132	11	8	14
13:21:32 07/10/2009	good	Group0.6	SNMP: 127.0.0.1 system.sysUpTime	MMM = 1704.55 K	24:100	ok	1704.55
13:27:59 07/10/2009	good	Group0.5	network	471 bytes in/sec., 336 bytes out/sec., 0.00 packet errors/sec., 23 current connections.	2:1126	471.02457	336.57858	0.0	23
13:28:42 07/10/2009	good	Group0.7	aaaa	6% avg, cpu1 5%, cpu2 7%	1:148	6	5	7
13:29:24 07/10/2009	good	Group0.6	memory	17% used, 4069MB free, 0.22 pages/sec	2:1147	17	4069	0.22332534
13:29:42 07/10/2009	good	Group0.6	disk_c	36% full, 13299MB free, 20473MB total	3:1139	36	13299
13:30:10 07/10/2009	good	Group0.6	cpu	6% avg, cpu1 5%, cpu2 7%	1:1133	6	5	7
13:31:32 07/10/2009	good	Group0.6	SNMP: 127.0.0.1 system.sysUpTime	MMM = 1764.55 K	24:101	ok	1764.55
13:37:59 07/10/2009	good	Group0.5	network	496 bytes in/sec., 301 bytes out/sec., 0.00 packet errors/sec., 24 current connections.	2:1127	496.96402	301.72815	0.0	24
13:38:42 07/10/2009	good	Group0.7	aaaa	4% avg, cpu1 3%, cpu2 4%	1:149	4	3	4
13:39:24 07/10/2009	good	Group0.6	memory	17% used, 4062MB free, 0.83 pages/sec	2:1148	17	4062	0.83003706
13:39:42 07/10/2009	good	Group0.6	disk_c	36% full, 13299MB free, 20473MB total	3:1140	36	13299
13:40:10 07/10/2009	good	Group0.6	cpu	4% avg, cpu1 4%, cpu2 5%	1:1134	4	4	5
13:41:32 07/10/2009	good	Group0.6	SNMP: 127.0.0.1 system.sysUpTime	MMM = 1824.55 K	24:102	ok	1824.55
13:47:59 07/10/2009	good	Group0.5	network	583 bytes in/sec., 297 bytes out/sec., 0.00 packet errors/sec., 24 current connections.	2:1128	583.79376	297.42175	0.0	24
13:48:42 07/10/2009	good	Group0.7	aaaa	5% avg, cpu1 4%, cpu2 6%	1:150	5	4	6
13:49:24 07/10/2009	good	Group0.6	memory	17% used, 4069MB free, 10.50 pages/sec	2:1149	17	4069	10.501531
13:49:42 07/10/2009	good	Group0.6	disk_c	36% full, 13298MB free, 20473MB total	3:1141	36	13298
13:50:10 07/10/2009	good	Group0.6	cpu	5% avg, cpu1 4%, cpu2 5%	1:1135	5	4	5
13:51:32 07/10/2009	good	Group0.6	SNMP: 127.0.0.1 system.sysUpTime	MMM = 1884.55 K	24:103	ok	1884.55
13:57:59 07/10/2009	good	Group0.5	network	430 bytes in/sec., 315 bytes out/sec., 0.00 packet errors/sec., 24 current connections.	2:1129	430.93924	315.83795	0.0	24
13:58:42 07/10/2009	good	Group0.7	aaaa	4% avg, cpu1 4%, cpu2 5%	1:151	4	4	5
13:59:24 07/10/2009	good	Group0.6	memory	17% used, 4071MB free, 4.03 pages/sec	2:1150	17	4071	4.0317
13:59:42 07/10/2009	good	Group0.6	disk_c	36% full, 13298MB free, 20473MB total	3:1142	36	13298
14:00:10 07/10/2009	good	Group0.6	cpu	4% avg, cpu1 4%, cpu2 5%	1:1136	4	4	5
14:01:32 07/10/2009	good	Group0.6	SNMP: 127.0.0.1 system.sysUpTime	MMM = 1944.55 K	24:104	ok	1944.55
14:07:59 07/10/2009	good	Group0.5	network	865 bytes in/sec., 368 bytes out/sec., 0.00 packet errors/sec., 23 current connections.	2:1130	865.0904	368.10385	0.0	23
14:08:42 07/10/2009	good	Group0.7	aaaa	6% avg, cpu1 5%, cpu2 7%	1:152	6	5	7
14:09:24 07/10/2009	good	Group0.6	memory	17% used, 4071MB free, 0.74 pages/sec	2:1151	17	4071	0.7433247
14:09:42 07/10/2009	good	Group0.6	disk_c	36% full, 13298MB free, 20473MB total	3:1143	36	13298
14:10:10 07/10/2009	good	Group0.6	cpu	6% avg, cpu1 5%, cpu2 7%	1:1137	6	5	7
14:11:32 07/10/2009	good	Group0.6	SNMP: 127.0.0.1 system.sysUpTime	MMM = 2004.55 K	24:105	ok	2004.55
14:17:59 07/10/2009	good	Group0.5	network	380 bytes in/sec., 274 bytes out/sec., 0.00 packet errors/sec., 23 current connections.	2:1131	380.15762	274.45526	0.0	23
14:18:42 07/10/2009	good	Group0.7	aaaa	5% avg, cpu1 4%, cpu2 6%	1:153	5	4	6
14:19:24 07/10/2009	good	Group0.6	memory	17% used, 4059MB free, 10.00 pages/sec	2:1152	17	4059	10.000065
14:19:42 07/10/2009	good	Group0.6	disk_c	36% full, 13298MB free, 20473MB total	3:1144	36	13298
14:20:10 07/10/2009	good	Group0.6	cpu	5% avg, cpu1 4%, cpu2 6%	1:1138	5	4	6
14:21:32 07/10/2009	good	Group0.6	SNMP: 127.0.0.1 system.sysUpTime	MMM = 2064.55 K	24:106	ok	2064.55
14:27:59 07/10/2009	good	Group0.5	network	274 bytes in/sec., 274 bytes out/sec., 0.00 packet errors/sec., 23 current connections.	2:1132	274.58258	274.58258	0.0	23
14:28:42 07/10/2009	good	Group0.7	aaaa	4% avg, cpu1 3%, cpu2 5%	1:154	4	3	5
14:29:24 07/10/2009	good	Group0.6	memory	17% used, 4066MB free, 3.10 pages/sec	2:1153	17	4066	3.1016812
14:29:42 07/10/2009	good	Group0.6	disk_c	36% full, 13298MB free, 20473MB total	3:1145	36	13298
14:30:10 07/10/2009	good	Group0.6	cpu	4% avg, cpu1 4%, cpu2 5%	1:1139	4	4	5
14:31:32 07/10/2009	good	Group0.6	SNMP: 127.0.0.1 system.sysUpTime	MMM = 2124.55 K	24:107	ok	2124.55
14:37:59 07/10/2009	good	Group0.5	network	272 bytes in/sec., 272 bytes out/sec., 0.00 packet errors/sec., 22 current connections.	2:1133	272.55988	272.55988	0.0	22
14:38:42 07/10/2009	good	Group0.7	aaaa	5% avg, cpu1 4%, cpu2 5%	1:155	5	4	5
14:39:24 07/10/2009	good	Group0.6	memory	18% used, 4049MB free, 12.90 pages/sec	2:1154	18	4049	12.906698
14:39:42 07/10/2009	good	Group0.6	disk_c	36% full, 13296MB free, 20473MB total	3:1146	36	13296
14:40:10 07/10/2009	good	Group0.6	cpu	5% avg, cpu1 4%, cpu2 5%	1:1140	5	4	5
14:41:32 07/10/2009	good	Group0.6	SNMP: 127.0.0.1 system.sysUpTime	MMM = 2184.55 K	24:108	ok	2184.55
14:47:59 07/10/2009	good	Group0.5	network	369 bytes in/sec., 313 bytes out/sec., 0.00 packet errors/sec., 24 current connections.	2:1134	369.9206	313.872	0.0	24
14:48:42 07/10/2009	good	Group0.7	aaaa	6% avg, cpu1 6%, cpu2 7%	1:156	6	6	7
14:49:24 07/10/2009	good	Group0.6	memory	16% used, 4139MB free, 49.68 pages/sec	2:1155	16	4139	49.684544
14:49:42 07/10/2009	good	Group0.6	disk_c	36% full, 13298MB free, 20473MB total	3:1147	36	13298
14:50:10 07/10/2009	good	Group0.6	cpu	6% avg, cpu1 6%, cpu2 7%	1:1141	6	6	7
14:51:32 07/10/2009	good	Group0.6	SNMP: 127.0.0.1 system.sysUpTime	MMM = 2244.55 K	24:109	ok	2244.55
14:57:59 07/10/2009	good	Group0.5	network	362 bytes in/sec., 276 bytes out/sec., 0.00 packet errors/sec., 24 current connections.	2:1135	362.44745	276.5063	0.0	24
14:58:43 07/10/2009	good	Group0.7	aaaa	4% avg, cpu1 3%, cpu2 5%	1:157	4	3	5
14:59:24 07/10/2009	good	Group0.6	memory	16% used, 4132MB free, 14.90 pages/sec	2:1156	16	4132	14.907838
14:59:42 07/10/2009	good	Group0.6	disk_c	36% full, 13297MB free, 20473MB total	3:1148	36	13297
15:00:10 07/10/2009	good	Group0.6	cpu	4% avg, cpu1 3%, cpu2 5%	1:1142	4	3	5
15:01:32 07/10/2009	good	Group0.6	SNMP: 127.0.0.1 system.sysUpTime	MMM = 2304.55 K	24:110	ok	2304.55
15:07:59 07/10/2009	good	Group0.5	network	363 bytes in/sec., 293 bytes out/sec., 0.00 packet errors/sec., 24 current connections.	2:1136	363.63638	293.13544	0.0	24
15:08:42 07/10/2009	good	Group0.7	aaaa	4% avg, cpu1 3%, cpu2 4%	1:158	4	3	4
15:09:24 07/10/2009	good	Group0.6	memory	16% used, 4135MB free, 4.36 pages/sec	2:1157	16	4135	4.360255
15:09:42 07/10/2009	good	Group0.6	disk_c	36% full, 13297MB free, 20473MB total	3:1149	36	13297
15:10:10 07/10/2009	good	Group0.6	cpu	3% avg, cpu1 3%, cpu2 4%	1:1143	3	3	4
15:11:32 07/10/2009	good	Group0.6	SNMP: 127.0.0.1 system.sysUpTime	MMM = 2364.55 K	24:111	ok	2364.55
15:15:06 07/10/2009	error	Group0.6	aaa	% Total Processor Time n/a, File Read Bytes/sec: = 2261.83/sec, File Write Bytes/sec: = 204.69/sec	25:1	n/a	0	0	0	2261.83	0	10	39494584433	204.69	0	10	303840461	1	nonfailure
15:17:59 07/10/2009	good	Group0.5	network	320 bytes in/sec., 293 bytes out/sec., 0.00 packet errors/sec., 28 current connections.	2:1137	320.96475	293.13544	0.0	28
15:18:42 07/10/2009	good	Group0.7	aaaa	6% avg, cpu1 5%, cpu2 7%	1:159	6	5	7
15:19:24 07/10/2009	good	Group0.6	memory	17% used, 4088MB free, 6.03 pages/sec	2:1158	17	4088	6.0383434
15:19:42 07/10/2009	good	Group0.6	disk_c	36% full, 13297MB free, 20473MB total	3:1150	36	13297
15:20:10 07/10/2009	good	Group0.6	cpu	6% avg, cpu1 5%, cpu2 7%	1:1144	6	5	7
15:21:04 07/10/2009	good	Group0.6	cpu	7% avg, cpu1 6%, cpu2 8%	1:1144	7	6	8
15:21:04 07/10/2009	good	Group0.6	memory	17% used, 4089MB free, 6.09 pages/sec	2:1158	17	4089	6.0983663
15:21:04 07/10/2009	good	Group0.6	disk_c	36% full, 13297MB free, 20473MB total	3:1150	36	13297
15:21:09 07/10/2009	error	Group0.6	aaa	% Total Processor Time n/a, File Read Bytes/sec: = 4627010.50/sec, File Write Bytes/sec: = 3872.83/sec	25:2	n/a	0	0	0	4627010.50	0	10	39825243535	3872.83	0	10	306928574	1	nonfailure
15:21:34 07/10/2009	good	Group0.6	SNMP: 127.0.0.1 system.sysUpTime	MMM = 2424.66 K	24:112	ok	2424.66
15:22:48 07/10/2009	good	Group0.7	aaaa	6% avg, cpu1 5%, cpu2 7%	1:159	6	5	7
15:28:01 07/10/2009	good	Group0.5	network	922 bytes in/sec., 630 bytes out/sec., 0.00 packet errors/sec., 29 current connections.	2:1138	922.07794	630.7978	0.0	29
15:31:04 07/10/2009	good	Group0.6	memory	17% used, 4087MB free, 0.18 pages/sec	2:1159	17	4087	0.18004635
15:31:04 07/10/2009	good	Group0.6	disk_c	36% full, 13297MB free, 20473MB total	3:1151	36	13297
15:31:04 07/10/2009	good	Group0.6	cpu	4% avg, cpu1 3%, cpu2 5%	1:1145	4	3	5
15:31:09 07/10/2009	error	Group0.6	aaa	% Total Processor Time n/a, File Read Bytes/sec: = 2904061.20/sec, File Write Bytes/sec: = 4345.46/sec	25:3	n/a	0	0	0	2904061.20	0	10	40149044132	4345.46	0	10	310386802	1	nonfailure
15:31:33 07/10/2009	good	Group0.6	SNMP: 127.0.0.1 system.sysUpTime	MMM = 2484.65 K	24:113	ok	2484.65
15:32:48 07/10/2009	good	Group0.7	aaaa	4% avg, cpu1 3%, cpu2 5%	1:160	4	3	5
15:38:01 07/10/2009	good	Group0.5	network	649 bytes in/sec., 333 bytes out/sec., 0.00 packet errors/sec., 28 current connections.	2:1139	649.3507	333.95178	0.0	28
15:41:04 07/10/2009	good	Group0.6	memory	17% used, 4087MB free, 8.97 pages/sec	2:1160	17	4087	8.973348
15:41:04 07/10/2009	good	Group0.6	cpu	4% avg, cpu1 3%, cpu2 5%	1:1146	4	3	5
15:41:04 07/10/2009	good	Group0.6	disk_c	36% full, 13297MB free, 20473MB total	3:1152	36	13297
15:41:09 07/10/2009	error	Group0.6	aaa	% Total Processor Time n/a, File Read Bytes/sec: = 1534075.20/sec, File Write Bytes/sec: = 2876.24/sec	25:4	n/a	0	0	0	1534075.20	0	10	40531919534	2876.24	0	10	313855268	1	nonfailure
15:41:33 07/10/2009	good	Group0.6	SNMP: 127.0.0.1 system.sysUpTime	MMM = 2544.65 K	24:114	ok	2544.65
15:42:48 07/10/2009	good	Group0.7	aaaa	4% avg, cpu1 4%, cpu2 5%	1:161	4	4	5
15:48:01 07/10/2009	good	Group0.5	network	500 bytes in/sec., 319 bytes out/sec., 0.00 packet errors/sec., 28 current connections.	2:1140	500.92767	319.10947	0.0	28
15:51:04 07/10/2009	good	Group0.6	memory	17% used, 4089MB free, 0.60 pages/sec	2:1161	17	4089	0.6034779
15:51:04 07/10/2009	good	Group0.6	cpu	4% avg, cpu1 3%, cpu2 4%	1:1147	4	3	4
15:51:04 07/10/2009	good	Group0.6	disk_c	36% full, 13297MB free, 20473MB total	3:1153	36	13297
15:51:09 07/10/2009	error	Group0.6	aaa	% Total Processor Time n/a, File Read Bytes/sec: = 1436340.50/sec, File Write Bytes/sec: = 2874.89/sec	25:5	n/a	0	0	0	1436340.50	0	10	40880578483	2874.89	0	10	317128657	1	nonfailure
15:51:33 07/10/2009	good	Group0.6	SNMP: 127.0.0.1 system.sysUpTime	MMM = 2604.65 K	24:115	ok	2604.65
15:52:48 07/10/2009	good	Group0.7	aaaa	4% avg, cpu1 3%, cpu2 4%	1:162	4	3	4
15:58:01 07/10/2009	good	Group0.5	network	689 bytes in/sec., 295 bytes out/sec., 0.00 packet errors/sec., 29 current connections.	2:1141	689.39746	295.18915	0.0	29
16:01:04 07/10/2009	good	Group0.6	disk_c	36% full, 13296MB free, 20473MB total	3:1154	36	13296
16:01:04 07/10/2009	good	Group0.6	memory	17% used, 4093MB free, 0.26 pages/sec	2:1162	17	4093	0.26505065
16:01:04 07/10/2009	good	Group0.6	cpu	5% avg, cpu1 5%, cpu2 6%	1:1148	5	5	6
16:01:09 07/10/2009	error	Group0.6	aaa	% Total Processor Time n/a, File Read Bytes/sec: = 1905013.10/sec, File Write Bytes/sec: = 2786.83/sec	25:6	n/a	0	0	0	1905013.10	0	10	41233259401	2786.83	0	10	320617805	1	nonfailure
16:01:33 07/10/2009	good	Group0.6	SNMP: 127.0.0.1 system.sysUpTime	MMM = 2664.65 K	24:116	ok	2664.65
16:02:48 07/10/2009	good	Group0.7	aaaa	5% avg, cpu1 5%, cpu2 6%	1:163	5	5	6
16:08:01 07/10/2009	good	Group0.5	network	579 bytes in/sec., 317 bytes out/sec., 0.00 packet errors/sec., 28 current connections.	2:1142	579.4392	317.757	0.0	28
16:11:04 07/10/2009	good	Group0.6	memory	17% used, 4088MB free, 5.52 pages/sec	2:1163	17	4088	5.523385
16:11:04 07/10/2009	good	Group0.6	cpu	4% avg, cpu1 4%, cpu2 5%	1:1149	4	4	5
16:11:04 07/10/2009	good	Group0.6	disk_c	36% full, 13296MB free, 20473MB total	3:1155	36	13296
16:11:09 07/10/2009	error	Group0.6	aaa	% Total Processor Time n/a, File Read Bytes/sec: = 1344530.50/sec, File Write Bytes/sec: = 2863.66/sec	25:7	n/a	0	0	0	1344530.50	0	10	41699911272	2863.66	0	10	324101032	1	nonfailure
16:11:33 07/10/2009	good	Group0.6	SNMP: 127.0.0.1 system.sysUpTime	MMM = 2724.65 K	24:117	ok	2724.65
16:12:48 07/10/2009	good	Group0.7	aaaa	5% avg, cpu1 4%, cpu2 5%	1:164	5	4	5
16:18:01 07/10/2009	good	Group0.5	network	467 bytes in/sec., 321 bytes out/sec., 0.00 packet errors/sec., 29 current connections.	2:1143	467.07144	321.34515	0.0	29
16:21:04 07/10/2009	good	Group0.6	memory	17% used, 4089MB free, 0.81 pages/sec	2:1164	17	4089	0.8151733
16:21:04 07/10/2009	good	Group0.6	cpu	4% avg, cpu1 3%, cpu2 5%	1:1150	4	3	5
16:21:04 07/10/2009	good	Group0.6	disk_c	36% full, 13296MB free, 20473MB total	3:1156	36	13296
16:21:09 07/10/2009	error	Group0.6	aaa	% Total Processor Time n/a, File Read Bytes/sec: = 1477026.80/sec, File Write Bytes/sec: = 2871.47/sec	25:8	n/a	0	0	0	1477026.80	0	10	42044554813	2871.47	0	10	328199882	1	nonfailure
16:21:33 07/10/2009	good	Group0.6	SNMP: 127.0.0.1 system.sysUpTime	MMM = 2784.65 K	24:118	ok	2784.65
16:22:48 07/10/2009	good	Group0.7	aaaa	4% avg, cpu1 3%, cpu2 5%	1:165	4	3	5
16:28:01 07/10/2009	good	Group0.5	network	634 bytes in/sec., 400 bytes out/sec., 0.00 packet errors/sec., 29 current connections.	2:1144	634.50836	400.74213	0.0	29
16:31:04 07/10/2009	good	Group0.6	memory	17% used, 4086MB free, 1.96 pages/sec	2:1165	17	4086	1.969043
16:31:04 07/10/2009	good	Group0.6	cpu	5% avg, cpu1 4%, cpu2 5%	1:1151	5	4	5
16:31:04 07/10/2009	good	Group0.6	disk_c	36% full, 13296MB free, 20473MB total	3:1157	36	13296
16:31:09 07/10/2009	error	Group0.6	aaa	% Total Processor Time n/a, File Read Bytes/sec: = 1486897.60/sec, File Write Bytes/sec: = 2825.01/sec	25:9	n/a	0	0	0	1486897.60	0	10	42430749983	2825.01	0	10	332054478	1	nonfailure
16:31:33 07/10/2009	good	Group0.6	SNMP: 127.0.0.1 system.sysUpTime	MMM = 2844.65 K	24:119	ok	2844.65
16:32:48 07/10/2009	good	Group0.7	aaaa	4% avg, cpu1 4%, cpu2 5%	1:166	4	4	5
16:38:01 07/10/2009	good	Group0.5	network	725 bytes in/sec., 405 bytes out/sec., 0.00 packet errors/sec., 28 current connections.	2:1145	725.5986	405.15656	0.0	28
16:41:04 07/10/2009	good	Group0.6	memory	17% used, 4056MB free, 17.07 pages/sec	2:1166	17	4056	17.079689
16:41:04 07/10/2009	good	Group0.6	cpu	6% avg, cpu1 5%, cpu2 6%	1:1152	6	5	6
16:41:04 07/10/2009	good	Group0.6	disk_c	36% full, 13296MB free, 20473MB total	3:1158	36	13296
16:41:09 07/10/2009	error	Group0.6	aaa	% Total Processor Time n/a, File Read Bytes/sec: = 1358273.10/sec, File Write Bytes/sec: = 2893.24/sec	25:10	n/a	0	0	0	1358273.10	0	10	42961284654	2893.24	0	10	336818083	1	nonfailure
16:41:33 07/10/2009	good	Group0.6	SNMP: 127.0.0.1 system.sysUpTime	MMM = 2904.65 K	24:120	ok	2904.65
16:42:48 07/10/2009	good	Group0.7	aaaa	8% avg, cpu1 8%, cpu2 8%	1:167	8	8	8
16:48:01 07/10/2009	good	Group0.5	network	395 bytes in/sec., 311 bytes out/sec., 0.00 packet errors/sec., 28 current connections.	2:1146	395.17627	311.68832	0.0	28
16:51:04 07/10/2009	good	Group0.6	cpu	8% avg, cpu1 7%, cpu2 8%	1:1153	8	7	8
16:51:04 07/10/2009	good	Group0.6	memory	18% used, 4039MB free, 58.33 pages/sec	2:1167	18	4039	58.33061
16:51:04 07/10/2009	good	Group0.6	disk_c	36% full, 13296MB free, 20473MB total	3:1159	36	13296
16:51:09 07/10/2009	error	Group0.6	aaa	% Total Processor Time n/a, File Read Bytes/sec: = 1352277.60/sec, File Write Bytes/sec: = 3030.00/sec	25:11	n/a	0	0	0	1352277.60	0	10	43868996425	3030.00	0	10	381235174	1	nonfailure
16:51:33 07/10/2009	good	Group0.6	SNMP: 127.0.0.1 system.sysUpTime	MMM = 2964.65 K	24:121	ok	2964.65
16:52:48 07/10/2009	good	Group0.7	aaaa	5% avg, cpu1 5%, cpu2 5%	1:168	5	5	5
16:58:01 07/10/2009	good	Group0.5	network	469 bytes in/sec., 371 bytes out/sec., 0.00 packet errors/sec., 28 current connections.	2:1147	469.3878	371.05753	0.0	28
17:01:04 07/10/2009	good	Group0.6	memory	18% used, 4016MB free, 7.92 pages/sec	2:1168	18	4016	7.9200516
17:01:04 07/10/2009	good	Group0.6	cpu	8% avg, cpu1 7%, cpu2 9%	1:1154	8	7	9
17:01:04 07/10/2009	good	Group0.6	disk_c	36% full, 13295MB free, 20473MB total	3:1160	36	13295
17:01:09 07/10/2009	error	Group0.6	aaa	% Total Processor Time n/a, File Read Bytes/sec: = 6998741.50/sec, File Write Bytes/sec: = 39597.57/sec	25:12	n/a	0	0	0	6998741.50	0	10	44627007988	39597.57	0	10	384950442	1	nonfailure
17:01:33 07/10/2009	good	Group0.6	SNMP: 127.0.0.1 system.sysUpTime	MMM = 3024.65 K	24:122	ok	3024.65
17:02:48 07/10/2009	good	Group0.7	aaaa	10% avg, cpu1 8%, cpu2 12%	1:169	10	8	12
17:08:01 07/10/2009	good	Group0.5	network	672 bytes in/sec., 365 bytes out/sec., 0.00 packet errors/sec., 28 current connections.	2:1148	672.7605	365.6307	0.0	28
17:09:11 07/10/2009	error	Group0.6	aaa	% Total Processor Time n/a, File Read Bytes/sec: = 1210813.20/sec, File Write Bytes/sec: = 3964.07/sec	25:13	n/a	0	0	0	1210813.20	0	10	45347054761	3964.07	0	10	391547969	1	nonfailure
17:09:29 07/10/2009	error	Group0.6	aaa	% Total Processor Time n/a, File Read Bytes/sec: = 5761.84/sec, File Write Bytes/sec: = 3881.85/sec	25:14	n/a	0	0	0	5761.84	0	10	45369024631	3881.85	0	10	391852275	1	nonfailure
17:11:04 07/10/2009	good	Group0.6	memory	18% used, 4034MB free, 20.29 pages/sec	2:1169	18	4034	20.293898
17:11:04 07/10/2009	good	Group0.6	cpu	10% avg, cpu1 7%, cpu2 12%	1:1155	10	7	12
17:11:04 07/10/2009	good	Group0.6	disk_c	36% full, 13293MB free, 20473MB total	3:1161	36	13293
17:11:34 07/10/2009	good	Group0.6	SNMP: 127.0.0.1 system.sysUpTime	MMM = 3084.75 K	24:123	ok	3084.75
17:12:48 07/10/2009	good	Group0.7	aaaa	8% avg, cpu1 7%, cpu2 10%	1:170	8	7	10
17:18:01 07/10/2009	good	Group0.5	network	830 bytes in/sec., 460 bytes out/sec., 0.00 packet errors/sec., 29 current connections.	2:1149	830.5709	460.40518	0.0	29
17:18:48 07/10/2009	error	Group0.6	aaa	% Total Processor Time n/a, File Read Bytes/sec: = 953.80/sec, File Write Bytes/sec: = 5251.50/sec	25:15	n/a	0	0	0	953.80	0	10	45843151804	5251.50	0	10	395385456	1	nonfailure
17:21:04 07/10/2009	good	Group0.6	memory	18% used, 4039MB free, 1.18 pages/sec	2:1170	18	4039	1.1882181
17:21:04 07/10/2009	good	Group0.6	cpu	6% avg, cpu1 5%, cpu2 7%	1:1156	6	5	7
17:21:04 07/10/2009	good	Group0.6	disk_c	36% full, 13292MB free, 20473MB total	3:1162	36	13292
17:21:36 07/10/2009	good	Group0.6	SNMP: 127.0.0.1 system.sysUpTime	MMM = 3144.86 K	24:124	ok	3144.86
17:22:48 07/10/2009	good	Group0.7	aaaa	6% avg, cpu1 5%, cpu2 7%	1:171	6	5	7
17:28:01 07/10/2009	good	Group0.5	network	754 bytes in/sec., 482 bytes out/sec., 0.00 packet errors/sec., 33 current connections.	2:1150	754.75195	482.15112	0.0	33
17:28:48 07/10/2009	error	Group0.6	aaa	% Total Processor Time n/a, File Read Bytes/sec: = 178893.02/sec, File Write Bytes/sec: = 5204.99/sec	25:16	n/a	0	0	0	178893.02	0	10	46518645817	5204.99	0	10	398983364	1	nonfailure
17:31:04 07/10/2009	good	Group0.6	memory	17% used, 4065MB free, 2.16 pages/sec	2:1171	17	4065	2.166774
17:31:04 07/10/2009	good	Group0.6	cpu	8% avg, cpu1 7%, cpu2 9%	1:1157	8	7	9
17:31:04 07/10/2009	good	Group0.6	disk_c	36% full, 13292MB free, 20473MB total	3:1163	36	13292
17:31:35 07/10/2009	good	Group0.6	SNMP: 127.0.0.1 system.sysUpTime	MMM = 3204.85 K	24:125	ok	3204.85
17:32:48 07/10/2009	good	Group0.7	aaaa	8% avg, cpu1 7%, cpu2 9%	1:172	8	7	9
17:38:01 07/10/2009	good	Group0.5	network	493 bytes in/sec., 290 bytes out/sec., 0.00 packet errors/sec., 25 current connections.	2:1151	493.55435	290.97607	0.0	25
17:38:48 07/10/2009	error	Group0.6	aaa	% Total Processor Time n/a, File Read Bytes/sec: = 824.72/sec, File Write Bytes/sec: = 241.20/sec	25:17	n/a	0	0	0	824.72	0	10	46883976816	241.20	0	10	401267823	1	nonfailure
17:41:04 07/10/2009	good	Group0.6	memory	18% used, 4048MB free, 0.23 pages/sec	2:1172	18	4048	0.23832272
17:41:04 07/10/2009	good	Group0.6	cpu	7% avg, cpu1 6%, cpu2 8%	1:1158	7	6	8
17:41:04 07/10/2009	good	Group0.6	disk_c	36% full, 13292MB free, 20473MB total	3:1164	36	13292
17:41:36 07/10/2009	good	Group0.6	SNMP: 127.0.0.1 system.sysUpTime	MMM = 3264.86 K	24:126	ok	3264.86
17:42:48 07/10/2009	good	Group0.7	aaaa	8% avg, cpu1 7%, cpu2 9%	1:173	8	7	9
17:48:01 07/10/2009	good	Group0.5	network	581 bytes in/sec., 290 bytes out/sec., 0.00 packet errors/sec., 25 current connections.	2:1152	581.95215	290.97607	0.0	25
17:48:48 07/10/2009	error	Group0.6	aaa	% Total Processor Time n/a, File Read Bytes/sec: = 261844.92/sec, File Write Bytes/sec: = 6293.99/sec	25:18	n/a	0	0	0	261844.92	0	10	47280125025	6293.99	0	10	404961832	1	nonfailure
17:51:04 07/10/2009	good	Group0.6	cpu	9% avg, cpu1 8%, cpu2 10%	1:1159	9	8	10
17:51:04 07/10/2009	good	Group0.6	memory	18% used, 4053MB free, 17.30 pages/sec	2:1173	18	4053	17.308329
17:51:04 07/10/2009	good	Group0.6	disk_c	36% full, 13292MB free, 20473MB total	3:1165	36	13292
17:51:35 07/10/2009	good	Group0.6	SNMP: 127.0.0.1 system.sysUpTime	MMM = 3324.85 K	24:127	ok	3324.85
17:52:48 07/10/2009	good	Group0.7	aaaa	8% avg, cpu1 7%, cpu2 8%	1:174	8	7	8
17:58:01 07/10/2009	good	Group0.5	network	415 bytes in/sec., 292 bytes out/sec., 0.00 packet errors/sec., 24 current connections.	2:1153	415.39172	292.99954	0.0	24
17:58:48 07/10/2009	error	Group0.6	aaa	% Total Processor Time n/a, File Read Bytes/sec: = 169616.34/sec, File Write Bytes/sec: = 241.25/sec	25:19	n/a	0	0	0	169616.34	0	10	47608630124	241.25	0	10	407356612	1	nonfailure
18:01:04 07/10/2009	disabled	Group0.6	cpu	disabled by schedule	1:1159	9	8	10
18:01:04 07/10/2009	good	Group0.6	memory	18% used, 4053MB free, 3.91 pages/sec	2:1174	18	4053	3.9150753
18:01:04 07/10/2009	good	Group0.6	disk_c	36% full, 13292MB free, 20473MB total	3:1166	36	13292
18:01:36 07/10/2009	good	Group0.6	SNMP: 127.0.0.1 system.sysUpTime	MMM = 3384.86 K	24:128	ok	3384.86
18:02:48 07/10/2009	good	Group0.7	aaaa	6% avg, cpu1 4%, cpu2 7%	1:175	6	4	7
