11:34:52 07/16/2009	error	Group0.6	aaa	% Total Processor Time n/a, File Read Bytes/sec: = 36697.24/sec, File Write Bytes/sec: = 1992.32/sec	25:172	n/a	64.383	0	0	36697.24	4.434	10	15004012671	1992.32	0.001	10	2039070913	1	nonfailure
11:35:04 07/16/2009	good	Group0.5	network	478 bytes in/sec., 321 bytes out/sec., 0.00 packet errors/sec., 25 current connections.	2:1301	478.28116	321.34515	0.0	25
11:35:43 07/16/2009	good	Group0.6	disk_c	40% full, 12295MB free, 20473MB total	3:1315	40	12295
11:36:12 07/16/2009	good	Group0.6	cpu	4% avg, cpu1 1%, cpu2 6%	1:1306	4	1	6
11:36:25 07/16/2009	good	Group0.7	aaaa	3% avg, cpu1 2%, cpu2 4%	1:322	3	2	4
11:36:40 07/16/2009	good	Group0.6	SNMP: 127.0.0.1 system.sysUpTime	MMM = 943.60 K	24:277	ok	943.60
11:39:12 07/16/2009	good	Group0.6	memory	16% used, 4124MB free, 0.00 pages/sec	2:1322	16	4124	0.0
11:44:48 07/16/2009	error	Group0.6	aaa	% Total Processor Time n/a, File Read Bytes/sec: = 681596.80/sec, File Write Bytes/sec: = 1893.69/sec	25:173	n/a	64.383	0	0	681596.80	4.434	10	15385809691	1893.69	0.001	10	2087711484	1	nonfailure
11:45:04 07/16/2009	good	Group0.5	network	356 bytes in/sec., 320 bytes out/sec., 0.00 packet errors/sec., 21 current connections.	2:1302	356.21524	320.0371	0.0	21
11:45:43 07/16/2009	good	Group0.6	disk_c	40% full, 12295MB free, 20473MB total	3:1316	40	12295
11:46:05 07/16/2009	good	Group0.6	cpu	6% avg, cpu1 5%, cpu2 6%	1:1307	6	5	6
11:46:18 07/16/2009	good	Group0.7	aaaa	6% avg, cpu1 5%, cpu2 6%	1:323	6	5	6
11:46:40 07/16/2009	good	Group0.6	SNMP: 127.0.0.1 system.sysUpTime	MMM = 1003.60 K	24:278	ok	1003.60
11:49:12 07/16/2009	good	Group0.6	memory	16% used, 4118MB free, 4.16 pages/sec	2:1323	16	4118	4.1634936
11:54:48 07/16/2009	error	Group0.6	aaa	% Total Processor Time n/a, File Read Bytes/sec: = 36180.70/sec, File Write Bytes/sec: = 553.94/sec	25:174	n/a	64.383	0	0	36180.70	4.434	10	15773371096	553.94	0.001	10	2092964044	1	nonfailure
11:55:04 07/16/2009	good	Group0.5	network	415 bytes in/sec., 391 bytes out/sec., 0.00 packet errors/sec., 26 current connections.	2:1303	415.58444	391.4657	0.0	26
11:55:43 07/16/2009	good	Group0.6	disk_c	40% full, 12295MB free, 20473MB total	3:1317	40	12295
11:56:05 07/16/2009	good	Group0.6	cpu	4% avg, cpu1 4%, cpu2 5%	1:1308	4	4	5
11:56:18 07/16/2009	good	Group0.7	aaaa	4% avg, cpu1 4%, cpu2 5%	1:324	4	4	5
11:56:40 07/16/2009	good	Group0.6	SNMP: 127.0.0.1 system.sysUpTime	MMM = 1063.60 K	24:279	ok	1063.60
11:59:12 07/16/2009	good	Group0.6	memory	17% used, 4094MB free, 0.74 pages/sec	2:1324	17	4094	0.74502206
12:04:48 07/16/2009	error	Group0.6	aaa	% Total Processor Time n/a, File Read Bytes/sec: = 3029.83/sec, File Write Bytes/sec: = 1947.48/sec	25:175	n/a	64.383	0	0	3029.83	4.434	10	16297362440	1947.48	0.001	10	2096425085	1	nonfailure
12:05:04 07/16/2009	good	Group0.5	network	296 bytes in/sec., 233 bytes out/sec., 0.00 packet errors/sec., 21 current connections.	2:1304	296.84604	233.76625	0.0	21
12:05:43 07/16/2009	good	Group0.6	disk_c	40% full, 12295MB free, 20473MB total	3:1318	40	12295
12:06:05 07/16/2009	good	Group0.6	cpu	3% avg, cpu1 3%, cpu2 3%	1:1309	3	3	3
12:06:18 07/16/2009	good	Group0.7	aaaa	3% avg, cpu1 3%, cpu2 3%	1:325	3	3	3
12:06:40 07/16/2009	good	Group0.6	SNMP: 127.0.0.1 system.sysUpTime	MMM = 1123.60 K	24:280	ok	1123.60
12:09:12 07/16/2009	good	Group0.6	memory	16% used, 4136MB free, 7.02 pages/sec	2:1325	16	4136	7.029595
12:14:48 07/16/2009	error	Group0.6	aaa	% Total Processor Time n/a, File Read Bytes/sec: = 919.49/sec, File Write Bytes/sec: = 464.30/sec	25:176	n/a	64.383	0	0	919.49	4.434	10	16549693093	464.30	0.001	10	2100244170	1	nonfailure
12:15:04 07/16/2009	good	Group0.5	network	717 bytes in/sec., 345 bytes out/sec., 0.00 packet errors/sec., 21 current connections.	2:1305	717.42175	345.63287	0.0	21
12:15:43 07/16/2009	good	Group0.6	disk_c	40% full, 12294MB free, 20473MB total	3:1319	40	12294
12:16:05 07/16/2009	good	Group0.6	cpu	3% avg, cpu1 3%, cpu2 3%	1:1310	3	3	3
12:16:18 07/16/2009	good	Group0.7	aaaa	3% avg, cpu1 3%, cpu2 3%	1:326	3	3	3
12:16:40 07/16/2009	good	Group0.6	SNMP: 127.0.0.1 system.sysUpTime	MMM = 1183.60 K	24:281	ok	1183.60
12:19:12 07/16/2009	good	Group0.6	memory	16% used, 4115MB free, 1.93 pages/sec	2:1326	16	4115	1.9334004
12:24:48 07/16/2009	error	Group0.6	aaa	% Total Processor Time n/a, File Read Bytes/sec: = 1091.95/sec, File Write Bytes/sec: = 1925.92/sec	25:177	n/a	64.383	0	0	1091.95	4.434	10	16846274360	1925.92	0.001	10	2149401774	1	nonfailure
12:25:04 07/16/2009	good	Group0.5	network	237 bytes in/sec., 233 bytes out/sec., 0.00 packet errors/sec., 22 current connections.	2:1306	237.3667	233.65785	0.0	22
12:25:43 07/16/2009	good	Group0.6	disk_c	40% full, 12294MB free, 20473MB total	3:1320	40	12294
12:26:05 07/16/2009	good	Group0.6	cpu	6% avg, cpu1 5%, cpu2 7%	1:1311	6	5	7
12:26:18 07/16/2009	good	Group0.7	aaaa	6% avg, cpu1 5%, cpu2 7%	1:327	6	5	7
12:26:40 07/16/2009	good	Group0.6	SNMP: 127.0.0.1 system.sysUpTime	MMM = 1243.60 K	24:282	ok	1243.60
12:29:12 07/16/2009	good	Group0.6	memory	16% used, 4114MB free, 2.34 pages/sec	2:1327	16	4114	2.3483357
12:34:48 07/16/2009	error	Group0.6	aaa	% Total Processor Time n/a, File Read Bytes/sec: = 1019.09/sec, File Write Bytes/sec: = 3419.43/sec	25:178	n/a	64.383	0	0	1019.09	4.434	10	17104539231	3419.43	0.001	10	2152959975	1	nonfailure
12:35:04 07/16/2009	good	Group0.5	network	239 bytes in/sec., 237 bytes out/sec., 0.00 packet errors/sec., 21 current connections.	2:1307	239.25232	237.38316	0.0	21
12:35:43 07/16/2009	good	Group0.6	disk_c	40% full, 12294MB free, 20473MB total	3:1321	40	12294
12:36:05 07/16/2009	good	Group0.6	cpu	5% avg, cpu1 4%, cpu2 6%	1:1312	5	4	6
12:36:18 07/16/2009	good	Group0.7	aaaa	5% avg, cpu1 4%, cpu2 6%	1:328	5	4	6
12:36:40 07/16/2009	good	Group0.6	SNMP: 127.0.0.1 system.sysUpTime	MMM = 1303.60 K	24:283	ok	1303.60
12:39:12 07/16/2009	good	Group0.6	memory	16% used, 4124MB free, 0.90 pages/sec	2:1328	16	4124	0.900016
12:44:48 07/16/2009	error	Group0.6	aaa	% Total Processor Time n/a, File Read Bytes/sec: = 1973746.60/sec, File Write Bytes/sec: = 32907.35/sec	25:179	n/a	64.383	0	0	1973746.60	4.434	10	17522694853	32907.35	0.001	10	2157604464	1	nonfailure
12:45:04 07/16/2009	good	Group0.5	network	471 bytes in/sec., 257 bytes out/sec., 0.00 packet errors/sec., 110 current connections.	2:1308	471.4549	257.8269	0.0	110
12:45:43 07/16/2009	good	Group0.6	disk_c	40% full, 12294MB free, 20473MB total	3:1322	40	12294
12:46:05 07/16/2009	good	Group0.6	cpu	5% avg, cpu1 4%, cpu2 6%	1:1313	5	4	6
12:46:18 07/16/2009	good	Group0.7	aaaa	6% avg, cpu1 5%, cpu2 7%	1:329	6	5	7
12:46:40 07/16/2009	good	Group0.6	SNMP: 127.0.0.1 system.sysUpTime	MMM = 1363.60 K	24:284	ok	1363.60
12:49:12 07/16/2009	good	Group0.6	memory	18% used, 4052MB free, 11.07 pages/sec	2:1329	18	4052	11.070981
12:54:48 07/16/2009	error	Group0.6	aaa	% Total Processor Time n/a, File Read Bytes/sec: = 459643.10/sec, File Write Bytes/sec: = 493.25/sec	25:180	n/a	64.383	0	0	459643.10	4.434	10	19029870844	493.25	0.001	10	2165985491	1	nonfailure
12:55:04 07/16/2009	good	Group0.5	network	530 bytes in/sec., 484 bytes out/sec., 0.00 packet errors/sec., 76 current connections.	2:1309	530.3868	484.34625	0.0	76
12:55:43 07/16/2009	good	Group0.6	disk_c	40% full, 12293MB free, 20473MB total	3:1323	40	12293
12:56:05 07/16/2009	good	Group0.6	cpu	9% avg, cpu1 7%, cpu2 10%	1:1314	9	7	10
12:56:18 07/16/2009	good	Group0.7	aaaa	8% avg, cpu1 7%, cpu2 10%	1:330	8	7	10
12:56:40 07/16/2009	good	Group0.6	SNMP: 127.0.0.1 system.sysUpTime	MMM = 1423.60 K	24:285	ok	1423.60
12:59:12 07/16/2009	good	Group0.6	memory	18% used, 4029MB free, 1.42 pages/sec	2:1330	18	4029	1.4214084
13:04:48 07/16/2009	error	Group0.6	aaa	% Total Processor Time n/a, File Read Bytes/sec: = 148284.10/sec, File Write Bytes/sec: = 616.28/sec	25:181	n/a	64.383	0	0	148284.10	4.434	10	244089469954	616.28	0.001	10	2222601653	1	nonfailure
13:05:04 07/16/2009	good	Group0.5	network	304 bytes in/sec., 284 bytes out/sec., 0.00 packet errors/sec., 23 current connections.	2:1310	304.2056	284.57944	0.0	23
13:05:43 07/16/2009	good	Group0.6	disk_c	40% full, 12293MB free, 20473MB total	3:1324	40	12293
13:06:05 07/16/2009	good	Group0.6	cpu	30% avg, cpu1 29%, cpu2 32%	1:1315	30	29	32
13:06:18 07/16/2009	good	Group0.7	aaaa	31% avg, cpu1 29%, cpu2 32%	1:331	31	29	32
13:06:40 07/16/2009	good	Group0.6	SNMP: 127.0.0.1 system.sysUpTime	MMM = 1483.60 K	24:286	ok	1483.60
13:09:12 07/16/2009	good	Group0.6	memory	18% used, 4042MB free, 70.81 pages/sec	2:1331	18	4042	70.81092
13:14:48 07/16/2009	error	Group0.6	aaa	% Total Processor Time n/a, File Read Bytes/sec: = 939974.75/sec, File Write Bytes/sec: = 12331.70/sec	25:182	n/a	64.383	0	0	939974.75	4.434	10	245921678806	12331.70	0.001	10	2342688350	1	nonfailure
13:15:04 07/16/2009	good	Group0.5	network	301 bytes in/sec., 282 bytes out/sec., 0.00 packet errors/sec., 24 current connections.	2:1311	301.80804	282.33658	0.0	24
13:15:43 07/16/2009	good	Group0.6	disk_c	40% full, 12292MB free, 20473MB total	3:1325	40	12292
13:16:05 07/16/2009	good	Group0.6	cpu	23% avg, cpu1 20%, cpu2 26%	1:1316	23	20	26
13:16:18 07/16/2009	good	Group0.7	aaaa	22% avg, cpu1 19%, cpu2 25%	1:332	22	19	25
13:16:40 07/16/2009	good	Group0.6	SNMP: 127.0.0.1 system.sysUpTime	MMM = 1543.60 K	24:287	ok	1543.60
13:19:12 07/16/2009	good	Group0.6	memory	18% used, 4008MB free, 248.91 pages/sec	2:1332	18	4008	248.91724
13:24:48 07/16/2009	error	Group0.6	aaa	% Total Processor Time n/a, File Read Bytes/sec: = 63199.84/sec, File Write Bytes/sec: = 6467.05/sec	25:183	n/a	64.383	0	0	63199.84	4.434	10	246627783728	6467.05	0.001	10	2423867859	1	nonfailure
13:25:04 07/16/2009	good	Group0.5	network	12K in/sec., 263 bytes out/sec., 0.00 packet errors/sec., 22 current connections.	2:1312	12784.423	263.7923	0.0	22
13:25:43 07/16/2009	good	Group0.6	disk_c	40% full, 12292MB free, 20473MB total	3:1326	40	12292
13:26:05 07/16/2009	good	Group0.6	cpu	10% avg, cpu1 6%, cpu2 14%	1:1317	10	6	14
13:26:18 07/16/2009	good	Group0.7	aaaa	10% avg, cpu1 6%, cpu2 14%	1:333	10	6	14
13:26:40 07/16/2009	good	Group0.6	SNMP: 127.0.0.1 system.sysUpTime	MMM = 1603.60 K	24:288	ok	1603.60
13:29:12 07/16/2009	good	Group0.6	memory	19% used, 3998MB free, 7.31 pages/sec	2:1333	19	3998	7.3133087
13:34:48 07/16/2009	error	Group0.6	aaa	% Total Processor Time n/a, File Read Bytes/sec: = 371754.56/sec, File Write Bytes/sec: = 352082.03/sec	25:184	n/a	64.383	0	0	371754.56	4.434	10	247403992528	352082.03	0.001	10	3132369924	1	nonfailure
13:35:04 07/16/2009	good	Group0.5	network	318 bytes in/sec., 332 bytes out/sec., 0.00 packet errors/sec., 23 current connections.	2:1313	318.09872	332.72397	0.0	23
13:35:43 07/16/2009	good	Group0.6	disk_c	40% full, 12292MB free, 20473MB total	3:1327	40	12292
13:36:05 07/16/2009	good	Group0.6	cpu	26% avg, cpu1 10%, cpu2 43%	1:1318	26	10	43
13:36:18 07/16/2009	good	Group0.7	aaaa	26% avg, cpu1 10%, cpu2 43%	1:334	26	10	43
13:36:40 07/16/2009	good	Group0.6	SNMP: 127.0.0.1 system.sysUpTime	MMM = 1663.60 K	24:289	ok	1663.60
13:39:12 07/16/2009	good	Group0.6	memory	19% used, 3996MB free, 5.32 pages/sec	2:1334	19	3996	5.321704
13:44:48 07/16/2009	error	Group0.6	aaa	% Total Processor Time n/a, File Read Bytes/sec: = 1123.25/sec, File Write Bytes/sec: = 144182.19/sec	25:185	n/a	64.383	0	0	1123.25	4.434	10	247983775339	144182.19	0.001	10	3459497115	1	nonfailure
13:45:04 07/16/2009	good	Group0.5	network	363 bytes in/sec., 282 bytes out/sec., 0.00 packet errors/sec., 23 current connections.	2:1314	363.63638	282.00372	0.0	23
13:45:43 07/16/2009	good	Group0.6	disk_c	40% full, 12291MB free, 20473MB total	3:1328	40	12291
13:46:05 07/16/2009	good	Group0.6	cpu	18% avg, cpu1 8%, cpu2 27%	1:1319	18	8	27
13:46:18 07/16/2009	good	Group0.7	aaaa	17% avg, cpu1 7%, cpu2 27%	1:335	17	7	27
13:46:40 07/16/2009	good	Group0.6	SNMP: 127.0.0.1 system.sysUpTime	MMM = 1723.60 K	24:290	ok	1723.60
13:49:12 07/16/2009	good	Group0.6	memory	19% used, 3987MB free, 16.10 pages/sec	2:1335	19	3987	16.108349
13:54:48 07/16/2009	error	Group0.6	aaa	% Total Processor Time n/a, File Read Bytes/sec: = 36391.51/sec, File Write Bytes/sec: = 3514.69/sec	25:186	n/a	64.383	0	0	36391.51	4.434	10	248536963823	3514.69	0.001	10	3589270199	1	nonfailure
13:55:04 07/16/2009	good	Group0.5	network	331 bytes in/sec., 279 bytes out/sec., 0.00 packet errors/sec., 24 current connections.	2:1315	331.49173	279.92633	0.0	24
13:55:43 07/16/2009	good	Group0.6	disk_c	40% full, 12291MB free, 20473MB total	3:1329	40	12291
13:56:05 07/16/2009	good	Group0.6	cpu	13% avg, cpu1 9%, cpu2 17%	1:1320	13	9	17
13:56:18 07/16/2009	good	Group0.7	aaaa	13% avg, cpu1 9%, cpu2 17%	1:336	13	9	17
13:56:40 07/16/2009	good	Group0.6	SNMP: 127.0.0.1 system.sysUpTime	MMM = 1783.60 K	24:291	ok	1783.60
13:59:12 07/16/2009	good	Group0.6	memory	19% used, 3966MB free, 15.49 pages/sec	2:1336	19	3966	15.491251
14:04:48 07/16/2009	error	Group0.6	aaa	% Total Processor Time n/a, File Read Bytes/sec: = 36413.74/sec, File Write Bytes/sec: = 658.22/sec	25:187	n/a	64.383	0	0	36413.74	4.434	10	249333043934	658.22	0.001	10	3732812118	1	nonfailure
14:05:04 07/16/2009	good	Group0.5	network	326 bytes in/sec., 282 bytes out/sec., 0.00 packet errors/sec., 23 current connections.	2:1316	326.53064	282.00372	0.0	23
14:05:43 07/16/2009	good	Group0.6	disk_c	40% full, 12290MB free, 20473MB total	3:1330	40	12290
14:06:05 07/16/2009	good	Group0.6	cpu	14% avg, cpu1 8%, cpu2 19%	1:1321	14	8	19
14:06:18 07/16/2009	good	Group0.7	aaaa	14% avg, cpu1 8%, cpu2 21%	1:337	14	8	21
14:06:40 07/16/2009	good	Group0.6	SNMP: 127.0.0.1 system.sysUpTime	MMM = 1843.60 K	24:292	ok	1843.60
14:09:12 07/16/2009	good	Group0.6	memory	20% used, 3956MB free, 21.06 pages/sec	2:1337	20	3956	21.06349
14:14:48 07/16/2009	error	Group0.6	aaa	% Total Processor Time n/a, File Read Bytes/sec: = 163819.33/sec, File Write Bytes/sec: = 1120802.40/sec	25:188	n/a	64.383	0	0	163819.33	4.434	10	250702892715	1120802.40	0.001	10	4754111104	1	nonfailure
14:15:04 07/16/2009	good	Group0.5	network	321 bytes in/sec., 278 bytes out/sec., 0.00 packet errors/sec., 24 current connections.	2:1317	321.90213	278.0064	0.0	24
14:15:43 07/16/2009	good	Group0.6	disk_c	40% full, 12290MB free, 20473MB total	3:1331	40	12290
14:16:05 07/16/2009	good	Group0.6	cpu	27% avg, cpu1 12%, cpu2 43%	1:1322	27	12	43
14:16:18 07/16/2009	good	Group0.7	aaaa	27% avg, cpu1 12%, cpu2 43%	1:338	27	12	43
14:16:40 07/16/2009	good	Group0.6	SNMP: 127.0.0.1 system.sysUpTime	MMM = 1903.60 K	24:293	ok	1903.60
14:19:12 07/16/2009	good	Group0.6	memory	19% used, 3968MB free, 40.80 pages/sec	2:1338	19	3968	40.808247
14:24:48 07/16/2009	error	Group0.6	aaa	% Total Processor Time n/a, File Read Bytes/sec: = 48401.00/sec, File Write Bytes/sec: = 98397.73/sec	25:189	n/a	64.383	0	0	48401.00	4.434	10	251804165949	98397.73	0.001	10	6083013246	1	nonfailure
14:25:04 07/16/2009	good	Group0.5	network	356 bytes in/sec., 296 bytes out/sec., 0.00 packet errors/sec., 23 current connections.	2:1318	356.21524	296.84604	0.0	23
14:25:43 07/16/2009	good	Group0.6	disk_c	40% full, 12290MB free, 20473MB total	3:1332	40	12290
14:26:05 07/16/2009	good	Group0.6	cpu	29% avg, cpu1 11%, cpu2 47%	1:1323	29	11	47
14:26:18 07/16/2009	good	Group0.7	aaaa	28% avg, cpu1 11%, cpu2 46%	1:339	28	11	46
14:26:40 07/16/2009	good	Group0.6	SNMP: 127.0.0.1 system.sysUpTime	MMM = 1963.60 K	24:294	ok	1963.60
14:29:12 07/16/2009	good	Group0.6	memory	19% used, 3969MB free, 0.12 pages/sec	2:1339	19	3969	0.12166926
14:34:48 07/16/2009	error	Group0.6	aaa	% Total Processor Time n/a, File Read Bytes/sec: = 975504.75/sec, File Write Bytes/sec: = 3166.79/sec	25:190	n/a	64.383	0	0	975504.75	4.434	10	252359257408	3166.79	0.001	10	6098855248	1	nonfailure
14:35:04 07/16/2009	good	Group0.5	network	356 bytes in/sec., 296 bytes out/sec., 0.00 packet errors/sec., 31 current connections.	2:1319	356.21524	296.84604	0.0	31
14:35:43 07/16/2009	good	Group0.6	disk_c	40% full, 12290MB free, 20473MB total	3:1333	40	12290
14:36:05 07/16/2009	good	Group0.6	cpu	11% avg, cpu1 7%, cpu2 15%	1:1324	11	7	15
14:36:18 07/16/2009	good	Group0.7	aaaa	11% avg, cpu1 7%, cpu2 14%	1:340	11	7	14
14:36:40 07/16/2009	good	Group0.6	SNMP: 127.0.0.1 system.sysUpTime	MMM = 2023.60 K	24:295	ok	2023.60
14:39:12 07/16/2009	good	Group0.6	memory	20% used, 3934MB free, 0.18 pages/sec	2:1340	20	3934	0.18165359
14:44:48 07/16/2009	error	Group0.6	aaa	% Total Processor Time n/a, File Read Bytes/sec: = 35231.26/sec, File Write Bytes/sec: = 259.18/sec	25:191	n/a	64.383	0	0	35231.26	4.434	10	252910804099	259.18	0.001	10	6148333488	1	nonfailure
14:45:04 07/16/2009	good	Group0.5	network	281 bytes in/sec., 252 bytes out/sec., 0.00 packet errors/sec., 19 current connections.	2:1320	281.87296	252.20212	0.0	19
14:45:43 07/16/2009	good	Group0.6	disk_c	40% full, 12289MB free, 20473MB total	3:1334	40	12289
14:46:05 07/16/2009	good	Group0.6	cpu	10% avg, cpu1 8%, cpu2 12%	1:1325	10	8	12
14:46:18 07/16/2009	good	Group0.7	aaaa	10% avg, cpu1 8%, cpu2 12%	1:341	10	8	12
14:46:40 07/16/2009	good	Group0.6	SNMP: 127.0.0.1 system.sysUpTime	MMM = 2083.60 K	24:296	ok	2083.60
14:49:12 07/16/2009	good	Group0.6	memory	20% used, 3932MB free, 5.09 pages/sec	2:1341	20	3932	5.0938168
14:54:48 07/16/2009	error	Group0.6	aaa	% Total Processor Time n/a, File Read Bytes/sec: = 311447.34/sec, File Write Bytes/sec: = 189.58/sec	25:192	n/a	64.383	0	0	311447.34	4.434	10	253611183174	189.58	0.001	10	6162440696	1	nonfailure
14:55:04 07/16/2009	good	Group0.5	network	801 bytes in/sec., 363 bytes out/sec., 0.00 packet errors/sec., 23 current connections.	2:1321	801.48425	363.63638	0.0	23
14:55:43 07/16/2009	good	Group0.6	disk_c	40% full, 12288MB free, 20473MB total	3:1335	40	12288
14:56:05 07/16/2009	good	Group0.6	cpu	11% avg, cpu1 8%, cpu2 13%	1:1326	11	8	13
14:56:18 07/16/2009	good	Group0.7	aaaa	11% avg, cpu1 8%, cpu2 13%	1:342	11	8	13
14:56:40 07/16/2009	good	Group0.6	SNMP: 127.0.0.1 system.sysUpTime	MMM = 2143.60 K	24:297	ok	2143.60
14:59:12 07/16/2009	good	Group0.6	memory	19% used, 3976MB free, 0.55 pages/sec	2:1342	19	3976	0.5568776
15:04:48 07/16/2009	error	Group0.6	aaa	% Total Processor Time n/a, File Read Bytes/sec: = 52919.35/sec, File Write Bytes/sec: = 8321.69/sec	25:193	n/a	64.383	0	0	52919.35	4.434	10	254332673223	8321.69	0.001	10	6196001457	1	nonfailure
15:05:04 07/16/2009	good	Group0.5	network	618 bytes in/sec., 228 bytes out/sec., 0.00 packet errors/sec., 19 current connections.	2:1322	618.78455	228.36096	0.0	19
15:05:43 07/16/2009	good	Group0.6	disk_c	40% full, 12288MB free, 20473MB total	3:1336	40	12288
15:06:05 07/16/2009	good	Group0.6	cpu	11% avg, cpu1 7%, cpu2 15%	1:1327	11	7	15
15:06:18 07/16/2009	good	Group0.7	aaaa	11% avg, cpu1 7%, cpu2 15%	1:343	11	7	15
15:06:40 07/16/2009	good	Group0.6	SNMP: 127.0.0.1 system.sysUpTime	MMM = 2203.60 K	24:298	ok	2203.60
15:09:12 07/16/2009	good	Group0.6	memory	20% used, 3927MB free, 219.74 pages/sec	2:1343	20	3927	219.74565
15:14:48 07/16/2009	error	Group0.6	aaa	% Total Processor Time n/a, File Read Bytes/sec: = 641643.70/sec, File Write Bytes/sec: = 5820.19/sec	25:194	n/a	64.383	0	0	641643.70	4.434	10	254899599016	5820.19	0.001	10	6283960830	1	nonfailure
15:15:04 07/16/2009	good	Group0.5	network	238K in/sec., 287 bytes out/sec., 0.00 packet errors/sec., 22 current connections.	2:1323	244405.17	287.29282	0.0	22
15:15:43 07/16/2009	good	Group0.6	disk_c	40% full, 12288MB free, 20473MB total	3:1337	40	12288
15:16:05 07/16/2009	good	Group0.6	cpu	20% avg, cpu1 11%, cpu2 28%	1:1328	20	11	28
15:16:18 07/16/2009	good	Group0.7	aaaa	20% avg, cpu1 11%, cpu2 29%	1:344	20	11	29
15:16:40 07/16/2009	good	Group0.6	SNMP: 127.0.0.1 system.sysUpTime	MMM = 2263.60 K	24:299	ok	2263.60
15:19:12 07/16/2009	good	Group0.6	memory	20% used, 3934MB free, 1.07 pages/sec	2:1344	20	3934	1.0733463
15:24:48 07/16/2009	error	Group0.6	aaa	% Total Processor Time n/a, File Read Bytes/sec: = 48534.01/sec, File Write Bytes/sec: = 31537.46/sec	25:195	n/a	64.383	0	0	48534.01	4.434	10	255594608798	31537.46	0.001	10	6418436833	1	nonfailure
15:25:04 07/16/2009	good	Group0.5	network	7K in/sec., 264 bytes out/sec., 0.00 packet errors/sec., 26 current connections.	2:1324	8083.6235	264.80835	0.0	26
15:25:43 07/16/2009	good	Group0.6	disk_c	40% full, 12288MB free, 20473MB total	3:1338	40	12288
15:26:05 07/16/2009	good	Group0.6	cpu	23% avg, cpu1 14%, cpu2 31%	1:1329	23	14	31
15:26:18 07/16/2009	good	Group0.7	aaaa	22% avg, cpu1 14%, cpu2 30%	1:345	22	14	30
15:26:40 07/16/2009	good	Group0.6	SNMP: 127.0.0.1 system.sysUpTime	MMM = 2323.60 K	24:300	ok	2323.60
15:29:12 07/16/2009	good	Group0.6	memory	19% used, 3963MB free, 5.27 pages/sec	2:1345	19	3963	5.2782784
15:34:48 07/16/2009	error	Group0.6	aaa	% Total Processor Time n/a, File Read Bytes/sec: = 36170.39/sec, File Write Bytes/sec: = 697.09/sec	25:196	n/a	64.383	0	0	36170.39	4.434	10	256194493236	697.09	0.001	10	6482555352	1	nonfailure
15:35:04 07/16/2009	good	Group0.5	network	241K in/sec., 287 bytes out/sec., 0.00 packet errors/sec., 20 current connections.	2:1325	247572.75	287.29282	0.0	20
15:35:43 07/16/2009	good	Group0.6	disk_c	40% full, 12287MB free, 20473MB total	3:1339	40	12287
15:36:05 07/16/2009	good	Group0.6	cpu	14% avg, cpu1 8%, cpu2 21%	1:1330	14	8	21
15:36:18 07/16/2009	good	Group0.7	aaaa	14% avg, cpu1 8%, cpu2 21%	1:346	14	8	21
15:36:40 07/16/2009	good	Group0.6	SNMP: 127.0.0.1 system.sysUpTime	MMM = 2383.60 K	24:301	ok	2383.60
15:39:12 07/16/2009	good	Group0.6	memory	19% used, 3981MB free, 10.24 pages/sec	2:1346	19	3981	10.241643
15:44:48 07/16/2009	error	Group0.6	aaa	% Total Processor Time n/a, File Read Bytes/sec: = 36229.04/sec, File Write Bytes/sec: = 620.97/sec	25:197	n/a	64.383	0	0	36229.04	4.434	10	256611588065	620.97	0.001	10	6528840873	1	nonfailure
15:45:04 07/16/2009	good	Group0.5	network	294 bytes in/sec., 235 bytes out/sec., 0.00 packet errors/sec., 19 current connections.	2:1326	294.6593	235.72745	0.0	19
15:45:43 07/16/2009	good	Group0.6	disk_c	40% full, 12287MB free, 20473MB total	3:1340	40	12287
15:46:05 07/16/2009	good	Group0.6	cpu	10% avg, cpu1 6%, cpu2 13%	1:1331	10	6	13
15:46:18 07/16/2009	good	Group0.7	aaaa	10% avg, cpu1 6%, cpu2 13%	1:347	10	6	13
15:46:40 07/16/2009	good	Group0.6	SNMP: 127.0.0.1 system.sysUpTime	MMM = 2443.60 K	24:302	ok	2443.60
15:49:12 07/16/2009	good	Group0.6	memory	19% used, 3986MB free, 0.20 pages/sec	2:1347	19	3986	0.20166753
15:54:48 07/16/2009	error	Group0.6	aaa	% Total Processor Time n/a, File Read Bytes/sec: = 158588.45/sec, File Write Bytes/sec: = 650.63/sec	25:198	n/a	64.383	0	0	158588.45	4.434	10	257017667710	650.63	0.001	10	6546260643	1	nonfailure
15:55:04 07/16/2009	good	Group0.5	network	474 bytes in/sec., 252 bytes out/sec., 0.00 packet errors/sec., 19 current connections.	2:1327	474.95364	252.31912	0.0	19
15:55:43 07/16/2009	good	Group0.6	disk_c	40% full, 12287MB free, 20473MB total	3:1341	40	12287
15:56:05 07/16/2009	good	Group0.6	cpu	8% avg, cpu1 6%, cpu2 11%	1:1332	8	6	11
15:56:18 07/16/2009	good	Group0.7	aaaa	9% avg, cpu1 6%, cpu2 11%	1:348	9	6	11
15:56:40 07/16/2009	good	Group0.6	SNMP: 127.0.0.1 system.sysUpTime	MMM = 2503.60 K	24:303	ok	2503.60
15:59:12 07/16/2009	good	Group0.6	memory	19% used, 3978MB free, 2.31 pages/sec	2:1348	19	3978	2.3133183
16:04:48 07/16/2009	error	Group0.6	aaa	% Total Processor Time n/a, File Read Bytes/sec: = 3209631.00/sec, File Write Bytes/sec: = 2141691.80/sec	25:199	n/a	64.383	0	0	3209631.00	4.434	10	257583529728	2141691.80	0.001	10	6657096552	1	nonfailure
16:05:04 07/16/2009	good	Group0.5	network	412 bytes in/sec., 272 bytes out/sec., 0.00 packet errors/sec., 19 current connections.	2:1328	412.52304	272.55988	0.0	19
16:05:43 07/16/2009	good	Group0.6	disk_c	40% full, 12287MB free, 20473MB total	3:1342	40	12287
16:06:05 07/16/2009	good	Group0.6	cpu	8% avg, cpu1 6%, cpu2 9%	1:1333	8	6	9
16:06:18 07/16/2009	good	Group0.7	aaaa	8% avg, cpu1 6%, cpu2 9%	1:349	8	6	9
16:06:40 07/16/2009	good	Group0.6	SNMP: 127.0.0.1 system.sysUpTime	MMM = 2563.60 K	24:304	ok	2563.60
16:09:12 07/16/2009	good	Group0.6	memory	20% used, 3941MB free, 8.87 pages/sec	2:1349	20	3941	8.875094
16:14:48 07/16/2009	error	Group0.6	aaa	% Total Processor Time n/a, File Read Bytes/sec: = 637628.00/sec, File Write Bytes/sec: = 4837.15/sec	25:200	n/a	64.383	0	0	637628.00	4.434	10	258643449422	4837.15	0.001	10	7317131761	1	nonfailure
16:15:04 07/16/2009	good	Group0.5	network	741 bytes in/sec., 504 bytes out/sec., 0.00 packet errors/sec., 19 current connections.	2:1329	741.77094	504.40424	0.0	19
16:15:43 07/16/2009	good	Group0.6	disk_c	40% full, 12287MB free, 20473MB total	3:1343	40	12287
16:16:05 07/16/2009	good	Group0.6	cpu	8% avg, cpu1 6%, cpu2 9%	1:1334	8	6	9
16:16:18 07/16/2009	good	Group0.7	aaaa	8% avg, cpu1 6%, cpu2 9%	1:350	8	6	9
16:16:40 07/16/2009	good	Group0.6	SNMP: 127.0.0.1 system.sysUpTime	MMM = 2623.60 K	24:305	ok	2623.60
16:19:12 07/16/2009	good	Group0.6	memory	20% used, 3930MB free, 1.05 pages/sec	2:1350	20	3930	1.0516677
16:24:48 07/16/2009	error	Group0.6	aaa	% Total Processor Time n/a, File Read Bytes/sec: = 35331.45/sec, File Write Bytes/sec: = 226.66/sec	25:201	n/a	64.383	0	0	35331.45	4.434	10	258958267223	226.66	0.001	10	7319676110	1	nonfailure
16:25:04 07/16/2009	good	Group0.5	network	267 bytes in/sec., 259 bytes out/sec., 0.00 packet errors/sec., 19 current connections.	2:1330	267.1614	259.74026	0.0	19
16:25:43 07/16/2009	good	Group0.6	disk_c	40% full, 12287MB free, 20473MB total	3:1344	40	12287
16:26:05 07/16/2009	good	Group0.6	cpu	6% avg, cpu1 5%, cpu2 7%	1:1335	6	5	7
16:26:18 07/16/2009	good	Group0.7	aaaa	6% avg, cpu1 5%, cpu2 7%	1:351	6	5	7
16:26:40 07/16/2009	good	Group0.6	SNMP: 127.0.0.1 system.sysUpTime	MMM = 2683.60 K	24:306	ok	2683.60
16:29:12 07/16/2009	good	Group0.6	memory	20% used, 3917MB free, 0.06 pages/sec	2:1351	20	3917	0.06333309
16:34:48 07/16/2009	error	Group0.6	aaa	% Total Processor Time n/a, File Read Bytes/sec: = 536689.50/sec, File Write Bytes/sec: = 9387.08/sec	25:202	n/a	64.383	0	0	536689.50	4.434	10	259348062809	9387.08	0.001	10	7368738522	1	nonfailure
16:35:04 07/16/2009	good	Group0.5	network	385 bytes in/sec., 252 bytes out/sec., 0.00 packet errors/sec., 19 current connections.	2:1331	385.89984	252.31912	0.0	19
16:35:43 07/16/2009	good	Group0.6	disk_c	40% full, 12287MB free, 20473MB total	3:1345	40	12287
16:36:05 07/16/2009	good	Group0.6	cpu	6% avg, cpu1 5%, cpu2 6%	1:1336	6	5	6
16:36:18 07/16/2009	good	Group0.7	aaaa	6% avg, cpu1 5%, cpu2 6%	1:352	6	5	6
16:36:40 07/16/2009	good	Group0.6	SNMP: 127.0.0.1 system.sysUpTime	MMM = 2743.60 K	24:307	ok	2743.60
16:39:12 07/16/2009	good	Group0.6	memory	20% used, 3910MB free, 0.66 pages/sec	2:1352	20	3910	0.6683388
16:44:48 07/16/2009	error	Group0.6	aaa	% Total Processor Time n/a, File Read Bytes/sec: = 109244.76/sec, File Write Bytes/sec: = 1199.31/sec	25:203	n/a	64.383	0	0	109244.76	4.434	10	259657586921	1199.31	0.001	10	7371481841	1	nonfailure
16:45:04 07/16/2009	good	Group0.5	network	385 bytes in/sec., 252 bytes out/sec., 0.00 packet errors/sec., 19 current connections.	2:1332	385.89984	252.31912	0.0	19
16:45:43 07/16/2009	good	Group0.6	disk_c	40% full, 12287MB free, 20473MB total	3:1346	40	12287
16:46:05 07/16/2009	good	Group0.6	cpu	6% avg, cpu1 5%, cpu2 7%	1:1337	6	5	7
16:46:18 07/16/2009	good	Group0.7	aaaa	6% avg, cpu1 5%, cpu2 7%	1:353	6	5	7
16:46:40 07/16/2009	good	Group0.6	SNMP: 127.0.0.1 system.sysUpTime	MMM = 2803.60 K	24:308	ok	2803.60
16:49:12 07/16/2009	good	Group0.6	memory	20% used, 3921MB free, 1.01 pages/sec	2:1353	20	3921	1.0166583
16:54:48 07/16/2009	error	Group0.6	aaa	% Total Processor Time n/a, File Read Bytes/sec: = 36280.02/sec, File Write Bytes/sec: = 638.89/sec	25:204	n/a	64.383	0	0	36280.02	4.434	10	259972403533	638.89	0.001	10	7374042443	1	nonfailure
16:55:04 07/16/2009	good	Group0.5	network	296 bytes in/sec., 237 bytes out/sec., 0.00 packet errors/sec., 19 current connections.	2:1333	296.84604	237.47682	0.0	19
16:55:43 07/16/2009	good	Group0.6	disk_c	40% full, 12286MB free, 20473MB total	3:1347	40	12286
16:56:05 07/16/2009	good	Group0.6	cpu	5% avg, cpu1 5%, cpu2 6%	1:1338	5	5	6
16:56:18 07/16/2009	good	Group0.7	aaaa	5% avg, cpu1 5%, cpu2 6%	1:354	5	5	6
16:56:40 07/16/2009	good	Group0.6	SNMP: 127.0.0.1 system.sysUpTime	MMM = 2863.60 K	24:309	ok	2863.60
16:59:12 07/16/2009	good	Group0.6	memory	20% used, 3922MB free, 0.06 pages/sec	2:1354	20	3922	0.060000304
17:04:48 07/16/2009	error	Group0.6	aaa	% Total Processor Time n/a, File Read Bytes/sec: = 36033.22/sec, File Write Bytes/sec: = 636.91/sec	25:205	n/a	64.383	0	0	36033.22	4.434	10	260304091254	636.91	0.001	10	7376879166	1	nonfailure
17:05:04 07/16/2009	good	Group0.5	network	474 bytes in/sec., 267 bytes out/sec., 0.00 packet errors/sec., 19 current connections.	2:1334	474.95364	267.1614	0.0	19
17:05:43 07/16/2009	good	Group0.6	disk_c	40% full, 12286MB free, 20473MB total	3:1348	40	12286
17:06:05 07/16/2009	good	Group0.6	cpu	6% avg, cpu1 5%, cpu2 8%	1:1339	6	5	8
17:06:18 07/16/2009	good	Group0.7	aaaa	6% avg, cpu1 5%, cpu2 8%	1:355	6	5	8
17:06:40 07/16/2009	good	Group0.6	SNMP: 127.0.0.1 system.sysUpTime	MMM = 2923.60 K	24:310	ok	2923.60
17:09:12 07/16/2009	good	Group0.6	memory	19% used, 3970MB free, 3.79 pages/sec	2:1355	19	3970	3.7983592
17:14:48 07/16/2009	error	Group0.6	aaa	% Total Processor Time n/a, File Read Bytes/sec: = 819748.80/sec, File Write Bytes/sec: = 3182.32/sec	25:206	n/a	64.383	0	0	819748.80	4.434	10	261043611353	3182.32	0.001	10	7425682868	1	nonfailure
17:15:04 07/16/2009	good	Group0.5	network	356 bytes in/sec., 237 bytes out/sec., 0.00 packet errors/sec., 19 current connections.	2:1335	356.05005	237.3667	0.0	19
17:15:43 07/16/2009	good	Group0.6	disk_c	40% full, 12286MB free, 20473MB total	3:1349	40	12286
17:16:05 07/16/2009	good	Group0.6	cpu	6% avg, cpu1 5%, cpu2 8%	1:1340	6	5	8
17:16:18 07/16/2009	good	Group0.7	aaaa	6% avg, cpu1 5%, cpu2 8%	1:356	6	5	8
17:16:40 07/16/2009	good	Group0.6	SNMP: 127.0.0.1 system.sysUpTime	MMM = 2983.60 K	24:311	ok	2983.60
17:19:12 07/16/2009	good	Group0.6	memory	19% used, 3970MB free, 0.39 pages/sec	2:1356	19	3970	0.3983291
17:24:48 07/16/2009	error	Group0.6	aaa	% Total Processor Time n/a, File Read Bytes/sec: = 217419.70/sec, File Write Bytes/sec: = 3511.06/sec	25:207	n/a	64.383	0	0	217419.70	4.434	10	261452947036	3511.06	0.001	10	7431256586	1	nonfailure
17:25:04 07/16/2009	good	Group0.5	network	643 bytes in/sec., 226 bytes out/sec., 0.00 packet errors/sec., 19 current connections.	2:1336	643.80426	226.7947	0.0	19
17:25:43 07/16/2009	good	Group0.6	disk_c	40% full, 12286MB free, 20473MB total	3:1350	40	12286
17:26:05 07/16/2009	good	Group0.6	cpu	10% avg, cpu1 8%, cpu2 13%	1:1341	10	8	13
17:26:18 07/16/2009	good	Group0.7	aaaa	10% avg, cpu1 8%, cpu2 13%	1:357	10	8	13
17:26:40 07/16/2009	good	Group0.6	SNMP: 127.0.0.1 system.sysUpTime	MMM = 3043.60 K	24:312	ok	3043.60
17:29:12 07/16/2009	good	Group0.6	memory	19% used, 3967MB free, 1.28 pages/sec	2:1357	19	3967	1.2883116
17:34:48 07/16/2009	error	Group0.6	aaa	% Total Processor Time n/a, File Read Bytes/sec: = 35445.98/sec, File Write Bytes/sec: = 236.77/sec	25:208	n/a	64.383	0	0	35445.98	4.434	10	261870988170	236.77	0.001	10	7443431154	1	nonfailure
17:35:04 07/16/2009	good	Group0.5	network	717 bytes in/sec., 583 bytes out/sec., 0.00 packet errors/sec., 19 current connections.	2:1337	717.75696	583.17755	0.0	19
17:35:43 07/16/2009	good	Group0.6	disk_c	40% full, 12286MB free, 20473MB total	3:1351	40	12286
17:36:05 07/16/2009	good	Group0.6	cpu	8% avg, cpu1 6%, cpu2 10%	1:1342	8	6	10
17:36:18 07/16/2009	good	Group0.7	aaaa	8% avg, cpu1 6%, cpu2 10%	1:358	8	6	10
17:36:40 07/16/2009	good	Group0.6	SNMP: 127.0.0.1 system.sysUpTime	MMM = 3103.60 K	24:313	ok	3103.60
17:39:12 07/16/2009	good	Group0.6	memory	19% used, 3967MB free, 2.94 pages/sec	2:1358	19	3967	2.94968
17:44:48 07/16/2009	error	Group0.6	aaa	% Total Processor Time n/a, File Read Bytes/sec: = 35528.72/sec, File Write Bytes/sec: = 261.03/sec	25:209	n/a	64.383	0	0	35528.72	4.434	10	262261021286	261.03	0.001	10	7491136758	1	nonfailure
17:45:04 07/16/2009	good	Group0.5	network	623 bytes in/sec., 445 bytes out/sec., 0.00 packet errors/sec., 19 current connections.	2:1338	623.0876	445.06256	0.0	19
17:45:43 07/16/2009	good	Group0.6	disk_c	40% full, 12286MB free, 20473MB total	3:1352	40	12286
17:46:05 07/16/2009	good	Group0.6	cpu	6% avg, cpu1 5%, cpu2 7%	1:1343	6	5	7
17:46:18 07/16/2009	good	Group0.7	aaaa	6% avg, cpu1 5%, cpu2 7%	1:359	6	5	7
17:46:40 07/16/2009	good	Group0.6	SNMP: 127.0.0.1 system.sysUpTime	MMM = 3163.60 K	24:314	ok	3163.60
17:49:12 07/16/2009	good	Group0.6	memory	20% used, 3945MB free, 0.11 pages/sec	2:1359	20	3945	0.11001326
17:54:48 07/16/2009	error	Group0.6	aaa	% Total Processor Time n/a, File Read Bytes/sec: = 35567.54/sec, File Write Bytes/sec: = 3177.08/sec	25:210	n/a	64.383	0	0	35567.54	4.434	10	262673409339	3177.08	0.001	10	7493892898	1	nonfailure
17:55:04 07/16/2009	good	Group0.5	network	623 bytes in/sec., 289 bytes out/sec., 0.00 packet errors/sec., 19 current connections.	2:1339	623.0876	289.29068	0.0	19
17:55:43 07/16/2009	good	Group0.6	disk_c	40% full, 12286MB free, 20473MB total	3:1353	40	12286
17:56:05 07/16/2009	good	Group0.6	cpu	7% avg, cpu1 5%, cpu2 8%	1:1344	7	5	8
17:56:18 07/16/2009	good	Group0.7	aaaa	6% avg, cpu1 5%, cpu2 7%	1:360	6	5	7
17:56:40 07/16/2009	good	Group0.6	SNMP: 127.0.0.1 system.sysUpTime	MMM = 3223.60 K	24:315	ok	3223.60
17:59:12 07/16/2009	good	Group0.6	memory	20% used, 3941MB free, 1.88 pages/sec	2:1360	20	3941	1.8899996
