11:04:52 08/03/2009	good	Group0.6	cpu	11% avg, cpu1 12%, cpu2 9%	1:1527	11	12	9
11:05:05 08/03/2009	good	Group0.6	disk_c	40% full, 12377MB free, 20473MB total	3:1542	40	12377
11:05:05 08/03/2009	good	Group0.6	memory	13% used, 4276MB free, 20.98 pages/sec	2:1548	13	4276	20.98137
11:05:29 08/03/2009	good	Group0.6	NT Performance Counter: Cache.pmc	Data Map Hits %: = 100.00%, Read Aheads/sec: = 0.00/sec, Data Maps/sec: = 31.11/sec	29:1	100.00	0	10	1875457	0.00	0	0	49081	31.11	0	10	1891348	0
11:05:33 08/03/2009	good	Group0.5	network	794 bytes in/sec., 738 bytes out/sec., 0.00 packet errors/sec., 30 current connections.	2:1527	794.0631	738.4045	0.0	30
11:05:53 08/03/2009	good	Group0.6	NT Performance Counter: Memory.pmc	Pages/sec: = 0.00/sec, Page Faults/sec: = 1068.24/sec, Page Reads/sec: = 0.00/sec...	29:2	0.00	0	0	268414	1068.24	0	10	6081045	0.00	0	0	52700	0.00	0	0	2920	0
11:06:14 08/03/2009	good	Group0.6	NT Performance Counter: Memory.pmc	Pages/sec: = 0.44/sec, Page Faults/sec: = 626.01/sec, Page Reads/sec: = 0.14/sec...	29:3	0.44	0	0	268423	626.01	0	10	6093846	0.14	0	0	52703	0.00	0	0	2920	0
11:06:27 08/03/2009	good	Group0.6	NT Performance Counter: Memory.pmc	Pages/sec: = 0.57/sec, Page Faults/sec: = 336.86/sec, Page Reads/sec: = 0.14/sec...	29:4	0.57	0	1	268431	336.86	0	10	6098516	0.14	0	0	52705	0.00	0	0	2920	0
11:08:03 08/03/2009	good	Group0.7	aaaa	2% avg, cpu1 1%, cpu2 2%	1:548	2	1	2
11:14:52 08/03/2009	good	Group0.6	cpu	15% avg, cpu1 16%, cpu2 13%	1:1528	15	16	13
11:15:05 08/03/2009	good	Group0.6	memory	13% used, 4257MB free, 458.29 pages/sec	2:1549	13	4257	458.2982
11:15:05 08/03/2009	good	Group0.6	disk_c	40% full, 12377MB free, 20473MB total	3:1543	40	12377
11:15:33 08/03/2009	good	Group0.5	network	1K in/sec., 967 bytes out/sec., 0.00 packet errors/sec., 46 current connections.	2:1528	1889.7711	967.77203	0.0	46
11:16:27 08/03/2009	good	Group0.6	NT Performance Counter: Memory.pmc	Pages/sec: = 482.08/sec, Page Faults/sec: = 1156.36/sec, Page Reads/sec: = 75.15/sec...	29:5	482.08	0	10	557561	1156.36	0	10	6792051	75.15	0	10	97779	0.00	0	0	2925	0
11:17:56 08/03/2009	good	Group0.7	aaaa	16% avg, cpu1 18%, cpu2 14%	1:549	16	18	14
11:24:52 08/03/2009	good	Group0.6	cpu	5% avg, cpu1 5%, cpu2 5%	1:1529	5	5	5
11:25:05 08/03/2009	good	Group0.6	disk_c	40% full, 12378MB free, 20473MB total	3:1544	40	12378
11:25:05 08/03/2009	good	Group0.6	memory	13% used, 4277MB free, 27.50 pages/sec	2:1550	13	4277	27.500069
11:25:33 08/03/2009	good	Group0.5	network	372 bytes in/sec., 295 bytes out/sec., 0.00 packet errors/sec., 24 current connections.	2:1529	372.72302	295.18915	0.0	24
11:26:27 08/03/2009	good	Group0.6	NT Performance Counter: Memory.pmc	Pages/sec: = 3.21/sec, Page Faults/sec: = 503.67/sec, Page Reads/sec: = 0.29/sec...	29:6	3.21	0	3	559487	503.67	0	10	7094170	0.29	0	0	97956	0.05	0	0	2955	0
11:27:56 08/03/2009	good	Group0.7	aaaa	3% avg, cpu1 2%, cpu2 3%	1:550	3	2	3
11:34:52 08/03/2009	good	Group0.6	cpu	2% avg, cpu1 2%, cpu2 3%	1:1530	2	2	3
11:35:05 08/03/2009	good	Group0.6	memory	13% used, 4274MB free, 0.68 pages/sec	2:1551	13	4274	0.6869247
11:35:05 08/03/2009	good	Group0.6	disk_c	40% full, 12378MB free, 20473MB total	3:1545	40	12378
11:35:33 08/03/2009	good	Group0.5	network	650 bytes in/sec., 295 bytes out/sec., 0.00 packet errors/sec., 24 current connections.	2:1530	650.16345	295.18915	0.0	24
11:36:27 08/03/2009	good	Group0.6	NT Performance Counter: Memory.pmc	Pages/sec: = 0.68/sec, Page Faults/sec: = 459.03/sec, Page Reads/sec: = 0.13/sec...	29:7	0.68	0	1	559898	459.03	0	10	7369449	0.13	0	0	98035	0.02	0	0	2967	0
