09:26:30 07/06/2009	good	Group0.6	disk_c	34% full, 13702MB free, 20473MB total	3:959	34	13702
09:26:30 07/06/2009	good	Group0.6	disk_d	37% full, 26154MB free, 41001MB total	4:966	37	26154
09:26:30 07/06/2009	good	Group0.6	memory	12% used, 4308MB free, 10.77 pages/sec	2:967	12	4308	10.772361
09:26:37 07/06/2009	good	Group0.6	cpu	3% avg, cpu1 2%, cpu2 4%	1:953	3	2	4
09:26:43 07/06/2009	good	Group0.6	cpu	10% avg, cpu1 6%, cpu2 15%	1:954	10	6	15
09:28:19 07/06/2009	good	Group0.5	network	294 bytes in/sec., 274 bytes out/sec., 0.00 packet errors/sec., 37 current connections.	2:952	294.06308	274.58258	0.0	37
09:32:55 07/06/2009	good	Group0.6	Browsable Windows Performance Counters	Process/lsass/% Processor Time=0.00%	22:1	0	0.00
09:36:30 07/06/2009	good	Group0.6	memory	14% used, 4252MB free, 8.78 pages/sec	2:968	14	4252	8.785929
09:36:30 07/06/2009	good	Group0.6	disk_c	34% full, 13702MB free, 20473MB total	3:960	34	13702
09:36:43 07/06/2009	good	Group0.6	cpu	6% avg, cpu1 4%, cpu2 7%	1:955	6	4	7
09:38:19 07/06/2009	good	Group0.5	network	2K in/sec., 1K out/sec., 0.00 packet errors/sec., 48 current connections.	2:953	2174.954	1774.4015	0.0	48
09:46:30 07/06/2009	good	Group0.6	memory	14% used, 4217MB free, 2.01 pages/sec	2:969	14	4217	2.0171654
09:46:30 07/06/2009	good	Group0.6	disk_c	34% full, 13702MB free, 20473MB total	3:961	34	13702
09:46:43 07/06/2009	good	Group0.6	cpu	7% avg, cpu1 5%, cpu2 8%	1:956	7	5	8
09:48:19 07/06/2009	good	Group0.5	network	312 bytes in/sec., 292 bytes out/sec., 0.00 packet errors/sec., 44 current connections.	2:954	312.471	292.99954	0.0	44
09:56:30 07/06/2009	good	Group0.6	memory	15% used, 4204MB free, 4.32 pages/sec	2:970	15	4204	4.324658
09:56:30 07/06/2009	good	Group0.6	disk_c	34% full, 13701MB free, 20473MB total	3:962	34	13701
09:56:43 07/06/2009	good	Group0.6	cpu	6% avg, cpu1 5%, cpu2 6%	1:957	6	5	6
09:58:19 07/06/2009	good	Group0.5	network	391 bytes in/sec., 274 bytes out/sec., 0.00 packet errors/sec., 38 current connections.	2:955	391.4657	274.58258	0.0	38
10:06:30 07/06/2009	good	Group0.6	memory	14% used, 4245MB free, 10.02 pages/sec	2:971	14	4245	10.020751
10:06:30 07/06/2009	good	Group0.6	disk_c	34% full, 13701MB free, 20473MB total	3:963	34	13701
10:06:43 07/06/2009	good	Group0.6	cpu	6% avg, cpu1 6%, cpu2 6%	1:958	6	6	6
10:08:19 07/06/2009	good	Group0.5	network	353 bytes in/sec., 313 bytes out/sec., 0.00 packet errors/sec., 31 current connections.	2:956	353.10602	313.872	0.0	31
10:16:30 07/06/2009	good	Group0.6	memory	15% used, 4178MB free, 1.71 pages/sec	2:972	15	4178	1.7155246
10:16:30 07/06/2009	good	Group0.6	disk_c	34% full, 13701MB free, 20473MB total	3:964	34	13701
10:16:43 07/06/2009	good	Group0.6	cpu	7% avg, cpu1 6%, cpu2 8%	1:959	7	6	8
10:18:19 07/06/2009	good	Group0.5	network	435 bytes in/sec., 311 bytes out/sec., 0.00 packet errors/sec., 31 current connections.	2:957	435.99258	311.68832	0.0	31
10:26:30 07/06/2009	good	Group0.6	memory	15% used, 4176MB free, 0.52 pages/sec	2:973	15	4176	0.5219349
10:26:30 07/06/2009	good	Group0.6	disk_c	34% full, 13701MB free, 20473MB total	3:965	34	13701
10:26:43 07/06/2009	good	Group0.6	cpu	7% avg, cpu1 6%, cpu2 9%	1:960	7	6	9
10:28:19 07/06/2009	good	Group0.5	network	380 bytes in/sec., 341 bytes out/sec., 0.00 packet errors/sec., 36 current connections.	2:958	380.33398	341.37292	0.0	36
10:36:30 07/06/2009	good	Group0.6	memory	16% used, 4154MB free, 6.04 pages/sec	2:974	16	4154	6.0406375
10:36:30 07/06/2009	good	Group0.6	disk_c	34% full, 13701MB free, 20473MB total	3:966	34	13701
10:36:43 07/06/2009	good	Group0.6	cpu	9% avg, cpu1 7%, cpu2 11%	1:961	9	7	11
10:38:19 07/06/2009	good	Group0.5	network	542 bytes in/sec., 427 bytes out/sec., 0.00 packet errors/sec., 53 current connections.	2:959	542.67163	427.6438	0.0	53
10:46:30 07/06/2009	good	Group0.6	memory	15% used, 4166MB free, 1.17 pages/sec	2:975	15	4166	1.1770577
10:46:30 07/06/2009	good	Group0.6	disk_c	34% full, 13701MB free, 20473MB total	3:967	34	13701
10:46:43 07/06/2009	good	Group0.6	cpu	9% avg, cpu1 7%, cpu2 10%	1:962	9	7	10
10:48:19 07/06/2009	good	Group0.5	network	579 bytes in/sec., 426 bytes out/sec., 0.00 packet errors/sec., 43 current connections.	2:960	579.3136	426.71616	0.0	43
10:56:30 07/06/2009	good	Group0.6	memory	15% used, 4196MB free, 0.81 pages/sec	2:976	15	4196	0.81858605
10:56:30 07/06/2009	good	Group0.6	disk_c	34% full, 13701MB free, 20473MB total	3:968	34	13701
10:56:43 07/06/2009	good	Group0.6	cpu	5% avg, cpu1 4%, cpu2 6%	1:963	5	4	6
10:58:19 07/06/2009	good	Group0.5	network	371 bytes in/sec., 352 bytes out/sec., 0.00 packet errors/sec., 28 current connections.	2:961	371.81268	352.34122	0.0	28
11:06:30 07/06/2009	good	Group0.6	memory	15% used, 4174MB free, 1.38 pages/sec	2:977	15	4174	1.3818513
11:06:30 07/06/2009	good	Group0.6	disk_c	34% full, 13701MB free, 20473MB total	3:969	34	13701
11:06:43 07/06/2009	good	Group0.6	cpu	5% avg, cpu1 4%, cpu2 6%	1:964	5	4	6
11:08:19 07/06/2009	good	Group0.5	network	976 bytes in/sec., 475 bytes out/sec., 0.00 packet errors/sec., 30 current connections.	2:962	976.80896	475.8813	0.0	30
11:16:30 07/06/2009	good	Group0.6	memory	15% used, 4177MB free, 11.14 pages/sec	2:978	15	4177	11.14217
11:16:30 07/06/2009	good	Group0.6	disk_c	34% full, 13700MB free, 20473MB total	3:970	34	13700
11:16:43 07/06/2009	good	Group0.6	cpu	9% avg, cpu1 7%, cpu2 10%	1:965	9	7	10
11:18:19 07/06/2009	good	Group0.5	network	514 bytes in/sec., 299 bytes out/sec., 0.00 packet errors/sec., 40 current connections.	2:963	514.84235	299.62897	0.0	40
11:26:30 07/06/2009	good	Group0.6	memory	15% used, 4197MB free, 4.39 pages/sec	2:979	15	4197	4.3925567
11:26:30 07/06/2009	good	Group0.6	disk_c	34% full, 13700MB free, 20473MB total	3:971	34	13700
11:26:43 07/06/2009	good	Group0.6	cpu	5% avg, cpu1 5%, cpu2 6%	1:966	5	5	6
11:28:19 07/06/2009	good	Group0.5	network	484 bytes in/sec., 347 bytes out/sec., 0.00 packet errors/sec., 28 current connections.	2:964	484.23007	347.86642	0.0	28
11:36:30 07/06/2009	good	Group0.6	memory	15% used, 4155MB free, 5.53 pages/sec	2:980	15	4155	5.530102
11:36:30 07/06/2009	good	Group0.6	disk_c	34% full, 13698MB free, 20473MB total	3:972	34	13698
11:36:43 07/06/2009	good	Group0.6	cpu	9% avg, cpu1 8%, cpu2 10%	1:967	9	8	10
11:38:20 07/06/2009	good	Group0.5	network	478 bytes in/sec., 328 bytes out/sec., 0.00 packet errors/sec., 120 current connections.	2:965	478.0148	328.25424	0.0	120
11:46:30 07/06/2009	good	Group0.6	memory	15% used, 4156MB free, 3.48 pages/sec	2:981	15	4156	3.485989
11:46:30 07/06/2009	good	Group0.6	disk_c	34% full, 13697MB free, 20473MB total	3:973	34	13697
11:46:43 07/06/2009	good	Group0.6	cpu	9% avg, cpu1 8%, cpu2 9%	1:968	9	8	9
11:48:19 07/06/2009	good	Group0.5	network	745 bytes in/sec., 384 bytes out/sec., 0.00 packet errors/sec., 29 current connections.	2:966	745.7944	384.11212	0.0	29
11:56:30 07/06/2009	good	Group0.6	memory	15% used, 4157MB free, 1.08 pages/sec	2:982	15	4157	1.0832914
11:56:30 07/06/2009	good	Group0.6	disk_c	34% full, 13697MB free, 20473MB total	3:974	34	13697
11:56:43 07/06/2009	good	Group0.6	cpu	3% avg, cpu1 3%, cpu2 3%	1:969	3	3	3
11:58:19 07/06/2009	good	Group0.5	network	540 bytes in/sec., 402 bytes out/sec., 0.00 packet errors/sec., 28 current connections.	2:967	540.1869	402.8037	0.0	28
12:06:30 07/06/2009	good	Group0.6	memory	15% used, 4156MB free, 0.60 pages/sec	2:983	15	4156	0.6050131
12:06:30 07/06/2009	good	Group0.6	disk_c	34% full, 13697MB free, 20473MB total	3:975	34	13697
12:06:43 07/06/2009	good	Group0.6	cpu	3% avg, cpu1 3%, cpu2 3%	1:970	3	3	3
12:08:19 07/06/2009	good	Group0.5	network	496 bytes in/sec., 356 bytes out/sec., 0.00 packet errors/sec., 28 current connections.	2:968	496.96402	356.8426	0.0	28
12:16:30 07/06/2009	good	Group0.6	memory	15% used, 4157MB free, 0.60 pages/sec	2:984	15	4157	0.60334533
12:16:30 07/06/2009	good	Group0.6	disk_c	34% full, 13697MB free, 20473MB total	3:976	34	13697
12:16:43 07/06/2009	good	Group0.6	cpu	3% avg, cpu1 3%, cpu2 3%	1:971	3	3	3
12:18:19 07/06/2009	good	Group0.5	network	534 bytes in/sec., 394 bytes out/sec., 0.00 packet errors/sec., 28 current connections.	2:969	534.3298	394.2083	0.0	28
12:26:30 07/06/2009	good	Group0.6	memory	15% used, 4157MB free, 0.11 pages/sec	2:985	15	4157	0.11666443
12:26:30 07/06/2009	good	Group0.6	disk_c	34% full, 13696MB free, 20473MB total	3:977	34	13696
12:26:43 07/06/2009	good	Group0.6	cpu	3% avg, cpu1 3%, cpu2 3%	1:972	3	3	3
12:28:20 07/06/2009	good	Group0.5	network	420 bytes in/sec., 322 bytes out/sec., 0.00 packet errors/sec., 28 current connections.	2:970	420.22266	322.82004	0.0	28
12:36:30 07/06/2009	good	Group0.6	memory	15% used, 4160MB free, 4.11 pages/sec	2:986	15	4160	4.1167555
12:36:30 07/06/2009	good	Group0.6	disk_c	34% full, 13698MB free, 20473MB total	3:978	34	13698
12:36:43 07/06/2009	good	Group0.6	cpu	3% avg, cpu1 2%, cpu2 3%	1:973	3	2	3
12:38:19 07/06/2009	good	Group0.5	network	350 bytes in/sec., 379 bytes out/sec., 0.00 packet errors/sec., 41 current connections.	2:971	350.64935	379.4063	0.0	41
12:46:30 07/06/2009	good	Group0.6	memory	15% used, 4160MB free, 1.63 pages/sec	2:987	15	4160	1.6318215
12:46:30 07/06/2009	good	Group0.6	disk_c	34% full, 13697MB free, 20473MB total	3:979	34	13697
12:46:43 07/06/2009	good	Group0.6	cpu	3% avg, cpu1 2%, cpu2 3%	1:974	3	2	3
12:48:20 07/06/2009	good	Group0.5	network	350 bytes in/sec., 359 bytes out/sec., 0.00 packet errors/sec., 31 current connections.	2:972	350.64935	359.9258	0.0	31
12:56:30 07/06/2009	good	Group0.6	memory	15% used, 4160MB free, 0.57 pages/sec	2:988	15	4160	0.5783157
12:56:30 07/06/2009	good	Group0.6	disk_c	34% full, 13697MB free, 20473MB total	3:980	34	13697
12:56:43 07/06/2009	good	Group0.6	cpu	3% avg, cpu1 2%, cpu2 3%	1:975	3	2	3
12:58:19 07/06/2009	good	Group0.5	network	350 bytes in/sec., 329 bytes out/sec., 0.00 packet errors/sec., 30 current connections.	2:973	350.64935	329.31357	0.0	30
13:06:30 07/06/2009	good	Group0.6	memory	15% used, 4160MB free, 0.10 pages/sec	2:989	15	4160	0.10000871
13:06:30 07/06/2009	good	Group0.6	disk_c	34% full, 13697MB free, 20473MB total	3:981	34	13697
13:06:43 07/06/2009	good	Group0.6	cpu	3% avg, cpu1 2%, cpu2 3%	1:976	3	2	3
13:08:20 07/06/2009	good	Group0.5	network	686 bytes in/sec., 684 bytes out/sec., 0.00 packet errors/sec., 31 current connections.	2:974	686.9245	684.1621	0.0	31
13:16:30 07/06/2009	good	Group0.6	memory	15% used, 4160MB free, 0.10 pages/sec	2:990	15	4160	0.10999736
13:16:30 07/06/2009	good	Group0.6	disk_c	34% full, 13697MB free, 20473MB total	3:982	34	13697
13:16:43 07/06/2009	good	Group0.6	cpu	3% avg, cpu1 3%, cpu2 3%	1:977	3	3	3
13:18:19 07/06/2009	good	Group0.5	network	369 bytes in/sec., 347 bytes out/sec., 0.00 packet errors/sec., 30 current connections.	2:975	369.20224	347.86642	0.0	30
13:26:31 07/06/2009	good	Group0.6	memory	15% used, 4187MB free, 1.62 pages/sec	2:991	15	4187	1.6234795
13:26:31 07/06/2009	good	Group0.6	disk_c	34% full, 13697MB free, 20473MB total	3:983	34	13697
13:26:43 07/06/2009	good	Group0.6	cpu	5% avg, cpu1 4%, cpu2 6%	1:978	5	4	6
13:28:19 07/06/2009	good	Group0.5	network	294 bytes in/sec., 274 bytes out/sec., 0.00 packet errors/sec., 28 current connections.	2:976	294.99072	274.58258	0.0	28
13:33:12 07/06/2009	disabled	Group0.6	disk_c	disabled manually	3:983	34	13697
13:33:12 07/06/2009	disabled	Group0.6	memory	disabled manually	2:991	15	4187	1.6234795
13:33:12 07/06/2009	disabled	Group0.6	cpu	disabled manually	1:978	5	4	6
13:37:14 07/06/2009	disabled	Group0.6	disk_c	disabled manually	3:983	34	13697
13:37:14 07/06/2009	disabled	Group0.6	memory	disabled manually	2:991	15	4187	1.6234795
13:37:14 07/06/2009	disabled	Group0.6	cpu	disabled manually	1:978	5	4	6
13:37:26 07/06/2009	good	Group0.6	cpu	4% avg, cpu1 3%, cpu2 4%	1:979	4	3	4
13:37:26 07/06/2009	good	Group0.6	memory	15% used, 4187MB free, 5.59 pages/sec	2:992	15	4187	5.5916557
13:37:26 07/06/2009	good	Group0.6	disk_c	34% full, 13697MB free, 20473MB total	3:984	34	13697
13:38:20 07/06/2009	good	Group0.5	network	291 bytes in/sec., 272 bytes out/sec., 0.00 packet errors/sec., 28 current connections.	2:977	291.89688	272.55988	0.0	28
13:47:26 07/06/2009	good	Group0.6	memory	15% used, 4159MB free, 0.10 pages/sec	2:993	15	4159	0.10502271
13:47:26 07/06/2009	good	Group0.6	disk_c	34% full, 13697MB free, 20473MB total	3:985	34	13697
13:47:26 07/06/2009	good	Group0.6	cpu	6% avg, cpu1 5%, cpu2 8%	1:980	6	5	8
13:48:19 07/06/2009	good	Group0.5	network	350 bytes in/sec., 329 bytes out/sec., 0.00 packet errors/sec., 42 current connections.	2:978	350.64935	329.31357	0.0	42
13:57:26 07/06/2009	good	Group0.6	memory	15% used, 4177MB free, 0.67 pages/sec	2:994	15	4177	0.678453
13:57:26 07/06/2009	good	Group0.6	cpu	5% avg, cpu1 5%, cpu2 6%	1:981	5	5	6
13:57:26 07/06/2009	good	Group0.6	disk_c	34% full, 13696MB free, 20473MB total	3:986	34	13696
13:58:19 07/06/2009	good	Group0.5	network	456 bytes in/sec., 455 bytes out/sec., 0.00 packet errors/sec., 26 current connections.	2:979	456.40076	455.4731	0.0	26
14:07:26 07/06/2009	good	Group0.6	cpu	11% avg, cpu1 11%, cpu2 12%	1:982	11	11	12
14:07:26 07/06/2009	good	Group0.6	disk_c	34% full, 13604MB free, 20473MB total	3:987	34	13604
14:07:26 07/06/2009	good	Group0.6	memory	17% used, 4086MB free, 53.64 pages/sec	2:995	17	4086	53.644825
14:08:20 07/06/2009	good	Group0.5	network	8K in/sec., 4K out/sec., 0.00 packet errors/sec., 40 current connections.	2:980	8454.464	4795.311	0.0	40
14:27:09 07/06/2009	good	Group0.6	disk_c	34% full, 13598MB free, 20473MB total	3:988	34	13598
14:27:14 07/06/2009	good	Group0.5	network	1K in/sec., 865 bytes out/sec., 0.00 packet errors/sec., 46 current connections.	2:981	1031.3076	865.5617	0.0	46
14:27:33 07/06/2009	disabled	Group0.5	network	disabled manually	2:981	1031.3076	865.5617	0.0	46
14:27:40 07/06/2009	good	Group0.6	cpu	10% avg, cpu1 8%, cpu2 11%	1:983	10	8	11
14:27:54 07/06/2009	good	Group0.5	network	6K in/sec., 6K out/sec., 0.00 packet errors/sec., 50 current connections.	2:982	6968.693	6944.7515	0.0	50
14:29:38 07/06/2009	good	Group0.6	memory	17% used, 4070MB free, 19.77 pages/sec	2:996	17	4070	19.77101
14:30:43 07/06/2009	good	Group0.7	aaaa	5% avg, cpu1 5%, cpu2 6%	1:3	5	5	6
14:30:57 07/06/2009	disabled	Group0.7	aaaa	disabled until 3:30 PM 7/6/09	1:3	5	5	6
14:30:57 07/06/2009	disabled	Group0.5	network	disabled until 3:30 PM 7/6/09	2:982	6968.693	6944.7515	0.0	50
14:37:09 07/06/2009	good	Group0.6	disk_c	34% full, 13597MB free, 20473MB total	3:989	34	13597
14:37:40 07/06/2009	good	Group0.6	cpu	9% avg, cpu1 8%, cpu2 10%	1:984	9	8	10
14:39:38 07/06/2009	good	Group0.6	memory	17% used, 4062MB free, 4.40 pages/sec	2:997	17	4062	4.405034
14:40:01 07/06/2009	good	Group0.7	aaaa	8% avg, cpu1 7%, cpu2 9%	1:4	8	7	9
14:40:57 07/06/2009	disabled	Group0.5	network	disabled until 3:30 PM 7/6/09	2:982	6968.693	6944.7515	0.0	50
14:42:14 07/06/2009	disabled	Group0.7	aaaa	disabled manually	1:4	8	7	9
14:42:14 07/06/2009	disabled	Group0.5	network	disabled until 3:42 PM 7/6/09	2:982	6968.693	6944.7515	0.0	50
14:42:25 07/06/2009	disabled	Group0.7	aaaa	disabled until 3:42 PM 7/6/09	1:4	8	7	9
14:47:09 07/06/2009	good	Group0.6	disk_c	34% full, 13597MB free, 20473MB total	3:990	34	13597
14:47:40 07/06/2009	good	Group0.6	cpu	6% avg, cpu1 6%, cpu2 6%	1:985	6	6	6
14:49:38 07/06/2009	good	Group0.6	memory	17% used, 4057MB free, 0.26 pages/sec	2:998	17	4057	0.26333615
14:52:14 07/06/2009	disabled	Group0.5	network	disabled until 3:42 PM 7/6/09	2:982	6968.693	6944.7515	0.0	50
14:52:25 07/06/2009	disabled	Group0.7	aaaa	disabled until 3:42 PM 7/6/09	1:4	8	7	9
14:57:09 07/06/2009	good	Group0.6	disk_c	34% full, 13596MB free, 20473MB total	3:991	34	13596
14:57:40 07/06/2009	good	Group0.6	cpu	7% avg, cpu1 6%, cpu2 7%	1:986	7	6	7
14:59:38 07/06/2009	good	Group0.6	memory	17% used, 4067MB free, 4.77 pages/sec	2:999	17	4067	4.778234
15:02:14 07/06/2009	disabled	Group0.5	network	disabled until 3:42 PM 7/6/09	2:982	6968.693	6944.7515	0.0	50
15:02:25 07/06/2009	disabled	Group0.7	aaaa	disabled until 3:42 PM 7/6/09	1:4	8	7	9
15:07:09 07/06/2009	good	Group0.6	disk_c	34% full, 13596MB free, 20473MB total	3:992	34	13596
15:07:40 07/06/2009	good	Group0.6	cpu	5% avg, cpu1 4%, cpu2 5%	1:987	5	4	5
15:09:38 07/06/2009	good	Group0.6	memory	17% used, 4063MB free, 1.25 pages/sec	2:1000	17	4063	1.2566645
15:12:14 07/06/2009	disabled	Group0.5	network	disabled until 3:42 PM 7/6/09	2:982	6968.693	6944.7515	0.0	50
15:12:25 07/06/2009	disabled	Group0.7	aaaa	disabled until 3:42 PM 7/6/09	1:4	8	7	9
15:17:09 07/06/2009	good	Group0.6	disk_c	34% full, 13596MB free, 20473MB total	3:993	34	13596
15:17:40 07/06/2009	good	Group0.6	cpu	8% avg, cpu1 8%, cpu2 8%	1:988	8	8	8
15:19:38 07/06/2009	good	Group0.6	memory	17% used, 4075MB free, 0.99 pages/sec	2:1001	17	4075	0.99498594
15:22:14 07/06/2009	disabled	Group0.5	network	disabled until 3:42 PM 7/6/09	2:982	6968.693	6944.7515	0.0	50
15:22:25 07/06/2009	disabled	Group0.7	aaaa	disabled until 3:42 PM 7/6/09	1:4	8	7	9
15:27:09 07/06/2009	good	Group0.6	disk_c	34% full, 13596MB free, 20473MB total	3:994	34	13596
15:27:40 07/06/2009	good	Group0.6	cpu	8% avg, cpu1 7%, cpu2 9%	1:989	8	7	9
15:29:38 07/06/2009	good	Group0.6	memory	18% used, 4054MB free, 1.15 pages/sec	2:1002	18	4054	1.1533154
15:32:14 07/06/2009	disabled	Group0.5	network	disabled until 3:42 PM 7/6/09	2:982	6968.693	6944.7515	0.0	50
15:32:25 07/06/2009	disabled	Group0.7	aaaa	disabled until 3:42 PM 7/6/09	1:4	8	7	9
15:37:09 07/06/2009	good	Group0.6	disk_c	34% full, 13595MB free, 20473MB total	3:995	34	13595
15:37:40 07/06/2009	good	Group0.6	cpu	8% avg, cpu1 7%, cpu2 9%	1:990	8	7	9
15:39:38 07/06/2009	good	Group0.6	memory	18% used, 4050MB free, 0.15 pages/sec	2:1003	18	4050	0.15833104
15:42:16 07/06/2009	good	Group0.5	network	627 bytes in/sec., 387 bytes out/sec., 0.00 packet errors/sec., 33 current connections.	2:983	627.0872	387.75513	0.0	33
15:42:25 07/06/2009	good	Group0.7	aaaa	7% avg, cpu1 6%, cpu2 7%	1:5	7	6	7
15:47:09 07/06/2009	good	Group0.6	disk_c	34% full, 13595MB free, 20473MB total	3:996	34	13595
15:47:40 07/06/2009	good	Group0.6	cpu	7% avg, cpu1 6%, cpu2 7%	1:991	7	6	7
15:49:38 07/06/2009	good	Group0.6	memory	17% used, 4065MB free, 0.80 pages/sec	2:1004	17	4065	0.8016639
15:52:16 07/06/2009	good	Group0.5	network	847 bytes in/sec., 605 bytes out/sec., 0.00 packet errors/sec., 29 current connections.	2:984	847.1455	605.8932	0.0	29
15:52:25 07/06/2009	good	Group0.7	aaaa	10% avg, cpu1 10%, cpu2 10%	1:6	10	10	10
15:57:09 07/06/2009	good	Group0.6	disk_c	34% full, 13594MB free, 20473MB total	3:997	34	13594
15:57:40 07/06/2009	good	Group0.6	cpu	12% avg, cpu1 11%, cpu2 13%	1:992	12	11	13
15:59:38 07/06/2009	good	Group0.6	memory	18% used, 4045MB free, 5.05 pages/sec	2:1005	18	4045	5.0583234
16:02:16 07/06/2009	good	Group0.5	network	660 bytes in/sec., 432 bytes out/sec., 0.00 packet errors/sec., 48 current connections.	2:985	660.17615	432.08157	0.0	48
16:02:25 07/06/2009	good	Group0.7	aaaa	9% avg, cpu1 8%, cpu2 10%	1:7	9	8	10
16:07:09 07/06/2009	good	Group0.6	disk_c	34% full, 13521MB free, 20473MB total	3:998	34	13521
16:07:40 07/06/2009	good	Group0.6	cpu	13% avg, cpu1 14%, cpu2 11%	1:993	13	14	11
16:09:38 07/06/2009	good	Group0.6	memory	20% used, 3917MB free, 46.47 pages/sec	2:1006	20	3917	46.472046
16:12:16 07/06/2009	warning	Group0.5	network	1.64 MB in/sec., 840K out/sec., 0.00 packet errors/sec., 36 current connections.	2:986	1727234.0	860979.75	0.0	36
16:12:25 07/06/2009	good	Group0.7	aaaa	14% avg, cpu1 16%, cpu2 12%	1:8	14	16	12
16:17:09 07/06/2009	good	Group0.6	disk_c	36% full, 13212MB free, 20473MB total	3:999	36	13212
16:17:40 07/06/2009	good	Group0.6	cpu	10% avg, cpu1 10%, cpu2 9%	1:994	10	10	9
16:19:38 07/06/2009	good	Group0.6	memory	20% used, 3912MB free, 1.71 pages/sec	2:1007	20	3912	1.7166597
16:22:16 07/06/2009	warning	Group0.5	network	771K in/sec., 396K out/sec., 0.00 packet errors/sec., 47 current connections.	2:987	790040.56	406423.6	0.0	47
16:22:25 07/06/2009	good	Group0.7	aaaa	10% avg, cpu1 11%, cpu2 10%	1:9	10	11	10
16:27:09 07/06/2009	good	Group0.6	disk_c	37% full, 12990MB free, 20473MB total	3:1000	37	12990
16:27:40 07/06/2009	good	Group0.6	cpu	10% avg, cpu1 11%, cpu2 10%	1:995	10	11	10
16:29:38 07/06/2009	good	Group0.6	memory	20% used, 3922MB free, 15.39 pages/sec	2:1008	20	3922	15.398256
16:32:16 07/06/2009	good	Group0.5	network	1K in/sec., 1K out/sec., 0.00 packet errors/sec., 46 current connections.	2:988	1483.5419	1068.1501	0.0	46
16:32:25 07/06/2009	good	Group0.7	aaaa	8% avg, cpu1 9%, cpu2 8%	1:10	8	9	8
16:37:09 07/06/2009	good	Group0.6	disk_c	37% full, 12993MB free, 20473MB total	3:1001	37	12993
16:37:40 07/06/2009	good	Group0.6	cpu	7% avg, cpu1 7%, cpu2 7%	1:996	7	7	7
16:39:38 07/06/2009	good	Group0.6	memory	20% used, 3926MB free, 12.73 pages/sec	2:1009	20	3926	12.7367325
16:42:16 07/06/2009	good	Group0.5	network	474 bytes in/sec., 385 bytes out/sec., 0.00 packet errors/sec., 38 current connections.	2:989	474.95364	385.89984	0.0	38
16:42:25 07/06/2009	good	Group0.7	aaaa	7% avg, cpu1 7%, cpu2 7%	1:11	7	7	7
16:47:09 07/06/2009	good	Group0.6	disk_c	37% full, 13070MB free, 20473MB total	3:1002	37	13070
16:47:40 07/06/2009	good	Group0.6	cpu	6% avg, cpu1 7%, cpu2 6%	1:997	6	7	6
16:49:38 07/06/2009	good	Group0.6	memory	20% used, 3922MB free, 4.19 pages/sec	2:1010	20	3922	4.1916976
16:52:16 07/06/2009	good	Group0.5	network	766 bytes in/sec., 618 bytes out/sec., 0.00 packet errors/sec., 35 current connections.	2:990	766.1142	618.78455	0.0	35
16:52:25 07/06/2009	good	Group0.7	aaaa	5% avg, cpu1 5%, cpu2 5%	1:12	5	5	5
16:57:09 07/06/2009	good	Group0.6	disk_c	37% full, 13070MB free, 20473MB total	3:1003	37	13070
16:57:40 07/06/2009	good	Group0.6	cpu	5% avg, cpu1 5%, cpu2 5%	1:998	5	5	5
16:59:38 07/06/2009	good	Group0.6	memory	20% used, 3917MB free, 2.48 pages/sec	2:1011	20	3917	2.488343
17:02:16 07/06/2009	good	Group0.5	network	534 bytes in/sec., 385 bytes out/sec., 0.00 packet errors/sec., 36 current connections.	2:991	534.3228	385.89984	0.0	36
17:02:25 07/06/2009	good	Group0.7	aaaa	5% avg, cpu1 6%, cpu2 5%	1:13	5	6	5
17:07:09 07/06/2009	good	Group0.6	disk_c	37% full, 13069MB free, 20473MB total	3:1004	37	13069
17:07:40 07/06/2009	good	Group0.6	cpu	5% avg, cpu1 5%, cpu2 5%	1:999	5	5	5
17:09:38 07/06/2009	good	Group0.6	memory	20% used, 3914MB free, 18.69 pages/sec	2:1012	20	3914	18.69645
17:12:16 07/06/2009	good	Group0.5	network	825 bytes in/sec., 383 bytes out/sec., 0.00 packet errors/sec., 59 current connections.	2:992	825.4261	383.23352	0.0	59
17:12:25 07/06/2009	good	Group0.7	aaaa	6% avg, cpu1 6%, cpu2 6%	1:14	6	6	6
17:17:09 07/06/2009	good	Group0.6	disk_c	37% full, 13071MB free, 20473MB total	3:1005	37	13071
17:17:40 07/06/2009	good	Group0.6	cpu	6% avg, cpu1 6%, cpu2 7%	1:1000	6	6	7
17:19:38 07/06/2009	good	Group0.6	memory	20% used, 3927MB free, 1.20 pages/sec	2:1013	20	3927	1.2000095
17:22:16 07/06/2009	good	Group0.5	network	648 bytes in/sec., 353 bytes out/sec., 0.00 packet errors/sec., 69 current connections.	2:993	648.5491	353.75403	0.0	69
17:22:25 07/06/2009	good	Group0.7	aaaa	6% avg, cpu1 6%, cpu2 6%	1:15	6	6	6
17:27:09 07/06/2009	good	Group0.6	disk_c	37% full, 13083MB free, 20473MB total	3:1006	37	13083
17:27:40 07/06/2009	good	Group0.6	cpu	8% avg, cpu1 8%, cpu2 8%	1:1001	8	8	8
17:29:38 07/06/2009	good	Group0.6	memory	21% used, 3879MB free, 17.04 pages/sec	2:1014	21	3879	17.047628
17:32:16 07/06/2009	good	Group0.5	network	581 bytes in/sec., 319 bytes out/sec., 0.00 packet errors/sec., 157 current connections.	2:994	581.0259	319.5642	0.0	157
17:32:25 07/06/2009	good	Group0.7	aaaa	10% avg, cpu1 10%, cpu2 10%	1:16	10	10	10
17:37:09 07/06/2009	good	Group0.6	disk_c	37% full, 13080MB free, 20473MB total	3:1007	37	13080
17:37:40 07/06/2009	good	Group0.6	cpu	10% avg, cpu1 10%, cpu2 11%	1:1002	10	10	11
17:39:38 07/06/2009	good	Group0.6	memory	18% used, 4013MB free, 14.55 pages/sec	2:1015	18	4013	14.553689
17:42:16 07/06/2009	good	Group0.5	network	474 bytes in/sec., 385 bytes out/sec., 0.00 packet errors/sec., 32 current connections.	2:995	474.7334	385.7209	0.0	32
17:42:25 07/06/2009	good	Group0.7	aaaa	9% avg, cpu1 9%, cpu2 10%	1:17	9	9	10
17:47:09 07/06/2009	good	Group0.6	disk_c	37% full, 13079MB free, 20473MB total	3:1008	37	13079
17:47:40 07/06/2009	good	Group0.6	cpu	7% avg, cpu1 7%, cpu2 8%	1:1003	7	7	8
17:49:38 07/06/2009	good	Group0.6	memory	20% used, 3938MB free, 5.08 pages/sec	2:1016	20	3938	5.081745
17:52:16 07/06/2009	good	Group0.5	network	474 bytes in/sec., 385 bytes out/sec., 0.00 packet errors/sec., 32 current connections.	2:996	474.95364	385.89984	0.0	32
17:52:25 07/06/2009	good	Group0.7	aaaa	6% avg, cpu1 6%, cpu2 7%	1:18	6	6	7
17:57:09 07/06/2009	good	Group0.6	disk_c	37% full, 13079MB free, 20473MB total	3:1009	37	13079
17:57:40 07/06/2009	good	Group0.6	cpu	6% avg, cpu1 5%, cpu2 6%	1:1004	6	5	6
17:59:38 07/06/2009	good	Group0.6	memory	20% used, 3939MB free, 0.43 pages/sec	2:1017	20	3939	0.43999466
