10:17:36 08/05/2009	good	Group0.6	memory	15% used, 4201MB free, 14.38 pages/sec	2:1581	15	4201	14.385365
10:17:37 08/05/2009	good	Group0.6	disk_c	40% full, 12354MB free, 20473MB total	3:1575	40	12354
10:17:44 08/05/2009	good	Group0.6	cpu	22% avg, cpu1 23%, cpu2 21%	1:1559	22	23	21
10:19:21 08/05/2009	good	Group0.5	network	818 bytes in/sec., 762 bytes out/sec., 0.00 packet errors/sec., 35 current connections.	2:1560	818.3092	762.2606	0.0	35
10:19:37 08/05/2009	good	Group0.7	aaaa	6% avg, cpu1 4%, cpu2 7%	1:579	6	4	7
10:27:36 08/05/2009	good	Group0.6	memory	15% used, 4188MB free, 3.80 pages/sec	2:1582	15	4188	3.805216
10:27:37 08/05/2009	good	Group0.6	cpu	13% avg, cpu1 12%, cpu2 14%	1:1560	13	12	14
10:27:37 08/05/2009	good	Group0.6	disk_c	40% full, 12353MB free, 20473MB total	3:1576	40	12353
10:27:54 08/05/2009	good	Group0.6	SNMP by MIB: 192.168.0.251	iso/org/dod/internet/mgmt/mib-2/snmp/snmpInReadOnlys = 0, iso/org/dod/internet/mgmt/mib-2/snmp/snmpInBadValues = 0, iso/org/dod/internet/mgmt/mib-2/snmp/snmpInGenErrs = 0	34:1	0	0	0	0
10:29:21 08/05/2009	good	Group0.5	network	13K in/sec., 13K out/sec., 0.00 packet errors/sec., 32 current connections.	2:1561	14284.913	14034.563	0.0	32
10:29:30 08/05/2009	good	Group0.7	aaaa	13% avg, cpu1 12%, cpu2 14%	1:580	13	12	14
10:37:36 08/05/2009	good	Group0.6	memory	15% used, 4184MB free, 7.04 pages/sec	2:1583	15	4184	7.049776
10:37:37 08/05/2009	good	Group0.6	cpu	9% avg, cpu1 7%, cpu2 10%	1:1561	9	7	10
10:37:37 08/05/2009	good	Group0.6	disk_c	40% full, 12357MB free, 20473MB total	3:1577	40	12357
10:39:21 08/05/2009	good	Group0.5	network	4K in/sec., 3K out/sec., 0.00 packet errors/sec., 47 current connections.	2:1562	4553.652	3641.1182	0.0	47
10:39:30 08/05/2009	good	Group0.7	aaaa	10% avg, cpu1 7%, cpu2 12%	1:581	10	7	12
10:47:36 08/05/2009	good	Group0.6	memory	15% used, 4183MB free, 0.52 pages/sec	2:1584	15	4183	0.52542025
10:47:37 08/05/2009	good	Group0.6	cpu	6% avg, cpu1 5%, cpu2 7%	1:1562	6	5	7
10:47:37 08/05/2009	good	Group0.6	disk_c	40% full, 12355MB free, 20473MB total	3:1578	40	12355
10:49:21 08/05/2009	good	Group0.5	network	399 bytes in/sec., 343 bytes out/sec., 0.00 packet errors/sec., 33 current connections.	2:1563	399.99997	343.92523	0.0	33
10:49:30 08/05/2009	good	Group0.7	aaaa	5% avg, cpu1 4%, cpu2 5%	1:582	5	4	5
10:57:36 08/05/2009	good	Group0.6	memory	15% used, 4183MB free, 6.87 pages/sec	2:1585	15	4183	6.870651
10:57:37 08/05/2009	good	Group0.6	cpu	6% avg, cpu1 5%, cpu2 7%	1:1563	6	5	7
10:57:37 08/05/2009	good	Group0.6	disk_c	40% full, 12357MB free, 20473MB total	3:1579	40	12357
10:59:21 08/05/2009	good	Group0.5	network	390 bytes in/sec., 362 bytes out/sec., 0.00 packet errors/sec., 36 current connections.	2:1564	390.47174	362.44745	0.0	36
10:59:30 08/05/2009	good	Group0.7	aaaa	5% avg, cpu1 5%, cpu2 6%	1:583	5	5	6
11:07:36 08/05/2009	good	Group0.6	memory	17% used, 4104MB free, 25.40 pages/sec	2:1586	17	4104	25.409876
11:07:37 08/05/2009	good	Group0.6	cpu	10% avg, cpu1 9%, cpu2 11%	1:1564	10	9	11
11:07:37 08/05/2009	good	Group0.6	disk_c	41% full, 12267MB free, 20473MB total	3:1580	41	12267
11:09:21 08/05/2009	good	Group0.5	network	3K in/sec., 369 bytes out/sec., 0.00 packet errors/sec., 30 current connections.	2:1565	3198.5159	369.20224	0.0	30
11:09:30 08/05/2009	good	Group0.7	aaaa	12% avg, cpu1 10%, cpu2 13%	1:584	12	10	13
11:12:26 08/05/2009	error	Group0.6	NT Performance Counter: System.pmc	% Total Processor Time n/a, File Read Bytes/sec: = 32133.42/sec, File Write Bytes/sec: = 38880.32/sec	35:1	n/a	0	0	0	32133.42	0	10	1704899262	38880.32	0	10	7521881330	1	nonfailure
11:17:36 08/05/2009	good	Group0.6	memory	18% used, 4055MB free, 12.34 pages/sec	2:1587	18	4055	12.348744
11:17:37 08/05/2009	good	Group0.6	cpu	9% avg, cpu1 7%, cpu2 10%	1:1565	9	7	10
11:17:37 08/05/2009	good	Group0.6	disk_c	41% full, 12267MB free, 20473MB total	3:1581	41	12267
11:19:21 08/05/2009	good	Group0.5	network	496 bytes in/sec., 316 bytes out/sec., 0.00 packet errors/sec., 32 current connections.	2:1566	496.94116	316.2353	0.0	32
11:19:30 08/05/2009	good	Group0.7	aaaa	8% avg, cpu1 7%, cpu2 9%	1:585	8	7	9
11:22:32 08/05/2009	error	Group0.6	NT Performance Counter: System.pmc	% Total Processor Time n/a, File Read Bytes/sec: = 11067.14/sec, File Write Bytes/sec: = 13436.68/sec	35:2	n/a	0	0	0	11067.14	0	10	1706580167	13436.68	0	10	7530908637	1	nonfailure
11:27:36 08/05/2009	good	Group0.6	memory	17% used, 4058MB free, 2.20 pages/sec	2:1588	17	4058	2.2085674
11:27:37 08/05/2009	good	Group0.6	disk_c	41% full, 12268MB free, 20473MB total	3:1582	41	12268
11:27:37 08/05/2009	good	Group0.6	cpu	7% avg, cpu1 6%, cpu2 9%	1:1566	7	6	9
11:29:21 08/05/2009	good	Group0.5	network	482 bytes in/sec., 351 bytes out/sec., 0.00 packet errors/sec., 33 current connections.	2:1567	482.01773	351.23773	0.0	33
11:29:30 08/05/2009	good	Group0.7	aaaa	7% avg, cpu1 6%, cpu2 8%	1:586	7	6	8
11:32:46 08/05/2009	error	Group0.6	NT Performance Counter: System.pmc	% Total Processor Time n/a, File Read Bytes/sec: = 3613.32/sec, File Write Bytes/sec: = 9223.23/sec	35:3	n/a	0	0	0	3613.32	0	10	1707708896	9223.23	0	10	7539887870	1	nonfailure
11:37:36 08/05/2009	good	Group0.6	memory	18% used, 4040MB free, 0.60 pages/sec	2:1589	18	4040	0.6002622
11:37:37 08/05/2009	good	Group0.6	cpu	6% avg, cpu1 5%, cpu2 6%	1:1567	6	5	6
11:37:37 08/05/2009	good	Group0.6	disk_c	41% full, 12267MB free, 20473MB total	3:1583	41	12267
11:39:21 08/05/2009	good	Group0.5	network	691 bytes in/sec., 934 bytes out/sec., 0.00 packet errors/sec., 31 current connections.	2:1568	691.26575	934.1429	0.0	31
11:39:30 08/05/2009	good	Group0.7	aaaa	5% avg, cpu1 5%, cpu2 5%	1:587	5	5	5
11:42:31 08/05/2009	error	Group0.6	NT Performance Counter: System.pmc	% Total Processor Time n/a, File Read Bytes/sec: = 12429.71/sec, File Write Bytes/sec: = 11749.32/sec	35:4	n/a	0	0	0	12429.71	0	10	1708603598	11749.32	0	10	7548592267	1	nonfailure
11:47:36 08/05/2009	good	Group0.6	memory	18% used, 4037MB free, 0.36 pages/sec	2:1590	18	4037	0.3652385
11:47:37 08/05/2009	good	Group0.6	cpu	3% avg, cpu1 3%, cpu2 4%	1:1568	3	3	4
11:47:37 08/05/2009	good	Group0.6	disk_c	41% full, 12267MB free, 20473MB total	3:1584	41	12267
11:49:21 08/05/2009	good	Group0.5	network	1K in/sec., 1K out/sec., 0.00 packet errors/sec., 32 current connections.	2:1569	1734.5793	1594.3925	0.0	32
11:49:30 08/05/2009	good	Group0.7	aaaa	4% avg, cpu1 3%, cpu2 4%	1:588	4	3	4
11:52:31 08/05/2009	error	Group0.6	NT Performance Counter: System.pmc	% Total Processor Time n/a, File Read Bytes/sec: = 11296.98/sec, File Write Bytes/sec: = 16577.01/sec	35:5	n/a	0	0	0	11296.98	0	10	1713618609	16577.01	0	10	7558506545	1	nonfailure
11:57:36 08/05/2009	good	Group0.6	memory	18% used, 4033MB free, 0.23 pages/sec	2:1591	18	4033	0.23845926
11:57:37 08/05/2009	good	Group0.6	cpu	5% avg, cpu1 4%, cpu2 6%	1:1569	5	4	6
11:57:37 08/05/2009	good	Group0.6	disk_c	41% full, 12267MB free, 20473MB total	3:1585	41	12267
11:59:21 08/05/2009	good	Group0.5	network	739 bytes in/sec., 737 bytes out/sec., 0.00 packet errors/sec., 40 current connections.	2:1570	739.8412	737.9729	0.0	40
11:59:30 08/05/2009	good	Group0.7	aaaa	6% avg, cpu1 5%, cpu2 8%	1:589	6	5	8
12:02:31 08/05/2009	error	Group0.6	NT Performance Counter: System.pmc	% Total Processor Time n/a, File Read Bytes/sec: = 11355.56/sec, File Write Bytes/sec: = 16097.26/sec	35:6	n/a	0	0	0	11355.56	0	10	1714523154	16097.26	0	10	7567315863	1	nonfailure
12:07:36 08/05/2009	good	Group0.6	memory	18% used, 4025MB free, 1.09 pages/sec	2:1592	18	4025	1.0969588
12:07:37 08/05/2009	good	Group0.6	cpu	4% avg, cpu1 3%, cpu2 5%	1:1570	4	3	5
12:07:37 08/05/2009	good	Group0.6	disk_c	41% full, 12267MB free, 20473MB total	3:1586	41	12267
12:09:21 08/05/2009	good	Group0.5	network	784 bytes in/sec., 756 bytes out/sec., 0.00 packet errors/sec., 32 current connections.	2:1571	784.68005	756.65576	0.0	32
12:09:30 08/05/2009	good	Group0.7	aaaa	3% avg, cpu1 2%, cpu2 3%	1:590	3	2	3
12:12:31 08/05/2009	error	Group0.6	NT Performance Counter: System.pmc	% Total Processor Time n/a, File Read Bytes/sec: = 11127.47/sec, File Write Bytes/sec: = 15849.84/sec	35:7	n/a	0	0	0	11127.47	0	10	1715432923	15849.84	0	10	7576098773	1	nonfailure
12:17:36 08/05/2009	good	Group0.6	memory	19% used, 4000MB free, 1.72 pages/sec	2:1593	19	4000	1.7283629
12:17:37 08/05/2009	good	Group0.6	cpu	4% avg, cpu1 3%, cpu2 5%	1:1571	4	3	5
12:17:37 08/05/2009	good	Group0.6	disk_c	41% full, 12267MB free, 20473MB total	3:1587	41	12267
12:19:21 08/05/2009	good	Group0.5	network	1K in/sec., 1K out/sec., 0.00 packet errors/sec., 32 current connections.	2:1572	1277.9075	1847.7346	0.0	32
12:19:30 08/05/2009	good	Group0.7	aaaa	5% avg, cpu1 3%, cpu2 6%	1:591	5	3	6
12:22:31 08/05/2009	error	Group0.6	NT Performance Counter: System.pmc	% Total Processor Time n/a, File Read Bytes/sec: = 10976.30/sec, File Write Bytes/sec: = 16081.59/sec	35:8	n/a	0	0	0	10976.30	0	10	1716377516	16081.59	0	10	7585210256	1	nonfailure
12:27:36 08/05/2009	good	Group0.6	memory	19% used, 4000MB free, 0.03 pages/sec	2:1594	19	4000	0.033333812
12:27:37 08/05/2009	good	Group0.6	cpu	5% avg, cpu1 4%, cpu2 6%	1:1572	5	4	6
12:27:37 08/05/2009	good	Group0.6	disk_c	41% full, 12267MB free, 20473MB total	3:1588	41	12267
12:29:21 08/05/2009	good	Group0.5	network	1K in/sec., 1K out/sec., 0.00 packet errors/sec., 32 current connections.	2:1573	1068.6456	1743.9703	0.0	32
12:29:30 08/05/2009	good	Group0.7	aaaa	5% avg, cpu1 4%, cpu2 6%	1:592	5	4	6
12:32:31 08/05/2009	error	Group0.6	NT Performance Counter: System.pmc	% Total Processor Time n/a, File Read Bytes/sec: = 12293.13/sec, File Write Bytes/sec: = 14106.25/sec	35:9	n/a	0	0	0	12293.13	0	10	1717354440	14106.25	0	10	7593945537	1	nonfailure
12:37:36 08/05/2009	good	Group0.6	memory	18% used, 4007MB free, 0.29 pages/sec	2:1595	18	4007	0.2983317
12:37:37 08/05/2009	good	Group0.6	cpu	3% avg, cpu1 2%, cpu2 3%	1:1573	3	2	3
12:37:37 08/05/2009	good	Group0.6	disk_c	41% full, 12267MB free, 20473MB total	3:1589	41	12267
12:39:21 08/05/2009	good	Group0.5	network	1K in/sec., 2K out/sec., 0.00 packet errors/sec., 33 current connections.	2:1574	1315.2732	2150.397	0.0	33
12:39:30 08/05/2009	good	Group0.7	aaaa	2% avg, cpu1 2%, cpu2 2%	1:593	2	2	2
12:42:31 08/05/2009	error	Group0.6	NT Performance Counter: System.pmc	% Total Processor Time n/a, File Read Bytes/sec: = 11692.33/sec, File Write Bytes/sec: = 11296.45/sec	35:10	n/a	0	0	0	11692.33	0	10	1718242024	11296.45	0	10	7602606341	1	nonfailure
12:47:36 08/05/2009	good	Group0.6	memory	19% used, 4005MB free, 0.10 pages/sec	2:1596	19	4005	0.10834194
12:47:37 08/05/2009	good	Group0.6	cpu	1% avg, cpu1 1%, cpu2 2%	1:1574	1	1	2
12:47:37 08/05/2009	good	Group0.6	disk_c	41% full, 12267MB free, 20473MB total	3:1590	41	12267
12:49:21 08/05/2009	good	Group0.5	network	511 bytes in/sec., 368 bytes out/sec., 0.00 packet errors/sec., 32 current connections.	2:1575	511.9103	368.0523	0.0	32
12:49:30 08/05/2009	good	Group0.7	aaaa	1% avg, cpu1 1%, cpu2 2%	1:594	1	1	2
12:52:31 08/05/2009	error	Group0.6	NT Performance Counter: System.pmc	% Total Processor Time n/a, File Read Bytes/sec: = 11144.56/sec, File Write Bytes/sec: = 13424.30/sec	35:11	n/a	0	0	0	11144.56	0	10	1719144661	13424.30	0	10	7611320827	1	nonfailure
12:57:36 08/05/2009	good	Group0.6	memory	19% used, 4004MB free, 0.36 pages/sec	2:1597	19	4004	0.36169592
12:57:37 08/05/2009	good	Group0.6	cpu	1% avg, cpu1 1%, cpu2 2%	1:1575	1	1	2
12:57:37 08/05/2009	good	Group0.6	disk_c	41% full, 12267MB free, 20473MB total	3:1591	41	12267
12:59:21 08/05/2009	good	Group0.5	network	519 bytes in/sec., 435 bytes out/sec., 0.00 packet errors/sec., 32 current connections.	2:1576	519.3835	435.3106	0.0	32
12:59:30 08/05/2009	good	Group0.7	aaaa	1% avg, cpu1 1%, cpu2 2%	1:595	1	1	2
13:02:46 08/05/2009	error	Group0.6	NT Performance Counter: System.pmc	% Total Processor Time n/a, File Read Bytes/sec: = 4057.87/sec, File Write Bytes/sec: = 14292.09/sec	35:12	n/a	0	0	0	4057.87	0	10	1720252460	14292.09	0	10	7620327340	1	nonfailure
13:07:36 08/05/2009	good	Group0.6	memory	19% used, 4005MB free, 0.05 pages/sec	2:1598	19	4005	0.053337596
13:07:37 08/05/2009	good	Group0.6	cpu	1% avg, cpu1 1%, cpu2 2%	1:1576	1	1	2
13:07:37 08/05/2009	good	Group0.6	disk_c	41% full, 12267MB free, 20473MB total	3:1592	41	12267
13:09:21 08/05/2009	good	Group0.5	network	1K in/sec., 920 bytes out/sec., 0.00 packet errors/sec., 32 current connections.	2:1577	1269.0167	920.22266	0.0	32
13:09:30 08/05/2009	good	Group0.7	aaaa	1% avg, cpu1 1%, cpu2 2%	1:596	1	1	2
13:12:31 08/05/2009	error	Group0.6	NT Performance Counter: System.pmc	% Total Processor Time n/a, File Read Bytes/sec: = 11083.03/sec, File Write Bytes/sec: = 16060.60/sec	35:13	n/a	0	0	0	11083.03	0	10	1721150818	16060.60	0	10	7628851495	1	nonfailure
13:17:36 08/05/2009	good	Group0.6	memory	18% used, 4012MB free, 0.44 pages/sec	2:1599	18	4012	0.44502965
13:17:37 08/05/2009	good	Group0.6	cpu	2% avg, cpu1 1%, cpu2 2%	1:1577	2	1	2
13:17:37 08/05/2009	good	Group0.6	disk_c	41% full, 12267MB free, 20473MB total	3:1593	41	12267
13:19:21 08/05/2009	good	Group0.5	network	3K in/sec., 2K out/sec., 0.00 packet errors/sec., 28 current connections.	2:1578	3389.0706	2288.6501	0.0	28
13:19:31 08/05/2009	good	Group0.7	aaaa	3% avg, cpu1 2%, cpu2 4%	1:597	3	2	4
13:22:31 08/05/2009	error	Group0.6	NT Performance Counter: System.pmc	% Total Processor Time n/a, File Read Bytes/sec: = 11793.43/sec, File Write Bytes/sec: = 18491.61/sec	35:14	n/a	0	0	0	11793.43	0	10	1722175683	18491.61	0	10	7637792292	1	nonfailure
13:27:36 08/05/2009	good	Group0.6	memory	18% used, 4050MB free, 0.75 pages/sec	2:1600	18	4050	0.7590006
13:27:37 08/05/2009	good	Group0.6	cpu	8% avg, cpu1 6%, cpu2 9%	1:1578	8	6	9
13:27:37 08/05/2009	good	Group0.6	disk_c	41% full, 12266MB free, 20473MB total	3:1594	41	12266
13:29:21 08/05/2009	good	Group0.5	network	369 bytes in/sec., 364 bytes out/sec., 0.00 packet errors/sec., 39 current connections.	2:1579	369.9206	364.31573	0.0	39
13:29:31 08/05/2009	good	Group0.7	aaaa	8% avg, cpu1 6%, cpu2 10%	1:598	8	6	10
13:32:31 08/05/2009	error	Group0.6	NT Performance Counter: System.pmc	% Total Processor Time n/a, File Read Bytes/sec: = 9249.35/sec, File Write Bytes/sec: = 14914.60/sec	35:15	n/a	0	0	0	9249.35	0	10	1723197477	14914.60	0	10	7646554365	1	nonfailure
13:37:36 08/05/2009	good	Group0.6	memory	16% used, 4126MB free, 0.68 pages/sec	2:1601	16	4126	0.6807525
13:37:37 08/05/2009	good	Group0.6	cpu	6% avg, cpu1 5%, cpu2 7%	1:1579	6	5	7
13:37:37 08/05/2009	good	Group0.6	disk_c	41% full, 12266MB free, 20473MB total	3:1595	41	12266
13:38:07 08/05/2009	good	Group0.6	Service: Apache2.2 on \\192.168.0.50	running	36:1	running	1	0	0
13:38:18 08/05/2009	good	Group0.6	Service: Apache2.2 on \\192.168.0.50	running	36:2	running	1	0	0
13:38:34 08/05/2009	good	Group0.6	Service: Apache2.2 on \\192.168.0.50	running	36:3	running	1	0	0
13:39:21 08/05/2009	good	Group0.5	network	343 bytes in/sec., 343 bytes out/sec., 0.00 packet errors/sec., 48 current connections.	2:1580	343.7646	343.7646	0.0	48
13:39:30 08/05/2009	good	Group0.7	aaaa	5% avg, cpu1 5%, cpu2 6%	1:599	5	5	6
13:42:37 08/05/2009	error	Group0.6	NT Performance Counter: System.pmc	% Total Processor Time n/a, File Read Bytes/sec: = 11231.65/sec, File Write Bytes/sec: = 10963.52/sec	35:16	n/a	0	0	0	11231.65	0	10	1724441577	10963.52	0	10	7655537710	1	nonfailure
13:47:36 08/05/2009	good	Group0.6	memory	16% used, 4115MB free, 0.26 pages/sec	2:1602	16	4115	0.2619569
13:47:37 08/05/2009	good	Group0.6	cpu	10% avg, cpu1 10%, cpu2 11%	1:1580	10	10	11
13:47:37 08/05/2009	good	Group0.6	disk_c	41% full, 12265MB free, 20473MB total	3:1596	41	12265
13:48:34 08/05/2009	good	Group0.6	Service: Apache2.2 on \\192.168.0.50	running	36:4	running	1	0	0
13:49:21 08/05/2009	good	Group0.5	network	429 bytes in/sec., 403 bytes out/sec., 0.00 packet errors/sec., 38 current connections.	2:1581	429.90652	403.7383	0.0	38
13:49:31 08/05/2009	good	Group0.7	aaaa	11% avg, cpu1 10%, cpu2 11%	1:600	11	10	11
13:52:36 08/05/2009	error	Group0.6	NT Performance Counter: System.pmc	% Total Processor Time n/a, File Read Bytes/sec: = 11117.94/sec, File Write Bytes/sec: = 15908.76/sec	35:17	n/a	0	0	0	11117.94	0	10	1725579364	15908.76	0	10	7664719313	1	nonfailure
13:57:36 08/05/2009	good	Group0.6	memory	16% used, 4145MB free, 0.10 pages/sec	2:1603	16	4145	0.101776816
13:57:37 08/05/2009	good	Group0.6	cpu	6% avg, cpu1 5%, cpu2 7%	1:1581	6	5	7
13:57:37 08/05/2009	good	Group0.6	disk_c	41% full, 12265MB free, 20473MB total	3:1597	41	12265
13:58:34 08/05/2009	good	Group0.6	Service: Apache2.2 on \\192.168.0.50	running	36:5	running	1	0	0
13:59:21 08/05/2009	good	Group0.5	network	451 bytes in/sec., 395 bytes out/sec., 0.00 packet errors/sec., 31 current connections.	2:1582	451.7647	395.29413	0.0	31
13:59:31 08/05/2009	good	Group0.7	aaaa	5% avg, cpu1 4%, cpu2 6%	1:601	5	4	6
14:02:39 08/05/2009	error	Group0.6	NT Performance Counter: System.pmc	% Total Processor Time n/a, File Read Bytes/sec: = 11209.84/sec, File Write Bytes/sec: = 13030.45/sec	35:18	n/a	0	0	0	11209.84	0	10	1726940723	13030.45	0	10	7673535287	1	nonfailure
14:07:36 08/05/2009	good	Group0.6	memory	16% used, 4145MB free, 2.56 pages/sec	2:1604	16	4145	2.5697803
14:07:37 08/05/2009	good	Group0.6	cpu	5% avg, cpu1 3%, cpu2 6%	1:1582	5	3	6
14:07:37 08/05/2009	good	Group0.6	disk_c	41% full, 12265MB free, 20473MB total	3:1598	41	12265
14:08:34 08/05/2009	good	Group0.6	Service: Apache2.2 on \\192.168.0.50	running	36:6	running	1	0	0
14:09:21 08/05/2009	good	Group0.5	network	429 bytes in/sec., 373 bytes out/sec., 0.00 packet errors/sec., 31 current connections.	2:1583	429.70575	373.65717	0.0	31
14:09:31 08/05/2009	good	Group0.7	aaaa	5% avg, cpu1 4%, cpu2 6%	1:602	5	4	6
14:12:37 08/05/2009	error	Group0.6	NT Performance Counter: System.pmc	% Total Processor Time n/a, File Read Bytes/sec: = 11763.66/sec, File Write Bytes/sec: = 16173.94/sec	35:19	n/a	0	0	0	11763.66	0	10	1728439371	16173.94	0	10	7683023879	1	nonfailure
14:17:36 08/05/2009	good	Group0.6	memory	16% used, 4129MB free, 0.37 pages/sec	2:1605	16	4129	0.37506205
14:17:37 08/05/2009	good	Group0.6	cpu	3% avg, cpu1 2%, cpu2 4%	1:1583	3	2	4
14:17:37 08/05/2009	good	Group0.6	disk_c	41% full, 12265MB free, 20473MB total	3:1599	41	12265
14:18:34 08/05/2009	good	Group0.6	Service: Apache2.2 on \\192.168.0.50	running	36:7	running	1	0	0
14:19:21 08/05/2009	good	Group0.5	network	576 bytes in/sec., 316 bytes out/sec., 0.00 packet errors/sec., 31 current connections.	2:1584	576.0	316.2353	0.0	31
14:19:31 08/05/2009	good	Group0.7	aaaa	4% avg, cpu1 3%, cpu2 5%	1:603	4	3	5
14:22:36 08/05/2009	error	Group0.6	NT Performance Counter: System.pmc	% Total Processor Time n/a, File Read Bytes/sec: = 13210.75/sec, File Write Bytes/sec: = 17149.99/sec	35:20	n/a	0	0	0	13210.75	0	10	1729717859	17149.99	0	10	7691990178	1	nonfailure
14:27:36 08/05/2009	good	Group0.6	memory	16% used, 4128MB free, 0.77 pages/sec	2:1606	16	4128	0.7767547
14:27:37 08/05/2009	good	Group0.6	cpu	7% avg, cpu1 6%, cpu2 8%	1:1584	7	6	8
14:27:37 08/05/2009	good	Group0.6	disk_c	41% full, 12265MB free, 20473MB total	3:1600	41	12265
14:28:34 08/05/2009	good	Group0.6	Service: Apache2.2 on \\192.168.0.50	running	36:8	running	1	0	0
14:29:21 08/05/2009	good	Group0.5	network	653 bytes in/sec., 330 bytes out/sec., 0.00 packet errors/sec., 31 current connections.	2:1585	653.0613	330.2412	0.0	31
14:29:31 08/05/2009	good	Group0.7	aaaa	8% avg, cpu1 7%, cpu2 9%	1:604	8	7	9
14:32:37 08/05/2009	error	Group0.6	NT Performance Counter: System.pmc	% Total Processor Time n/a, File Read Bytes/sec: = 12274.94/sec, File Write Bytes/sec: = 11551.33/sec	35:21	n/a	0	0	0	12274.94	0	10	1731002636	11551.33	0	10	7700850117	1	nonfailure
14:37:36 08/05/2009	good	Group0.6	memory	16% used, 4132MB free, 13.48 pages/sec	2:1607	16	4132	13.484693
14:37:37 08/05/2009	good	Group0.6	cpu	5% avg, cpu1 4%, cpu2 6%	1:1585	5	4	6
14:37:37 08/05/2009	good	Group0.6	disk_c	41% full, 12264MB free, 20473MB total	3:1601	41	12264
14:38:34 08/05/2009	good	Group0.6	Service: Apache2.2 on \\192.168.0.50	running	36:9	running	1	0	0
14:38:54 08/05/2009	good	Group0.6	Service: Apache2.2 on \\192.168.0.50	running	36:10	running	1	0	0
14:39:14 08/05/2009	error	Group0.6	Service: Apache2.2 on \\192.168.0.50	running	36:11	running	1	0	0	nonfailure
14:39:21 08/05/2009	good	Group0.5	network	642 bytes in/sec., 313 bytes out/sec., 0.00 packet errors/sec., 27 current connections.	2:1586	642.6903	313.872	0.0	27
14:39:31 08/05/2009	good	Group0.7	aaaa	3% avg, cpu1 3%, cpu2 4%	1:605	3	3	4
14:42:42 08/05/2009	error	Group0.6	NT Performance Counter: System.pmc	% Total Processor Time n/a, File Read Bytes/sec: = 143.77/sec, File Write Bytes/sec: = 10152.11/sec	35:22	n/a	0	0	0	143.77	0	10	1732181275	10152.11	0	10	7709954535	1	nonfailure
14:47:36 08/05/2009	good	Group0.6	memory	17% used, 4098MB free, 4.16 pages/sec	2:1608	17	4098	4.1666493
14:47:37 08/05/2009	good	Group0.6	cpu	7% avg, cpu1 6%, cpu2 8%	1:1586	7	6	8
14:47:37 08/05/2009	good	Group0.6	disk_c	41% full, 12264MB free, 20473MB total	3:1602	41	12264
14:49:21 08/05/2009	good	Group0.5	network	441 bytes in/sec., 433 bytes out/sec., 0.00 packet errors/sec., 36 current connections.	2:1587	441.12146	433.64484	0.0	36
14:49:31 08/05/2009	good	Group0.7	aaaa	7% avg, cpu1 6%, cpu2 8%	1:606	7	6	8
14:52:42 08/05/2009	error	Group0.6	NT Performance Counter: System.pmc	% Total Processor Time n/a, File Read Bytes/sec: = 788.99/sec, File Write Bytes/sec: = 10460.02/sec	35:23	n/a	0	0	0	788.99	0	10	1733591718	10460.02	0	10	7718814821	1	nonfailure
14:57:36 08/05/2009	good	Group0.6	memory	17% used, 4097MB free, 0.03 pages/sec	2:1609	17	4097	0.031672608
14:57:37 08/05/2009	good	Group0.6	cpu	3% avg, cpu1 3%, cpu2 4%	1:1587	3	3	4
14:57:38 08/05/2009	good	Group0.6	disk_c	41% full, 12264MB free, 20473MB total	3:1603	41	12264
14:59:21 08/05/2009	good	Group0.5	network	351 bytes in/sec., 295 bytes out/sec., 0.00 packet errors/sec., 31 current connections.	2:1588	351.23773	295.18915	0.0	31
14:59:31 08/05/2009	good	Group0.7	aaaa	5% avg, cpu1 4%, cpu2 6%	1:607	5	4	6
15:02:42 08/05/2009	error	Group0.6	NT Performance Counter: System.pmc	% Total Processor Time n/a, File Read Bytes/sec: = 10764.46/sec, File Write Bytes/sec: = 12854.80/sec	35:24	n/a	0	0	0	10764.46	0	10	1735634108	12854.80	0	10	7728510229	1	nonfailure
15:07:36 08/05/2009	good	Group0.6	memory	17% used, 4088MB free, 3.43 pages/sec	2:1610	17	4088	3.4361486
15:07:37 08/05/2009	good	Group0.6	cpu	7% avg, cpu1 6%, cpu2 8%	1:1588	7	6	8
15:07:37 08/05/2009	good	Group0.6	disk_c	41% full, 12264MB free, 20473MB total	3:1604	41	12264
15:09:21 08/05/2009	good	Group0.5	network	470 bytes in/sec., 327 bytes out/sec., 0.00 packet errors/sec., 37 current connections.	2:1589	470.58823	327.52942	0.0	37
15:09:31 08/05/2009	good	Group0.7	aaaa	7% avg, cpu1 6%, cpu2 8%	1:608	7	6	8
15:12:42 08/05/2009	error	Group0.6	NT Performance Counter: System.pmc	% Total Processor Time n/a, File Read Bytes/sec: = 17866.19/sec, File Write Bytes/sec: = 31183.69/sec	35:25	n/a	0	0	0	17866.19	0	10	1741274809	31183.69	0	10	7743377704	1	nonfailure
15:17:36 08/05/2009	good	Group0.6	memory	17% used, 4087MB free, 0.20 pages/sec	2:1611	17	4087	0.20676586
15:17:37 08/05/2009	good	Group0.6	cpu	5% avg, cpu1 4%, cpu2 6%	1:1589	5	4	6
15:17:37 08/05/2009	good	Group0.6	disk_c	41% full, 12264MB free, 20473MB total	3:1605	41	12264
15:19:21 08/05/2009	good	Group0.5	network	399 bytes in/sec., 343 bytes out/sec., 0.00 packet errors/sec., 37 current connections.	2:1590	399.81317	343.7646	0.0	37
15:19:31 08/05/2009	good	Group0.7	aaaa	5% avg, cpu1 4%, cpu2 6%	1:609	5	4	6
15:22:42 08/05/2009	error	Group0.6	NT Performance Counter: System.pmc	% Total Processor Time n/a, File Read Bytes/sec: = 2118.00/sec, File Write Bytes/sec: = 23564.79/sec	35:26	n/a	0	0	0	2118.00	0	10	1746286939	23564.79	0	10	7759189361	1	nonfailure
15:27:36 08/05/2009	good	Group0.6	memory	18% used, 4045MB free, 18.14 pages/sec	2:1612	18	4045	18.140047
15:27:37 08/05/2009	good	Group0.6	cpu	7% avg, cpu1 6%, cpu2 8%	1:1590	7	6	8
15:27:37 08/05/2009	good	Group0.6	disk_c	41% full, 12264MB free, 20473MB total	3:1606	41	12264
15:29:21 08/05/2009	good	Group0.5	network	399 bytes in/sec., 343 bytes out/sec., 0.00 packet errors/sec., 37 current connections.	2:1591	399.81317	343.7646	0.0	37
15:29:31 08/05/2009	good	Group0.7	aaaa	6% avg, cpu1 5%, cpu2 6%	1:610	6	5	6
15:32:42 08/05/2009	error	Group0.6	NT Performance Counter: System.pmc	% Total Processor Time n/a, File Read Bytes/sec: = 942.63/sec, File Write Bytes/sec: = 12350.02/sec	35:27	n/a	0	0	0	942.63	0	10	1747386365	12350.02	0	10	7768411238	1	nonfailure
15:37:36 08/05/2009	good	Group0.6	memory	17% used, 4061MB free, 0.19 pages/sec	2:1613	17	4061	0.19507177
15:37:37 08/05/2009	good	Group0.6	cpu	6% avg, cpu1 5%, cpu2 7%	1:1591	6	5	7
15:37:37 08/05/2009	good	Group0.6	disk_c	41% full, 12264MB free, 20473MB total	3:1607	41	12264
15:39:21 08/05/2009	good	Group0.5	network	474 bytes in/sec., 295 bytes out/sec., 0.00 packet errors/sec., 33 current connections.	2:1592	474.5446	295.18915	0.0	33
15:39:31 08/05/2009	good	Group0.7	aaaa	7% avg, cpu1 6%, cpu2 8%	1:611	7	6	8
15:42:42 08/05/2009	error	Group0.6	NT Performance Counter: System.pmc	% Total Processor Time n/a, File Read Bytes/sec: = 1448.73/sec, File Write Bytes/sec: = 10814.12/sec	35:28	n/a	0	0	0	1448.73	0	10	1748660738	10814.12	0	10	7777160104	1	nonfailure
15:47:36 08/05/2009	good	Group0.6	memory	17% used, 4060MB free, 5.17 pages/sec	2:1614	17	4060	5.1791344
15:47:38 08/05/2009	good	Group0.6	cpu	5% avg, cpu1 4%, cpu2 6%	1:1592	5	4	6
15:47:38 08/05/2009	good	Group0.6	disk_c	41% full, 12264MB free, 20473MB total	3:1608	41	12264
15:49:21 08/05/2009	good	Group0.5	network	836 bytes in/sec., 769 bytes out/sec., 0.00 packet errors/sec., 32 current connections.	2:1593	836.99207	769.73376	0.0	32
15:49:31 08/05/2009	good	Group0.7	aaaa	4% avg, cpu1 3%, cpu2 5%	1:612	4	3	5
15:53:23 08/05/2009	error	Group0.6	NT Performance Counter: System.pmc	unable to connect to server, % Total Processor Time n/aFile Read Bytes/sec n/aFile Write Bytes/sec n/a	35:29	n/a	0	0	0	n/a	0	0	0	n/a	0	0	0	3	failure
15:57:36 08/05/2009	good	Group0.6	memory	17% used, 4071MB free, 1.78 pages/sec	2:1615	17	4071	1.7883954
15:57:37 08/05/2009	good	Group0.6	cpu	2% avg, cpu1 2%, cpu2 2%	1:1593	2	2	2
15:57:37 08/05/2009	good	Group0.6	disk_c	41% full, 12264MB free, 20473MB total	3:1609	41	12264
15:59:21 08/05/2009	good	Group0.5	network	478 bytes in/sec., 353 bytes out/sec., 0.00 packet errors/sec., 32 current connections.	2:1594	478.11765	353.88235	0.0	32
15:59:31 08/05/2009	good	Group0.7	aaaa	2% avg, cpu1 2%, cpu2 2%	1:613	2	2	2
16:03:23 08/05/2009	error	Group0.6	NT Performance Counter: System.pmc	unable to connect to server, % Total Processor Time n/aFile Read Bytes/sec n/aFile Write Bytes/sec n/a	35:30	n/a	0	0	0	n/a	0	0	0	n/a	0	0	0	3	failure
16:07:36 08/05/2009	good	Group0.6	memory	17% used, 4071MB free, 4.67 pages/sec	2:1616	17	4071	4.674994
16:07:37 08/05/2009	good	Group0.6	cpu	1% avg, cpu1 1%, cpu2 2%	1:1594	1	1	2
16:07:37 08/05/2009	good	Group0.6	disk_c	41% full, 12264MB free, 20473MB total	3:1610	41	12264
16:09:21 08/05/2009	good	Group0.5	network	820 bytes in/sec., 391 bytes out/sec., 0.00 packet errors/sec., 33 current connections.	2:1595	820.7059	391.52942	0.0	33
16:09:31 08/05/2009	good	Group0.7	aaaa	2% avg, cpu1 1%, cpu2 2%	1:614	2	1	2
16:13:28 08/05/2009	error	Group0.6	NT Performance Counter: System.pmc	unable to connect to server, % Total Processor Time n/aFile Read Bytes/sec n/aFile Write Bytes/sec n/a	35:31	n/a	0	0	0	n/a	0	0	0	n/a	0	0	0	3	failure
16:17:36 08/05/2009	good	Group0.6	memory	17% used, 4062MB free, 0.41 pages/sec	2:1617	17	4062	0.41833618
16:17:38 08/05/2009	good	Group0.6	cpu	2% avg, cpu1 2%, cpu2 3%	1:1595	2	2	3
16:17:38 08/05/2009	good	Group0.6	disk_c	41% full, 12264MB free, 20473MB total	3:1611	41	12264
16:19:21 08/05/2009	good	Group0.5	network	392 bytes in/sec., 351 bytes out/sec., 0.00 packet errors/sec., 34 current connections.	2:1596	392.34003	351.23773	0.0	34
16:19:31 08/05/2009	good	Group0.7	aaaa	2% avg, cpu1 2%, cpu2 3%	1:615	2	2	3
16:23:07 08/05/2009	error	Group0.6	NT Performance Counter: System.pmc	unable to connect to server, % Total Processor Time n/aFile Read Bytes/sec n/aFile Write Bytes/sec n/a	35:32	n/a	0	0	0	n/a	0	0	0	n/a	0	0	0	3	failure
16:27:36 08/05/2009	good	Group0.6	memory	17% used, 4069MB free, 0.26 pages/sec	2:1618	17	4069	0.26505557
16:27:38 08/05/2009	good	Group0.6	cpu	6% avg, cpu1 5%, cpu2 6%	1:1596	6	5	6
16:27:38 08/05/2009	good	Group0.6	disk_c	41% full, 12264MB free, 20473MB total	3:1612	41	12264
16:29:21 08/05/2009	good	Group0.5	network	437 bytes in/sec., 369 bytes out/sec., 0.00 packet errors/sec., 33 current connections.	2:1597	437.1789	369.9206	0.0	33
16:29:31 08/05/2009	good	Group0.7	aaaa	7% avg, cpu1 6%, cpu2 8%	1:616	7	6	8
16:33:28 08/05/2009	error	Group0.6	NT Performance Counter: System.pmc	unable to connect to server, % Total Processor Time n/aFile Read Bytes/sec n/aFile Write Bytes/sec n/a	35:33	n/a	0	0	0	n/a	0	0	0	n/a	0	0	0	3	failure
16:37:36 08/05/2009	good	Group0.6	memory	17% used, 4068MB free, 0.19 pages/sec	2:1619	17	4068	0.19172719
16:37:38 08/05/2009	good	Group0.6	cpu	8% avg, cpu1 7%, cpu2 9%	1:1597	8	7	9
16:37:38 08/05/2009	good	Group0.6	disk_c	41% full, 12264MB free, 20473MB total	3:1613	41	12264
16:39:21 08/05/2009	good	Group0.5	network	564 bytes in/sec., 418 bytes out/sec., 0.00 packet errors/sec., 37 current connections.	2:1598	564.48596	418.69156	0.0	37
16:39:31 08/05/2009	good	Group0.7	aaaa	7% avg, cpu1 6%, cpu2 8%	1:617	7	6	8
16:43:51 08/05/2009	error	Group0.6	NT Performance Counter: System.pmc	unable to connect to server, % Total Processor Time n/aFile Read Bytes/sec n/aFile Write Bytes/sec n/a	35:34	n/a	0	0	0	n/a	0	0	0	n/a	0	0	0	3	failure
16:46:00 08/05/2009	good	Group0.6	sdf	no errors	37:1	0
16:47:36 08/05/2009	good	Group0.6	memory	17% used, 4066MB free, 13.05 pages/sec	2:1620	17	4066	13.056172
16:47:38 08/05/2009	good	Group0.6	cpu	7% avg, cpu1 6%, cpu2 7%	1:1598	7	6	7
16:47:38 08/05/2009	good	Group0.6	disk_c	41% full, 12263MB free, 20473MB total	3:1614	41	12263
16:49:21 08/05/2009	good	Group0.5	network	6K in/sec., 6K out/sec., 0.00 packet errors/sec., 33 current connections.	2:1599	6549.532	6515.8877	0.0	33
16:49:31 08/05/2009	good	Group0.7	aaaa	6% avg, cpu1 6%, cpu2 7%	1:618	6	6	7
16:53:54 08/05/2009	good	Group0.6	Browsable Windows Performance Counters: this server	LogicalDisk/_Total/% Free Space=39.88%, LogicalDisk/D:/% Free Space=61.92%, LogicalDisk/_Total/Free Megabytes=45651, LogicalDisk/D:/Free Megabytes=25389, LogicalDisk/C:/% Free Space=59.89%, LogicalDisk/E:/% Free Space=15.09%, LogicalDisk/C:/Free Megabytes=12263, LogicalDisk/E:/Free Megabytes=7999	38:1	0	39.88	61.92	45651	25389	59.89	15.09	12263	7999
16:54:15 08/05/2009	error	Group0.6	NT Performance Counter: System.pmc	% Total Processor Time n/a, File Read Bytes/sec: = 1328.09/sec, File Write Bytes/sec: = 3454.63/sec	35:35	n/a	0	0	0	1328.09	0	10	234534901	3454.63	0	10	6728287	1	nonfailure
16:57:36 08/05/2009	good	Group0.6	memory	17% used, 4066MB free, 0.79 pages/sec	2:1621	17	4066	0.7927724
16:57:38 08/05/2009	good	Group0.6	cpu	5% avg, cpu1 5%, cpu2 6%	1:1599	5	5	6
16:57:38 08/05/2009	good	Group0.6	disk_c	41% full, 12263MB free, 20473MB total	3:1615	41	12263
16:59:21 08/05/2009	good	Group0.5	network	373 bytes in/sec., 314 bytes out/sec., 0.00 packet errors/sec., 29 current connections.	2:1600	373.83176	314.01868	0.0	29
16:59:31 08/05/2009	good	Group0.7	aaaa	5% avg, cpu1 5%, cpu2 6%	1:619	5	5	6
17:04:20 08/05/2009	error	Group0.6	NT Performance Counter: System.pmc	% Total Processor Time n/a, File Read Bytes/sec: = 9999.26/sec, File Write Bytes/sec: = 20603.46/sec	35:36	n/a	0	0	0	9999.26	0	10	265366404	20603.46	0	10	40612552	1	nonfailure
17:07:36 08/05/2009	good	Group0.6	memory	17% used, 4086MB free, 1.16 pages/sec	2:1622	17	4086	1.167101
17:07:38 08/05/2009	good	Group0.6	cpu	5% avg, cpu1 5%, cpu2 5%	1:1600	5	5	5
17:07:38 08/05/2009	good	Group0.6	disk_c	41% full, 12263MB free, 20473MB total	3:1616	41	12263
17:09:21 08/05/2009	good	Group0.5	network	508 bytes in/sec., 388 bytes out/sec., 0.00 packet errors/sec., 37 current connections.	2:1601	508.17374	388.60345	0.0	37
17:09:31 08/05/2009	good	Group0.7	aaaa	6% avg, cpu1 5%, cpu2 6%	1:620	6	5	6
17:14:20 08/05/2009	error	Group0.6	NT Performance Counter: System.pmc	% Total Processor Time n/a, File Read Bytes/sec: = 1372.63/sec, File Write Bytes/sec: = 4205.78/sec	35:37	n/a	0	0	0	1372.63	0	10	266717684	4205.78	0	10	42370709	1	nonfailure
17:17:36 08/05/2009	good	Group0.6	memory	17% used, 4058MB free, 9.07 pages/sec	2:1623	17	4058	9.078111
17:17:38 08/05/2009	good	Group0.6	cpu	4% avg, cpu1 4%, cpu2 5%	1:1601	4	4	5
17:17:38 08/05/2009	good	Group0.6	disk_c	41% full, 12263MB free, 20473MB total	3:1617	41	12263
17:19:21 08/05/2009	good	Group0.5	network	418 bytes in/sec., 388 bytes out/sec., 0.00 packet errors/sec., 33 current connections.	2:1602	418.49603	388.60345	0.0	33
17:19:31 08/05/2009	good	Group0.7	aaaa	3% avg, cpu1 3%, cpu2 3%	1:621	3	3	3
17:24:20 08/05/2009	error	Group0.6	NT Performance Counter: System.pmc	% Total Processor Time n/a, File Read Bytes/sec: = 1434.94/sec, File Write Bytes/sec: = 13760.48/sec	35:38	n/a	0	0	0	1434.94	0	10	606565663	13760.48	0	10	72327355	1	nonfailure
17:27:36 08/05/2009	good	Group0.6	memory	17% used, 4063MB free, 0.36 pages/sec	2:1624	17	4063	0.36167464
17:27:38 08/05/2009	good	Group0.6	cpu	2% avg, cpu1 2%, cpu2 2%	1:1602	2	2	2
17:27:38 08/05/2009	good	Group0.6	disk_c	41% full, 12263MB free, 20473MB total	3:1618	41	12263
17:29:21 08/05/2009	good	Group0.5	network	493 bytes in/sec., 325 bytes out/sec., 0.00 packet errors/sec., 32 current connections.	2:1603	493.22745	325.08173	0.0	32
17:29:31 08/05/2009	good	Group0.7	aaaa	2% avg, cpu1 2%, cpu2 2%	1:622	2	2	2
17:34:20 08/05/2009	error	Group0.6	NT Performance Counter: System.pmc	% Total Processor Time n/a, File Read Bytes/sec: = 5135.30/sec, File Write Bytes/sec: = 13415.75/sec	35:39	n/a	0	0	0	5135.30	0	10	609244497	13415.75	0	10	81552562	1	nonfailure
17:37:36 08/05/2009	good	Group0.6	memory	18% used, 4043MB free, 1.35 pages/sec	2:1625	18	4043	1.3553174
17:37:38 08/05/2009	good	Group0.6	cpu	6% avg, cpu1 5%, cpu2 6%	1:1603	6	5	6
17:37:38 08/05/2009	good	Group0.6	disk_c	41% full, 12262MB free, 20473MB total	3:1619	41	12262
17:39:21 08/05/2009	good	Group0.5	network	370 bytes in/sec., 319 bytes out/sec., 0.00 packet errors/sec., 33 current connections.	2:1604	370.404	319.5642	0.0	33
17:39:31 08/05/2009	good	Group0.7	aaaa	6% avg, cpu1 5%, cpu2 6%	1:623	6	5	6
17:44:20 08/05/2009	error	Group0.6	NT Performance Counter: System.pmc	% Total Processor Time n/a, File Read Bytes/sec: = 2216.80/sec, File Write Bytes/sec: = 12346.36/sec	35:40	n/a	0	0	0	2216.80	0	10	610707385	12346.36	0	10	90552829	1	nonfailure
17:47:36 08/05/2009	good	Group0.6	memory	18% used, 4054MB free, 0.04 pages/sec	2:1626	18	4054	0.048357457
17:47:38 08/05/2009	good	Group0.6	cpu	5% avg, cpu1 4%, cpu2 5%	1:1604	5	4	5
17:47:38 08/05/2009	good	Group0.6	disk_c	41% full, 12262MB free, 20473MB total	3:1620	41	12262
17:49:21 08/05/2009	good	Group0.5	network	515 bytes in/sec., 403 bytes out/sec., 0.00 packet errors/sec., 31 current connections.	2:1605	515.6469	403.54974	0.0	31
17:49:31 08/05/2009	good	Group0.7	aaaa	5% avg, cpu1 4%, cpu2 5%	1:624	5	4	5
17:54:20 08/05/2009	error	Group0.6	NT Performance Counter: System.pmc	% Total Processor Time n/a, File Read Bytes/sec: = 839.02/sec, File Write Bytes/sec: = 8055.42/sec	35:41	n/a	0	0	0	839.02	0	10	611834890	8055.42	0	10	99029430	1	nonfailure
17:57:36 08/05/2009	good	Group0.6	memory	18% used, 4054MB free, 0.70 pages/sec	2:1627	18	4054	0.70357853
17:57:38 08/05/2009	good	Group0.6	cpu	5% avg, cpu1 5%, cpu2 6%	1:1605	5	5	6
17:57:38 08/05/2009	good	Group0.6	disk_c	41% full, 12262MB free, 20473MB total	3:1621	41	12262
17:59:21 08/05/2009	good	Group0.5	network	605 bytes in/sec., 403 bytes out/sec., 0.00 packet errors/sec., 38 current connections.	2:1606	605.3246	403.54974	0.0	38
17:59:31 08/05/2009	good	Group0.7	aaaa	6% avg, cpu1 5%, cpu2 7%	1:625	6	5	7
18:04:20 08/05/2009	error	Group0.6	NT Performance Counter: System.pmc	% Total Processor Time n/a, File Read Bytes/sec: = 202.80/sec, File Write Bytes/sec: = 7724.93/sec	35:42	n/a	0	0	0	202.80	0	10	612949835	7724.93	0	10	107330236	1	nonfailure
18:07:36 08/05/2009	good	Group0.6	memory	17% used, 4073MB free, 33.13 pages/sec	2:1628	17	4073	33.13955
18:07:38 08/05/2009	disabled	Group0.6	cpu	disabled by schedule	1:1605	5	5	6
18:07:38 08/05/2009	good	Group0.6	disk_c	41% full, 12262MB free, 20473MB total	3:1622	41	12262
18:09:21 08/05/2009	good	Group0.5	network	425 bytes in/sec., 407 bytes out/sec., 0.00 packet errors/sec., 41 current connections.	2:1607	425.96918	407.28632	0.0	41
18:09:31 08/05/2009	good	Group0.7	aaaa	8% avg, cpu1 6%, cpu2 9%	1:626	8	6	9
