09:05:53 07/08/2009	good	Group0.6	SNMP: 127.0.0.1 system.sysUpTime	 = 80387	24:15	ok	80387
09:08:23 07/08/2009	good	Group0.5	network	477 bytes in/sec., 371 bytes out/sec., 0.00 packet errors/sec., 42 current connections.	2:1046	477.73657	371.05753	0.0	42
09:08:39 07/08/2009	good	Group0.6	disk_c	35% full, 13354MB free, 20473MB total	3:1059	35	13354
09:08:47 07/08/2009	good	Group0.6	cpu	7% avg, cpu1 5%, cpu2 9%	1:1053	7	5	9
09:08:57 07/08/2009	good	Group0.6	memory	13% used, 4268MB free, 9.38 pages/sec	2:1067	13	4268	9.380187
09:09:06 07/08/2009	good	Group0.7	aaaa	8% avg, cpu1 7%, cpu2 10%	1:68	8	7	10
09:15:53 07/08/2009	good	Group0.6	SNMP: 127.0.0.1 system.sysUpTime	 = 140378	24:16	ok	140378
09:16:02 07/08/2009	error	Group0.6	SNMP: 127.0.0.1 system.sysUpTime	content match error, 141332	24:17	content match error, 141332	n/a	failure
09:18:23 07/08/2009	good	Group0.5	network	757 bytes in/sec., 643 bytes out/sec., 0.00 packet errors/sec., 44 current connections.	2:1047	757.9972	643.4863	0.0	44
09:18:39 07/08/2009	good	Group0.6	disk_c	35% full, 13354MB free, 20473MB total	3:1060	35	13354
09:18:47 07/08/2009	good	Group0.6	cpu	7% avg, cpu1 5%, cpu2 8%	1:1054	7	5	8
09:18:57 07/08/2009	good	Group0.6	memory	14% used, 4236MB free, 0.98 pages/sec	2:1068	14	4236	0.98831517
09:18:59 07/08/2009	good	Group0.7	aaaa	6% avg, cpu1 5%, cpu2 7%	1:69	6	5	7
09:26:02 07/08/2009	error	Group0.6	SNMP: 127.0.0.1 system.sysUpTime	content match error, 201334	24:18	content match error, 201334	n/a	failure
09:28:23 07/08/2009	good	Group0.5	network	865 bytes in/sec., 670 bytes out/sec., 0.00 packet errors/sec., 42 current connections.	2:1048	865.9555	670.68646	0.0	42
09:28:39 07/08/2009	good	Group0.6	disk_c	35% full, 13353MB free, 20473MB total	3:1061	35	13353
09:28:47 07/08/2009	good	Group0.6	cpu	8% avg, cpu1 7%, cpu2 9%	1:1055	8	7	9
09:28:57 07/08/2009	good	Group0.6	memory	15% used, 4182MB free, 20.45 pages/sec	2:1069	15	4182	20.451378
09:28:59 07/08/2009	good	Group0.7	aaaa	9% avg, cpu1 7%, cpu2 10%	1:70	9	7	10
09:30:45 07/08/2009	error	Group0.6	SNMP: 127.0.0.1 system.sysUpTime	content match error, 229671	24:19	content match error, 229671	n/a	failure
09:38:23 07/08/2009	good	Group0.5	network	789 bytes in/sec., 563 bytes out/sec., 0.00 packet errors/sec., 53 current connections.	2:1049	789.7623	563.0713	0.0	53
09:38:39 07/08/2009	good	Group0.6	disk_c	35% full, 13353MB free, 20473MB total	3:1062	35	13353
09:38:47 07/08/2009	good	Group0.6	cpu	10% avg, cpu1 9%, cpu2 11%	1:1056	10	9	11
09:38:57 07/08/2009	good	Group0.6	memory	15% used, 4169MB free, 1.24 pages/sec	2:1070	15	4169	1.2466329
09:38:59 07/08/2009	good	Group0.7	aaaa	9% avg, cpu1 8%, cpu2 10%	1:71	9	8	10
09:40:45 07/08/2009	error	Group0.6	SNMP: 127.0.0.1 system.sysUpTime	content match error, 289671	24:20	content match error, 289671	n/a	failure
09:42:19 07/08/2009	error	Group0.6	SNMP: 127.0.0.1 system.sysUpTime	content match error, 298990	24:21	content match error, 298990	n/a	failure
09:48:23 07/08/2009	good	Group0.5	network	491 bytes in/sec., 297 bytes out/sec., 0.00 packet errors/sec., 40 current connections.	2:1050	491.25232	297.42175	0.0	40
09:48:39 07/08/2009	good	Group0.6	disk_c	35% full, 13353MB free, 20473MB total	3:1063	35	13353
09:48:47 07/08/2009	good	Group0.6	cpu	9% avg, cpu1 8%, cpu2 10%	1:1057	9	8	10
09:48:57 07/08/2009	good	Group0.6	memory	16% used, 4149MB free, 0.10 pages/sec	2:1071	16	4149	0.10999799
09:48:59 07/08/2009	good	Group0.7	aaaa	9% avg, cpu1 8%, cpu2 10%	1:72	9	8	10
09:52:19 07/08/2009	error	Group0.6	SNMP: 127.0.0.1 system.sysUpTime	content match error, 358990	24:22	content match error, 358990	n/a	failure
09:58:23 07/08/2009	good	Group0.5	network	1K in/sec., 853 bytes out/sec., 0.00 packet errors/sec., 35 current connections.	2:1051	1406.2642	853.3817	0.0	35
09:58:39 07/08/2009	good	Group0.6	disk_c	35% full, 13353MB free, 20473MB total	3:1064	35	13353
09:58:47 07/08/2009	good	Group0.6	cpu	8% avg, cpu1 7%, cpu2 9%	1:1058	8	7	9
09:58:57 07/08/2009	good	Group0.6	memory	16% used, 4144MB free, 0.87 pages/sec	2:1072	16	4144	0.87666464
09:58:59 07/08/2009	good	Group0.7	aaaa	8% avg, cpu1 7%, cpu2 9%	1:73	8	7	9
10:02:19 07/08/2009	error	Group0.6	SNMP: 127.0.0.1 system.sysUpTime	content match error, 418990	24:23	content match error, 418990	n/a	failure
10:08:23 07/08/2009	good	Group0.5	network	570 bytes in/sec., 318 bytes out/sec., 0.00 packet errors/sec., 41 current connections.	2:1052	570.7	318.0343	0.0	41
10:08:39 07/08/2009	good	Group0.6	disk_c	35% full, 13353MB free, 20473MB total	3:1065	35	13353
10:08:47 07/08/2009	good	Group0.6	cpu	7% avg, cpu1 6%, cpu2 8%	1:1059	7	6	8
10:08:57 07/08/2009	good	Group0.6	memory	14% used, 4235MB free, 0.93 pages/sec	2:1073	14	4235	0.93664664
10:08:59 07/08/2009	good	Group0.7	aaaa	7% avg, cpu1 6%, cpu2 8%	1:74	7	6	8
10:12:19 07/08/2009	error	Group0.6	SNMP: 127.0.0.1 system.sysUpTime	content match error, 478990	24:24	content match error, 478990	n/a	failure
10:18:23 07/08/2009	good	Group0.5	network	488 bytes in/sec., 352 bytes out/sec., 0.00 packet errors/sec., 28 current connections.	2:1053	488.4899	352.67035	0.0	28
10:18:39 07/08/2009	good	Group0.6	disk_c	35% full, 13352MB free, 20473MB total	3:1066	35	13352
10:18:47 07/08/2009	good	Group0.6	cpu	6% avg, cpu1 5%, cpu2 7%	1:1060	6	5	7
10:18:57 07/08/2009	good	Group0.6	memory	14% used, 4232MB free, 2.34 pages/sec	2:1074	14	4232	2.3433762
10:18:59 07/08/2009	good	Group0.7	aaaa	6% avg, cpu1 5%, cpu2 7%	1:75	6	5	7
10:22:19 07/08/2009	error	Group0.6	SNMP: 127.0.0.1 system.sysUpTime	content match error, 538990	24:25	content match error, 538990	n/a	failure
10:28:47 07/08/2009	good	Group0.6	disk_c	35% full, 13352MB free, 20473MB total	3:1067	35	13352
10:28:47 07/08/2009	good	Group0.6	cpu	5% avg, cpu1 4%, cpu2 5%	1:1061	5	4	5
10:28:49 07/08/2009	good	Group0.5	network	384 bytes in/sec., 293 bytes out/sec., 0.00 packet errors/sec., 29 current connections.	2:1054	384.9722	293.13544	0.0	29
10:28:57 07/08/2009	good	Group0.6	memory	14% used, 4221MB free, 19.49 pages/sec	2:1075	14	4221	19.49967
10:28:59 07/08/2009	good	Group0.7	aaaa	5% avg, cpu1 4%, cpu2 5%	1:76	5	4	5
10:32:19 07/08/2009	error	Group0.6	SNMP: 127.0.0.1 system.sysUpTime	content match error, 598990	24:26	content match error, 598990	n/a	failure
10:38:47 07/08/2009	good	Group0.6	disk_c	35% full, 13352MB free, 20473MB total	3:1068	35	13352
10:38:47 07/08/2009	good	Group0.6	cpu	5% avg, cpu1 5%, cpu2 6%	1:1062	5	5	6
10:38:49 07/08/2009	good	Group0.5	network	331 bytes in/sec., 311 bytes out/sec., 0.00 packet errors/sec., 27 current connections.	2:1055	331.16885	311.68832	0.0	27
10:38:57 07/08/2009	good	Group0.6	memory	15% used, 4198MB free, 2.23 pages/sec	2:1076	15	4198	2.2333093
10:38:59 07/08/2009	good	Group0.7	aaaa	5% avg, cpu1 5%, cpu2 6%	1:77	5	5	6
10:42:19 07/08/2009	error	Group0.6	SNMP: 127.0.0.1 system.sysUpTime	content match error, 658990	24:27	content match error, 658990	n/a	failure
10:48:47 07/08/2009	good	Group0.6	disk_c	35% full, 13351MB free, 20473MB total	3:1069	35	13351
10:48:47 07/08/2009	good	Group0.6	cpu	4% avg, cpu1 4%, cpu2 5%	1:1063	4	4	5
10:48:49 07/08/2009	good	Group0.5	network	365 bytes in/sec., 288 bytes out/sec., 0.00 packet errors/sec., 29 current connections.	2:1056	365.6307	288.84827	0.0	29
10:48:57 07/08/2009	good	Group0.6	memory	15% used, 4188MB free, 1.50 pages/sec	2:1077	15	4188	1.505037
10:48:59 07/08/2009	good	Group0.7	aaaa	5% avg, cpu1 4%, cpu2 5%	1:78	5	4	5
10:52:19 07/08/2009	error	Group0.6	SNMP: 127.0.0.1 system.sysUpTime	content match error, 718990	24:28	content match error, 718990	n/a	failure
10:58:47 07/08/2009	good	Group0.6	disk_c	35% full, 13351MB free, 20473MB total	3:1070	35	13351
10:58:47 07/08/2009	good	Group0.6	cpu	5% avg, cpu1 5%, cpu2 6%	1:1064	5	5	6
10:58:49 07/08/2009	good	Group0.5	network	447 bytes in/sec., 313 bytes out/sec., 0.00 packet errors/sec., 27 current connections.	2:1057	447.44058	313.52835	0.0	27
10:58:57 07/08/2009	good	Group0.6	memory	15% used, 4174MB free, 2.30 pages/sec	2:1078	15	4174	2.3083034
10:58:59 07/08/2009	good	Group0.7	aaaa	5% avg, cpu1 4%, cpu2 5%	1:79	5	4	5
11:02:19 07/08/2009	error	Group0.6	SNMP: 127.0.0.1 system.sysUpTime	content match error, 778990	24:29	content match error, 778990	n/a	failure
11:08:47 07/08/2009	good	Group0.6	disk_c	35% full, 13351MB free, 20473MB total	3:1071	35	13351
11:08:47 07/08/2009	good	Group0.6	cpu	5% avg, cpu1 4%, cpu2 5%	1:1065	5	4	5
11:08:49 07/08/2009	good	Group0.5	network	333 bytes in/sec., 274 bytes out/sec., 0.00 packet errors/sec., 30 current connections.	2:1058	333.02414	274.58258	0.0	30
11:08:57 07/08/2009	good	Group0.6	memory	15% used, 4174MB free, 0.07 pages/sec	2:1079	15	4174	0.07500048
11:08:59 07/08/2009	good	Group0.7	aaaa	5% avg, cpu1 4%, cpu2 5%	1:80	5	4	5
11:12:19 07/08/2009	error	Group0.6	SNMP: 127.0.0.1 system.sysUpTime	content match error, 838990	24:30	content match error, 838990	n/a	failure
11:18:47 07/08/2009	good	Group0.6	disk_c	35% full, 13351MB free, 20473MB total	3:1072	35	13351
11:18:47 07/08/2009	good	Group0.6	cpu	5% avg, cpu1 5%, cpu2 6%	1:1066	5	5	6
11:18:49 07/08/2009	good	Group0.5	network	290 bytes in/sec., 297 bytes out/sec., 0.00 packet errors/sec., 24 current connections.	2:1059	290.97607	297.42175	0.0	24
11:18:57 07/08/2009	good	Group0.6	memory	15% used, 4169MB free, 6.95 pages/sec	2:1080	15	4169	6.956558
11:18:59 07/08/2009	good	Group0.7	aaaa	5% avg, cpu1 5%, cpu2 6%	1:81	5	5	6
11:19:51 07/08/2009	error	Group0.6	SNMP: 127.0.0.1 system.sysUpTime	content match error, 884206	24:31	content match error, 884206	n/a	failure
11:28:47 07/08/2009	good	Group0.6	disk_c	35% full, 13351MB free, 20473MB total	3:1073	35	13351
11:28:47 07/08/2009	good	Group0.6	cpu	4% avg, cpu1 4%, cpu2 5%	1:1067	4	4	5
11:28:49 07/08/2009	good	Group0.5	network	352 bytes in/sec., 274 bytes out/sec., 0.00 packet errors/sec., 31 current connections.	2:1060	352.50467	274.58258	0.0	31
11:28:57 07/08/2009	good	Group0.6	memory	16% used, 4154MB free, 4.47 pages/sec	2:1081	16	4154	4.4747434
11:28:59 07/08/2009	good	Group0.7	aaaa	4% avg, cpu1 4%, cpu2 5%	1:82	4	4	5
11:29:51 07/08/2009	error	Group0.6	SNMP: 127.0.0.1 system.sysUpTime	content match error, 944206	24:32	content match error, 944206	n/a	failure
11:38:47 07/08/2009	good	Group0.6	disk_c	35% full, 13351MB free, 20473MB total	3:1074	35	13351
11:38:47 07/08/2009	good	Group0.6	cpu	6% avg, cpu1 5%, cpu2 7%	1:1068	6	5	7
11:38:49 07/08/2009	good	Group0.5	network	329 bytes in/sec., 291 bytes out/sec., 0.00 packet errors/sec., 23 current connections.	2:1061	329.80194	291.11008	0.0	23
11:38:57 07/08/2009	good	Group0.6	memory	15% used, 4155MB free, 5.88 pages/sec	2:1082	15	4155	5.8851247
11:38:59 07/08/2009	good	Group0.7	aaaa	6% avg, cpu1 5%, cpu2 7%	1:83	6	5	7
11:39:51 07/08/2009	error	Group0.6	SNMP: 127.0.0.1 system.sysUpTime	content match error, 1004206	24:33	content match error, 1004206	n/a	failure
11:48:47 07/08/2009	good	Group0.6	disk_c	35% full, 13351MB free, 20473MB total	3:1075	35	13351
11:48:47 07/08/2009	good	Group0.6	cpu	5% avg, cpu1 4%, cpu2 5%	1:1069	5	4	5
11:48:49 07/08/2009	good	Group0.5	network	494 bytes in/sec., 299 bytes out/sec., 0.00 packet errors/sec., 23 current connections.	2:1062	494.43417	299.62897	0.0	23
11:48:57 07/08/2009	good	Group0.6	memory	16% used, 4152MB free, 0.04 pages/sec	2:1083	16	4152	0.04999954
11:48:59 07/08/2009	good	Group0.7	aaaa	5% avg, cpu1 4%, cpu2 5%	1:84	5	4	5
11:49:51 07/08/2009	error	Group0.6	SNMP: 127.0.0.1 system.sysUpTime	content match error, 1064207	24:34	content match error, 1064207	n/a	failure
11:58:47 07/08/2009	good	Group0.6	disk_c	35% full, 13350MB free, 20473MB total	3:1076	35	13350
11:58:47 07/08/2009	good	Group0.6	cpu	5% avg, cpu1 4%, cpu2 5%	1:1070	5	4	5
11:58:49 07/08/2009	good	Group0.5	network	449 bytes in/sec., 352 bytes out/sec., 0.00 packet errors/sec., 44 current connections.	2:1063	449.90726	352.50467	0.0	44
11:58:57 07/08/2009	good	Group0.6	memory	16% used, 4112MB free, 3.81 pages/sec	2:1084	16	4112	3.8149376
11:58:59 07/08/2009	good	Group0.7	aaaa	5% avg, cpu1 4%, cpu2 6%	1:85	5	4	6
11:59:51 07/08/2009	error	Group0.6	SNMP: 127.0.0.1 system.sysUpTime	content match error, 1124207	24:35	content match error, 1124207	n/a	failure
12:08:47 07/08/2009	good	Group0.6	disk_c	35% full, 13350MB free, 20473MB total	3:1077	35	13350
12:08:47 07/08/2009	good	Group0.6	cpu	5% avg, cpu1 4%, cpu2 5%	1:1071	5	4	5
12:08:49 07/08/2009	good	Group0.5	network	793 bytes in/sec., 539 bytes out/sec., 0.00 packet errors/sec., 25 current connections.	2:1064	793.1355	539.88873	0.0	25
12:08:57 07/08/2009	good	Group0.6	memory	16% used, 4138MB free, 1.10 pages/sec	2:1085	16	4138	1.1083488
12:08:59 07/08/2009	good	Group0.7	aaaa	5% avg, cpu1 4%, cpu2 5%	1:86	5	4	5
12:09:51 07/08/2009	error	Group0.6	SNMP: 127.0.0.1 system.sysUpTime	content match error, 1184207	24:36	content match error, 1184207	n/a	failure
12:18:47 07/08/2009	good	Group0.6	disk_c	35% full, 13350MB free, 20473MB total	3:1078	35	13350
12:18:47 07/08/2009	good	Group0.6	cpu	3% avg, cpu1 3%, cpu2 3%	1:1072	3	3	3
12:18:49 07/08/2009	good	Group0.5	network	552 bytes in/sec., 534 bytes out/sec., 0.00 packet errors/sec., 23 current connections.	2:1065	552.4862	534.07	0.0	23
12:18:57 07/08/2009	good	Group0.6	memory	16% used, 4138MB free, 0.04 pages/sec	2:1086	16	4138	0.048332606
12:18:59 07/08/2009	good	Group0.7	aaaa	3% avg, cpu1 3%, cpu2 3%	1:87	3	3	3
12:19:51 07/08/2009	error	Group0.6	SNMP: 127.0.0.1 system.sysUpTime	content match error, 1244207	24:37	content match error, 1244207	n/a	failure
12:28:47 07/08/2009	good	Group0.6	disk_c	35% full, 13350MB free, 20473MB total	3:1079	35	13350
12:28:47 07/08/2009	good	Group0.6	cpu	3% avg, cpu1 3%, cpu2 3%	1:1073	3	3	3
12:28:49 07/08/2009	good	Group0.5	network	756 bytes in/sec., 341 bytes out/sec., 0.00 packet errors/sec., 24 current connections.	2:1066	756.0297	341.37292	0.0	24
12:28:57 07/08/2009	good	Group0.6	memory	16% used, 4138MB free, 0.05 pages/sec	2:1087	16	4138	0.05000059
12:28:59 07/08/2009	good	Group0.7	aaaa	3% avg, cpu1 3%, cpu2 3%	1:88	3	3	3
12:29:51 07/08/2009	error	Group0.6	SNMP: 127.0.0.1 system.sysUpTime	content match error, 1304207	24:38	content match error, 1304207	n/a	failure
12:38:47 07/08/2009	good	Group0.6	disk_c	35% full, 13350MB free, 20473MB total	3:1080	35	13350
12:38:47 07/08/2009	good	Group0.6	cpu	3% avg, cpu1 3%, cpu2 3%	1:1074	3	3	3
12:38:49 07/08/2009	good	Group0.5	network	372 bytes in/sec., 274 bytes out/sec., 0.00 packet errors/sec., 23 current connections.	2:1067	372.9128	274.58258	0.0	23
12:38:57 07/08/2009	good	Group0.6	memory	16% used, 4137MB free, 1.57 pages/sec	2:1088	16	4137	1.5766492
12:38:59 07/08/2009	good	Group0.7	aaaa	3% avg, cpu1 3%, cpu2 3%	1:89	3	3	3
12:39:51 07/08/2009	error	Group0.6	SNMP: 127.0.0.1 system.sysUpTime	content match error, 1364207	24:39	content match error, 1364207	n/a	failure
12:48:47 07/08/2009	good	Group0.6	disk_c	35% full, 13350MB free, 20473MB total	3:1081	35	13350
12:48:47 07/08/2009	good	Group0.6	cpu	3% avg, cpu1 3%, cpu2 3%	1:1075	3	3	3
12:48:49 07/08/2009	good	Group0.5	network	347 bytes in/sec., 327 bytes out/sec., 0.00 packet errors/sec., 24 current connections.	2:1068	347.1455	327.80847	0.0	24
12:48:57 07/08/2009	good	Group0.6	memory	16% used, 4138MB free, 0.04 pages/sec	2:1089	16	4138	0.04333302
12:48:59 07/08/2009	good	Group0.7	aaaa	3% avg, cpu1 3%, cpu2 3%	1:90	3	3	3
12:49:51 07/08/2009	error	Group0.6	SNMP: 127.0.0.1 system.sysUpTime	content match error, 1424207	24:40	content match error, 1424207	n/a	failure
12:58:47 07/08/2009	good	Group0.6	disk_c	35% full, 13350MB free, 20473MB total	3:1082	35	13350
12:58:47 07/08/2009	good	Group0.6	cpu	3% avg, cpu1 3%, cpu2 3%	1:1076	3	3	3
12:58:49 07/08/2009	good	Group0.5	network	502 bytes in/sec., 487 bytes out/sec., 0.00 packet errors/sec., 25 current connections.	2:1069	502.76245	487.56906	0.0	25
12:58:57 07/08/2009	good	Group0.6	memory	16% used, 4137MB free, 0.53 pages/sec	2:1090	16	4137	0.5350052
12:58:59 07/08/2009	good	Group0.7	aaaa	3% avg, cpu1 3%, cpu2 3%	1:91	3	3	3
12:59:51 07/08/2009	error	Group0.6	SNMP: 127.0.0.1 system.sysUpTime	content match error, 1484207	24:41	content match error, 1484207	n/a	failure
13:08:47 07/08/2009	good	Group0.6	disk_c	35% full, 13349MB free, 20473MB total	3:1083	35	13349
13:08:47 07/08/2009	good	Group0.6	cpu	13% avg, cpu1 12%, cpu2 14%	1:1077	13	12	14
13:08:49 07/08/2009	good	Group0.5	network	349 bytes in/sec., 360 bytes out/sec., 0.00 packet errors/sec., 25 current connections.	2:1070	349.7217	360.85345	0.0	25
13:08:57 07/08/2009	good	Group0.6	memory	17% used, 4102MB free, 12.26 pages/sec	2:1091	17	4102	12.266681
13:08:59 07/08/2009	good	Group0.7	aaaa	13% avg, cpu1 12%, cpu2 14%	1:92	13	12	14
13:09:51 07/08/2009	error	Group0.6	SNMP: 127.0.0.1 system.sysUpTime	content match error, 1544207	24:42	content match error, 1544207	n/a	failure
13:18:47 07/08/2009	good	Group0.6	disk_c	35% full, 13349MB free, 20473MB total	3:1084	35	13349
13:18:47 07/08/2009	good	Group0.6	cpu	4% avg, cpu1 4%, cpu2 4%	1:1078	4	4	4
13:18:49 07/08/2009	good	Group0.5	network	293 bytes in/sec., 274 bytes out/sec., 0.00 packet errors/sec., 22 current connections.	2:1071	293.13544	274.58258	0.0	22
13:18:57 07/08/2009	good	Group0.6	memory	17% used, 4099MB free, 0.20 pages/sec	2:1092	17	4099	0.20499776
13:18:59 07/08/2009	good	Group0.7	aaaa	4% avg, cpu1 4%, cpu2 4%	1:93	4	4	4
13:19:51 07/08/2009	error	Group0.6	SNMP: 127.0.0.1 system.sysUpTime	content match error, 1604207	24:43	content match error, 1604207	n/a	failure
13:28:47 07/08/2009	good	Group0.6	disk_c	35% full, 13349MB free, 20473MB total	3:1085	35	13349
13:28:47 07/08/2009	good	Group0.6	cpu	3% avg, cpu1 3%, cpu2 4%	1:1079	3	3	4
13:28:49 07/08/2009	good	Group0.5	network	802 bytes in/sec., 322 bytes out/sec., 0.00 packet errors/sec., 23 current connections.	2:1072	802.0258	322.28363	0.0	23
13:28:57 07/08/2009	good	Group0.6	memory	17% used, 4093MB free, 0.68 pages/sec	2:1093	17	4093	0.685
13:28:59 07/08/2009	good	Group0.7	aaaa	3% avg, cpu1 3%, cpu2 3%	1:94	3	3	3
13:29:51 07/08/2009	error	Group0.6	SNMP: 127.0.0.1 system.sysUpTime	content match error, 1664207	24:44	content match error, 1664207	n/a	failure
13:38:47 07/08/2009	good	Group0.6	disk_c	35% full, 13349MB free, 20473MB total	3:1086	35	13349
13:38:47 07/08/2009	good	Group0.6	cpu	4% avg, cpu1 4%, cpu2 4%	1:1080	4	4	4
13:38:49 07/08/2009	good	Group0.5	network	291 bytes in/sec., 292 bytes out/sec., 0.00 packet errors/sec., 23 current connections.	2:1073	291.89688	292.8177	0.0	23
13:38:57 07/08/2009	good	Group0.6	memory	17% used, 4074MB free, 9.07 pages/sec	2:1094	17	4074	9.07172
13:38:59 07/08/2009	good	Group0.7	aaaa	4% avg, cpu1 4%, cpu2 4%	1:95	4	4	4
13:39:51 07/08/2009	error	Group0.6	SNMP: 127.0.0.1 system.sysUpTime	content match error, 1724207	24:45	content match error, 1724207	n/a	failure
13:48:47 07/08/2009	good	Group0.6	disk_c	35% full, 13349MB free, 20473MB total	3:1087	35	13349
13:48:47 07/08/2009	good	Group0.6	cpu	4% avg, cpu1 3%, cpu2 4%	1:1081	4	3	4
13:48:49 07/08/2009	good	Group0.5	network	331 bytes in/sec., 311 bytes out/sec., 0.00 packet errors/sec., 23 current connections.	2:1074	331.16885	311.68832	0.0	23
13:48:57 07/08/2009	good	Group0.6	memory	17% used, 4071MB free, 0.06 pages/sec	2:1095	17	4071	0.061666172
13:48:59 07/08/2009	good	Group0.7	aaaa	4% avg, cpu1 3%, cpu2 4%	1:96	4	3	4
13:49:51 07/08/2009	error	Group0.6	SNMP: 127.0.0.1 system.sysUpTime	content match error, 1784207	24:46	content match error, 1784207	n/a	failure
13:58:47 07/08/2009	good	Group0.6	disk_c	35% full, 13348MB free, 20473MB total	3:1088	35	13348
13:58:47 07/08/2009	good	Group0.6	cpu	4% avg, cpu1 4%, cpu2 4%	1:1082	4	4	4
13:58:49 07/08/2009	good	Group0.5	network	313 bytes in/sec., 293 bytes out/sec., 0.00 packet errors/sec., 24 current connections.	2:1075	313.5436	293.13544	0.0	24
13:58:57 07/08/2009	good	Group0.6	memory	17% used, 4060MB free, 1.10 pages/sec	2:1096	17	4060	1.1016641
13:58:59 07/08/2009	good	Group0.7	aaaa	4% avg, cpu1 4%, cpu2 4%	1:97	4	4	4
13:59:51 07/08/2009	error	Group0.6	SNMP: 127.0.0.1 system.sysUpTime	content match error, 1844210	24:47	content match error, 1844210	n/a	failure
14:08:47 07/08/2009	good	Group0.6	disk_c	35% full, 13348MB free, 20473MB total	3:1089	35	13348
14:08:47 07/08/2009	good	Group0.6	cpu	5% avg, cpu1 4%, cpu2 5%	1:1083	5	4	5
14:08:49 07/08/2009	good	Group0.5	network	530 bytes in/sec., 291 bytes out/sec., 0.00 packet errors/sec., 23 current connections.	2:1076	530.63104	291.11008	0.0	23
14:08:57 07/08/2009	good	Group0.6	memory	18% used, 4046MB free, 4.71 pages/sec	2:1097	18	4046	4.7100806
14:08:59 07/08/2009	good	Group0.7	aaaa	5% avg, cpu1 4%, cpu2 5%	1:98	5	4	5
14:09:51 07/08/2009	error	Group0.6	SNMP: 127.0.0.1 system.sysUpTime	content match error, 1904210	24:48	content match error, 1904210	n/a	failure
14:18:47 07/08/2009	good	Group0.6	disk_c	35% full, 13348MB free, 20473MB total	3:1090	35	13348
14:18:47 07/08/2009	good	Group0.6	cpu	4% avg, cpu1 4%, cpu2 4%	1:1084	4	4	4
14:18:49 07/08/2009	good	Group0.5	network	293 bytes in/sec., 274 bytes out/sec., 0.00 packet errors/sec., 22 current connections.	2:1077	293.13544	274.58258	0.0	22
14:18:57 07/08/2009	good	Group0.6	memory	17% used, 4065MB free, 1.00 pages/sec	2:1098	17	4065	1.008335
14:18:59 07/08/2009	good	Group0.7	aaaa	4% avg, cpu1 4%, cpu2 5%	1:99	4	4	5
14:19:51 07/08/2009	error	Group0.6	SNMP: 127.0.0.1 system.sysUpTime	content match error, 1964210	24:49	content match error, 1964210	n/a	failure
14:28:47 07/08/2009	good	Group0.6	disk_c	35% full, 13348MB free, 20473MB total	3:1091	35	13348
14:28:47 07/08/2009	good	Group0.6	cpu	6% avg, cpu1 6%, cpu2 7%	1:1085	6	6	7
14:28:49 07/08/2009	good	Group0.5	network	293 bytes in/sec., 274 bytes out/sec., 0.00 packet errors/sec., 23 current connections.	2:1078	293.13544	274.58258	0.0	23
14:28:57 07/08/2009	good	Group0.6	memory	17% used, 4066MB free, 2.22 pages/sec	2:1099	17	4066	2.226644
14:28:59 07/08/2009	good	Group0.7	aaaa	7% avg, cpu1 6%, cpu2 7%	1:100	7	6	7
14:29:51 07/08/2009	error	Group0.6	SNMP: 127.0.0.1 system.sysUpTime	content match error, 2024210	24:50	content match error, 2024210	n/a	failure
14:38:47 07/08/2009	good	Group0.6	disk_c	35% full, 13348MB free, 20473MB total	3:1092	35	13348
14:38:47 07/08/2009	good	Group0.6	cpu	8% avg, cpu1 7%, cpu2 8%	1:1086	8	7	8
14:38:49 07/08/2009	good	Group0.5	network	974 bytes in/sec., 748 bytes out/sec., 0.00 packet errors/sec., 30 current connections.	2:1079	974.21735	748.61884	0.0	30
14:38:57 07/08/2009	good	Group0.6	memory	18% used, 4041MB free, 14.19 pages/sec	2:1100	18	4041	14.197428
14:38:59 07/08/2009	good	Group0.7	aaaa	8% avg, cpu1 7%, cpu2 8%	1:101	8	7	8
14:39:51 07/08/2009	error	Group0.6	SNMP: 127.0.0.1 system.sysUpTime	content match error, 2084210	24:51	content match error, 2084210	n/a	failure
14:48:47 07/08/2009	good	Group0.6	disk_c	35% full, 13347MB free, 20473MB total	3:1093	35	13347
14:48:47 07/08/2009	good	Group0.6	cpu	11% avg, cpu1 10%, cpu2 12%	1:1087	11	10	12
14:48:49 07/08/2009	good	Group0.5	network	350 bytes in/sec., 331 bytes out/sec., 0.00 packet errors/sec., 23 current connections.	2:1080	350.64935	331.16885	0.0	23
14:48:57 07/08/2009	good	Group0.6	memory	17% used, 4065MB free, 6.60 pages/sec	2:1101	17	4065	6.6019406
14:48:59 07/08/2009	good	Group0.7	aaaa	11% avg, cpu1 10%, cpu2 12%	1:102	11	10	12
14:49:51 07/08/2009	error	Group0.6	SNMP: 127.0.0.1 system.sysUpTime	content match error, 2144210	24:52	content match error, 2144210	n/a	failure
14:58:47 07/08/2009	good	Group0.6	disk_c	35% full, 13347MB free, 20473MB total	3:1094	35	13347
14:58:47 07/08/2009	good	Group0.6	cpu	8% avg, cpu1 8%, cpu2 9%	1:1088	8	8	9
14:58:49 07/08/2009	good	Group0.5	network	377 bytes in/sec., 324 bytes out/sec., 0.00 packet errors/sec., 26 current connections.	2:1081	377.55103	324.67535	0.0	26
14:58:57 07/08/2009	good	Group0.6	memory	18% used, 4042MB free, 8.19 pages/sec	2:1102	18	4042	8.191765
14:58:59 07/08/2009	good	Group0.7	aaaa	8% avg, cpu1 8%, cpu2 9%	1:103	8	8	9
14:59:51 07/08/2009	error	Group0.6	SNMP: 127.0.0.1 system.sysUpTime	content match error, 2204209	24:53	content match error, 2204209	n/a	failure
15:08:47 07/08/2009	good	Group0.6	disk_c	35% full, 13347MB free, 20473MB total	3:1095	35	13347
15:08:47 07/08/2009	good	Group0.6	cpu	7% avg, cpu1 7%, cpu2 7%	1:1089	7	7	7
15:08:49 07/08/2009	good	Group0.5	network	914 bytes in/sec., 407 bytes out/sec., 0.00 packet errors/sec., 27 current connections.	2:1082	914.6568	407.23563	0.0	27
15:08:57 07/08/2009	good	Group0.6	memory	18% used, 4042MB free, 2.91 pages/sec	2:1103	18	4042	2.919978
15:08:59 07/08/2009	good	Group0.7	aaaa	7% avg, cpu1 7%, cpu2 7%	1:104	7	7	7
15:09:51 07/08/2009	error	Group0.6	SNMP: 127.0.0.1 system.sysUpTime	content match error, 2264210	24:54	content match error, 2264210	n/a	failure
15:18:47 07/08/2009	good	Group0.6	disk_c	35% full, 13347MB free, 20473MB total	3:1096	35	13347
15:18:47 07/08/2009	good	Group0.6	cpu	5% avg, cpu1 4%, cpu2 5%	1:1090	5	4	5
15:18:49 07/08/2009	good	Group0.5	network	601 bytes in/sec., 297 bytes out/sec., 0.00 packet errors/sec., 23 current connections.	2:1083	601.2891	297.42175	0.0	23
15:18:57 07/08/2009	good	Group0.6	memory	18% used, 4043MB free, 6.13 pages/sec	2:1104	18	4043	6.136591
15:18:59 07/08/2009	good	Group0.7	aaaa	5% avg, cpu1 4%, cpu2 5%	1:105	5	4	5
15:19:51 07/08/2009	error	Group0.6	SNMP: 127.0.0.1 system.sysUpTime	content match error, 2324210	24:55	content match error, 2324210	n/a	failure
15:28:47 07/08/2009	good	Group0.6	disk_c	35% full, 13347MB free, 20473MB total	3:1097	35	13347
15:28:47 07/08/2009	good	Group0.6	cpu	7% avg, cpu1 6%, cpu2 7%	1:1091	7	6	7
15:28:49 07/08/2009	good	Group0.5	network	294 bytes in/sec., 274 bytes out/sec., 0.00 packet errors/sec., 23 current connections.	2:1084	294.06308	274.58258	0.0	23
15:28:57 07/08/2009	good	Group0.6	memory	18% used, 4056MB free, 5.98 pages/sec	2:1105	18	4056	5.9849834
15:28:59 07/08/2009	good	Group0.7	aaaa	7% avg, cpu1 6%, cpu2 7%	1:106	7	6	7
15:29:51 07/08/2009	error	Group0.6	SNMP: 127.0.0.1 system.sysUpTime	content match error, 2384210	24:56	content match error, 2384210	n/a	failure
15:38:47 07/08/2009	good	Group0.6	disk_c	35% full, 13347MB free, 20473MB total	3:1098	35	13347
15:38:47 07/08/2009	good	Group0.6	cpu	8% avg, cpu1 7%, cpu2 8%	1:1092	8	7	8
15:38:49 07/08/2009	good	Group0.5	network	342 bytes in/sec., 323 bytes out/sec., 0.00 packet errors/sec., 27 current connections.	2:1085	342.30057	323.7477	0.0	27
15:38:57 07/08/2009	good	Group0.6	memory	18% used, 4025MB free, 4.84 pages/sec	2:1106	18	4025	4.8483677
15:38:59 07/08/2009	good	Group0.7	aaaa	8% avg, cpu1 7%, cpu2 8%	1:107	8	7	8
15:39:51 07/08/2009	error	Group0.6	SNMP: 127.0.0.1 system.sysUpTime	content match error, 2444212	24:57	content match error, 2444212	n/a	failure
15:48:47 07/08/2009	good	Group0.6	disk_c	35% full, 13347MB free, 20473MB total	3:1099	35	13347
15:48:47 07/08/2009	good	Group0.6	cpu	5% avg, cpu1 4%, cpu2 5%	1:1093	5	4	5
15:48:49 07/08/2009	good	Group0.5	network	519 bytes in/sec., 383 bytes out/sec., 0.00 packet errors/sec., 26 current connections.	2:1086	519.33704	383.0571	0.0	26
15:48:57 07/08/2009	good	Group0.6	memory	18% used, 4032MB free, 8.37 pages/sec	2:1107	18	4032	8.378277
15:48:59 07/08/2009	good	Group0.7	aaaa	5% avg, cpu1 4%, cpu2 5%	1:108	5	4	5
15:49:51 07/08/2009	error	Group0.6	SNMP: 127.0.0.1 system.sysUpTime	content match error, 2504212	24:58	content match error, 2504212	n/a	failure
15:56:46 07/08/2009	good	Group0.6	SNMP: 127.0.0.1 system.sysUpTime	MMM = 0.60 K	24:59	ok	0.60
15:56:56 07/08/2009	good	Group0.6	SNMP: 127.0.0.1 system.sysUpTime	MMM = 0.98 K	24:60	ok	0.98
15:58:04 07/08/2009	good	Group0.6	SNMP: 127.0.0.1 system.sysUpTime	MMM = 6.83 K	24:61	ok	6.83
15:58:16 07/08/2009	good	Group0.6	SNMP: 127.0.0.1 system.sysUpTime	MMM = 2554.67 K	24:62	ok	2554.67
15:58:47 07/08/2009	good	Group0.6	disk_c	35% full, 13347MB free, 20473MB total	3:1100	35	13347
15:58:47 07/08/2009	good	Group0.6	cpu	7% avg, cpu1 6%, cpu2 7%	1:1094	7	6	7
15:58:49 07/08/2009	good	Group0.5	network	541 bytes in/sec., 434 bytes out/sec., 0.00 packet errors/sec., 29 current connections.	2:1087	541.43646	434.62247	0.0	29
15:58:57 07/08/2009	good	Group0.6	memory	18% used, 4029MB free, 0.28 pages/sec	2:1108	18	4029	0.28665698
15:58:59 07/08/2009	good	Group0.7	aaaa	7% avg, cpu1 7%, cpu2 8%	1:109	7	7	8
16:08:16 07/08/2009	good	Group0.6	SNMP: 127.0.0.1 system.sysUpTime	MMM = 2614.67 K	24:63	ok	2614.67
16:08:47 07/08/2009	good	Group0.6	disk_c	35% full, 13347MB free, 20473MB total	3:1101	35	13347
16:08:47 07/08/2009	good	Group0.6	cpu	9% avg, cpu1 8%, cpu2 9%	1:1095	9	8	9
16:08:49 07/08/2009	good	Group0.5	network	970 bytes in/sec., 458 bytes out/sec., 0.00 packet errors/sec., 31 current connections.	2:1088	970.3154	458.25604	0.0	31
16:08:57 07/08/2009	good	Group0.6	memory	18% used, 4017MB free, 5.76 pages/sec	2:1109	18	4017	5.7649937
16:08:59 07/08/2009	good	Group0.7	aaaa	9% avg, cpu1 8%, cpu2 9%	1:110	9	8	9
16:18:16 07/08/2009	good	Group0.6	SNMP: 127.0.0.1 system.sysUpTime	MMM = 2674.67 K	24:64	ok	2674.67
16:18:47 07/08/2009	good	Group0.6	disk_c	35% full, 13345MB free, 20473MB total	3:1102	35	13345
16:18:47 07/08/2009	good	Group0.6	cpu	9% avg, cpu1 9%, cpu2 8%	1:1096	9	9	8
16:18:49 07/08/2009	good	Group0.5	network	856 bytes in/sec., 720 bytes out/sec., 0.00 packet errors/sec., 31 current connections.	2:1089	856.4899	720.29254	0.0	31
16:18:57 07/08/2009	good	Group0.6	memory	21% used, 3889MB free, 248.76 pages/sec	2:1110	21	3889	248.76146
16:18:59 07/08/2009	good	Group0.7	aaaa	9% avg, cpu1 9%, cpu2 8%	1:111	9	9	8
16:28:16 07/08/2009	good	Group0.6	SNMP: 127.0.0.1 system.sysUpTime	MMM = 2734.67 K	24:65	ok	2734.67
16:28:47 07/08/2009	good	Group0.6	disk_c	35% full, 13345MB free, 20473MB total	3:1103	35	13345
16:28:47 07/08/2009	good	Group0.6	cpu	5% avg, cpu1 5%, cpu2 5%	1:1097	5	5	5
16:28:49 07/08/2009	good	Group0.5	network	467 bytes in/sec., 329 bytes out/sec., 0.00 packet errors/sec., 31 current connections.	2:1090	467.5325	329.31357	0.0	31
16:28:57 07/08/2009	good	Group0.6	memory	17% used, 4067MB free, 4.07 pages/sec	2:1111	17	4067	4.073188
16:28:59 07/08/2009	good	Group0.7	aaaa	5% avg, cpu1 5%, cpu2 5%	1:112	5	5	5
16:38:16 07/08/2009	good	Group0.6	SNMP: 127.0.0.1 system.sysUpTime	MMM = 2794.67 K	24:66	ok	2794.67
16:38:47 07/08/2009	good	Group0.6	disk_c	35% full, 13345MB free, 20473MB total	3:1104	35	13345
16:38:47 07/08/2009	good	Group0.6	cpu	7% avg, cpu1 7%, cpu2 8%	1:1098	7	7	8
16:38:49 07/08/2009	good	Group0.5	network	467 bytes in/sec., 329 bytes out/sec., 0.00 packet errors/sec., 32 current connections.	2:1091	467.5325	329.31357	0.0	32
16:38:57 07/08/2009	good	Group0.6	memory	17% used, 4066MB free, 9.59 pages/sec	2:1112	17	4066	9.593481
16:38:59 07/08/2009	good	Group0.7	aaaa	7% avg, cpu1 7%, cpu2 8%	1:113	7	7	8
16:48:16 07/08/2009	good	Group0.6	SNMP: 127.0.0.1 system.sysUpTime	MMM = 2854.67 K	24:67	ok	2854.67
16:48:47 07/08/2009	good	Group0.6	disk_c	35% full, 13345MB free, 20473MB total	3:1105	35	13345
16:48:47 07/08/2009	good	Group0.6	cpu	7% avg, cpu1 7%, cpu2 7%	1:1099	7	7	7
16:48:49 07/08/2009	good	Group0.5	network	847 bytes in/sec., 708 bytes out/sec., 0.00 packet errors/sec., 31 current connections.	2:1092	847.86646	708.7199	0.0	31
16:48:57 07/08/2009	good	Group0.6	memory	17% used, 4066MB free, 0.19 pages/sec	2:1113	17	4066	0.19333522
16:48:59 07/08/2009	good	Group0.7	aaaa	7% avg, cpu1 6%, cpu2 7%	1:114	7	6	7
16:58:16 07/08/2009	good	Group0.6	SNMP: 127.0.0.1 system.sysUpTime	MMM = 2914.67 K	24:68	ok	2914.67
16:58:47 07/08/2009	good	Group0.6	disk_c	35% full, 13345MB free, 20473MB total	3:1106	35	13345
16:58:47 07/08/2009	good	Group0.6	cpu	7% avg, cpu1 7%, cpu2 8%	1:1100	7	7	8
16:58:49 07/08/2009	good	Group0.5	network	510 bytes in/sec., 371 bytes out/sec., 0.00 packet errors/sec., 30 current connections.	2:1093	510.2041	371.98517	0.0	30
16:58:57 07/08/2009	good	Group0.6	memory	17% used, 4060MB free, 6.60 pages/sec	2:1114	17	4060	6.6084676
16:58:59 07/08/2009	good	Group0.7	aaaa	7% avg, cpu1 7%, cpu2 8%	1:115	7	7	8
17:08:16 07/08/2009	good	Group0.6	SNMP: 127.0.0.1 system.sysUpTime	MMM = 2974.67 K	24:69	ok	2974.67
17:08:47 07/08/2009	good	Group0.6	disk_c	35% full, 13345MB free, 20473MB total	3:1107	35	13345
17:08:47 07/08/2009	good	Group0.6	cpu	9% avg, cpu1 9%, cpu2 10%	1:1101	9	9	10
17:08:49 07/08/2009	good	Group0.5	network	437 bytes in/sec., 298 bytes out/sec., 0.00 packet errors/sec., 27 current connections.	2:1094	437.8479	298.70132	0.0	27
17:08:57 07/08/2009	good	Group0.6	memory	17% used, 4080MB free, 2.24 pages/sec	2:1115	17	4080	2.2416508
17:08:59 07/08/2009	good	Group0.7	aaaa	9% avg, cpu1 9%, cpu2 10%	1:116	9	9	10
17:18:16 07/08/2009	good	Group0.6	SNMP: 127.0.0.1 system.sysUpTime	MMM = 3034.67 K	24:70	ok	3034.67
17:18:47 07/08/2009	good	Group0.6	disk_c	35% full, 13344MB free, 20473MB total	3:1108	35	13344
17:18:47 07/08/2009	good	Group0.6	cpu	5% avg, cpu1 4%, cpu2 5%	1:1102	5	4	5
17:18:49 07/08/2009	good	Group0.5	network	948 bytes in/sec., 605 bytes out/sec., 0.00 packet errors/sec., 27 current connections.	2:1095	948.43463	605.8932	0.0	27
17:18:57 07/08/2009	good	Group0.6	memory	17% used, 4065MB free, 1.65 pages/sec	2:1116	17	4065	1.654989
17:18:59 07/08/2009	good	Group0.7	aaaa	4% avg, cpu1 4%, cpu2 5%	1:117	4	4	5
17:28:16 07/08/2009	good	Group0.6	SNMP: 127.0.0.1 system.sysUpTime	MMM = 3094.67 K	24:71	ok	3094.67
17:28:47 07/08/2009	good	Group0.6	disk_c	35% full, 13344MB free, 20473MB total	3:1109	35	13344
17:28:47 07/08/2009	good	Group0.6	cpu	5% avg, cpu1 4%, cpu2 5%	1:1103	5	4	5
17:28:49 07/08/2009	good	Group0.5	network	632 bytes in/sec., 335 bytes out/sec., 0.00 packet errors/sec., 30 current connections.	2:1096	632.6531	335.80707	0.0	30
17:28:57 07/08/2009	good	Group0.6	memory	17% used, 4075MB free, 1.45 pages/sec	2:1117	17	4075	1.4549947
17:28:59 07/08/2009	good	Group0.7	aaaa	5% avg, cpu1 4%, cpu2 5%	1:118	5	4	5
17:38:16 07/08/2009	good	Group0.6	SNMP: 127.0.0.1 system.sysUpTime	MMM = 3154.67 K	24:72	ok	3154.67
17:38:47 07/08/2009	good	Group0.6	disk_c	35% full, 13344MB free, 20473MB total	3:1110	35	13344
17:38:47 07/08/2009	good	Group0.6	cpu	5% avg, cpu1 5%, cpu2 5%	1:1104	5	5	5
17:38:49 07/08/2009	good	Group0.5	network	434 bytes in/sec., 296 bytes out/sec., 0.00 packet errors/sec., 28 current connections.	2:1097	434.82266	296.63748	0.0	28
17:38:57 07/08/2009	good	Group0.6	memory	17% used, 4072MB free, 0.10 pages/sec	2:1118	17	4072	0.10500124
17:38:59 07/08/2009	good	Group0.7	aaaa	5% avg, cpu1 5%, cpu2 5%	1:119	5	5	5
17:48:16 07/08/2009	good	Group0.6	SNMP: 127.0.0.1 system.sysUpTime	MMM = 3214.67 K	24:73	ok	3214.67
17:48:47 07/08/2009	good	Group0.6	disk_c	35% full, 13345MB free, 20473MB total	3:1111	35	13345
17:48:47 07/08/2009	good	Group0.6	cpu	4% avg, cpu1 4%, cpu2 5%	1:1105	4	4	5
17:48:49 07/08/2009	good	Group0.5	network	732 bytes in/sec., 575 bytes out/sec., 0.00 packet errors/sec., 27 current connections.	2:1098	732.8386	575.13916	0.0	27
17:48:57 07/08/2009	good	Group0.6	memory	17% used, 4072MB free, 4.90 pages/sec	2:1119	17	4072	4.9033203
17:48:59 07/08/2009	good	Group0.7	aaaa	4% avg, cpu1 4%, cpu2 5%	1:120	4	4	5
17:58:16 07/08/2009	good	Group0.6	SNMP: 127.0.0.1 system.sysUpTime	MMM = 3274.67 K	24:74	ok	3274.67
17:58:47 07/08/2009	good	Group0.6	disk_c	35% full, 13345MB free, 20473MB total	3:1112	35	13345
17:58:47 07/08/2009	good	Group0.6	cpu	5% avg, cpu1 5%, cpu2 6%	1:1106	5	5	6
17:58:49 07/08/2009	good	Group0.5	network	2K in/sec., 650 bytes out/sec., 0.00 packet errors/sec., 28 current connections.	2:1099	2191.557	650.93054	0.0	28
17:58:57 07/08/2009	good	Group0.6	memory	17% used, 4072MB free, 0.05 pages/sec	2:1120	17	4072	0.054999586
17:58:59 07/08/2009	good	Group0.7	aaaa	5% avg, cpu1 5%, cpu2 6%	1:121	5	5	6
18:08:16 07/08/2009	good	Group0.6	SNMP: 127.0.0.1 system.sysUpTime	MMM = 3334.67 K	24:75	ok	3334.67
