09:36:29 08/04/2009	good	Group0.6	memory	14% used, 4249MB free, 51.02 pages/sec	2:1552	14	4249	51.027878
09:36:29 08/04/2009	good	Group0.6	disk_c	40% full, 12373MB free, 20473MB total	3:1546	40	12373
09:36:36 08/04/2009	good	Group0.6	cpu	24% avg, cpu1 21%, cpu2 26%	1:1531	24	21	26
09:37:33 08/04/2009	good	Group0.5	network	351 bytes in/sec., 295 bytes out/sec., 0.00 packet errors/sec., 30 current connections.	2:1531	351.40186	295.3271	0.0	30
09:40:59 08/04/2009	good	Group0.7	aaaa	4% avg, cpu1 3%, cpu2 6%	1:551	4	3	6
09:41:05 08/04/2009	good	Group0.6	Disk Space: C on \\192.168.0.50	35% full, 9772MB free, 14998MB total	30:1	35	9772
10:45:31 08/04/2009	good	Group0.6	disk_c	40% full, 12373MB free, 20473MB total	3:1547	40	12373
10:46:01 08/04/2009	good	Group0.6	memory	15% used, 4196MB free, 9.41 pages/sec	2:1553	15	4196	9.416031
10:46:46 08/04/2009	good	Group0.5	network	914 bytes in/sec., 861 bytes out/sec., 0.00 packet errors/sec., 33 current connections.	2:1532	914.7902	861.8101	0.0	33
10:47:23 08/04/2009	good	Group0.6	cpu	5% avg, cpu1 5%, cpu2 6%	1:1532	5	5	6
10:47:27 08/04/2009	good	Group0.6	Network Bandwidth: 192.168.0.251	Monitored interfaces: NOT DISPLAYABLE: up, NOT DISPLAYABLE: up, NOT DISPLAYABLE: up, NOT DISPLAYABLE: up, NOT DISPLAYABLE: up	31:1	0	up	up	up	up	up	0	0	0	0	0	0	0	0	0	0	0	0	0	0	0	0	0	0	0	0	0	0	0	0	0	0	0	0	0	0	0	0	0	0	0	0	0	0	0	0	0	0	0	0	0	0	0	0	0	0
10:47:38 08/04/2009	good	Group0.6	Disk Space: C on \\192.168.0.50	35% full, 9772MB free, 14998MB total	30:2	35	9772
10:48:09 08/04/2009	good	Group0.6	Network Bandwidth: 192.168.0.251	Monitored interfaces: NOT DISPLAYABLE: up, NOT DISPLAYABLE: up, NOT DISPLAYABLE: up, NOT DISPLAYABLE: up, NOT DISPLAYABLE: up	31:2	0	up	up	up	up	up	2017	2271	8	8	0	0	0	0	0	0	484	2551	0	2	0	0	0	0	0	0	1510	1845	2	1	0	0	0	0	0	0	65167	10394	77	58	0	0	0	0	0	0	33549	152073	124	139	0	0	0	0	0	1	17	2335072	740520
10:49:33 08/04/2009	good	Group0.7	aaaa	5% avg, cpu1 5%, cpu2 6%	1:552	5	5	6
10:53:55 08/04/2009	good	Group0.6	SNMP by MIB: 192.168.0.251	iso/org/dod/internet/mgmt/mib-2/47/1/3/3/1/1/1/mib-2.47.1.3.3.1.1.1.21 = 21, iso/org/dod/internet/mgmt/mib-2/47/1/3/3/1/1/1/mib-2.47.1.3.3.1.1.1.22 = 22	32:1	0	21	22
10:55:31 08/04/2009	good	Group0.6	disk_c	40% full, 12373MB free, 20473MB total	3:1548	40	12373
10:56:01 08/04/2009	good	Group0.6	memory	15% used, 4173MB free, 8.71 pages/sec	2:1554	15	4173	8.718067
10:56:46 08/04/2009	good	Group0.5	network	393 bytes in/sec., 365 bytes out/sec., 0.00 packet errors/sec., 45 current connections.	2:1533	393.41177	365.17648	0.0	45
10:57:23 08/04/2009	good	Group0.6	cpu	6% avg, cpu1 5%, cpu2 6%	1:1533	6	5	6
10:59:33 08/04/2009	good	Group0.7	aaaa	11% avg, cpu1 12%, cpu2 9%	1:553	11	12	9
11:05:31 08/04/2009	good	Group0.6	disk_c	40% full, 12373MB free, 20473MB total	3:1549	40	12373
11:06:01 08/04/2009	good	Group0.6	memory	17% used, 4097MB free, 447.56 pages/sec	2:1555	17	4097	447.56927
11:06:46 08/04/2009	good	Group0.5	network	484 bytes in/sec., 370 bytes out/sec., 0.00 packet errors/sec., 30 current connections.	2:1534	484.11212	370.09344	0.0	30
11:07:23 08/04/2009	good	Group0.6	cpu	16% avg, cpu1 18%, cpu2 13%	1:1534	16	18	13
11:09:33 08/04/2009	good	Group0.7	aaaa	13% avg, cpu1 14%, cpu2 11%	1:554	13	14	11
11:15:31 08/04/2009	good	Group0.6	disk_c	40% full, 12370MB free, 20473MB total	3:1550	40	12370
11:16:01 08/04/2009	good	Group0.6	memory	17% used, 4090MB free, 22.22 pages/sec	2:1556	17	4090	22.224796
11:16:46 08/04/2009	good	Group0.5	network	399 bytes in/sec., 369 bytes out/sec., 0.00 packet errors/sec., 33 current connections.	2:1535	399.81317	369.9206	0.0	33
11:17:23 08/04/2009	good	Group0.6	cpu	9% avg, cpu1 11%, cpu2 8%	1:1535	9	11	8
11:19:33 08/04/2009	good	Group0.7	aaaa	7% avg, cpu1 8%, cpu2 6%	1:555	7	8	6
11:25:31 08/04/2009	good	Group0.6	disk_c	40% full, 12370MB free, 20473MB total	3:1551	40	12370
11:26:01 08/04/2009	good	Group0.6	memory	17% used, 4095MB free, 0.21 pages/sec	2:1557	17	4095	0.2149996
11:26:46 08/04/2009	warning	Group0.5	network	551K in/sec., 551K out/sec., 0.00 packet errors/sec., 32 current connections.	2:1536	564755.4	564700.5	0.0	32
11:27:23 08/04/2009	good	Group0.6	cpu	7% avg, cpu1 8%, cpu2 7%	1:1536	7	8	7
11:29:33 08/04/2009	good	Group0.7	aaaa	8% avg, cpu1 8%, cpu2 7%	1:556	8	8	7
11:35:31 08/04/2009	good	Group0.6	disk_c	40% full, 12370MB free, 20473MB total	3:1552	40	12370
11:36:01 08/04/2009	good	Group0.6	memory	17% used, 4090MB free, 0.54 pages/sec	2:1558	17	4090	0.54333156
11:36:46 08/04/2009	good	Group0.5	network	1K in/sec., 1K out/sec., 0.00 packet errors/sec., 28 current connections.	2:1537	1972.9098	1845.8663	0.0	28
11:37:23 08/04/2009	good	Group0.6	cpu	12% avg, cpu1 12%, cpu2 11%	1:1537	12	12	11
11:39:33 08/04/2009	good	Group0.7	aaaa	14% avg, cpu1 15%, cpu2 14%	1:557	14	15	14
11:45:31 08/04/2009	good	Group0.6	disk_c	40% full, 12370MB free, 20473MB total	3:1553	40	12370
11:46:01 08/04/2009	good	Group0.6	memory	17% used, 4070MB free, 0.26 pages/sec	2:1559	17	4070	0.26333436
11:46:46 08/04/2009	good	Group0.5	network	448 bytes in/sec., 388 bytes out/sec., 0.00 packet errors/sec., 31 current connections.	2:1538	448.5981	388.78503	0.0	31
11:47:23 08/04/2009	good	Group0.6	cpu	17% avg, cpu1 18%, cpu2 16%	1:1538	17	18	16
11:49:33 08/04/2009	good	Group0.7	aaaa	15% avg, cpu1 15%, cpu2 14%	1:558	15	15	14
11:55:31 08/04/2009	good	Group0.6	disk_c	40% full, 12370MB free, 20473MB total	3:1554	40	12370
11:56:01 08/04/2009	good	Group0.6	memory	17% used, 4062MB free, 3.85 pages/sec	2:1560	17	4062	3.8599198
11:56:46 08/04/2009	good	Group0.5	network	403 bytes in/sec., 321 bytes out/sec., 0.00 packet errors/sec., 31 current connections.	2:1539	403.54974	321.34515	0.0	31
11:57:23 08/04/2009	good	Group0.6	cpu	10% avg, cpu1 10%, cpu2 10%	1:1539	10	10	10
11:59:33 08/04/2009	good	Group0.7	aaaa	9% avg, cpu1 9%, cpu2 9%	1:559	9	9	9
12:05:31 08/04/2009	good	Group0.6	disk_c	40% full, 12370MB free, 20473MB total	3:1555	40	12370
12:06:01 08/04/2009	good	Group0.6	memory	17% used, 4084MB free, 6.18 pages/sec	2:1561	17	4084	6.181758
12:06:46 08/04/2009	good	Group0.5	network	328 bytes in/sec., 299 bytes out/sec., 0.00 packet errors/sec., 26 current connections.	2:1540	328.97195	299.0654	0.0	26
12:07:23 08/04/2009	good	Group0.6	cpu	8% avg, cpu1 8%, cpu2 8%	1:1540	8	8	8
12:09:33 08/04/2009	good	Group0.7	aaaa	7% avg, cpu1 7%, cpu2 7%	1:560	7	7	7
12:15:31 08/04/2009	good	Group0.6	disk_c	40% full, 12370MB free, 20473MB total	3:1556	40	12370
12:16:01 08/04/2009	good	Group0.6	memory	17% used, 4082MB free, 2.52 pages/sec	2:1562	17	4082	2.5299492
12:16:46 08/04/2009	good	Group0.5	network	343 bytes in/sec., 283 bytes out/sec., 0.00 packet errors/sec., 26 current connections.	2:1541	343.7646	283.97943	0.0	26
12:17:23 08/04/2009	good	Group0.6	cpu	8% avg, cpu1 9%, cpu2 7%	1:1541	8	9	7
12:19:33 08/04/2009	good	Group0.7	aaaa	12% avg, cpu1 13%, cpu2 11%	1:561	12	13	11
12:25:31 08/04/2009	good	Group0.6	disk_c	40% full, 12370MB free, 20473MB total	3:1557	40	12370
12:26:01 08/04/2009	good	Group0.6	memory	17% used, 4078MB free, 0.19 pages/sec	2:1563	17	4078	0.19833453
12:26:46 08/04/2009	good	Group0.5	network	400 bytes in/sec., 282 bytes out/sec., 0.00 packet errors/sec., 26 current connections.	2:1542	400.74213	282.00372	0.0	26
12:27:23 08/04/2009	good	Group0.6	cpu	21% avg, cpu1 24%, cpu2 19%	1:1542	21	24	19
12:29:33 08/04/2009	good	Group0.7	aaaa	21% avg, cpu1 23%, cpu2 18%	1:562	21	23	18
12:35:31 08/04/2009	good	Group0.6	disk_c	40% full, 12370MB free, 20473MB total	3:1558	40	12370
12:36:01 08/04/2009	good	Group0.6	memory	17% used, 4084MB free, 0.36 pages/sec	2:1564	17	4084	0.3616626
12:36:46 08/04/2009	good	Group0.5	network	373 bytes in/sec., 328 bytes out/sec., 0.00 packet errors/sec., 26 current connections.	2:1543	373.83176	328.97195	0.0	26
12:37:23 08/04/2009	good	Group0.6	cpu	17% avg, cpu1 19%, cpu2 15%	1:1543	17	19	15
12:39:33 08/04/2009	good	Group0.7	aaaa	13% avg, cpu1 15%, cpu2 12%	1:563	13	15	12
12:45:31 08/04/2009	good	Group0.6	disk_c	40% full, 12366MB free, 20473MB total	3:1559	40	12366
12:46:01 08/04/2009	good	Group0.6	memory	18% used, 4008MB free, 5.96 pages/sec	2:1565	18	4008	5.9666915
12:46:46 08/04/2009	good	Group0.5	network	343 bytes in/sec., 298 bytes out/sec., 0.00 packet errors/sec., 26 current connections.	2:1544	343.7646	298.92572	0.0	26
12:47:23 08/04/2009	good	Group0.6	cpu	12% avg, cpu1 14%, cpu2 10%	1:1544	12	14	10
15:26:52 08/04/2009	good	Group0.6	disk_c	40% full, 12358MB free, 20473MB total	3:1560	40	12358
15:27:08 08/04/2009	good	Group0.6	cpu	8% avg, cpu1 8%, cpu2 7%	1:1544	8	8	7
15:27:58 08/04/2009	good	Group0.5	network	8K in/sec., 8K out/sec., 0.00 packet errors/sec., 27 current connections.	2:1545	9016.575	8987.109	0.0	27
15:28:01 08/04/2009	good	Group0.7	aaaa	8% avg, cpu1 8%, cpu2 7%	1:564	8	8	7
15:28:35 08/04/2009	good	Group0.6	memory	18% used, 4052MB free, 2.19 pages/sec	2:1566	18	4052	2.1990888
15:36:52 08/04/2009	good	Group0.6	disk_c	40% full, 12358MB free, 20473MB total	3:1561	40	12358
15:37:08 08/04/2009	good	Group0.6	cpu	5% avg, cpu1 5%, cpu2 6%	1:1545	5	5	6
15:37:58 08/04/2009	good	Group0.5	network	385 bytes in/sec., 296 bytes out/sec., 0.00 packet errors/sec., 26 current connections.	2:1546	385.89984	296.84604	0.0	26
15:38:01 08/04/2009	good	Group0.7	aaaa	5% avg, cpu1 5%, cpu2 6%	1:565	5	5	6
15:38:35 08/04/2009	good	Group0.6	memory	18% used, 4052MB free, 1.52 pages/sec	2:1567	18	4052	1.5216683
15:46:52 08/04/2009	good	Group0.6	disk_c	40% full, 12358MB free, 20473MB total	3:1562	40	12358
15:47:08 08/04/2009	good	Group0.6	cpu	5% avg, cpu1 5%, cpu2 5%	1:1546	5	5	5
15:47:58 08/04/2009	good	Group0.5	network	523 bytes in/sec., 373 bytes out/sec., 0.00 packet errors/sec., 26 current connections.	2:1547	523.12006	373.65717	0.0	26
15:48:01 08/04/2009	good	Group0.7	aaaa	5% avg, cpu1 5%, cpu2 5%	1:566	5	5	5
15:48:35 08/04/2009	good	Group0.6	memory	18% used, 4040MB free, 0.25 pages/sec	2:1568	18	4040	0.25833338
15:56:52 08/04/2009	good	Group0.6	disk_c	40% full, 12358MB free, 20473MB total	3:1563	40	12358
15:57:08 08/04/2009	good	Group0.6	cpu	5% avg, cpu1 5%, cpu2 5%	1:1547	5	5	5
15:57:58 08/04/2009	good	Group0.5	network	388 bytes in/sec., 388 bytes out/sec., 0.00 packet errors/sec., 26 current connections.	2:1548	388.78503	388.78503	0.0	26
15:58:01 08/04/2009	good	Group0.7	aaaa	5% avg, cpu1 5%, cpu2 5%	1:567	5	5	5
15:58:35 08/04/2009	good	Group0.6	memory	18% used, 4048MB free, 2.73 pages/sec	2:1569	18	4048	2.7316823
16:06:52 08/04/2009	good	Group0.6	disk_c	40% full, 12358MB free, 20473MB total	3:1564	40	12358
16:07:08 08/04/2009	good	Group0.6	cpu	7% avg, cpu1 8%, cpu2 7%	1:1548	7	8	7
16:07:58 08/04/2009	good	Group0.5	network	478 bytes in/sec., 373 bytes out/sec., 0.00 packet errors/sec., 25 current connections.	2:1549	478.28116	373.65717	0.0	25
16:08:01 08/04/2009	good	Group0.7	aaaa	7% avg, cpu1 8%, cpu2 7%	1:568	7	8	7
16:08:35 08/04/2009	good	Group0.6	memory	18% used, 4043MB free, 0.38 pages/sec	2:1570	18	4043	0.3883278
16:16:52 08/04/2009	good	Group0.6	disk_c	40% full, 12358MB free, 20473MB total	3:1565	40	12358
16:17:08 08/04/2009	good	Group0.6	cpu	7% avg, cpu1 7%, cpu2 7%	1:1549	7	7	7
16:17:58 08/04/2009	good	Group0.5	network	16K in/sec., 16K out/sec., 0.00 packet errors/sec., 29 current connections.	2:1550	16867.29	16732.709	0.0	29
16:18:01 08/04/2009	good	Group0.7	aaaa	7% avg, cpu1 7%, cpu2 7%	1:569	7	7	7
16:18:35 08/04/2009	good	Group0.6	memory	18% used, 4035MB free, 6.13 pages/sec	2:1571	18	4035	6.1332865
16:26:52 08/04/2009	good	Group0.6	disk_c	40% full, 12358MB free, 20473MB total	3:1566	40	12358
16:27:08 08/04/2009	good	Group0.6	cpu	6% avg, cpu1 6%, cpu2 6%	1:1550	6	6	6
16:27:58 08/04/2009	good	Group0.5	network	17K in/sec., 17K out/sec., 0.00 packet errors/sec., 29 current connections.	2:1551	17980.383	17890.705	0.0	29
16:28:01 08/04/2009	good	Group0.7	aaaa	6% avg, cpu1 6%, cpu2 6%	1:570	6	6	6
16:28:35 08/04/2009	good	Group0.6	memory	18% used, 4030MB free, 0.35 pages/sec	2:1572	18	4030	0.35333383
16:36:52 08/04/2009	good	Group0.6	disk_c	40% full, 12358MB free, 20473MB total	3:1567	40	12358
16:37:08 08/04/2009	good	Group0.6	cpu	9% avg, cpu1 9%, cpu2 8%	1:1551	9	9	8
16:37:58 08/04/2009	good	Group0.5	network	935 bytes in/sec., 430 bytes out/sec., 0.00 packet errors/sec., 27 current connections.	2:1552	935.065	430.42673	0.0	27
16:38:01 08/04/2009	good	Group0.7	aaaa	9% avg, cpu1 9%, cpu2 8%	1:571	9	9	8
16:38:35 08/04/2009	good	Group0.6	memory	18% used, 4019MB free, 4.37 pages/sec	2:1573	18	4019	4.37502
16:46:52 08/04/2009	good	Group0.6	disk_c	40% full, 12358MB free, 20473MB total	3:1568	40	12358
16:47:08 08/04/2009	good	Group0.6	cpu	4% avg, cpu1 4%, cpu2 4%	1:1552	4	4	4
16:47:58 08/04/2009	good	Group0.5	network	553 bytes in/sec., 373 bytes out/sec., 0.00 packet errors/sec., 25 current connections.	2:1553	553.271	373.83176	0.0	25
16:48:01 08/04/2009	good	Group0.7	aaaa	4% avg, cpu1 4%, cpu2 4%	1:572	4	4	4
16:48:35 08/04/2009	good	Group0.6	memory	18% used, 4021MB free, 0.03 pages/sec	2:1574	18	4021	0.031666983
16:54:12 08/04/2009	good	Group0.6	SNMP by MIB: 192.168.0.251	iso/org/dod/internet/mgmt/mib-2/udp/udpInDatagrams = 14772188	33:1	0	14772188
16:56:52 08/04/2009	good	Group0.6	disk_c	40% full, 12358MB free, 20473MB total	3:1569	40	12358
16:57:08 08/04/2009	good	Group0.6	cpu	7% avg, cpu1 7%, cpu2 6%	1:1553	7	7	6
16:57:58 08/04/2009	good	Group0.5	network	341 bytes in/sec., 311 bytes out/sec., 0.00 packet errors/sec., 27 current connections.	2:1554	341.37292	311.68832	0.0	27
16:58:01 08/04/2009	good	Group0.7	aaaa	8% avg, cpu1 9%, cpu2 8%	1:573	8	9	8
16:58:35 08/04/2009	good	Group0.6	memory	18% used, 4041MB free, 0.19 pages/sec	2:1575	18	4041	0.19666103
17:04:12 08/04/2009	good	Group0.6	SNMP by MIB: 192.168.0.251	iso/org/dod/internet/mgmt/mib-2/udp/udpInDatagrams = 14778298	33:2	0	14778298
17:06:52 08/04/2009	good	Group0.6	disk_c	40% full, 12358MB free, 20473MB total	3:1570	40	12358
17:07:08 08/04/2009	good	Group0.6	cpu	8% avg, cpu1 8%, cpu2 7%	1:1554	8	8	7
17:07:58 08/04/2009	good	Group0.5	network	801 bytes in/sec., 727 bytes out/sec., 0.00 packet errors/sec., 30 current connections.	2:1555	801.48425	727.27277	0.0	30
17:08:01 08/04/2009	good	Group0.7	aaaa	7% avg, cpu1 7%, cpu2 6%	1:574	7	7	6
17:08:35 08/04/2009	good	Group0.6	memory	18% used, 4016MB free, 0.02 pages/sec	2:1576	18	4016	0.028333362
17:14:12 08/04/2009	good	Group0.6	SNMP by MIB: 192.168.0.251	iso/org/dod/internet/mgmt/mib-2/udp/udpInDatagrams = 14784553	33:3	0	14784553
17:16:52 08/04/2009	good	Group0.6	disk_c	40% full, 12358MB free, 20473MB total	3:1571	40	12358
17:17:08 08/04/2009	good	Group0.6	cpu	11% avg, cpu1 12%, cpu2 9%	1:1555	11	12	9
17:17:58 08/04/2009	good	Group0.5	network	463 bytes in/sec., 418 bytes out/sec., 0.00 packet errors/sec., 25 current connections.	2:1556	463.5514	418.69156	0.0	25
17:18:01 08/04/2009	good	Group0.7	aaaa	11% avg, cpu1 12%, cpu2 10%	1:575	11	12	10
17:18:35 08/04/2009	good	Group0.6	memory	18% used, 4014MB free, 0.49 pages/sec	2:1577	18	4014	0.49331632
17:24:12 08/04/2009	good	Group0.6	SNMP by MIB: 192.168.0.251	iso/org/dod/internet/mgmt/mib-2/udp/udpInDatagrams = 14790619	33:4	0	14790619
17:26:52 08/04/2009	good	Group0.6	disk_c	40% full, 12358MB free, 20473MB total	3:1572	40	12358
17:27:08 08/04/2009	good	Group0.6	cpu	16% avg, cpu1 18%, cpu2 14%	1:1556	16	18	14
17:27:59 08/04/2009	good	Group0.5	network	493 bytes in/sec., 403 bytes out/sec., 0.00 packet errors/sec., 27 current connections.	2:1557	493.22745	403.54974	0.0	27
17:28:01 08/04/2009	good	Group0.7	aaaa	15% avg, cpu1 17%, cpu2 13%	1:576	15	17	13
17:28:35 08/04/2009	good	Group0.6	memory	18% used, 4049MB free, 4.49 pages/sec	2:1578	18	4049	4.490109
17:34:12 08/04/2009	good	Group0.6	SNMP by MIB: 192.168.0.251	iso/org/dod/internet/mgmt/mib-2/udp/udpInDatagrams = 14797170	33:5	0	14797170
17:36:52 08/04/2009	good	Group0.6	disk_c	40% full, 12358MB free, 20473MB total	3:1573	40	12358
17:37:08 08/04/2009	good	Group0.6	cpu	14% avg, cpu1 15%, cpu2 13%	1:1557	14	15	13
17:37:58 08/04/2009	good	Group0.5	network	732 bytes in/sec., 702 bytes out/sec., 0.00 packet errors/sec., 27 current connections.	2:1558	732.71027	702.8037	0.0	27
17:38:01 08/04/2009	good	Group0.7	aaaa	14% avg, cpu1 15%, cpu2 13%	1:577	14	15	13
17:38:35 08/04/2009	good	Group0.6	memory	18% used, 4042MB free, 5.94 pages/sec	2:1579	18	4042	5.941743
17:44:12 08/04/2009	good	Group0.6	SNMP by MIB: 192.168.0.251	iso/org/dod/internet/mgmt/mib-2/udp/udpInDatagrams = 14802832	33:6	0	14802832
17:46:52 08/04/2009	good	Group0.6	disk_c	40% full, 12358MB free, 20473MB total	3:1574	40	12358
17:47:08 08/04/2009	good	Group0.6	cpu	13% avg, cpu1 14%, cpu2 11%	1:1558	13	14	11
17:47:58 08/04/2009	good	Group0.5	network	613 bytes in/sec., 403 bytes out/sec., 0.00 packet errors/sec., 27 current connections.	2:1559	613.0841	403.7383	0.0	27
17:48:01 08/04/2009	good	Group0.7	aaaa	15% avg, cpu1 17%, cpu2 13%	1:578	15	17	13
17:48:35 08/04/2009	good	Group0.6	memory	18% used, 4038MB free, 1.91 pages/sec	2:1580	18	4038	1.9116417
17:54:12 08/04/2009	good	Group0.6	SNMP by MIB: 192.168.0.251	iso/org/dod/internet/mgmt/mib-2/udp/udpInDatagrams = 14809164	33:7	0	14809164
17:56:52 08/04/2009	good	Group0.6	disk_c	40% full, 12358MB free, 20473MB total	3:1575	40	12358
17:57:08 08/04/2009	good	Group0.6	cpu	39% avg, cpu1 46%, cpu2 31%	1:1559	39	46	31
17:57:59 08/04/2009	good	Group0.5	network	576 bytes in/sec., 403 bytes out/sec., 0.00 packet errors/sec., 27 current connections.	2:1560	576.83636	403.78546	0.0	27
