16:25:30 07/27/2009	good	Group0.5	network	438 bytes in/sec., 382 bytes out/sec., 0.00 packet errors/sec., 33 current connections.	2:1479	438.11304	382.53152	0.0	33
16:25:40 07/27/2009	error	Group0.6	aaa	% Total Processor Time n/a, File Read Bytes/sec: = 1684537.60/sec, File Write Bytes/sec: = 8435.72/sec	25:355	n/a	64.383	0	0	1684537.60	4.434	10	28105846860	8435.72	0.001	10	1852269827	1	nonfailure
16:26:46 07/27/2009	good	Group0.6	memory	16% used, 4128MB free, 0.00 pages/sec	2:1501	16	4128	0.0
16:27:31 07/27/2009	warning	Group0.6	cpu	98% avg, cpu1 98%, cpu2 98%	1:1481	98	98	98
16:28:58 07/27/2009	warning	Group0.7	aaaa	98% avg, cpu1 98%, cpu2 98%	1:499	98	98	98
16:31:01 07/27/2009	warning	Group0.6	cpu	98% avg, cpu1 98%, cpu2 98%	1:1481	98	98	98
16:32:39 07/27/2009	good	Group0.6	memory	16% used, 4125MB free, 0.00 pages/sec	2:1501	16	4125	0.0
16:33:01 07/27/2009	good	Group0.6	disk_c	39% full, 12509MB free, 20473MB total	3:1495	39	12509
16:35:33 07/27/2009	good	Group0.5	network	764 bytes in/sec., 423 bytes out/sec., 0.00 packet errors/sec., 27 current connections.	2:1480	764.1289	423.63382	0.0	27
16:35:45 07/27/2009	error	Group0.6	aaa	% Total Processor Time n/a, File Read Bytes/sec: = 305577.40/sec, File Write Bytes/sec: = 20757.52/sec	25:356	n/a	64.383	0	0	305577.40	4.434	10	28705273905	20757.52	0.001	10	1905167843	1	nonfailure
16:38:58 07/27/2009	good	Group0.7	aaaa	10% avg, cpu1 9%, cpu2 10%	1:500	10	9	10
16:40:57 07/27/2009	good	Group0.5	network	570 bytes in/sec., 372 bytes out/sec., 0.00 packet errors/sec., 27 current connections.	2:1480	570.7613	372.25595	0.0	27
16:41:01 07/27/2009	good	Group0.6	cpu	9% avg, cpu1 9%, cpu2 10%	1:1482	9	9	10
16:42:38 07/27/2009	error	Group0.6	aaa	% Total Processor Time n/a, File Read Bytes/sec: = 154843.12/sec, File Write Bytes/sec: = 739.82/sec	25:356	n/a	64.383	0	0	154843.12	4.434	10	29039334395	739.82	0.001	10	1912486508	1	nonfailure
16:42:39 07/27/2009	good	Group0.6	memory	16% used, 4117MB free, 0.89 pages/sec	2:1502	16	4117	0.8966152
16:43:01 07/27/2009	good	Group0.6	disk_c	39% full, 12508MB free, 20473MB total	3:1496	39	12508
16:48:58 07/27/2009	good	Group0.7	aaaa	8% avg, cpu1 9%, cpu2 8%	1:501	8	9	8
16:50:57 07/27/2009	good	Group0.5	network	11K in/sec., 4K out/sec., 0.00 packet errors/sec., 30 current connections.	2:1481	11740.261	4169.759	0.0	30
16:51:01 07/27/2009	good	Group0.6	cpu	9% avg, cpu1 9%, cpu2 9%	1:1483	9	9	9
16:52:39 07/27/2009	good	Group0.6	memory	16% used, 4117MB free, 0.18 pages/sec	2:1503	16	4117	0.18331622
16:52:43 07/27/2009	error	Group0.6	aaa	% Total Processor Time n/a, File Read Bytes/sec: = 1887659.40/sec, File Write Bytes/sec: = 35372.90/sec	25:357	n/a	64.383	0	0	1887659.40	4.434	10	29861114833	35372.90	0.001	10	1919997997	1	nonfailure
16:53:01 07/27/2009	good	Group0.6	disk_c	39% full, 12508MB free, 20473MB total	3:1497	39	12508
16:53:44 07/27/2009	good	Group0.6	memory	16% used, 4128MB free, 0.24 pages/sec	2:1503	16	4128	0.24516505
16:54:33 07/27/2009	good	Group0.6	cpu	10% avg, cpu1 10%, cpu2 10%	1:1483	10	10	10
16:55:28 07/27/2009	good	Group0.6	disk_c	39% full, 12508MB free, 20473MB total	3:1497	39	12508
16:57:15 07/27/2009	good	Group0.6	SNMP by MIB: 192.168.0.251	iso/org/dod/internet/mgmt/mib-2/tcp/tcpRtoMin = 300, iso/org/dod/internet/mgmt/mib-2/tcp/tcpRtoAlgorithm = 4	27:1	0	300	4
16:57:20 07/27/2009	error	Group0.6	aaa	% Total Processor Time n/a, File Read Bytes/sec: = 106202.83/sec, File Write Bytes/sec: = 9442.63/sec	25:357	n/a	64.383	0	0	106202.83	4.434	10	30381542546	9442.63	0.001	10	1923834007	1	nonfailure
16:58:29 07/27/2009	good	Group0.5	network	439 bytes in/sec., 380 bytes out/sec., 0.00 packet errors/sec., 33 current connections.	2:1481	439.25232	380.8411	0.0	33
16:58:58 07/27/2009	good	Group0.7	aaaa	10% avg, cpu1 10%, cpu2 11%	1:502	10	10	11
17:03:44 07/27/2009	good	Group0.6	memory	16% used, 4140MB free, 5.60 pages/sec	2:1504	16	4140	5.6043496
17:04:33 07/27/2009	good	Group0.6	cpu	10% avg, cpu1 10%, cpu2 11%	1:1484	10	10	11
17:05:29 07/27/2009	good	Group0.6	disk_c	39% full, 12508MB free, 20473MB total	3:1498	39	12508
17:08:29 07/27/2009	good	Group0.5	network	476 bytes in/sec., 363 bytes out/sec., 0.00 packet errors/sec., 41 current connections.	2:1482	476.41287	363.84866	0.0	41
17:08:58 07/27/2009	good	Group0.7	aaaa	11% avg, cpu1 10%, cpu2 11%	1:503	11	10	11
17:13:44 07/27/2009	good	Group0.6	memory	16% used, 4154MB free, 7.33 pages/sec	2:1505	16	4154	7.333592
17:14:33 07/27/2009	good	Group0.6	cpu	8% avg, cpu1 7%, cpu2 9%	1:1485	8	7	9
17:15:29 07/27/2009	good	Group0.6	disk_c	39% full, 12508MB free, 20473MB total	3:1499	39	12508
17:18:29 07/27/2009	good	Group0.5	network	5K in/sec., 5K out/sec., 0.00 packet errors/sec., 39 current connections.	2:1483	5608.594	5477.814	0.0	39
17:18:58 07/27/2009	good	Group0.7	aaaa	8% avg, cpu1 7%, cpu2 9%	1:504	8	7	9
17:23:44 07/27/2009	good	Group0.6	memory	15% used, 4165MB free, 2.96 pages/sec	2:1506	15	4165	2.9618835
17:24:33 07/27/2009	good	Group0.6	cpu	9% avg, cpu1 7%, cpu2 10%	1:1486	9	7	10
17:25:29 07/27/2009	good	Group0.6	disk_c	39% full, 12507MB free, 20473MB total	3:1500	39	12507
17:28:29 07/27/2009	good	Group0.5	network	978 bytes in/sec., 1K out/sec., 0.00 packet errors/sec., 35 current connections.	2:1484	978.0476	1447.9215	0.0	35
17:28:58 07/27/2009	good	Group0.7	aaaa	11% avg, cpu1 8%, cpu2 13%	1:505	11	8	13
17:33:44 07/27/2009	good	Group0.6	memory	16% used, 4121MB free, 6.38 pages/sec	2:1507	16	4121	6.3841076
17:34:33 07/27/2009	good	Group0.6	cpu	11% avg, cpu1 10%, cpu2 13%	1:1487	11	10	13
17:35:29 07/27/2009	good	Group0.6	disk_c	39% full, 12505MB free, 20473MB total	3:1501	39	12505
17:38:29 07/27/2009	good	Group0.5	network	457 bytes in/sec., 371 bytes out/sec., 0.00 packet errors/sec., 28 current connections.	2:1485	457.9439	371.028	0.0	28
17:38:58 07/27/2009	good	Group0.7	aaaa	7% avg, cpu1 7%, cpu2 8%	1:506	7	7	8
17:43:44 07/27/2009	good	Group0.6	memory	16% used, 4144MB free, 2.95 pages/sec	2:1508	16	4144	2.9579387
17:44:33 07/27/2009	good	Group0.6	cpu	7% avg, cpu1 7%, cpu2 8%	1:1488	7	7	8
17:45:29 07/27/2009	good	Group0.6	disk_c	39% full, 12504MB free, 20473MB total	3:1502	39	12504
17:48:29 07/27/2009	good	Group0.5	network	484 bytes in/sec., 351 bytes out/sec., 0.00 packet errors/sec., 30 current connections.	2:1486	484.11212	351.40186	0.0	30
17:48:58 07/27/2009	good	Group0.7	aaaa	8% avg, cpu1 7%, cpu2 9%	1:507	8	7	9
17:53:44 07/27/2009	good	Group0.6	memory	16% used, 4127MB free, 0.87 pages/sec	2:1509	16	4127	0.87554115
17:54:33 07/27/2009	good	Group0.6	cpu	8% avg, cpu1 7%, cpu2 10%	1:1489	8	7	10
17:55:29 07/27/2009	good	Group0.6	disk_c	39% full, 12502MB free, 20473MB total	3:1503	39	12502
17:58:29 07/27/2009	good	Group0.5	network	583 bytes in/sec., 367 bytes out/sec., 0.00 packet errors/sec., 40 current connections.	2:1487	583.5294	367.05884	0.0	40
17:58:58 07/27/2009	good	Group0.7	aaaa	9% avg, cpu1 7%, cpu2 10%	1:508	9	7	10
18:03:44 07/27/2009	good	Group0.6	memory	16% used, 4123MB free, 2.02 pages/sec	2:1510	16	4123	2.026315
18:04:33 07/27/2009	disabled	Group0.6	cpu	disabled by schedule	1:1489	8	7	10
18:05:29 07/27/2009	good	Group0.6	disk_c	39% full, 12501MB free, 20473MB total	3:1504	39	12501
18:08:29 07/27/2009	good	Group0.5	network	364 bytes in/sec., 364 bytes out/sec., 0.00 packet errors/sec., 28 current connections.	2:1488	364.48596	364.48596	0.0	28
18:08:58 07/27/2009	good	Group0.7	aaaa	8% avg, cpu1 7%, cpu2 9%	1:509	8	7	9
