15:13:34 07/02/2009	good	Group0.6	disk_d	35% full, 26737MB free, 41001MB total	4:933	35	26737
15:14:45 07/02/2009	good	Group0.6	memory	15% used, 4159MB free, 0.00 pages/sec	2:935	15	4159	0.0
15:15:33 07/02/2009	good	Group0.6	disk_c	34% full, 13674MB free, 20473MB total	3:926	34	13674
15:16:40 07/02/2009	good	Group0.5	network	324 bytes in/sec., 206 bytes out/sec., 0.00 packet errors/sec., 33 current connections.	2:921	324.12524	206.26152	0.0	33
15:16:50 07/02/2009	good	Group0.6	cpu	9% avg, cpu1 10%, cpu2 9%	1:920	9	10	9
15:23:34 07/02/2009	good	Group0.6	disk_d	35% full, 26737MB free, 41001MB total	4:934	35	26737
15:24:45 07/02/2009	good	Group0.6	memory	16% used, 4153MB free, 0.83 pages/sec	2:936	16	4153	0.8366827
15:25:33 07/02/2009	good	Group0.6	disk_c	34% full, 13671MB free, 20473MB total	3:927	34	13671
15:26:40 07/02/2009	good	Group0.5	network	353 bytes in/sec., 265 bytes out/sec., 0.00 packet errors/sec., 94 current connections.	2:922	353.75403	265.31552	0.0	94
15:26:43 07/02/2009	good	Group0.6	cpu	7% avg, cpu1 6%, cpu2 7%	1:921	7	6	7
15:33:34 07/02/2009	good	Group0.6	disk_d	35% full, 26737MB free, 41001MB total	4:935	35	26737
15:34:45 07/02/2009	good	Group0.6	memory	17% used, 4103MB free, 0.94 pages/sec	2:937	17	4103	0.9449926
15:35:33 07/02/2009	good	Group0.6	disk_c	34% full, 13671MB free, 20473MB total	3:928	34	13671
15:36:40 07/02/2009	good	Group0.5	network	353 bytes in/sec., 265 bytes out/sec., 0.00 packet errors/sec., 90 current connections.	2:923	353.5912	265.1934	0.0	90
15:36:43 07/02/2009	good	Group0.6	cpu	7% avg, cpu1 5%, cpu2 9%	1:922	7	5	9
15:43:34 07/02/2009	good	Group0.6	disk_d	35% full, 26737MB free, 41001MB total	4:936	35	26737
15:44:45 07/02/2009	good	Group0.6	memory	17% used, 4079MB free, 2.92 pages/sec	2:938	17	4079	2.9217021
15:45:33 07/02/2009	good	Group0.6	disk_c	34% full, 13671MB free, 20473MB total	3:929	34	13671
15:45:57 07/02/2009	good	Group0.6	asdff	0% used, 399MB free, 0.00 pages/sec	18:1	0	399	0.0
15:46:40 07/02/2009	good	Group0.5	network	377 bytes in/sec., 261 bytes out/sec., 0.00 packet errors/sec., 93 current connections.	2:924	377.6668	261.46164	0.0	93
15:46:43 07/02/2009	good	Group0.6	cpu	8% avg, cpu1 7%, cpu2 9%	1:923	8	7	9
15:48:33 07/02/2009	error	Group0.6	aaa	no data	19:1	n/a	failure
15:49:04 07/02/2009	good	Group0.6	asdf	no errors	20:1	0
15:52:04 07/02/2009	good	Group0.6	xfdfd	38% full, 4564MB free, 7666MB total	21:1	38	4564
15:53:34 07/02/2009	good	Group0.6	disk_d	35% full, 26737MB free, 41001MB total	4:937	35	26737
15:53:40 07/02/2009	good	Group0.6	Disk Space: /dev/sda1 on adsfsdf	38% full, 4564MB free, 7666MB total	21:2	38	4564
15:54:45 07/02/2009	good	Group0.6	memory	17% used, 4081MB free, 1.65 pages/sec	2:939	17	4081	1.6598321
15:55:33 07/02/2009	good	Group0.6	disk_c	34% full, 13671MB free, 20473MB total	3:930	34	13671
15:56:40 07/02/2009	good	Group0.5	network	5K in/sec., 1K out/sec., 0.00 packet errors/sec., 63 current connections.	2:925	6043.298	1385.5366	0.0	63
15:56:43 07/02/2009	good	Group0.6	cpu	7% avg, cpu1 6%, cpu2 9%	1:924	7	6	9
16:03:34 07/02/2009	good	Group0.6	disk_d	35% full, 26737MB free, 41001MB total	4:938	35	26737
16:03:40 07/02/2009	good	Group0.6	Disk Space: /dev/sda1 on adsfsdf	38% full, 4564MB free, 7666MB total	21:3	38	4564
16:04:45 07/02/2009	good	Group0.6	memory	17% used, 4076MB free, 0.03 pages/sec	2:940	17	4076	0.038336575
16:05:33 07/02/2009	good	Group0.6	disk_c	34% full, 13671MB free, 20473MB total	3:931	34	13671
16:06:40 07/02/2009	good	Group0.5	network	383 bytes in/sec., 265 bytes out/sec., 0.00 packet errors/sec., 54 current connections.	2:926	383.0571	265.1934	0.0	54
16:06:43 07/02/2009	good	Group0.6	cpu	4% avg, cpu1 4%, cpu2 5%	1:925	4	4	5
16:13:34 07/02/2009	good	Group0.6	disk_d	35% full, 26737MB free, 41001MB total	4:939	35	26737
16:13:40 07/02/2009	good	Group0.6	Disk Space: /dev/sda1 on adsfsdf	38% full, 4564MB free, 7666MB total	21:4	38	4564
16:14:45 07/02/2009	good	Group0.6	memory	17% used, 4073MB free, 7.85 pages/sec	2:941	17	4073	7.856598
16:15:33 07/02/2009	good	Group0.6	disk_c	34% full, 13671MB free, 20473MB total	3:932	34	13671
16:16:40 07/02/2009	good	Group0.5	network	441 bytes in/sec., 265 bytes out/sec., 0.00 packet errors/sec., 36 current connections.	2:927	441.98895	265.1934	0.0	36
16:16:43 07/02/2009	good	Group0.6	cpu	8% avg, cpu1 8%, cpu2 9%	1:926	8	8	9
16:23:34 07/02/2009	good	Group0.6	disk_d	35% full, 26737MB free, 41001MB total	4:940	35	26737
16:23:40 07/02/2009	good	Group0.6	Disk Space: /dev/sda1 on adsfsdf	38% full, 4564MB free, 7666MB total	21:5	38	4564
16:24:45 07/02/2009	good	Group0.6	memory	17% used, 4075MB free, 10.69 pages/sec	2:942	17	4075	10.6933
16:25:33 07/02/2009	good	Group0.6	disk_c	34% full, 13671MB free, 20473MB total	3:933	34	13671
16:26:40 07/02/2009	good	Group0.5	network	471 bytes in/sec., 294 bytes out/sec., 0.00 packet errors/sec., 36 current connections.	2:928	471.4549	294.6593	0.0	36
16:26:43 07/02/2009	good	Group0.6	cpu	7% avg, cpu1 7%, cpu2 8%	1:927	7	7	8
16:33:34 07/02/2009	good	Group0.6	disk_d	35% full, 26737MB free, 41001MB total	4:941	35	26737
16:33:40 07/02/2009	good	Group0.6	Disk Space: /dev/sda1 on adsfsdf	38% full, 4564MB free, 7666MB total	21:6	38	4564
16:34:45 07/02/2009	good	Group0.6	memory	17% used, 4087MB free, 21.59 pages/sec	2:943	17	4087	21.596855
16:35:33 07/02/2009	good	Group0.6	disk_c	34% full, 13671MB free, 20473MB total	3:934	34	13671
16:36:40 07/02/2009	good	Group0.5	network	380 bytes in/sec., 234 bytes out/sec., 0.00 packet errors/sec., 36 current connections.	2:929	380.25595	234.00366	0.0	36
16:36:43 07/02/2009	good	Group0.6	cpu	7% avg, cpu1 6%, cpu2 8%	1:928	7	6	8
16:43:34 07/02/2009	good	Group0.6	disk_d	35% full, 26737MB free, 41001MB total	4:942	35	26737
16:43:40 07/02/2009	good	Group0.6	Disk Space: /dev/sda1 on adsfsdf	38% full, 4564MB free, 7666MB total	21:7	38	4564
16:44:45 07/02/2009	good	Group0.6	memory	17% used, 4087MB free, 2.12 pages/sec	2:944	17	4087	2.1283424
16:45:33 07/02/2009	good	Group0.6	disk_c	34% full, 13670MB free, 20473MB total	3:935	34	13670
16:46:40 07/02/2009	good	Group0.5	network	471 bytes in/sec., 235 bytes out/sec., 0.00 packet errors/sec., 36 current connections.	2:930	471.4549	235.72745	0.0	36
16:46:43 07/02/2009	good	Group0.6	cpu	5% avg, cpu1 4%, cpu2 6%	1:929	5	4	6
16:53:34 07/02/2009	good	Group0.6	disk_d	35% full, 26737MB free, 41001MB total	4:943	35	26737
16:53:40 07/02/2009	good	Group0.6	Disk Space: /dev/sda1 on adsfsdf	38% full, 4564MB free, 7666MB total	21:8	38	4564
16:54:45 07/02/2009	good	Group0.6	memory	17% used, 4092MB free, 2.95 pages/sec	2:945	17	4092	2.9599578
16:55:33 07/02/2009	good	Group0.6	disk_c	34% full, 13670MB free, 20473MB total	3:936	34	13670
16:56:40 07/02/2009	good	Group0.5	network	445 bytes in/sec., 267 bytes out/sec., 0.00 packet errors/sec., 36 current connections.	2:931	445.26904	267.1614	0.0	36
16:56:43 07/02/2009	good	Group0.6	cpu	7% avg, cpu1 7%, cpu2 8%	1:930	7	7	8
17:03:34 07/02/2009	good	Group0.6	disk_d	35% full, 26737MB free, 41001MB total	4:944	35	26737
17:03:40 07/02/2009	good	Group0.6	Disk Space: /dev/sda1 on adsfsdf	38% full, 4564MB free, 7666MB total	21:9	38	4564
17:04:45 07/02/2009	good	Group0.6	memory	17% used, 4093MB free, 0.03 pages/sec	2:946	17	4093	0.039999686
17:05:33 07/02/2009	good	Group0.6	disk_c	34% full, 13670MB free, 20473MB total	3:937	34	13670
17:06:40 07/02/2009	good	Group0.5	network	441 bytes in/sec., 235 bytes out/sec., 0.00 packet errors/sec., 36 current connections.	2:932	441.98895	235.72745	0.0	36
17:06:43 07/02/2009	good	Group0.6	cpu	6% avg, cpu1 5%, cpu2 6%	1:931	6	5	6
17:13:34 07/02/2009	good	Group0.6	disk_d	35% full, 26737MB free, 41001MB total	4:945	35	26737
17:13:40 07/02/2009	good	Group0.6	Disk Space: /dev/sda1 on adsfsdf	38% full, 4564MB free, 7666MB total	21:10	38	4564
17:14:45 07/02/2009	good	Group0.6	memory	17% used, 4098MB free, 0.06 pages/sec	2:947	17	4098	0.06333464
17:15:33 07/02/2009	good	Group0.6	disk_c	34% full, 13670MB free, 20473MB total	3:938	34	13670
17:16:40 07/02/2009	good	Group0.5	network	17K in/sec., 26K out/sec., 0.00 packet errors/sec., 35 current connections.	2:933	17622.352	27226.678	0.0	35
17:16:43 07/02/2009	good	Group0.6	cpu	8% avg, cpu1 6%, cpu2 9%	1:932	8	6	9
17:23:34 07/02/2009	good	Group0.6	disk_d	35% full, 26737MB free, 41001MB total	4:946	35	26737
17:23:40 07/02/2009	good	Group0.6	Disk Space: /dev/sda1 on adsfsdf	38% full, 4564MB free, 7666MB total	21:11	38	4564
17:24:45 07/02/2009	good	Group0.6	memory	17% used, 4099MB free, 0.08 pages/sec	2:948	17	4099	0.081666045
17:25:33 07/02/2009	good	Group0.6	disk_c	34% full, 13670MB free, 20473MB total	3:939	34	13670
17:26:40 07/02/2009	good	Group0.5	network	825 bytes in/sec., 324 bytes out/sec., 0.00 packet errors/sec., 34 current connections.	2:934	825.0461	324.12524	0.0	34
17:26:43 07/02/2009	good	Group0.6	cpu	4% avg, cpu1 4%, cpu2 5%	1:933	4	4	5
17:33:34 07/02/2009	good	Group0.6	disk_d	35% full, 26737MB free, 41001MB total	4:947	35	26737
17:33:40 07/02/2009	good	Group0.6	Disk Space: /dev/sda1 on adsfsdf	38% full, 4564MB free, 7666MB total	21:12	38	4564
17:34:45 07/02/2009	good	Group0.6	memory	17% used, 4100MB free, 0.06 pages/sec	2:949	17	4100	0.061666414
17:35:33 07/02/2009	good	Group0.6	disk_c	34% full, 13670MB free, 20473MB total	3:940	34	13670
17:36:40 07/02/2009	good	Group0.5	network	412 bytes in/sec., 235 bytes out/sec., 0.00 packet errors/sec., 34 current connections.	2:935	412.52304	235.72745	0.0	34
17:36:43 07/02/2009	good	Group0.6	cpu	6% avg, cpu1 5%, cpu2 7%	1:934	6	5	7
17:43:34 07/02/2009	good	Group0.6	disk_d	35% full, 26737MB free, 41001MB total	4:948	35	26737
17:43:40 07/02/2009	good	Group0.6	Disk Space: /dev/sda1 on adsfsdf	38% full, 4564MB free, 7666MB total	21:13	38	4564
17:44:45 07/02/2009	good	Group0.6	memory	17% used, 4091MB free, 0.77 pages/sec	2:950	17	4091	0.7783446
17:45:33 07/02/2009	good	Group0.6	disk_c	34% full, 13670MB free, 20473MB total	3:941	34	13670
17:46:40 07/02/2009	good	Group0.5	network	471 bytes in/sec., 265 bytes out/sec., 0.00 packet errors/sec., 34 current connections.	2:936	471.4549	265.1934	0.0	34
17:46:43 07/02/2009	good	Group0.6	cpu	10% avg, cpu1 8%, cpu2 12%	1:935	10	8	12
17:53:34 07/02/2009	good	Group0.6	disk_d	35% full, 26737MB free, 41001MB total	4:949	35	26737
17:53:40 07/02/2009	good	Group0.6	Disk Space: /dev/sda1 on adsfsdf	38% full, 4564MB free, 7666MB total	21:14	38	4564
17:54:45 07/02/2009	good	Group0.6	memory	17% used, 4091MB free, 1.38 pages/sec	2:951	17	4091	1.3883139
17:55:33 07/02/2009	good	Group0.6	disk_c	34% full, 13670MB free, 20473MB total	3:942	34	13670
17:56:40 07/02/2009	good	Group0.5	network	10K in/sec., 13K out/sec., 0.00 packet errors/sec., 45 current connections.	2:937	11081.88	13401.343	0.0	45
17:56:43 07/02/2009	good	Group0.6	cpu	12% avg, cpu1 10%, cpu2 14%	1:936	12	10	14
18:03:34 07/02/2009	good	Group0.6	disk_d	35% full, 26735MB free, 41001MB total	4:950	35	26735
